<?xml version="1.0" encoding="UTF-8"?>
<testsuite name="Scenario: Create a new Math App question and preview it" tests="26" skipped="0" failures="0" errors="0" timestamp="2019-07-19T16:22:25" hostname="mo-acceptance-test-driver-182622c" time="19.138">
  <properties/>
  <testcase name="Given I am logged in as the default administrator" classname="Scenario: Create a new Math App question and preview it" time="0.0"/>
  <testcase name="And I am on the Content Repository page of Demonstration Class" classname="Scenario: Create a new Math App question and preview it" time="0.0"/>
  <testcase name="And I choose creating new question/Text from the main dropdown button" classname="Scenario: Create a new Math App question and preview it" time="0.0"/>
  <testcase name="And Question Designer is opened" classname="Scenario: Create a new Math App question and preview it" time="0.0"/>
  <testcase name="When I click the question designer Save &amp; Close button" classname="Scenario: Create a new Math App question and preview it" time="0.0"/>
  <testcase name="Then I navigate to the System Homepage" classname="Scenario: Create a new Math App question and preview it" time="0.0"/>
  <testcase name="Then I navigate to the System Settings page" classname="Scenario: Create a new Math App question and preview it" time="0.001"/>
  <testcase name="And I change the Math App engine selection to &quot;MapleNet (Math App)&quot;" classname="Scenario: Create a new Math App question and preview it" time="0.0"/>
  <testcase name="And I submit the changes to System Settings" classname="Scenario: Create a new Math App question and preview it" time="0.0"/>
  <testcase name="And The changes to System Settings were successfully saved." classname="Scenario: Create a new Math App question and preview it" time="0.0"/>
  <testcase name="When I navigate to the System Homepage" classname="Scenario: Create a new Math App question and preview it" time="0.0"/>
  <testcase name="And I am on the Content Repository page of Demonstration Class" classname="Scenario: Create a new Math App question and preview it" time="0.0"/>
  <testcase name="And I choose creating new question/Text from the main dropdown button" classname="Scenario: Create a new Math App question and preview it" time="0.0"/>
  <testcase name="And Question Designer is opened" classname="Scenario: Create a new Math App question and preview it" time="0.0"/>
  <testcase name="When I enter valid information for the question name as &quot;New Question 3&quot;" classname="Scenario: Create a new Math App question and preview it" time="0.0"/>
  <testcase name="And I click inside the question text editor" classname="Scenario: Create a new Math App question and preview it" time="0.0"/>
  <testcase name="And I click Response Area button to open the dialog and assert that the Choose Question Type page is visible" classname="Scenario: Create a new Math App question and preview it" time="0.0"/>
  <testcase name="When I choose &quot;Math App&quot; link from the dialog and complete the correct answer" classname="Scenario: Create a new Math App question and preview it" time="0.0"/>
  <testcase name="And I click OK" classname="Scenario: Create a new Math App question and preview it" time="0.0"/>
  <testcase name="Then I see the &quot;Math App&quot; Question Widget in the question text section" classname="Scenario: Create a new Math App question and preview it" time="0.0"/>
  <testcase name="Then I click the Preview button" classname="Scenario: Create a new Math App question and preview it" time="0.0"/>
  <testcase name="And I assert that the Math App question is rendered properly on the Question Preview page" classname="Scenario: Create a new Math App question and preview it" time="0.001"/>
  <testcase name="Then I close the question preview window" classname="Scenario: Create a new Math App question and preview it" time="0.0"/>
  <testcase name="Then I click the question designer Save &amp; Close button" classname="Scenario: Create a new Math App question and preview it" time="0.0"/>
  <testcase name="Then I see that I am on the Content Repository page" classname="Scenario: Create a new Math App question and preview it" time="0.0"/>
  <testcase name="classMethod" classname="Scenario: Create a new Math App question and preview it" time="20.204"/>
  <system-out><![CDATA[
  Scenario: Create a new question containing all other question types, preview it and save it                                                 ?[90m# CreateQuestion.feature:195?[0m
    ?[32mWhen ?[0m?[32mI enter valid information for the question name as "?[0m?[32m?[1mNew Question 2?[0m?[32m"?[0m                                                                  ?[90m# QuestionDesignerSteps.enterQuestionName(String)?[0m
    ?[32mAnd ?[0m?[32mI click inside the question text editor?[0m                                                                                               ?[90m# QuestionDesignerSteps.clickInsideQuestionTextEditor()?[0m
    ?[32mAnd ?[0m?[32mI click Response Area button to open the dialog and assert that the Choose Question Type page is visible?[0m                              ?[90m# QuestionDesignerSteps.clickInsertResponseAreaButton()?[0m
    ?[32mWhen ?[0m?[32mI choose "?[0m?[32m?[1mClickable Image?[0m?[32m" link from the dialog and complete the correct answer?[0m                                                      ?[90m# QuestionDesignerSteps.chooseTypeAndCompleteCorrectAnswer(String)?[0m
    ?[32mAnd ?[0m?[32mI click OK?[0m                                                                                                                            ?[90m# QuestionDesignerSteps.clickResponseDialogOkButton()?[0m
    ?[32mThen ?[0m?[32mI see the "?[0m?[32m?[1mClickable Image?[0m?[32m" Question Widget in the question text section?[0m                                                             ?[90m# QuestionDesignerSteps.assertQuestionWidgetIsInserted(String)?[0m
    ?[32mWhen ?[0m?[32mI click Response Area button to open the dialog and assert that the Choose Question Type page is visible?[0m                             ?[90m# QuestionDesignerSteps.clickInsertResponseAreaButton()?[0m
    ?[32mWhen ?[0m?[32mI choose "?[0m?[32m?[1mEssay?[0m?[32m" link from the dialog and complete the correct answer?[0m                                                                ?[90m# QuestionDesignerSteps.chooseTypeAndCompleteCorrectAnswer(String)?[0m
    ?[32mAnd ?[0m?[32mI click OK?[0m                                                                                                                            ?[90m# QuestionDesignerSteps.clickResponseDialogOkButton()?[0m
    ?[32mThen ?[0m?[32mI see the "?[0m?[32m?[1mEssay?[0m?[32m" Question Widget in the question text section?[0m                                                                       ?[90m# QuestionDesignerSteps.assertQuestionWidgetIsInserted(String)?[0m
    ?[32mWhen ?[0m?[32mI click Response Area button to open the dialog and assert that the Choose Question Type page is visible?[0m                             ?[90m# QuestionDesignerSteps.clickInsertResponseAreaButton()?[0m
    ?[32mWhen ?[0m?[32mI choose "?[0m?[32m?[1mDocument Upload?[0m?[32m" link from the dialog and complete the correct answer?[0m                                                      ?[90m# QuestionDesignerSteps.chooseTypeAndCompleteCorrectAnswer(String)?[0m
    ?[32mAnd ?[0m?[32mI click OK?[0m                                                                                                                            ?[90m# QuestionDesignerSteps.clickResponseDialogOkButton()?[0m
    ?[32mThen ?[0m?[32mI see the "?[0m?[32m?[1mDocument Upload?[0m?[32m" Question Widget in the question text section?[0m                                                             ?[90m# QuestionDesignerSteps.assertQuestionWidgetIsInserted(String)?[0m
    ?[32mWhen ?[0m?[32mI click Response Area button to open the dialog and assert that the Choose Question Type page is visible?[0m                             ?[90m# QuestionDesignerSteps.clickInsertResponseAreaButton()?[0m
    ?[32mWhen ?[0m?[32mI choose "?[0m?[32m?[1mHTML?[0m?[32m" link from the dialog and complete the correct answer?[0m                                                                 ?[90m# QuestionDesignerSteps.chooseTypeAndCompleteCorrectAnswer(String)?[0m
    ?[32mAnd ?[0m?[32mI click OK?[0m                                                                                                                            ?[90m# QuestionDesignerSteps.clickResponseDialogOkButton()?[0m
    ?[32mThen ?[0m?[32mI see the "?[0m?[32m?[1mHTML?[0m?[32m" Question Widget in the question text section?[0m                                                                        ?[90m# QuestionDesignerSteps.assertQuestionWidgetIsInserted(String)?[0m
    ?[32mWhen ?[0m?[32mI click Response Area button to open the dialog and assert that the Choose Question Type page is visible?[0m                             ?[90m# QuestionDesignerSteps.clickInsertResponseAreaButton()?[0m
    ?[32mWhen ?[0m?[32mI choose "?[0m?[32m?[1mList?[0m?[32m" link from the dialog and complete the correct answer?[0m                                                                 ?[90m# QuestionDesignerSteps.chooseTypeAndCompleteCorrectAnswer(String)?[0m
    ?[32mAnd ?[0m?[32mI click OK?[0m                                                                                                                            ?[90m# QuestionDesignerSteps.clickResponseDialogOkButton()?[0m
    ?[32mThen ?[0m?[32mI see the "?[0m?[32m?[1mList Drop-down Menu?[0m?[32m" Question Widget in the question text section?[0m                                                         ?[90m# QuestionDesignerSteps.assertQuestionWidgetIsInserted(String)?[0m
    ?[32mWhen ?[0m?[32mI click Response Area button to open the dialog and assert that the Choose Question Type page is visible?[0m                             ?[90m# QuestionDesignerSteps.clickInsertResponseAreaButton()?[0m
    ?[32mWhen ?[0m?[32mI choose "?[0m?[32m?[1mMaple-graded?[0m?[32m" link from the dialog and complete the correct answer?[0m                                                         ?[90m# QuestionDesignerSteps.chooseTypeAndCompleteCorrectAnswer(String)?[0m
    ?[32mAnd ?[0m?[32mI click OK?[0m                                                                                                                            ?[90m# QuestionDesignerSteps.clickResponseDialogOkButton()?[0m
    ?[32mAnd ?[0m?[32mI enter in the Algorithm Editor "?[0m?[32m?[1m$a=rint(1,10);$b=rint(2,10);$A=int($a+$b);$B=int($a*$b);$factor=maple(\"factor(x^2+${A}*x+${B})\");?[0m?[32m"?[0m ?[90m# QuestionDesignerSteps.enterAlgorithmText(String)?[0m
    ?[32mThen ?[0m?[32mI see the "?[0m?[32m?[1mMaple?[0m?[32m" Question Widget in the question text section?[0m                                                                       ?[90m# QuestionDesignerSteps.assertQuestionWidgetIsInserted(String)?[0m
    ?[32mWhen ?[0m?[32mI click Response Area button to open the dialog and assert that the Choose Question Type page is visible?[0m                             ?[90m# QuestionDesignerSteps.clickInsertResponseAreaButton()?[0m
    ?[32mWhen ?[0m?[32mI choose "?[0m?[32m?[1mMatching?[0m?[32m" link from the dialog and complete the correct answer?[0m                                                             ?[90m# QuestionDesignerSteps.chooseTypeAndCompleteCorrectAnswer(String)?[0m
    ?[32mAnd ?[0m?[32mI click OK?[0m                                                                                                                            ?[90m# QuestionDesignerSteps.clickResponseDialogOkButton()?[0m
    ?[32mThen ?[0m?[32mI see the "?[0m?[32m?[1mMatching?[0m?[32m" Question Widget in the question text section?[0m                                                                    ?[90m# QuestionDesignerSteps.assertQuestionWidgetIsInserted(String)?[0m
    ?[32mWhen ?[0m?[32mI click Response Area button to open the dialog and assert that the Choose Question Type page is visible?[0m                             ?[90m# QuestionDesignerSteps.clickInsertResponseAreaButton()?[0m
    ?[32mWhen ?[0m?[32mI choose "?[0m?[32m?[1mMathematical Formula?[0m?[32m" link from the dialog and complete the correct answer?[0m                                                 ?[90m# QuestionDesignerSteps.chooseTypeAndCompleteCorrectAnswer(String)?[0m
    ?[32mAnd ?[0m?[32mI click OK?[0m                                                                                                                            ?[90m# QuestionDesignerSteps.clickResponseDialogOkButton()?[0m
    ?[32mThen ?[0m?[32mI see the "?[0m?[32m?[1mMathematical Formula?[0m?[32m" Question Widget in the question text section?[0m                                                        ?[90m# QuestionDesignerSteps.assertQuestionWidgetIsInserted(String)?[0m
    ?[32mWhen ?[0m?[32mI click Response Area button to open the dialog and assert that the Choose Question Type page is visible?[0m                             ?[90m# QuestionDesignerSteps.clickInsertResponseAreaButton()?[0m
    ?[32mWhen ?[0m?[32mI choose "?[0m?[32m?[1mMultiple Choice?[0m?[32m" link from the dialog and complete the correct answer?[0m                                                      ?[90m# QuestionDesignerSteps.chooseTypeAndCompleteCorrectAnswer(String)?[0m
    ?[32mAnd ?[0m?[32mI click OK?[0m                                                                                                                            ?[90m# QuestionDesignerSteps.clickResponseDialogOkButton()?[0m
    ?[32mThen ?[0m?[32mI see the "?[0m?[32m?[1mMultiple Choice?[0m?[32m" Question Widget in the question text section?[0m                                                             ?[90m# QuestionDesignerSteps.assertQuestionWidgetIsInserted(String)?[0m
    ?[32mWhen ?[0m?[32mI click Response Area button to open the dialog and assert that the Choose Question Type page is visible?[0m                             ?[90m# QuestionDesignerSteps.clickInsertResponseAreaButton()?[0m
    ?[32mWhen ?[0m?[32mI choose "?[0m?[32m?[1mNumeric?[0m?[32m" link from the dialog and complete the correct answer?[0m                                                              ?[90m# QuestionDesignerSteps.chooseTypeAndCompleteCorrectAnswer(String)?[0m
    ?[32mAnd ?[0m?[32mI click OK?[0m                                                                                                                            ?[90m# QuestionDesignerSteps.clickResponseDialogOkButton()?[0m
    ?[32mThen ?[0m?[32mI see the "?[0m?[32m?[1mNumeric with Units?[0m?[32m" Question Widget in the question text section?[0m                                                          ?[90m# QuestionDesignerSteps.assertQuestionWidgetIsInserted(String)?[0m
    ?[32mWhen ?[0m?[32mI click Response Area button to open the dialog and assert that the Choose Question Type page is visible?[0m                             ?[90m# QuestionDesignerSteps.clickInsertResponseAreaButton()?[0m
    ?[32mWhen ?[0m?[32mI choose "?[0m?[32m?[1mSketch?[0m?[32m" link from the dialog and complete the correct answer?[0m                                                               ?[90m# QuestionDesignerSteps.chooseTypeAndCompleteCorrectAnswer(String)?[0m
    ?[32mAnd ?[0m?[32mI click OK?[0m                                                                                                                            ?[90m# QuestionDesignerSteps.clickResponseDialogOkButton()?[0m
    ?[32mThen ?[0m?[32mI see the "?[0m?[32m?[1mSketch?[0m?[32m" Question Widget in the question text section?[0m                                                                      ?[90m# QuestionDesignerSteps.assertQuestionWidgetIsInserted(String)?[0m
    ?[32mWhen ?[0m?[32mI click Response Area button to open the dialog and assert that the Choose Question Type page is visible?[0m                             ?[90m# QuestionDesignerSteps.clickInsertResponseAreaButton()?[0m
    ?[32mWhen ?[0m?[32mI choose "?[0m?[32m?[1mSorting?[0m?[32m" link from the dialog and complete the correct answer?[0m                                                              ?[90m# QuestionDesignerSteps.chooseTypeAndCompleteCorrectAnswer(String)?[0m
    ?[32mAnd ?[0m?[32mI click OK?[0m                                                                                                                            ?[90m# QuestionDesignerSteps.clickResponseDialogOkButton()?[0m
    ?[32mThen ?[0m?[32mI see the "?[0m?[32m?[1mSorting?[0m?[32m" Question Widget in the question text section?[0m                                                                     ?[90m# QuestionDesignerSteps.assertQuestionWidgetIsInserted(String)?[0m
    ?[32mWhen ?[0m?[32mI click Response Area button to open the dialog and assert that the Choose Question Type page is visible?[0m                             ?[90m# QuestionDesignerSteps.clickInsertResponseAreaButton()?[0m
    ?[32mWhen ?[0m?[32mI choose "?[0m?[32m?[1mTrue/False?[0m?[32m" link from the dialog and complete the correct answer?[0m                                                           ?[90m# QuestionDesignerSteps.chooseTypeAndCompleteCorrectAnswer(String)?[0m
    ?[32mAnd ?[0m?[32mI click OK?[0m                                                                                                                            ?[90m# QuestionDesignerSteps.clickResponseDialogOkButton()?[0m
    ?[32mThen ?[0m?[32mI see the "?[0m?[32m?[1mTrue or False?[0m?[32m" Question Widget in the question text section?[0m                                                               ?[90m# QuestionDesignerSteps.assertQuestionWidgetIsInserted(String)?[0m
    ?[32mAnd ?[0m?[32mI click the Preview button?[0m                                                                                                            ?[90m# QuestionDesignerSteps.clickPreviewButton()?[0m
    ?[32mThen ?[0m?[32mI assert that all the questions are rendered properly on the Question Preview page?[0m                                                   ?[90m# QuestionPreviewSteps.assertQuestionTypesRenderedCorrectlyOnPreview()?[0m
    ?[32mThen ?[0m?[32mI close the question preview window?[0m                                                                                                  ?[90m# QuestionPreviewSteps.closeQuestionPreviewWindow()?[0m
    ?[32mThen ?[0m?[32mI click the question designer Save & Close button?[0m                                                                                    ?[90m# QuestionDesignerSteps.clickSaveAndCloseButton()?[0m
    ?[32mThen ?[0m?[32mI see that I am on the Content Repository page?[0m                                                                                       ?[90m# ContentRepositorySteps.assertOnRepositoryPage()?[0m
]]></system-out>
  <system-err><![CDATA[]]></system-err>
</testsuite>
