<?xml version="1.0" encoding="UTF-8"?>
<testsuite name="| patty | WRONG_PASS | Login unsuccessful: Invalid user login and/or password. |" tests="5" skipped="0" failures="0" errors="0" timestamp="2019-07-19T16:28:30" hostname="mo-acceptance-test-driver-182622c" time="3.177">
  <properties/>
  <testcase name="Given I am logged in as the default administrator" classname="| patty | WRONG_PASS | Login unsuccessful: Invalid user login and/or password. |" time="0.0"/>
  <testcase name="And There exists a user called patty" classname="| patty | WRONG_PASS | Login unsuccessful: Invalid user login and/or password. |" time="0.0"/>
  <testcase name="When I log in as the user patty and password WRONG_PASS" classname="| patty | WRONG_PASS | Login unsuccessful: Invalid user login and/or password. |" time="0.0"/>
  <testcase name="Then I see an error message Login unsuccessful: Invalid user login and/or password. on the login page" classname="| patty | WRONG_PASS | Login unsuccessful: Invalid user login and/or password. |" time="0.0"/>
  <testcase name="classMethod" classname="| patty | WRONG_PASS | Login unsuccessful: Invalid user login and/or password. |" time="4.083"/>
  <system-out><![CDATA[
  @Login @Negative @ErrorMessage
  Scenario Outline: Failing to log into Mobius using invalid credentials                                  ?[90m# Login.feature:29?[0m
    ?[32mGiven ?[0m?[32mI am logged in as the default administrator?[0m                                                     ?[90m# LoginSteps.logInAsAdministrator()?[0m
    ?[32mAnd ?[0m?[32mThere exists a user called ?[0m?[32m?[1mpatty?[0m                                                                  ?[90m# SearchUserSteps.searchAndCreateUser(String)?[0m
    ?[32mWhen ?[0m?[32mI log in as the user ?[0m?[32m?[1mWRONG_USER?[0m?[32m and password ?[0m?[32m?[1mqapatty?[0m                                             ?[90m# LoginSteps.logInAsUserWithCredentials(String,String)?[0m
    ?[32mThen ?[0m?[32mI see an error message ?[0m?[32m?[1mLogin unsuccessful: Invalid user login and/or password.?[0m?[32m on the login page?[0m ?[90m# LoginSteps.assertLoginError(String)?[0m
]]></system-out>
  <system-err><![CDATA[]]></system-err>
</testsuite>
