<?xml version="1.0" encoding="UTF-8"?>
<testsuite name="Scenario: Ensure that a snapshot is given a name" tests="8" skipped="0" failures="0" errors="0" timestamp="2019-07-19T17:16:21" hostname="mo-acceptance-test-driver-182622c" time="5.693">
  <properties/>
  <testcase name="Given I am logged in as the default administrator" classname="Scenario: Ensure that a snapshot is given a name" time="0.0"/>
  <testcase name="Then I navigate to the System Homepage" classname="Scenario: Ensure that a snapshot is given a name" time="0.0"/>
  <testcase name="And I am on the Content Repository page of Demonstration Class" classname="Scenario: Ensure that a snapshot is given a name" time="0.0"/>
  <testcase name="When I navigate to the &quot;Grade Reports&quot; in &quot;Gradebook&quot; of current class" classname="Scenario: Ensure that a snapshot is given a name" time="0.0"/>
  <testcase name="And I click the new snapshot button" classname="Scenario: Ensure that a snapshot is given a name" time="0.0"/>
  <testcase name="And I click the &quot;Save&quot; button in the snapshot editor" classname="Scenario: Ensure that a snapshot is given a name" time="0.0"/>
  <testcase name="Then I see an alert open indicating a name must be entered" classname="Scenario: Ensure that a snapshot is given a name" time="0.0"/>
  <testcase name="classMethod" classname="Scenario: Ensure that a snapshot is given a name" time="6.634"/>
  <system-out><![CDATA[]]></system-out>
  <system-err><![CDATA[]]></system-err>
</testsuite>
