<?xml version="1.0" encoding="UTF-8"?>
<testsuite name="Scenario: Ensure that Root Group is not present in a Question's groups" tests="12" skipped="0" failures="0" errors="0" timestamp="2019-07-19T16:35:27" hostname="mo-acceptance-test-driver-182622c" time="7.556">
  <properties/>
  <testcase name="Given I am logged in as the default administrator" classname="Scenario: Ensure that Root Group is not present in a Question's groups" time="0.0"/>
  <testcase name="And I am on the Content Repository page of Demonstration Class" classname="Scenario: Ensure that Root Group is not present in a Question's groups" time="0.0"/>
  <testcase name="When I choose creating new question/Text from the main dropdown button" classname="Scenario: Ensure that Root Group is not present in a Question's groups" time="0.0"/>
  <testcase name="Then Question Designer is opened" classname="Scenario: Ensure that Root Group is not present in a Question's groups" time="0.0"/>
  <testcase name="When I enter valid information for the question name as &quot;Root Group Question&quot;" classname="Scenario: Ensure that Root Group is not present in a Question's groups" time="0.0"/>
  <testcase name="And I click the question designer Save &amp; Close button" classname="Scenario: Ensure that Root Group is not present in a Question's groups" time="0.0"/>
  <testcase name="Then I see that I am on the Content Repository page" classname="Scenario: Ensure that Root Group is not present in a Question's groups" time="0.0"/>
  <testcase name="When I expand the &quot;Text&quot; column" classname="Scenario: Ensure that Root Group is not present in a Question's groups" time="0.0"/>
  <testcase name="And I click &quot;Root Group Question&quot; in the &quot;Text&quot; column" classname="Scenario: Ensure that Root Group is not present in a Question's groups" time="0.0"/>
  <testcase name="Then I see that &quot;Groups&quot; header is not visible in the navigation column" classname="Scenario: Ensure that Root Group is not present in a Question's groups" time="0.0"/>
  <testcase name="And I see that &quot;Root Group&quot; Group is not visible" classname="Scenario: Ensure that Root Group is not present in a Question's groups" time="0.0"/>
  <testcase name="classMethod" classname="Scenario: Ensure that Root Group is not present in a Question's groups" time="8.724"/>
  <system-out><![CDATA[
  Scenario: Add content to a group                                                       ?[90m# QuestionInRepository.feature:99?[0m
    ?[32mWhen ?[0m?[32mI click on "Questions"?[0m                                                          ?[90m# ContentRepositorySteps.clickOnQuestions()?[0m
    ?[32mAnd ?[0m?[32mI choose creating new Group from the Create New button in the "?[0m?[32m?[1mQuestions?[0m?[32m" column?[0m ?[90m# ContentRepositorySteps.createNewGroupInColumn(String)?[0m
    ?[32mThen ?[0m?[32mI see the "?[0m?[32m?[1mAdd Group?[0m?[32m" dialog open?[0m                                               ?[90m# ContentRepositorySteps.assertDialogOpen(String)?[0m
    ?[32mWhen ?[0m?[32mI enter a group name of "?[0m?[32m?[1mTest Add?[0m?[32m"?[0m                                              ?[90m# ContentRepositorySteps.enterGroupName(String)?[0m
    ?[32mAnd ?[0m?[32mI click the "?[0m?[32m?[1mAdd Group?[0m?[32m" dialog button?[0m                                            ?[90m# ContentRepositorySteps.clickDialogButton(String)?[0m
    ?[32mThen ?[0m?[32mI am on the Content Repository page with the "?[0m?[32m?[1mQuestions?[0m?[32m" column open?[0m            ?[90m# ContentRepositorySteps.assertContentRepository(String)?[0m
    ?[32mWhen ?[0m?[32mI choose creating new question/Text from the main dropdown button?[0m               ?[90m# ContentRepositorySteps.chooseCreatingNewQuestionFromMainDropdownButton()?[0m
    ?[32mThen ?[0m?[32mQuestion Designer is opened?[0m                                                     ?[90m# QuestionDesignerSteps.assertQuestionDesignerPageIsOpened()?[0m
    ?[32mWhen ?[0m?[32mI enter valid information for the question name as "?[0m?[32m?[1mAdd Content?[0m?[32m"?[0m                ?[90m# QuestionDesignerSteps.enterQuestionName(String)?[0m
    ?[32mAnd ?[0m?[32mI click the question designer Save & Close button?[0m                                ?[90m# QuestionDesignerSteps.clickSaveAndCloseButton()?[0m
    ?[32mThen ?[0m?[32mI see that I am on the Content Repository page?[0m                                  ?[90m# ContentRepositorySteps.assertOnRepositoryPage()?[0m
    ?[32mWhen ?[0m?[32mI expand the "?[0m?[32m?[1mText?[0m?[32m" column?[0m                                                      ?[90m# ContentRepositorySteps.expandColumn(String)?[0m
    ?[32mAnd ?[0m?[32mI select the question by name "?[0m?[32m?[1mAdd Content?[0m?[32m"?[0m                                      ?[90m# ContentRepositorySteps.selectQuestion(String)?[0m
    ?[32mAnd ?[0m?[32mI click the "?[0m?[32m?[1mAdd to?[0m?[32m" button in the bulk row?[0m                                      ?[90m# ContentRepositorySteps.clickBulkRowButton(String)?[0m
    ?[32mThen ?[0m?[32mI see the "?[0m?[32m?[1mAdd to?[0m?[32m" dialog open?[0m                                                  ?[90m# ContentRepositorySteps.assertDialogOpen(String)?[0m
    ?[32mWhen ?[0m?[32mI select the "?[0m?[32m?[1mTest Add?[0m?[32m" group in the dialog?[0m                                     ?[90m# ContentRepositorySteps.selectGroupInDialog(String)?[0m
    ?[32mAnd ?[0m?[32mI click the "?[0m?[32m?[1mAdd to?[0m?[32m" dialog button?[0m                                               ?[90m# ContentRepositorySteps.clickDialogButton(String)?[0m
    ?[32mThen ?[0m?[32mI see the "?[0m?[32m?[1mAdd to complete?[0m?[32m" dialog open?[0m                                         ?[90m# ContentRepositorySteps.assertDialogOpen(String)?[0m
]]></system-out>
  <system-err><![CDATA[]]></system-err>
</testsuite>
