<?xml version="1.0" encoding="UTF-8"?>
<testsuite name="Scenario: Grade 100% assignment with one MathApp Question" tests="43" skipped="0" failures="0" errors="0" timestamp="2019-07-19T16:25:51" hostname="mo-acceptance-test-driver-182622c" time="29.3">
  <properties/>
  <testcase name="Given I am logged in as the default administrator" classname="Scenario: Grade 100% assignment with one MathApp Question" time="0.0"/>
  <testcase name="And I navigate to the System Settings page" classname="Scenario: Grade 100% assignment with one MathApp Question" time="0.001"/>
  <testcase name="Then I change the Math App engine selection to &quot;MapleNet (Math App)&quot;" classname="Scenario: Grade 100% assignment with one MathApp Question" time="0.0"/>
  <testcase name="And I submit the changes to System Settings" classname="Scenario: Grade 100% assignment with one MathApp Question" time="0.0"/>
  <testcase name="And The changes to System Settings were successfully saved." classname="Scenario: Grade 100% assignment with one MathApp Question" time="0.0"/>
  <testcase name="When I navigate to the System Homepage" classname="Scenario: Grade 100% assignment with one MathApp Question" time="0.0"/>
  <testcase name="And I am on the Content Repository page of Demonstration Class" classname="Scenario: Grade 100% assignment with one MathApp Question" time="0.0"/>
  <testcase name="And I choose creating new question/Text from the main dropdown button" classname="Scenario: Grade 100% assignment with one MathApp Question" time="0.0"/>
  <testcase name="And Question Designer is opened" classname="Scenario: Grade 100% assignment with one MathApp Question" time="0.0"/>
  <testcase name="When I enter valid information for the question name as &quot;Interactive Plot for Mathapp Grading&quot;" classname="Scenario: Grade 100% assignment with one MathApp Question" time="0.001"/>
  <testcase name="And I click inside the question text editor" classname="Scenario: Grade 100% assignment with one MathApp Question" time="0.0"/>
  <testcase name="And I click Response Area button to open the dialog and assert that the Choose Question Type page is visible" classname="Scenario: Grade 100% assignment with one MathApp Question" time="0.0"/>
  <testcase name="When I choose &quot;Math App&quot; link from the dialog" classname="Scenario: Grade 100% assignment with one MathApp Question" time="0.0"/>
  <testcase name="And I choose a worksheet &quot;QuadrantGame&quot; from the acceptance resources for the Math App question" classname="Scenario: Grade 100% assignment with one MathApp Question" time="0.0"/>
  <testcase name="And I click OK" classname="Scenario: Grade 100% assignment with one MathApp Question" time="0.0"/>
  <testcase name="Then I see the &quot;Math App&quot; Question Widget in the question text section" classname="Scenario: Grade 100% assignment with one MathApp Question" time="0.0"/>
  <testcase name="Then I click the Preview button" classname="Scenario: Grade 100% assignment with one MathApp Question" time="0.0"/>
  <testcase name="And I assert that the Math App question is rendered properly on the Question Preview page" classname="Scenario: Grade 100% assignment with one MathApp Question" time="0.0"/>
  <testcase name="Then I close the question preview window" classname="Scenario: Grade 100% assignment with one MathApp Question" time="0.0"/>
  <testcase name="Then I click the question designer Save &amp; Close button" classname="Scenario: Grade 100% assignment with one MathApp Question" time="0.0"/>
  <testcase name="Then I see that I am on the Content Repository page" classname="Scenario: Grade 100% assignment with one MathApp Question" time="0.0"/>
  <testcase name="And I choose creating new assignment in &quot;Student Readiness&quot; unit from the main dropdown button" classname="Scenario: Grade 100% assignment with one MathApp Question" time="0.0"/>
  <testcase name="Then Assignment Editor is opened" classname="Scenario: Grade 100% assignment with one MathApp Question" time="0.0"/>
  <testcase name="When enter Assignment name &quot;Interactive_Plot&quot;" classname="Scenario: Grade 100% assignment with one MathApp Question" time="0.0"/>
  <testcase name="And I click on the questions tab" classname="Scenario: Grade 100% assignment with one MathApp Question" time="0.0"/>
  <testcase name="And I click the import question button" classname="Scenario: Grade 100% assignment with one MathApp Question" time="0.0"/>
  <testcase name="Then The import questions dialog appears" classname="Scenario: Grade 100% assignment with one MathApp Question" time="0.0"/>
  <testcase name="When I click on &quot;Questions&quot;" classname="Scenario: Grade 100% assignment with one MathApp Question" time="0.0"/>
  <testcase name="And I select the question &quot;Interactive Plot for Mathapp Grading&quot;" classname="Scenario: Grade 100% assignment with one MathApp Question" time="0.0"/>
  <testcase name="And I click Import Questions in the Import Questions dialog" classname="Scenario: Grade 100% assignment with one MathApp Question" time="0.001"/>
  <testcase name="Then verify the question caption text is &quot;Interactive Plot for Mathapp Grading&quot;" classname="Scenario: Grade 100% assignment with one MathApp Question" time="0.0"/>
  <testcase name="When I save &amp; close the assignment on the questions page" classname="Scenario: Grade 100% assignment with one MathApp Question" time="0.0"/>
  <testcase name="Then I see summary of the assignment" classname="Scenario: Grade 100% assignment with one MathApp Question" time="0.0"/>
  <testcase name="When I save and close the assignment summary details" classname="Scenario: Grade 100% assignment with one MathApp Question" time="0.0"/>
  <testcase name="Then the new assignment &quot;Interactive_Plot&quot; is visible in its own expanded column" classname="Scenario: Grade 100% assignment with one MathApp Question" time="0.0"/>
  <testcase name="When I navigate to the System Homepage" classname="Scenario: Grade 100% assignment with one MathApp Question" time="0.001"/>
  <testcase name="And I am on &quot;Class Homepage&quot; page of &quot;Demonstration Class&quot; class" classname="Scenario: Grade 100% assignment with one MathApp Question" time="0.0"/>
  <testcase name="And I launch the &quot;Interactive_Plot&quot; assignment in &quot;Student Readiness&quot; unit" classname="Scenario: Grade 100% assignment with one MathApp Question" time="0.0"/>
  <testcase name="Then I assert that the Math App question is rendered properly" classname="Scenario: Grade 100% assignment with one MathApp Question" time="0.0"/>
  <testcase name="When I click the plot of &quot;Interactive Plot for Mathapp Grading&quot;" classname="Scenario: Grade 100% assignment with one MathApp Question" time="0.0"/>
  <testcase name="And I submit the assignment" classname="Scenario: Grade 100% assignment with one MathApp Question" time="0.0"/>
  <testcase name="Then my score 1 out of 1 (100 %) is shown in a grade report" classname="Scenario: Grade 100% assignment with one MathApp Question" time="0.0"/>
  <testcase name="classMethod" classname="Scenario: Grade 100% assignment with one MathApp Question" time="30.294"/>
  <system-out><![CDATA[
  Scenario: Grade 0% assignment with one MathApp Question                                                                   ?[90m# GradeMathAppAssignment.feature:12?[0m
    ?[32mWhen ?[0m?[32mI navigate to the System Homepage?[0m                                                                                  ?[90m# SystemHomepageSteps.navigateToSystemHomepage()?[0m
    ?[32mAnd ?[0m?[32mI am on the Content Repository page of ?[0m?[32m?[1mDemonstration Class?[0m                                                          ?[90m# ContentRepositorySteps.navigateToContentRepositoryOfClass(String)?[0m
    ?[32mAnd ?[0m?[32mI choose creating new question/Text from the main dropdown button?[0m                                                   ?[90m# ContentRepositorySteps.chooseCreatingNewQuestionFromMainDropdownButton()?[0m
    ?[32mAnd ?[0m?[32mQuestion Designer is opened?[0m                                                                                         ?[90m# QuestionDesignerSteps.assertQuestionDesignerPageIsOpened()?[0m
    ?[32mWhen ?[0m?[32mI enter valid information for the question name as "?[0m?[32m?[1mNew Math App Question?[0m?[32m"?[0m                                         ?[90m# QuestionDesignerSteps.enterQuestionName(String)?[0m
    ?[32mAnd ?[0m?[32mI click inside the question text editor?[0m                                                                             ?[90m# QuestionDesignerSteps.clickInsideQuestionTextEditor()?[0m
    ?[32mAnd ?[0m?[32mI click Response Area button to open the dialog and assert that the Choose Question Type page is visible?[0m            ?[90m# QuestionDesignerSteps.clickInsertResponseAreaButton()?[0m
    ?[32mWhen ?[0m?[32mI choose "?[0m?[32m?[1mMath App?[0m?[32m" link from the dialog?[0m                                                                           ?[90m# QuestionDesignerSteps.chooseQuestionType(String)?[0m
    ?[32mAnd ?[0m?[32mI choose a demo worksheet "?[0m?[32m?[1mDrawCircle?[0m?[32m" for the Math App question?[0m                                                    ?[90m# MathAppQuestionSteps.selectMathAppDemoWorksheet(String)?[0m
    ?[32mAnd ?[0m?[32mI set the grading type for the Math App question to "?[0m?[32m?[1mManual Grading?[0m?[32m"?[0m                                                ?[90m# MathAppQuestionSteps.setGradingType(String)?[0m
    ?[32mAnd ?[0m?[32mI click OK?[0m                                                                                                          ?[90m# QuestionDesignerSteps.clickResponseDialogOkButton()?[0m
    ?[32mThen ?[0m?[32mI see the "?[0m?[32m?[1mMath App?[0m?[32m" Question Widget in the question text section?[0m                                                  ?[90m# QuestionDesignerSteps.assertQuestionWidgetIsInserted(String)?[0m
    ?[32mAnd ?[0m?[32mAfter clicking Preview button I assert that the Math App question with "?[0m?[32m?[1mDrawCircle?[0m?[32m" worksheet is correctly rendered?[0m ?[90m# MathAppQuestionSteps.assertMathAppWorksheetCorrectlyRendered(String)?[0m
    ?[32mAnd ?[0m?[32mI close the question preview window?[0m                                                                                 ?[90m# QuestionPreviewSteps.closeQuestionPreviewWindow()?[0m
    ?[32mThen ?[0m?[32mI click the question designer Save & Close button?[0m                                                                  ?[90m# QuestionDesignerSteps.clickSaveAndCloseButton()?[0m
    ?[32mWhen ?[0m?[32mI choose creating new assignment in "?[0m?[32m?[1mStudent Readiness?[0m?[32m" unit from the main dropdown button?[0m                         ?[90m# ContentRepositorySteps.chooseCreatingNewAssignmentFromMainDropdownButton(String)?[0m
    ?[32mThen ?[0m?[32mAssignment Editor is opened?[0m                                                                                        ?[90m# AssignmentEditorDetailsSteps.assertAssignmentEditorPageIsOpened()?[0m
    ?[32mWhen ?[0m?[32menter Assignment name "?[0m?[32m?[1mParabola_MathApp?[0m?[32m"?[0m                                                                           ?[90m# AssignmentEditorDetailsSteps.enterAssignmentName(String)?[0m
    ?[32mAnd ?[0m?[32mI click on the questions tab?[0m                                                                                        ?[90m# AssignmentEditorDetailsSteps.clickQuestionsTab()?[0m
    ?[32mAnd ?[0m?[32mI click the import question button?[0m                                                                                  ?[90m# AssignmentEditorQuestionSteps.importQuestion()?[0m
    ?[32mWhen ?[0m?[32mI click on "Questions"?[0m                                                                                             ?[90m# ContentRepositorySteps.clickOnQuestions()?[0m
    ?[32mAnd ?[0m?[32mI select the question "?[0m?[32m?[1mNew Math App Question?[0m?[32m"?[0m                                                                       ?[90m# AssignmentEditorQuestionSteps.selectQuestion(String)?[0m
    ?[32mAnd ?[0m?[32mI click Import Questions in the Import Questions dialog?[0m                                                             ?[90m# AssignmentEditorQuestionSteps.doImportQuestions()?[0m
    ?[32mWhen ?[0m?[32mI save & close the assignment on the questions page?[0m                                                                ?[90m# AssignmentEditorQuestionSteps.saveAndCloseAssignment()?[0m
    ?[32mThen ?[0m?[32mI see summary of the assignment?[0m                                                                                    ?[90m# AssignmentEditorDetailsSteps.assertAssignmentSummaryShown()?[0m
    ?[32mWhen ?[0m?[32mI save and close the assignment summary details?[0m                                                                    ?[90m# AssignmentEditorDetailsSteps.saveAndCloseAssignmentSummary()?[0m
    ?[32mThen ?[0m?[32mthe new assignment "?[0m?[32m?[1mParabola_MathApp?[0m?[32m" is visible in its own expanded column?[0m                                        ?[90m# ContentRepositorySteps.assertNamedAssignmentColumnIsExpanded(String)?[0m
    ?[32mAnd ?[0m?[32mit is named as "?[0m?[32m?[1mParabola_MathApp?[0m?[32m" in "?[0m?[32m?[1mStudent Readiness?[0m?[32m" column?[0m                                                     ?[90m# ContentRepositorySteps.assertAssignmentIsCreated(String,String)?[0m
    ?[32mWhen ?[0m?[32mI navigate to the System Homepage?[0m                                                                                  ?[90m# SystemHomepageSteps.navigateToSystemHomepage()?[0m
    ?[32mWhen ?[0m?[32mI am on "Class Homepage" page of "?[0m?[32m?[1mDemonstration Class?[0m?[32m" class?[0m                                                       ?[90m# ClassHomepageSteps.navigateToClassHomepage(String)?[0m
    ?[32mAnd ?[0m?[32mI launch the "?[0m?[32m?[1mParabola_MathApp?[0m?[32m" assignment in "?[0m?[32m?[1mStudent Readiness?[0m?[32m" unit?[0m                                              ?[90m# ClassHomepageSteps.reopenAssignment(String,String)?[0m
    ?[32mThen ?[0m?[32mI assert that the ?[0m?[32m?[1mMath App?[0m?[32m question is rendered properly?[0m                                                           ?[90m# QuestionPreviewSteps.assertQuestionRenderedCorrectly(String)?[0m
    ?[32mWhen ?[0m?[32mI click the plot of "New Math App Question"?[0m                                                                        ?[90m# MathAppAssignmentSteps.clickMathAppPlot()?[0m
    ?[32mAnd ?[0m?[32mI wait for "?[0m?[32m?[1m2?[0m?[32m" seconds?[0m                                                                                              ?[90m# PageLoadingSteps.waitForSpecifiedTime(String)?[0m
    ?[32mAnd ?[0m?[32mI submit the assignment but allow for more time for the page to load?[0m                                                ?[90m# MapleTAAssignmentSteps.submitAssignmentWaitLongerTime()?[0m
    ?[32mThen ?[0m?[32mmy score ?[0m?[32m?[1m0?[0m?[32m out of ?[0m?[32m?[1m1?[0m?[32m (?[0m?[32m?[1m0?[0m?[32m %) is shown in a grade report?[0m                                                               ?[90m# MapleTAAssignmentSteps.assertScore(String,String,String)?[0m
]]></system-out>
  <system-err><![CDATA[]]></system-err>
</testsuite>
