<?xml version="1.0" encoding="UTF-8"?>
<testsuite name="Scenario: Create a new Adaptive Practice Assignment with a question and change its entry mode" tests="29" skipped="0" failures="0" errors="0" timestamp="2019-07-19T16:38:58" hostname="mo-acceptance-test-driver-182622c" time="21.472">
  <properties/>
  <testcase name="Given I am logged in as the default administrator" classname="Scenario: Create a new Adaptive Practice Assignment with a question and change its entry mode" time="0.0"/>
  <testcase name="And I am on the Content Repository page of Demonstration Class" classname="Scenario: Create a new Adaptive Practice Assignment with a question and change its entry mode" time="0.0"/>
  <testcase name="When I choose creating new adaptive assignment in &quot;Student Readiness&quot; unit from the main dropdown button" classname="Scenario: Create a new Adaptive Practice Assignment with a question and change its entry mode" time="0.0"/>
  <testcase name="Then Assignment Editor is opened" classname="Scenario: Create a new Adaptive Practice Assignment with a question and change its entry mode" time="0.0"/>
  <testcase name="When I enter valid information for the assignment &quot;Change Entry Mode Adaptive Assignment&quot;" classname="Scenario: Create a new Adaptive Practice Assignment with a question and change its entry mode" time="0.0"/>
  <testcase name="And I click on the set policies tab" classname="Scenario: Create a new Adaptive Practice Assignment with a question and change its entry mode" time="0.0"/>
  <testcase name="And I select the Anonymous Practice radio button" classname="Scenario: Create a new Adaptive Practice Assignment with a question and change its entry mode" time="0.0"/>
  <testcase name="When I click on the questions tab" classname="Scenario: Create a new Adaptive Practice Assignment with a question and change its entry mode" time="0.001"/>
  <testcase name="And I click the new question button" classname="Scenario: Create a new Adaptive Practice Assignment with a question and change its entry mode" time="0.0"/>
  <testcase name="And I create question &quot;Maple-Graded&quot; with label &quot;Maple-Graded Label&quot;" classname="Scenario: Create a new Adaptive Practice Assignment with a question and change its entry mode" time="0.0"/>
  <testcase name="And I click inside the question text editor" classname="Scenario: Create a new Adaptive Practice Assignment with a question and change its entry mode" time="0.0"/>
  <testcase name="And I click Response Area button to open the dialog and assert that the Choose Question Type page is visible" classname="Scenario: Create a new Adaptive Practice Assignment with a question and change its entry mode" time="0.0"/>
  <testcase name="And I choose &quot;Maple-graded&quot; link from the dialog and complete the correct answer" classname="Scenario: Create a new Adaptive Practice Assignment with a question and change its entry mode" time="0.0"/>
  <testcase name="And I click OK" classname="Scenario: Create a new Adaptive Practice Assignment with a question and change its entry mode" time="0.0"/>
  <testcase name="Then I see the &quot;Maple&quot; Question Widget in the question text section" classname="Scenario: Create a new Adaptive Practice Assignment with a question and change its entry mode" time="0.0"/>
  <testcase name="When I save &amp; close the new question in the assignment editor" classname="Scenario: Create a new Adaptive Practice Assignment with a question and change its entry mode" time="0.0"/>
  <testcase name="When I save &amp; close the assignment on the questions page" classname="Scenario: Create a new Adaptive Practice Assignment with a question and change its entry mode" time="0.0"/>
  <testcase name="Then I see summary of the assignment" classname="Scenario: Create a new Adaptive Practice Assignment with a question and change its entry mode" time="0.0"/>
  <testcase name="When I save and close the assignment summary details" classname="Scenario: Create a new Adaptive Practice Assignment with a question and change its entry mode" time="0.0"/>
  <testcase name="Then the new assignment &quot;Change Entry Mode Adaptive Assignment&quot; is visible in its own expanded column" classname="Scenario: Create a new Adaptive Practice Assignment with a question and change its entry mode" time="0.0"/>
  <testcase name="And it is named as &quot;Change Entry Mode Adaptive Assignment&quot; in &quot;Student Readiness&quot; column" classname="Scenario: Create a new Adaptive Practice Assignment with a question and change its entry mode" time="0.0"/>
  <testcase name="When I navigate to the System Homepage" classname="Scenario: Create a new Adaptive Practice Assignment with a question and change its entry mode" time="0.0"/>
  <testcase name="And I am on &quot;Class Homepage&quot; page of &quot;Demonstration Class&quot; class" classname="Scenario: Create a new Adaptive Practice Assignment with a question and change its entry mode" time="0.0"/>
  <testcase name="And I launch the &quot;Change Entry Mode&quot; assignment in &quot;Student Readiness&quot; unit" classname="Scenario: Create a new Adaptive Practice Assignment with a question and change its entry mode" time="0.0"/>
  <testcase name="And I click the Change Entry Mode link" classname="Scenario: Create a new Adaptive Practice Assignment with a question and change its entry mode" time="0.0"/>
  <testcase name="Then I see the Math Editor Div" classname="Scenario: Create a new Adaptive Practice Assignment with a question and change its entry mode" time="0.0"/>
  <testcase name="When I click the Change Entry Mode link" classname="Scenario: Create a new Adaptive Practice Assignment with a question and change its entry mode" time="0.0"/>
  <testcase name="Then I see the Math input textbox" classname="Scenario: Create a new Adaptive Practice Assignment with a question and change its entry mode" time="0.0"/>
  <testcase name="classMethod" classname="Scenario: Create a new Adaptive Practice Assignment with a question and change its entry mode" time="22.505"/>
  <system-out><![CDATA[
  Scenario: Create a new Practice Assignment with a question and change its entry mode                           ?[90m# assignment/CreateAssignmentAndChangeEntryMode.feature:8?[0m
    ?[32mWhen ?[0m?[32mI choose creating new assignment in "?[0m?[32m?[1mStudent Readiness?[0m?[32m" unit from the main dropdown button?[0m              ?[90m# ContentRepositorySteps.chooseCreatingNewAssignmentFromMainDropdownButton(String)?[0m
    ?[32mThen ?[0m?[32mAssignment Editor is opened?[0m                                                                             ?[90m# AssignmentEditorDetailsSteps.assertAssignmentEditorPageIsOpened()?[0m
    ?[32mWhen ?[0m?[32mI enter valid information for the assignment "?[0m?[32m?[1mChange Entry Mode Assignment?[0m?[32m"?[0m                             ?[90m# AssignmentEditorDetailsSteps.enterAssignmentNameAndDescription(String)?[0m
    ?[32mAnd ?[0m?[32mI click on the set policies tab?[0m                                                                          ?[90m# AssignmentEditorPropertiesSteps.clickSetPoliciesTab()?[0m
    ?[32mAnd ?[0m?[32mI select the Anonymous Practice radio button?[0m                                                             ?[90m# AssignmentEditorPropertiesSteps.selectAnonymousPracticeButton()?[0m
    ?[32mWhen ?[0m?[32mI click on the questions tab?[0m                                                                            ?[90m# AssignmentEditorDetailsSteps.clickQuestionsTab()?[0m
    ?[32mAnd ?[0m?[32mI click the new question button?[0m                                                                          ?[90m# AssignmentEditorQuestionSteps.createQuestion()?[0m
    ?[32mAnd ?[0m?[32mI create question "?[0m?[32m?[1mMaple-Graded?[0m?[32m" with label "?[0m?[32m?[1mMaple-Graded Label?[0m?[32m"?[0m                                         ?[90m# AssignmentEditorQuestionSteps.createQuestion(String,String)?[0m
    ?[32mAnd ?[0m?[32mI click inside the question text editor?[0m                                                                  ?[90m# QuestionDesignerSteps.clickInsideQuestionTextEditor()?[0m
    ?[32mAnd ?[0m?[32mI click Response Area button to open the dialog and assert that the Choose Question Type page is visible?[0m ?[90m# QuestionDesignerSteps.clickInsertResponseAreaButton()?[0m
    ?[32mAnd ?[0m?[32mI choose "?[0m?[32m?[1mMaple-graded?[0m?[32m" link from the dialog and complete the correct answer?[0m                             ?[90m# QuestionDesignerSteps.chooseTypeAndCompleteCorrectAnswer(String)?[0m
    ?[32mAnd ?[0m?[32mI click OK?[0m                                                                                               ?[90m# QuestionDesignerSteps.clickResponseDialogOkButton()?[0m
    ?[32mThen ?[0m?[32mI see the "?[0m?[32m?[1mMaple?[0m?[32m" Question Widget in the question text section?[0m                                          ?[90m# QuestionDesignerSteps.assertQuestionWidgetIsInserted(String)?[0m
    ?[32mWhen ?[0m?[32mI save & close the new question in the assignment editor?[0m                                                ?[90m# AssignmentEditorQuestionSteps.saveAndCloseNewQuestion()?[0m
    ?[32mWhen ?[0m?[32mI save & close the assignment on the questions page?[0m                                                     ?[90m# AssignmentEditorQuestionSteps.saveAndCloseAssignment()?[0m
    ?[32mThen ?[0m?[32mI see summary of the assignment?[0m                                                                         ?[90m# AssignmentEditorDetailsSteps.assertAssignmentSummaryShown()?[0m
    ?[32mWhen ?[0m?[32mI save and close the assignment summary details?[0m                                                         ?[90m# AssignmentEditorDetailsSteps.saveAndCloseAssignmentSummary()?[0m
    ?[32mThen ?[0m?[32mthe new assignment "?[0m?[32m?[1mChange Entry Mode Assignment?[0m?[32m" is visible in its own expanded column?[0m                 ?[90m# ContentRepositorySteps.assertNamedAssignmentColumnIsExpanded(String)?[0m
    ?[32mAnd ?[0m?[32mit is named as "?[0m?[32m?[1mChange Entry Mode Assignment?[0m?[32m" in "?[0m?[32m?[1mStudent Readiness?[0m?[32m" column?[0m                              ?[90m# ContentRepositorySteps.assertAssignmentIsCreated(String,String)?[0m
    ?[32mWhen ?[0m?[32mI navigate to the System Homepage?[0m                                                                       ?[90m# SystemHomepageSteps.navigateToSystemHomepage()?[0m
    ?[32mAnd ?[0m?[32mI am on "Class Homepage" page of "?[0m?[32m?[1mDemonstration Class?[0m?[32m" class?[0m                                             ?[90m# ClassHomepageSteps.navigateToClassHomepage(String)?[0m
    ?[32mAnd ?[0m?[32mI launch the "?[0m?[32m?[1mChange Entry Mode?[0m?[32m" assignment in "?[0m?[32m?[1mStudent Readiness?[0m?[32m" unit?[0m                                  ?[90m# ClassHomepageSteps.reopenAssignment(String,String)?[0m
    ?[32mAnd ?[0m?[32mI click the Change Entry Mode link?[0m                                                                       ?[90m# MapleTAAssignmentSteps.clickChangeEntryModeLink()?[0m
    ?[32mThen ?[0m?[32mI see the Math Editor Div?[0m                                                                               ?[90m# MapleTAAssignmentSteps.assertMathEditorDivVisible()?[0m
    ?[32mWhen ?[0m?[32mI click the Change Entry Mode link?[0m                                                                      ?[90m# MapleTAAssignmentSteps.clickChangeEntryModeLink()?[0m
    ?[32mThen ?[0m?[32mI see the Math input textbox?[0m                                                                            ?[90m# MapleTAAssignmentSteps.assertMathInputTextBoxVisible()?[0m
]]></system-out>
  <system-err><![CDATA[]]></system-err>
</testsuite>
