<?xml version="1.0" encoding="UTF-8"?>
<testsuite name="Scenario: Successfully create an assignment with inline MathApp question, take the assignment, and navigate through the questions." tests="64" skipped="0" failures="0" errors="0" timestamp="2019-07-19T16:37:50" hostname="mo-acceptance-test-driver-182622c" time="44.699">
  <properties/>
  <testcase name="Given I am logged in as the default administrator" classname="Scenario: Successfully create an assignment with inline MathApp question, take the assignment, and navigate through the questions." time="0.0"/>
  <testcase name="Then I navigate to the System Settings page" classname="Scenario: Successfully create an assignment with inline MathApp question, take the assignment, and navigate through the questions." time="0.0"/>
  <testcase name="And I change the Math App engine selection to &quot;MapleNet (Math App)&quot;" classname="Scenario: Successfully create an assignment with inline MathApp question, take the assignment, and navigate through the questions." time="0.0"/>
  <testcase name="And I submit the changes to System Settings" classname="Scenario: Successfully create an assignment with inline MathApp question, take the assignment, and navigate through the questions." time="0.0"/>
  <testcase name="And The changes to System Settings were successfully saved." classname="Scenario: Successfully create an assignment with inline MathApp question, take the assignment, and navigate through the questions." time="0.0"/>
  <testcase name="Then I navigate to the System Homepage" classname="Scenario: Successfully create an assignment with inline MathApp question, take the assignment, and navigate through the questions." time="0.0"/>
  <testcase name="And I am on the Content Repository page of Demonstration Class" classname="Scenario: Successfully create an assignment with inline MathApp question, take the assignment, and navigate through the questions." time="0.0"/>
  <testcase name="When I choose creating new question/Text from the main dropdown button" classname="Scenario: Successfully create an assignment with inline MathApp question, take the assignment, and navigate through the questions." time="0.0"/>
  <testcase name="Then Question Designer is opened" classname="Scenario: Successfully create an assignment with inline MathApp question, take the assignment, and navigate through the questions." time="0.0"/>
  <testcase name="When I enter valid information for the question name as &quot;A test question with inline MathApp&quot;" classname="Scenario: Successfully create an assignment with inline MathApp question, take the assignment, and navigate through the questions." time="0.0"/>
  <testcase name="And I click inside the question text editor" classname="Scenario: Successfully create an assignment with inline MathApp question, take the assignment, and navigate through the questions." time="0.0"/>
  <testcase name="And I click Response Area button to open the dialog and assert that the Choose Question Type page is visible" classname="Scenario: Successfully create an assignment with inline MathApp question, take the assignment, and navigate through the questions." time="0.0"/>
  <testcase name="When I choose &quot;Numeric&quot; link from the dialog and complete the correct answer" classname="Scenario: Successfully create an assignment with inline MathApp question, take the assignment, and navigate through the questions." time="0.0"/>
  <testcase name="And I click OK" classname="Scenario: Successfully create an assignment with inline MathApp question, take the assignment, and navigate through the questions." time="0.0"/>
  <testcase name="Then I see the &quot;Numeric with Units&quot; Question Widget in the question text section" classname="Scenario: Successfully create an assignment with inline MathApp question, take the assignment, and navigate through the questions." time="0.0"/>
  <testcase name="And I click Response Area button to open the dialog and assert that the Choose Question Type page is visible" classname="Scenario: Successfully create an assignment with inline MathApp question, take the assignment, and navigate through the questions." time="0.0"/>
  <testcase name="When I choose &quot;Math App&quot; link from the dialog and complete the correct answer" classname="Scenario: Successfully create an assignment with inline MathApp question, take the assignment, and navigate through the questions." time="0.0"/>
  <testcase name="And I click OK" classname="Scenario: Successfully create an assignment with inline MathApp question, take the assignment, and navigate through the questions." time="0.0"/>
  <testcase name="Then I see the &quot;Math App&quot; Question Widget in the question text section" classname="Scenario: Successfully create an assignment with inline MathApp question, take the assignment, and navigate through the questions." time="0.0"/>
  <testcase name="And I click the question designer Save &amp; Close button" classname="Scenario: Successfully create an assignment with inline MathApp question, take the assignment, and navigate through the questions." time="0.0"/>
  <testcase name="When I choose creating new question/Text from the main dropdown button" classname="Scenario: Successfully create an assignment with inline MathApp question, take the assignment, and navigate through the questions." time="0.0"/>
  <testcase name="Then Question Designer is opened" classname="Scenario: Successfully create an assignment with inline MathApp question, take the assignment, and navigate through the questions." time="0.0"/>
  <testcase name="When I enter valid information for the question name as &quot;One more test question&quot;" classname="Scenario: Successfully create an assignment with inline MathApp question, take the assignment, and navigate through the questions." time="0.0"/>
  <testcase name="And I click inside the question text editor" classname="Scenario: Successfully create an assignment with inline MathApp question, take the assignment, and navigate through the questions." time="0.0"/>
  <testcase name="And I click Response Area button to open the dialog and assert that the Choose Question Type page is visible" classname="Scenario: Successfully create an assignment with inline MathApp question, take the assignment, and navigate through the questions." time="0.0"/>
  <testcase name="When I choose &quot;Mathematical Formula&quot; link from the dialog and complete the correct answer" classname="Scenario: Successfully create an assignment with inline MathApp question, take the assignment, and navigate through the questions." time="0.0"/>
  <testcase name="And I click OK" classname="Scenario: Successfully create an assignment with inline MathApp question, take the assignment, and navigate through the questions." time="0.0"/>
  <testcase name="Then I see the &quot;Mathematical Formula&quot; Question Widget in the question text section" classname="Scenario: Successfully create an assignment with inline MathApp question, take the assignment, and navigate through the questions." time="0.0"/>
  <testcase name="And I click the question designer Save &amp; Close button" classname="Scenario: Successfully create an assignment with inline MathApp question, take the assignment, and navigate through the questions." time="0.0"/>
  <testcase name="When I choose creating new assignment in &quot;Student Readiness&quot; unit from the main dropdown button" classname="Scenario: Successfully create an assignment with inline MathApp question, take the assignment, and navigate through the questions." time="0.0"/>
  <testcase name="Then Assignment Editor is opened" classname="Scenario: Successfully create an assignment with inline MathApp question, take the assignment, and navigate through the questions." time="0.0"/>
  <testcase name="When enter Assignment name &quot;Test Assignment with Questions&quot;" classname="Scenario: Successfully create an assignment with inline MathApp question, take the assignment, and navigate through the questions." time="0.0"/>
  <testcase name="And I click on the questions tab" classname="Scenario: Successfully create an assignment with inline MathApp question, take the assignment, and navigate through the questions." time="0.0"/>
  <testcase name="And I click the import question button" classname="Scenario: Successfully create an assignment with inline MathApp question, take the assignment, and navigate through the questions." time="0.0"/>
  <testcase name="When I click on &quot;Questions&quot;" classname="Scenario: Successfully create an assignment with inline MathApp question, take the assignment, and navigate through the questions." time="0.0"/>
  <testcase name="And I select the question &quot;A test question with inline MathApp&quot;" classname="Scenario: Successfully create an assignment with inline MathApp question, take the assignment, and navigate through the questions." time="0.0"/>
  <testcase name="And I click Import Questions in the Import Questions dialog" classname="Scenario: Successfully create an assignment with inline MathApp question, take the assignment, and navigate through the questions." time="0.0"/>
  <testcase name="When I choose to import questions from the Add dropdown button" classname="Scenario: Successfully create an assignment with inline MathApp question, take the assignment, and navigate through the questions." time="0.0"/>
  <testcase name="Then The import questions dialog appears" classname="Scenario: Successfully create an assignment with inline MathApp question, take the assignment, and navigate through the questions." time="0.0"/>
  <testcase name="When I click on &quot;Questions&quot;" classname="Scenario: Successfully create an assignment with inline MathApp question, take the assignment, and navigate through the questions." time="0.0"/>
  <testcase name="And I select the question &quot;One more test question&quot;" classname="Scenario: Successfully create an assignment with inline MathApp question, take the assignment, and navigate through the questions." time="0.0"/>
  <testcase name="And I click Import Questions in the Import Questions dialog" classname="Scenario: Successfully create an assignment with inline MathApp question, take the assignment, and navigate through the questions." time="0.0"/>
  <testcase name="Then verify the question caption text is &quot;One more test question&quot;" classname="Scenario: Successfully create an assignment with inline MathApp question, take the assignment, and navigate through the questions." time="0.0"/>
  <testcase name="When I save &amp; close the assignment on the questions page" classname="Scenario: Successfully create an assignment with inline MathApp question, take the assignment, and navigate through the questions." time="0.0"/>
  <testcase name="Then I see summary of the assignment" classname="Scenario: Successfully create an assignment with inline MathApp question, take the assignment, and navigate through the questions." time="0.001"/>
  <testcase name="When I save and close the assignment summary details" classname="Scenario: Successfully create an assignment with inline MathApp question, take the assignment, and navigate through the questions." time="0.0"/>
  <testcase name="Then the new assignment &quot;Test Assignment with Questions&quot; is visible in its own expanded column" classname="Scenario: Successfully create an assignment with inline MathApp question, take the assignment, and navigate through the questions." time="0.0"/>
  <testcase name="And it is named as &quot;Test Assignment with Questions&quot; in &quot;Student Readiness&quot; column" classname="Scenario: Successfully create an assignment with inline MathApp question, take the assignment, and navigate through the questions." time="0.0"/>
  <testcase name="When I navigate to the System Homepage" classname="Scenario: Successfully create an assignment with inline MathApp question, take the assignment, and navigate through the questions." time="0.0"/>
  <testcase name="And I navigate to the System Settings page" classname="Scenario: Successfully create an assignment with inline MathApp question, take the assignment, and navigate through the questions." time="0.0"/>
  <testcase name="Then I change the Math App engine selection to &quot;Disable&quot;" classname="Scenario: Successfully create an assignment with inline MathApp question, take the assignment, and navigate through the questions." time="0.0"/>
  <testcase name="And I submit the changes to System Settings" classname="Scenario: Successfully create an assignment with inline MathApp question, take the assignment, and navigate through the questions." time="0.0"/>
  <testcase name="And The changes to System Settings were successfully saved." classname="Scenario: Successfully create an assignment with inline MathApp question, take the assignment, and navigate through the questions." time="0.0"/>
  <testcase name="When I navigate to the System Homepage" classname="Scenario: Successfully create an assignment with inline MathApp question, take the assignment, and navigate through the questions." time="0.0"/>
  <testcase name="And I am on &quot;Class Homepage&quot; page of &quot;Demonstration Class&quot; class" classname="Scenario: Successfully create an assignment with inline MathApp question, take the assignment, and navigate through the questions." time="0.0"/>
  <testcase name="And I start the &quot;Test Assignment with Questions&quot; assignment in &quot;Student Readiness&quot; unit" classname="Scenario: Successfully create an assignment with inline MathApp question, take the assignment, and navigate through the questions." time="0.0"/>
  <testcase name="Then I see the error message &quot;Unable to connect to the MapleNet server.&quot;" classname="Scenario: Successfully create an assignment with inline MathApp question, take the assignment, and navigate through the questions." time="0.0"/>
  <testcase name="When I use &quot;Next&quot; button to navigate to &quot;Question 2&quot;" classname="Scenario: Successfully create an assignment with inline MathApp question, take the assignment, and navigate through the questions." time="0.0"/>
  <testcase name="Then I assert that the Mathematical Formula question is rendered properly" classname="Scenario: Successfully create an assignment with inline MathApp question, take the assignment, and navigate through the questions." time="0.0"/>
  <testcase name="When I use &quot;Back&quot; button to navigate to &quot;Question 1&quot;" classname="Scenario: Successfully create an assignment with inline MathApp question, take the assignment, and navigate through the questions." time="0.0"/>
  <testcase name="Then I see the error message &quot;Unable to connect to the MapleNet server.&quot;" classname="Scenario: Successfully create an assignment with inline MathApp question, take the assignment, and navigate through the questions." time="0.0"/>
  <testcase name="Then I save and quit the lesson" classname="Scenario: Successfully create an assignment with inline MathApp question, take the assignment, and navigate through the questions." time="0.001"/>
  <testcase name="And I am on the Class Homepage" classname="Scenario: Successfully create an assignment with inline MathApp question, take the assignment, and navigate through the questions." time="0.0"/>
  <testcase name="classMethod" classname="Scenario: Successfully create an assignment with inline MathApp question, take the assignment, and navigate through the questions." time="45.874"/>
  <system-out><![CDATA[]]></system-out>
  <system-err><![CDATA[]]></system-err>
</testsuite>
