<?xml version="1.0" encoding="UTF-8"?>
<testsuite name="Scenario: Check that the Administrator role is read only" tests="7" skipped="0" failures="0" errors="0" timestamp="2019-07-19T17:24:53" hostname="mo-acceptance-test-driver-182622c" time="2.046">
  <properties/>
  <testcase name="Given I am logged in as the default administrator" classname="Scenario: Check that the Administrator role is read only" time="0.0"/>
  <testcase name="And I go to the Role Manager page" classname="Scenario: Check that the Administrator role is read only" time="0.0"/>
  <testcase name="When I click to edit the &quot;Administrator&quot; role" classname="Scenario: Check that the Administrator role is read only" time="0.0"/>
  <testcase name="Then I am on the Role Editor page" classname="Scenario: Check that the Administrator role is read only" time="0.0"/>
  <testcase name="And I see that the form is read only" classname="Scenario: Check that the Administrator role is read only" time="0.0"/>
  <testcase name="And I see the &quot;OK&quot; button in the Role Editor" classname="Scenario: Check that the Administrator role is read only" time="0.0"/>
  <testcase name="classMethod" classname="Scenario: Check that the Administrator role is read only" time="3.189"/>
  <system-out><![CDATA[]]></system-out>
  <system-err><![CDATA[]]></system-err>
</testsuite>
