<?xml version="1.0" encoding="UTF-8"?>
<testsuite name="|  | Value is required. |" tests="6" skipped="0" failures="0" errors="0" timestamp="2019-07-19T16:32:34" hostname="mo-acceptance-test-driver-182622c" time="1.397">
  <properties/>
  <testcase name="Given I navigate to the Maple TA login page" classname="|  | Value is required. |" time="0.0"/>
  <testcase name="And I click the forgot your password link" classname="|  | Value is required. |" time="0.0"/>
  <testcase name="Then I am on the password reset page" classname="|  | Value is required. |" time="0.0"/>
  <testcase name="When I enter the invalid email address " classname="|  | Value is required. |" time="0.0"/>
  <testcase name="Then I see the password reset error message Value is required." classname="|  | Value is required. |" time="0.0"/>
  <testcase name="classMethod" classname="|  | Value is required. |" time="1.411"/>
  <system-out><![CDATA[]]></system-out>
  <system-err><![CDATA[]]></system-err>
</testsuite>
