<?xml version="1.0" encoding="UTF-8"?>
<testsuite name="| charlie | Instructor |" tests="7" skipped="0" failures="0" errors="0" timestamp="2019-07-19T16:28:14" hostname="mo-acceptance-test-driver-182622c" time="3.134">
  <properties/>
  <testcase name="Given I am logged in as the default administrator" classname="| charlie | Instructor |" time="0.0"/>
  <testcase name="And There exists a user called charlie" classname="| charlie | Instructor |" time="0.0"/>
  <testcase name="And I go to the system login page" classname="| charlie | Instructor |" time="0.0"/>
  <testcase name="When I enter valid credentials for user charlie" classname="| charlie | Instructor |" time="0.0"/>
  <testcase name="Then I see the System Homepage" classname="| charlie | Instructor |" time="0.001"/>
  <testcase name="And I am logged in the role of Instructor" classname="| charlie | Instructor |" time="0.0"/>
  <testcase name="classMethod" classname="| charlie | Instructor |" time="4.095"/>
  <system-out><![CDATA[
  @Login @Positive @Role
  Scenario Outline: Login to Mobius with users that have different roles ?[90m# Login.feature:15?[0m
    ?[32mGiven ?[0m?[32mI am logged in as the default administrator?[0m                    ?[90m# LoginSteps.logInAsAdministrator()?[0m
    ?[32mAnd ?[0m?[32mThere exists a user called ?[0m?[32m?[1mpatty?[0m                                 ?[90m# SearchUserSteps.searchAndCreateUser(String)?[0m
    ?[32mAnd ?[0m?[32mI go to the system login page?[0m                                    ?[90m# LoginSteps.goToSystemLoginPage()?[0m
    ?[32mWhen ?[0m?[32mI enter valid credentials for user ?[0m?[32m?[1mpatty?[0m                        ?[90m# LoginSteps.enterValidCredentials(String)?[0m
    ?[32mThen ?[0m?[32mI see the System Homepage?[0m                                       ?[90m# LoginSteps.assertSystemHomepageIsOpened()?[0m
    ?[32mAnd ?[0m?[32mI am logged in the role of ?[0m?[32m?[1mAdministrator?[0m                         ?[90m# LoginSteps.assertUserIsLoggedIn(String)?[0m
]]></system-out>
  <system-err><![CDATA[]]></system-err>
</testsuite>
