<?xml version="1.0" encoding="UTF-8"?>
<testsuite name="Scenario: Verify that end tour button completes the current user-tour" tests="16" skipped="0" failures="0" errors="0" timestamp="2019-07-19T17:25:54" hostname="mo-acceptance-test-driver-182622c" time="8.044">
  <properties/>
  <testcase name="Given I am logged in as the default administrator" classname="Scenario: Verify that end tour button completes the current user-tour" time="0.0"/>
  <testcase name="Then I am on the System Homepage" classname="Scenario: Verify that end tour button completes the current user-tour" time="0.0"/>
  <testcase name="Then I navigate to the System Settings page" classname="Scenario: Verify that end tour button completes the current user-tour" time="0.0"/>
  <testcase name="And I set the Enable User Tours checkbox state to true" classname="Scenario: Verify that end tour button completes the current user-tour" time="0.0"/>
  <testcase name="And I submit the changes to System Settings" classname="Scenario: Verify that end tour button completes the current user-tour" time="0.0"/>
  <testcase name="And The changes to System Settings were successfully saved." classname="Scenario: Verify that end tour button completes the current user-tour" time="0.0"/>
  <testcase name="Then I click on the View Profile link" classname="Scenario: Verify that end tour button completes the current user-tour" time="0.0"/>
  <testcase name="And I reset completed user-tours" classname="Scenario: Verify that end tour button completes the current user-tour" time="0.0"/>
  <testcase name="Then I navigate to the System Homepage" classname="Scenario: Verify that end tour button completes the current user-tour" time="0.0"/>
  <testcase name="When I am on &quot;Class Homepage&quot; page of &quot;Demonstration Class&quot; class" classname="Scenario: Verify that end tour button completes the current user-tour" time="0.0"/>
  <testcase name="Then The user tour is present on page" classname="Scenario: Verify that end tour button completes the current user-tour" time="0.0"/>
  <testcase name="Then I end the user-tour" classname="Scenario: Verify that end tour button completes the current user-tour" time="0.0"/>
  <testcase name="Then I refresh the page" classname="Scenario: Verify that end tour button completes the current user-tour" time="0.0"/>
  <testcase name="Then I am on the Class Homepage" classname="Scenario: Verify that end tour button completes the current user-tour" time="0.0"/>
  <testcase name="And The user tour is not present on page" classname="Scenario: Verify that end tour button completes the current user-tour" time="0.0"/>
  <testcase name="classMethod" classname="Scenario: Verify that end tour button completes the current user-tour" time="9.116"/>
  <system-out><![CDATA[
  Scenario: Verify that opt-in/opt-out from user-tours button works  ?[90m# usertours/UserTour.feature:23?[0m
    ?[32mThen ?[0m?[32mI click on the View Profile link?[0m                            ?[90m# SystemHomepageSteps.navigateToUserProfilePage()?[0m
    ?[32mThen ?[0m?[32mI opt-out from user-tours?[0m                                   ?[90m# UserDetailsSteps.optOutFromUserTours()?[0m
    ?[32mThen ?[0m?[32mI navigate to the System Homepage?[0m                           ?[90m# SystemHomepageSteps.navigateToSystemHomepage()?[0m
    ?[32mAnd ?[0m?[32mI am on "Class Homepage" page of "?[0m?[32m?[1mDemonstration Class?[0m?[32m" class?[0m ?[90m# ClassHomepageSteps.navigateToClassHomepage(String)?[0m
    ?[32mThen ?[0m?[32mThe user tour is not present on page?[0m                        ?[90m# UserTourSteps.assertUserTourNotPresent()?[0m
    ?[32mThen ?[0m?[32mI click on the View Profile link?[0m                            ?[90m# SystemHomepageSteps.navigateToUserProfilePage()?[0m
    ?[32mThen ?[0m?[32mI opt-in to user-tours?[0m                                      ?[90m# UserDetailsSteps.optInToUserTours()?[0m
    ?[32mThen ?[0m?[32mI navigate to the System Homepage?[0m                           ?[90m# SystemHomepageSteps.navigateToSystemHomepage()?[0m
    ?[32mAnd ?[0m?[32mI am on "Class Homepage" page of "?[0m?[32m?[1mDemonstration Class?[0m?[32m" class?[0m ?[90m# ClassHomepageSteps.navigateToClassHomepage(String)?[0m
    ?[32mThen ?[0m?[32mThe user tour is present on page?[0m                            ?[90m# UserTourSteps.assertUserTourPresent()?[0m
    ?[32mThen ?[0m?[32mI end the user-tour?[0m                                         ?[90m# UserTourSteps.endUserTour()?[0m
]]></system-out>
  <system-err><![CDATA[]]></system-err>
</testsuite>
