<?xml version="1.0" encoding="UTF-8"?>
<testsuite name="Scenario: Ensure a group is displayed in a Question's groups" tests="9" skipped="0" failures="0" errors="0" timestamp="2019-07-19T16:35:36" hostname="mo-acceptance-test-driver-182622c" time="4.907">
  <properties/>
  <testcase name="Given I am logged in as the default administrator" classname="Scenario: Ensure a group is displayed in a Question's groups" time="0.0"/>
  <testcase name="And I am on the Content Repository page of Demonstration Class" classname="Scenario: Ensure a group is displayed in a Question's groups" time="0.0"/>
  <testcase name="When I click &quot;All Content Types&quot; in the &quot;Current Class&quot; column" classname="Scenario: Ensure a group is displayed in a Question's groups" time="0.0"/>
  <testcase name="And I click &quot;Student Readiness&quot; in the &quot;All Content Types&quot; column" classname="Scenario: Ensure a group is displayed in a Question's groups" time="0.0"/>
  <testcase name="Then I see &quot;Navigation&quot; is visible in the &quot;Student Readiness&quot; column" classname="Scenario: Ensure a group is displayed in a Question's groups" time="0.0"/>
  <testcase name="When I click on &quot;Navigation&quot; in the &quot;Student Readiness&quot; column" classname="Scenario: Ensure a group is displayed in a Question's groups" time="0.0"/>
  <testcase name="Then I see that &quot;Groups&quot; header is visible in the navigation column" classname="Scenario: Ensure a group is displayed in a Question's groups" time="0.0"/>
  <testcase name="And I see that &quot;Student Readiness&quot; Group is visible" classname="Scenario: Ensure a group is displayed in a Question's groups" time="0.0"/>
  <testcase name="classMethod" classname="Scenario: Ensure a group is displayed in a Question's groups" time="6.037"/>
  <system-out><![CDATA[
  Scenario: Ensure that Root Group is not present in a Question's groups          ?[90m# QuestionInRepository.feature:119?[0m
    ?[32mWhen ?[0m?[32mI choose creating new question/Text from the main dropdown button?[0m        ?[90m# ContentRepositorySteps.chooseCreatingNewQuestionFromMainDropdownButton()?[0m
    ?[32mThen ?[0m?[32mQuestion Designer is opened?[0m                                              ?[90m# QuestionDesignerSteps.assertQuestionDesignerPageIsOpened()?[0m
    ?[32mWhen ?[0m?[32mI enter valid information for the question name as "?[0m?[32m?[1mRoot Group Question?[0m?[32m"?[0m ?[90m# QuestionDesignerSteps.enterQuestionName(String)?[0m
    ?[32mAnd ?[0m?[32mI click the question designer Save & Close button?[0m                         ?[90m# QuestionDesignerSteps.clickSaveAndCloseButton()?[0m
    ?[32mThen ?[0m?[32mI see that I am on the Content Repository page?[0m                           ?[90m# ContentRepositorySteps.assertOnRepositoryPage()?[0m
    ?[32mWhen ?[0m?[32mI expand the "?[0m?[32m?[1mText?[0m?[32m" column?[0m                                               ?[90m# ContentRepositorySteps.expandColumn(String)?[0m
    ?[32mAnd ?[0m?[32mI click "?[0m?[32m?[1mRoot Group Question?[0m?[32m" in the "?[0m?[32m?[1mText?[0m?[32m" column?[0m                        ?[90m# ContentRepositorySteps.clickLinkInParentColumn(String,String)?[0m
    ?[32mThen ?[0m?[32mI see that "?[0m?[32m?[1mGroups?[0m?[32m" header is not visible in the navigation column?[0m       ?[90m# ContentRepositorySteps.assertGroupHeaderIsNotVisible(String)?[0m
    ?[32mAnd ?[0m?[32mI see that "?[0m?[32m?[1mRoot Group?[0m?[32m" Group is not visible?[0m                              ?[90m# ContentRepositorySteps.assertGroupIsNotVisible(String)?[0m
]]></system-out>
  <system-err><![CDATA[]]></system-err>
</testsuite>
