<?xml version="1.0" encoding="UTF-8"?>
<testsuite name="Scenario: Verify the Show Launch Page policy cannot be unchecked when the Proctor Authorization is required" tests="11" skipped="0" failures="0" errors="0" timestamp="2019-07-19T16:36:29" hostname="mo-acceptance-test-driver-182622c" time="5.999">
  <properties/>
  <testcase name="Given I am logged in as the default administrator" classname="Scenario: Verify the Show Launch Page policy cannot be unchecked when the Proctor Authorization is required" time="0.0"/>
  <testcase name="And I am on the Content Repository page of Demonstration Class" classname="Scenario: Verify the Show Launch Page policy cannot be unchecked when the Proctor Authorization is required" time="0.0"/>
  <testcase name="And I choose creating new assignment in &quot;Student Readiness&quot; unit from the main dropdown button" classname="Scenario: Verify the Show Launch Page policy cannot be unchecked when the Proctor Authorization is required" time="0.0"/>
  <testcase name="And Assignment Editor is opened" classname="Scenario: Verify the Show Launch Page policy cannot be unchecked when the Proctor Authorization is required" time="0.0"/>
  <testcase name="When I click on the set policies tab" classname="Scenario: Verify the Show Launch Page policy cannot be unchecked when the Proctor Authorization is required" time="0.0"/>
  <testcase name="Then I see that the show launch page checkbox is set to true" classname="Scenario: Verify the Show Launch Page policy cannot be unchecked when the Proctor Authorization is required" time="0.0"/>
  <testcase name="When I set the proctor sign-in checkbox to true" classname="Scenario: Verify the Show Launch Page policy cannot be unchecked when the Proctor Authorization is required" time="0.0"/>
  <testcase name="And I set the show launch page checkbox to false" classname="Scenario: Verify the Show Launch Page policy cannot be unchecked when the Proctor Authorization is required" time="0.0"/>
  <testcase name="Then I see an alert message stating that the launch page must be displayed with proctor sign-in" classname="Scenario: Verify the Show Launch Page policy cannot be unchecked when the Proctor Authorization is required" time="0.0"/>
  <testcase name="And I see that the show launch page checkbox is set to true" classname="Scenario: Verify the Show Launch Page policy cannot be unchecked when the Proctor Authorization is required" time="0.0"/>
  <testcase name="classMethod" classname="Scenario: Verify the Show Launch Page policy cannot be unchecked when the Proctor Authorization is required" time="7.083"/>
  <system-out><![CDATA[
  Scenario: Set a password and disable visibility simultaneously.                              ?[90m# assignment/AssignmentPolicies.feature:9?[0m
    # Added to check bugfix in TA-8861.
    # Create an assignment, set some policies.
    ?[32mWhen ?[0m?[32mI enter valid information for the assignment "?[0m?[32m?[1mPassword with Invisibility?[0m?[32m"?[0m             ?[90m# AssignmentEditorDetailsSteps.enterAssignmentNameAndDescription(String)?[0m
    ?[32mAnd ?[0m?[32mI click on the set policies tab?[0m                                                        ?[90m# AssignmentEditorPropertiesSteps.clickSetPoliciesTab()?[0m
    ?[32mAnd ?[0m?[32mI set the password authorization checkbox to ?[0m?[32m?[1mtrue?[0m                                      ?[90m# AssignmentEditorPropertiesSteps.setPasswordAuthorizationCheckbox(boolean)?[0m
    ?[32mAnd ?[0m?[32mI set the assignment password to be "?[0m?[32m?[1msomething?[0m?[32m"?[0m                                        ?[90m# AssignmentEditorPropertiesSteps.setAssignmentPassword(String)?[0m
    ?[32mAnd ?[0m?[32mI set the assignment visibility checkbox to ?[0m?[32m?[1mfalse?[0m                                      ?[90m# AssignmentEditorPropertiesSteps.setVisibleCheckbox(boolean)?[0m
    # Save the new assignment.
    ?[32mWhen ?[0m?[32mI save & close the assignment on the policies page?[0m                                    ?[90m# AssignmentEditorPropertiesSteps.saveAndCloseAssignment()?[0m
    ?[32mThen ?[0m?[32mI see summary of the assignment?[0m                                                       ?[90m# AssignmentEditorDetailsSteps.assertAssignmentSummaryShown()?[0m
    ?[32mThen ?[0m?[32mI save it anyway?[0m                                                                      ?[90m# AssignmentEditorDetailsSteps.saveAssignmentAnyway()?[0m
    # Open assignment again, check that the policies were persisted.
    ?[32mThen ?[0m?[32mthe new assignment "?[0m?[32m?[1mPassword with Invisibility?[0m?[32m" is visible in its own expanded column?[0m ?[90m# ContentRepositorySteps.assertNamedAssignmentColumnIsExpanded(String)?[0m
    ?[32mWhen ?[0m?[32mI edit the "?[0m?[32m?[1mPassword with Invisibility?[0m?[32m" assignment?[0m                                    ?[90m# ContentRepositorySteps.editModule(String)?[0m
    ?[32mAnd ?[0m?[32mI click on the set policies tab?[0m                                                        ?[90m# AssignmentEditorPropertiesSteps.clickSetPoliciesTab()?[0m
    ?[32mThen ?[0m?[32mThe assignment password is "?[0m?[32m?[1msomething?[0m?[32m"?[0m                                                ?[90m# AssignmentEditorPropertiesSteps.asertAssignmentPassword(String)?[0m
    ?[32mAnd ?[0m?[32mThe assignment visibility checkbox is ?[0m?[32m?[1mfalse?[0m                                            ?[90m# AssignmentEditorPropertiesSteps.assertVisibleCheckboxState(boolean)?[0m
]]></system-out>
  <system-err><![CDATA[]]></system-err>
</testsuite>
