<?xml version="1.0" encoding="UTF-8"?>
<testsuite name="Scenario: Fail to create student due to missing first name" tests="5" skipped="0" failures="0" errors="0" timestamp="2019-07-19T16:24:38" hostname="mo-acceptance-test-driver-182622c" time="2.097">
  <properties/>
  <testcase name="Given I am logged in as the default administrator" classname="Scenario: Fail to create student due to missing first name" time="0.0"/>
  <testcase name="And I open the Create User page" classname="Scenario: Fail to create student due to missing first name" time="0.0"/>
  <testcase name="When I enter valid information for user &quot;violet&quot; except her first name" classname="Scenario: Fail to create student due to missing first name" time="0.001"/>
  <testcase name="Then I should see an error message indicating the missing first name" classname="Scenario: Fail to create student due to missing first name" time="0.0"/>
  <testcase name="classMethod" classname="Scenario: Fail to create student due to missing first name" time="3.114"/>
  <system-out><![CDATA[
  Scenario Outline: Successfully create a new user         ?[90m# CreateUser.feature:18?[0m
    ?[32mWhen ?[0m?[32mI enter the valid information for the user ?[0m?[32m?[1mviolet?[0m ?[90m# AddUserSteps.enterValidUserDetails(String)?[0m
    ?[32mThen ?[0m?[32mthe user ?[0m?[32m?[1mviolet?[0m?[32m is created?[0m                        ?[90m# AddUserSteps.assertUserIsAdded(String)?[0m
]]></system-out>
  <system-err><![CDATA[]]></system-err>
</testsuite>
