<?xml version="1.0" encoding="UTF-8"?>
<testsuite name="Scenario: Successfully create a new adaptive assignment with minimum data from dropdown button in the unit column" tests="12" skipped="0" failures="0" errors="0" timestamp="2019-07-19T16:15:07" hostname="mo-acceptance-test-driver-182622c" time="8.326">
  <properties/>
  <testcase name="Given I am logged in as the default administrator" classname="Scenario: Successfully create a new adaptive assignment with minimum data from dropdown button in the unit column" time="0.0"/>
  <testcase name="And I am on the Content Repository page of Demonstration Class" classname="Scenario: Successfully create a new adaptive assignment with minimum data from dropdown button in the unit column" time="0.0"/>
  <testcase name="When I choose creating new adaptive assignment from dropdown button in &quot;Student Readiness&quot; column" classname="Scenario: Successfully create a new adaptive assignment with minimum data from dropdown button in the unit column" time="0.001"/>
  <testcase name="Then Assignment Editor is opened" classname="Scenario: Successfully create a new adaptive assignment with minimum data from dropdown button in the unit column" time="0.0"/>
  <testcase name="When I enter valid information for the assignment &quot;Mathematics&quot;" classname="Scenario: Successfully create a new adaptive assignment with minimum data from dropdown button in the unit column" time="0.0"/>
  <testcase name="And enter short name &quot;math&quot;" classname="Scenario: Successfully create a new adaptive assignment with minimum data from dropdown button in the unit column" time="0.001"/>
  <testcase name="And I save &amp; close the assignment on the name page" classname="Scenario: Successfully create a new adaptive assignment with minimum data from dropdown button in the unit column" time="0.0"/>
  <testcase name="Then I see summary of the assignment with warning text &quot;WARNING: No questions chosen for the assignment&quot;" classname="Scenario: Successfully create a new adaptive assignment with minimum data from dropdown button in the unit column" time="0.0"/>
  <testcase name="When I save it anyway" classname="Scenario: Successfully create a new adaptive assignment with minimum data from dropdown button in the unit column" time="0.0"/>
  <testcase name="Then the new assignment &quot;Mathematics&quot; is visible in its own expanded column" classname="Scenario: Successfully create a new adaptive assignment with minimum data from dropdown button in the unit column" time="0.0"/>
  <testcase name="And it is named as &quot;Mathematics&quot; in &quot;Student Readiness&quot; column" classname="Scenario: Successfully create a new adaptive assignment with minimum data from dropdown button in the unit column" time="0.001"/>
  <testcase name="classMethod" classname="Scenario: Successfully create a new adaptive assignment with minimum data from dropdown button in the unit column" time="9.225"/>
  <system-out><![CDATA[
  # Adaptive Assignment info: http://localhost:8000/mapleta/help/MapleTAInstructor/ch03s04.html
  Scenario: Successfully create a new adaptive assignment with minimum data from the main dropdown button    ?[90m# CreateAssignment.feature:50?[0m
    ?[32mWhen ?[0m?[32mI choose creating new adaptive assignment in "?[0m?[32m?[1mStudent Readiness?[0m?[32m" unit from the main dropdown button?[0m ?[90m# ContentRepositorySteps.chooseCreatingNewAdaptiveAssignmentFromMainDropdownButton(String)?[0m
    ?[32mThen ?[0m?[32mAssignment Editor is opened?[0m                                                                         ?[90m# AssignmentEditorDetailsSteps.assertAssignmentEditorPageIsOpened()?[0m
    ?[32mWhen ?[0m?[32mI enter valid information for the assignment "?[0m?[32m?[1mEngineering?[0m?[32m"?[0m                                          ?[90m# AssignmentEditorDetailsSteps.enterAssignmentNameAndDescription(String)?[0m
    ?[32mAnd ?[0m?[32mI save & close the assignment on the name page?[0m                                                       ?[90m# AssignmentEditorDetailsSteps.saveAndCloseAssignment()?[0m
    ?[32mThen ?[0m?[32mI see summary of the assignment with warning text "?[0m?[32m?[1mWARNING: No questions chosen for the assignment?[0m?[32m"?[0m ?[90m# AssignmentEditorDetailsSteps.assertNoQuestionsInAssignmentWarningMessageIsDisplayed(String)?[0m
    ?[32mWhen ?[0m?[32mI save it anyway?[0m                                                                                    ?[90m# AssignmentEditorDetailsSteps.saveAssignmentAnyway()?[0m
    ?[32mThen ?[0m?[32mthe new assignment "?[0m?[32m?[1mEngineering?[0m?[32m" is visible in its own expanded column?[0m                              ?[90m# ContentRepositorySteps.assertNamedAssignmentColumnIsExpanded(String)?[0m
    ?[32mAnd ?[0m?[32mit is named as "?[0m?[32m?[1mEngineering?[0m?[32m" in "?[0m?[32m?[1mStudent Readiness?[0m?[32m" column?[0m                                           ?[90m# ContentRepositorySteps.assertAssignmentIsCreated(String,String)?[0m
]]></system-out>
  <system-err><![CDATA[]]></system-err>
</testsuite>
