<?xml version="1.0" encoding="UTF-8"?>
<testsuite name="Scenario: Ensure Audio works when previewing a Slidehow Question with set Duration" tests="13" skipped="0" failures="0" errors="0" timestamp="2019-07-19T17:14:18" hostname="mo-acceptance-test-driver-182622c" time="8.967">
  <properties/>
  <testcase name="Given I am logged in as the default administrator" classname="Scenario: Ensure Audio works when previewing a Slidehow Question with set Duration" time="0.0"/>
  <testcase name="And I am on the Content Repository page of Demonstration Class" classname="Scenario: Ensure Audio works when previewing a Slidehow Question with set Duration" time="0.0"/>
  <testcase name="And I choose creating new Slideshow from the main dropdown button" classname="Scenario: Ensure Audio works when previewing a Slidehow Question with set Duration" time="0.0"/>
  <testcase name="And Slideshow Designer is opened" classname="Scenario: Ensure Audio works when previewing a Slidehow Question with set Duration" time="0.0"/>
  <testcase name="When I enter valid information for the question name as &quot;New Question 1&quot;" classname="Scenario: Ensure Audio works when previewing a Slidehow Question with set Duration" time="0.0"/>
  <testcase name="Then I set the duration to &quot;10&quot; seconds" classname="Scenario: Ensure Audio works when previewing a Slidehow Question with set Duration" time="0.0"/>
  <testcase name="When I click to Preview the Slideshow" classname="Scenario: Ensure Audio works when previewing a Slidehow Question with set Duration" time="0.0"/>
  <testcase name="Then I am previewing the Slideshow" classname="Scenario: Ensure Audio works when previewing a Slidehow Question with set Duration" time="0.0"/>
  <testcase name="When I begin playback of the Slideshow" classname="Scenario: Ensure Audio works when previewing a Slidehow Question with set Duration" time="0.0"/>
  <testcase name="And I pause playback of the Slideshow" classname="Scenario: Ensure Audio works when previewing a Slidehow Question with set Duration" time="0.0"/>
  <testcase name="When current playback time is greater than 0" classname="Scenario: Ensure Audio works when previewing a Slidehow Question with set Duration" time="0.0"/>
  <testcase name="Then I close the question preview window" classname="Scenario: Ensure Audio works when previewing a Slidehow Question with set Duration" time="0.0"/>
  <testcase name="classMethod" classname="Scenario: Ensure Audio works when previewing a Slidehow Question with set Duration" time="9.945"/>
  <system-out><![CDATA[]]></system-out>
  <system-err><![CDATA[]]></system-err>
</testsuite>
