<?xml version="1.0" encoding="UTF-8"?>
<testsuite name="Scenario: Create a new question and test launching the dialog using keyboard shortcuts and cancelling with the keyboard" tests="11" skipped="0" failures="0" errors="0" timestamp="2019-07-19T16:31:51" hostname="mo-acceptance-test-driver-182622c" time="7.083">
  <properties/>
  <testcase name="Given I am logged in as the default administrator" classname="Scenario: Create a new question and test launching the dialog using keyboard shortcuts and cancelling with the keyboard" time="0.0"/>
  <testcase name="And I am on the Content Repository page of Demonstration Class" classname="Scenario: Create a new question and test launching the dialog using keyboard shortcuts and cancelling with the keyboard" time="0.0"/>
  <testcase name="When I choose creating new question/Text from the main dropdown button" classname="Scenario: Create a new question and test launching the dialog using keyboard shortcuts and cancelling with the keyboard" time="0.0"/>
  <testcase name="And Question Designer is opened" classname="Scenario: Create a new question and test launching the dialog using keyboard shortcuts and cancelling with the keyboard" time="0.0"/>
  <testcase name="And I click inside the question text editor" classname="Scenario: Create a new question and test launching the dialog using keyboard shortcuts and cancelling with the keyboard" time="0.0"/>
  <testcase name="And I type the keyboard shortcut to open the Math Editor and assert that the Math Editor dialog is visible" classname="Scenario: Create a new question and test launching the dialog using keyboard shortcuts and cancelling with the keyboard" time="0.0"/>
  <testcase name="When I type &quot;a/b&quot; in the Equation Editor" classname="Scenario: Create a new question and test launching the dialog using keyboard shortcuts and cancelling with the keyboard" time="0.0"/>
  <testcase name="And I cancel the dialog with the keyboard shortcut" classname="Scenario: Create a new question and test launching the dialog using keyboard shortcuts and cancelling with the keyboard" time="0.0"/>
  <testcase name="Then I don't see the &quot;a/b&quot; Math Widget in the question text section" classname="Scenario: Create a new question and test launching the dialog using keyboard shortcuts and cancelling with the keyboard" time="0.0"/>
  <testcase name="Then I click the question designer Save &amp; Close button" classname="Scenario: Create a new question and test launching the dialog using keyboard shortcuts and cancelling with the keyboard" time="0.0"/>
  <testcase name="classMethod" classname="Scenario: Create a new question and test launching the dialog using keyboard shortcuts and cancelling with the keyboard" time="8.092"/>
  <system-out><![CDATA[
  Scenario: Create a new question and test launching the dialog using keyboard shortcuts                       ?[90m# MathEditorDialog.feature:33?[0m
    ?[32mWhen ?[0m?[32mI choose creating new question/Text from the main dropdown button?[0m                                     ?[90m# ContentRepositorySteps.chooseCreatingNewQuestionFromMainDropdownButton()?[0m
    ?[32mAnd ?[0m?[32mQuestion Designer is opened?[0m                                                                            ?[90m# QuestionDesignerSteps.assertQuestionDesignerPageIsOpened()?[0m
    ?[32mAnd ?[0m?[32mI click inside the question text editor?[0m                                                                ?[90m# QuestionDesignerSteps.clickInsideQuestionTextEditor()?[0m
    ?[32mAnd ?[0m?[32mI type the keyboard shortcut to open the Math Editor and assert that the Math Editor dialog is visible?[0m ?[90m# QuestionDesignerSteps.openMathEditorWithKeyboard()?[0m
    ?[32mWhen ?[0m?[32mI type "?[0m?[32m?[1ma/b?[0m?[32m" in the Equation Editor?[0m                                                                   ?[90m# MathEditorDialogSteps.typeText(String)?[0m
    ?[32mAnd ?[0m?[32mI submit the dialog with the keyboard shortcut?[0m                                                         ?[90m# MathEditorDialogSteps.submitDialogWithKeyboard()?[0m
    ?[32mThen ?[0m?[32mI see the "?[0m?[32m?[1ma/b?[0m?[32m" Math Widget in the question text section?[0m                                              ?[90m# QuestionDesignerSteps.assertMathWidgetIsInserted(String)?[0m
    ?[32mAnd ?[0m?[32mI click the Preview button?[0m                                                                             ?[90m# QuestionDesignerSteps.clickPreviewButton()?[0m
    ?[32mThen ?[0m?[32mI assert that the "?[0m?[32m?[1ma/b?[0m?[32m" math is rendered properly on the Question Preview page?[0m                        ?[90m# QuestionPreviewSteps.assertMathRenderedCorrectlyOnPreview(String)?[0m
    ?[32mAnd ?[0m?[32mI close the question preview window?[0m                                                                    ?[90m# QuestionPreviewSteps.closeQuestionPreviewWindow()?[0m
    ?[32mThen ?[0m?[32mI click the question designer Save & Close button?[0m                                                     ?[90m# QuestionDesignerSteps.clickSaveAndCloseButton()?[0m
]]></system-out>
  <system-err><![CDATA[]]></system-err>
</testsuite>
