<?xml version="1.0" encoding="UTF-8"?>
<testsuite name="Scenario: Access a legacy page when the privacy policy is required." tests="26" skipped="0" failures="0" errors="0" timestamp="2019-07-19T17:10:46" hostname="mo-acceptance-test-driver-182622c" time="11.17">
  <properties/>
  <testcase name="Given I am logged in as the default administrator" classname="Scenario: Access a legacy page when the privacy policy is required." time="0.0"/>
  <testcase name="And I enable Privacy Policy Required with the dummy URL" classname="Scenario: Access a legacy page when the privacy policy is required." time="0.0"/>
  <testcase name="Given I refresh the System Settings page" classname="Scenario: Access a legacy page when the privacy policy is required." time="0.0"/>
  <testcase name="And I accept the privacy policy if necessary" classname="Scenario: Access a legacy page when the privacy policy is required." time="0.0"/>
  <testcase name="Given I open the Create User page" classname="Scenario: Access a legacy page when the privacy policy is required." time="0.0"/>
  <testcase name="When I enter the valid information for the user poole" classname="Scenario: Access a legacy page when the privacy policy is required." time="0.0"/>
  <testcase name="Then the user poole is created" classname="Scenario: Access a legacy page when the privacy policy is required." time="0.0"/>
  <testcase name="When I navigate to the System Homepage" classname="Scenario: Access a legacy page when the privacy policy is required." time="0.0"/>
  <testcase name="Then I am on the System Homepage" classname="Scenario: Access a legacy page when the privacy policy is required." time="0.0"/>
  <testcase name="Then I am on &quot;Class Homepage&quot; page of &quot;Demonstration Class&quot; class" classname="Scenario: Access a legacy page when the privacy policy is required." time="0.0"/>
  <testcase name="When I click the Register Users menu item" classname="Scenario: Access a legacy page when the privacy policy is required." time="0.0"/>
  <testcase name="And I search for user poole" classname="Scenario: Access a legacy page when the privacy policy is required." time="0.0"/>
  <testcase name="And I select the user &quot;poole&quot; in the list of users to add" classname="Scenario: Access a legacy page when the privacy policy is required." time="0.0"/>
  <testcase name="And I click the Register button on the Register Users page" classname="Scenario: Access a legacy page when the privacy policy is required." time="0.0"/>
  <testcase name="Then The users were successfully registered in the class" classname="Scenario: Access a legacy page when the privacy policy is required." time="0.0"/>
  <testcase name="Given I log out" classname="Scenario: Access a legacy page when the privacy policy is required." time="0.0"/>
  <testcase name="When I navigate to the Maple TA login page" classname="Scenario: Access a legacy page when the privacy policy is required." time="0.0"/>
  <testcase name="Then I am on the Maple TA login page" classname="Scenario: Access a legacy page when the privacy policy is required." time="0.0"/>
  <testcase name="Then I enter valid credentials for user poole" classname="Scenario: Access a legacy page when the privacy policy is required." time="0.0"/>
  <testcase name="Then I am on the Privacy Policy page" classname="Scenario: Access a legacy page when the privacy policy is required." time="0.0"/>
  <testcase name="When I directly open module in class id 1 with assignment class id 1" classname="Scenario: Access a legacy page when the privacy policy is required." time="0.0"/>
  <testcase name="Then I am on the Privacy Policy page" classname="Scenario: Access a legacy page when the privacy policy is required." time="0.0"/>
  <testcase name="And The Accept Privacy Policy button is visible" classname="Scenario: Access a legacy page when the privacy policy is required." time="0.0"/>
  <testcase name="When I accept the Privacy Policy" classname="Scenario: Access a legacy page when the privacy policy is required." time="0.0"/>
  <testcase name="Then I am in module &quot;Student Readiness Test&quot;" classname="Scenario: Access a legacy page when the privacy policy is required." time="0.0"/>
  <testcase name="classMethod" classname="Scenario: Access a legacy page when the privacy policy is required." time="12.134"/>
  <system-out><![CDATA[
  # ---------------------------------------------------------------------------------------------
  Scenario: Access a regular page when the privacy policy is required.       ?[90m# privacyPolicy/PrivacyPolicyEnabled.feature:10?[0m
    # Attempting to access a regular (non-legacy) page results in being sent to the privacy policy page.
    # Create a new user for this scenario.
    ?[32mGiven ?[0m?[32mI open the Create User page?[0m                                        ?[90m# AddUserSteps.navigateToAddUserPage()?[0m
    ?[32mWhen ?[0m?[32mI enter the valid information for the user ?[0m?[32m?[1mbowman?[0m                   ?[90m# AddUserSteps.enterValidUserDetails(String)?[0m
    ?[32mThen ?[0m?[32mthe user ?[0m?[32m?[1mbowman?[0m?[32m is created?[0m                                          ?[90m# AddUserSteps.assertUserIsAdded(String)?[0m
    # Navigate to homepage for demo class.
    ?[32mWhen ?[0m?[32mI navigate to the System Homepage?[0m                                   ?[90m# SystemHomepageSteps.navigateToSystemHomepage()?[0m
    ?[32mThen ?[0m?[32mI am on the System Homepage?[0m                                         ?[90m# SystemHomepageSteps.assertSystemHomepage()?[0m
    ?[32mThen ?[0m?[32mI am on "Class Homepage" page of "?[0m?[32m?[1mDemonstration Class?[0m?[32m" class?[0m        ?[90m# ClassHomepageSteps.navigateToClassHomepage(String)?[0m
    # Register the new user into the demo class.
    ?[32mWhen ?[0m?[32mI click the Register Users menu item?[0m                                ?[90m# ClassHomepageSteps.navigateToRegisterUsersPage()?[0m
    ?[32mAnd ?[0m?[32mI search for user ?[0m?[32m?[1mbowman?[0m                                             ?[90m# SearchUserSteps.searchForUser(String)?[0m
    ?[32mAnd ?[0m?[32mI select the user "?[0m?[32m?[1mbowman?[0m?[32m" in the list of users to add?[0m               ?[90m# RegisterUsersSteps.selectUser(String)?[0m
    ?[32mAnd ?[0m?[32mI click the Register button on the Register Users page?[0m               ?[90m# RegisterUsersSteps.clickRegisterButton()?[0m
    ?[32mThen ?[0m?[32mThe users were successfully registered in the class?[0m                 ?[90m# RegisterUsersSteps.assertUsersRegistered()?[0m
    # Log in as the new user.
    ?[32mGiven ?[0m?[32mI log out?[0m                                                          ?[90m# LoginSteps.logOut()?[0m
    ?[32mWhen ?[0m?[32mI navigate to the Maple TA login page?[0m                               ?[90m# LoginSteps.navigateToLoginPage()?[0m
    ?[32mThen ?[0m?[32mI am on the Maple TA login page?[0m                                     ?[90m# LoginSteps.assertLoginPage()?[0m
    ?[32mThen ?[0m?[32mI enter valid credentials for user ?[0m?[32m?[1mbowman?[0m                           ?[90m# LoginSteps.enterValidCredentials(String)?[0m
    ?[32mThen ?[0m?[32mI am on the Privacy Policy page?[0m                                     ?[90m# PrivacyPolicySteps.assertPrivacyPolicyPage()?[0m
    # Directly navigte to gradebook
    ?[32mWhen ?[0m?[32mI navigate to the Privacy Policy page with redirect to ?[0m?[32m?[1m/1/gradebook?[0m ?[90m# PrivacyPolicySteps.navigateToPrivacyPolicyPage(String)?[0m
    ?[32mThen ?[0m?[32mI am on the Privacy Policy page?[0m                                     ?[90m# PrivacyPolicySteps.assertPrivacyPolicyPage()?[0m
    ?[32mAnd ?[0m?[32mThe Accept Privacy Policy button is visible?[0m                          ?[90m# PrivacyPolicySteps.assertAcceptButtonVisible()?[0m
    # Rejecting the policy immediately logs you out.
    ?[32mWhen ?[0m?[32mI reject the Privacy Policy?[0m                                         ?[90m# PrivacyPolicySteps.clickRejectButton()?[0m
    ?[32mThen ?[0m?[32mI am on the Maple TA login page?[0m                                     ?[90m# LoginSteps.assertLoginPage()?[0m
    # After logging in we should immediately be taken to privacy policy page.
    ?[32mThen ?[0m?[32mI enter valid credentials for user ?[0m?[32m?[1mbowman?[0m                           ?[90m# LoginSteps.enterValidCredentials(String)?[0m
    ?[32mThen ?[0m?[32mI am on the Privacy Policy page?[0m                                     ?[90m# PrivacyPolicySteps.assertPrivacyPolicyPage()?[0m
    ?[32mAnd ?[0m?[32mThe Accept Privacy Policy button is visible?[0m                          ?[90m# PrivacyPolicySteps.assertAcceptButtonVisible()?[0m
    # After accepting the privacy policy, we should be sent to our original destination.
    ?[32mWhen ?[0m?[32mI accept the Privacy Policy?[0m                                         ?[90m# PrivacyPolicySteps.clickAcceptButton()?[0m
    ?[32mThen ?[0m?[32mI am on the System Homepage?[0m                                         ?[90m# SystemHomepageSteps.assertSystemHomepage()?[0m
    # And the privacy policy page should no longer show the accept button.
    ?[32mWhen ?[0m?[32mI navigate to the Privacy Policy page?[0m                               ?[90m# PrivacyPolicySteps.navigateToPrivacyPolicyPage()?[0m
    ?[32mThen ?[0m?[32mI am on the Privacy Policy page?[0m                                     ?[90m# PrivacyPolicySteps.assertPrivacyPolicyPage()?[0m
    ?[32mAnd ?[0m?[32mThe Accept Privacy Policy button is not visible?[0m                      ?[90m# PrivacyPolicySteps.assertAcceptButtonHidden()?[0m
]]></system-out>
  <system-err><![CDATA[]]></system-err>
</testsuite>
