<?xml version="1.0" encoding="UTF-8"?>
<testsuite name="Scenario: Test that icon tags do not get deleted when toggling between editor modes" tests="12" skipped="0" failures="0" errors="0" timestamp="2019-07-19T16:13:58" hostname="mo-acceptance-test-driver-182622c" time="4.67">
  <properties/>
  <testcase name="Given I am logged in as the default administrator" classname="Scenario: Test that icon tags do not get deleted when toggling between editor modes" time="0.0"/>
  <testcase name="And I am on the Content Repository page of Demonstration Class" classname="Scenario: Test that icon tags do not get deleted when toggling between editor modes" time="0.0"/>
  <testcase name="When I choose creating new question/Text from the main dropdown button" classname="Scenario: Test that icon tags do not get deleted when toggling between editor modes" time="0.0"/>
  <testcase name="And Question Designer is opened" classname="Scenario: Test that icon tags do not get deleted when toggling between editor modes" time="0.0"/>
  <testcase name="And I click the Source button" classname="Scenario: Test that icon tags do not get deleted when toggling between editor modes" time="0.0"/>
  <testcase name="And I click inside the Source editor" classname="Scenario: Test that icon tags do not get deleted when toggling between editor modes" time="0.001"/>
  <testcase name="And I enter '&lt;p&gt;&lt;i class=&quot;fa fa-hashtag&quot;&gt;&lt;/i&gt;&lt;/p&gt;' inside the Source editor" classname="Scenario: Test that icon tags do not get deleted when toggling between editor modes" time="0.0"/>
  <testcase name="When I click the Source button" classname="Scenario: Test that icon tags do not get deleted when toggling between editor modes" time="0.0"/>
  <testcase name="Then I see the Font Awesome icon in the question text editor" classname="Scenario: Test that icon tags do not get deleted when toggling between editor modes" time="0.0"/>
  <testcase name="And I click the Source button" classname="Scenario: Test that icon tags do not get deleted when toggling between editor modes" time="0.0"/>
  <testcase name="And I see the icon tag in the Source editor" classname="Scenario: Test that icon tags do not get deleted when toggling between editor modes" time="0.0"/>
  <testcase name="classMethod" classname="Scenario: Test that icon tags do not get deleted when toggling between editor modes" time="5.605"/>
  <system-out><![CDATA[
  Scenario: Test Math in editor is not causing a breakline when deleting characters in front of it                       ?[90m# CKEditorDialog.feature:8?[0m
    ?[32mWhen ?[0m?[32mI choose creating new question/Text from the main dropdown button?[0m                                               ?[90m# ContentRepositorySteps.chooseCreatingNewQuestionFromMainDropdownButton()?[0m
    ?[32mAnd ?[0m?[32mQuestion Designer is opened?[0m                                                                                      ?[90m# QuestionDesignerSteps.assertQuestionDesignerPageIsOpened()?[0m
    ?[32mAnd ?[0m?[32mI click inside the question text editor?[0m                                                                          ?[90m# QuestionDesignerSteps.clickInsideQuestionTextEditor()?[0m
    ?[32mAnd ?[0m?[32mI enter "?[0m?[32m?[1mHello World?[0m?[32m" inside the question text editor?[0m                                                            ?[90m# QuestionDesignerSteps.enterInsideQuestionTextEditor(String)?[0m
    ?[32mWhen ?[0m?[32mI click Equation Editor button to open the Math Editor dialog and assert that the Math Editor dialog is visible?[0m ?[90m# QuestionDesignerSteps.clickMathEditorButton()?[0m
    ?[32mAnd ?[0m?[32mI type "?[0m?[32m?[1ma/b?[0m?[32m" in the Equation Editor?[0m                                                                              ?[90m# MathEditorDialogSteps.typeText(String)?[0m
    ?[32mAnd ?[0m?[32mI click Done in the Math Editor dialog?[0m                                                                           ?[90m# MathEditorDialogSteps.submitDialog()?[0m
    ?[32mThen ?[0m?[32mI see the "?[0m?[32m?[1ma/b?[0m?[32m" Math Widget in the question text section?[0m                                                        ?[90m# QuestionDesignerSteps.assertMathWidgetIsInserted(String)?[0m
    ?[32mAnd ?[0m?[32mI backspace delete the "?[0m?[32m?[1mHello World?[0m?[32m" text before the Math Widget?[0m                                                 ?[90m# QuestionDesignerSteps.backspaceDeleteTextContentBeforeMathWidget(String)?[0m
    ?[32mAnd ?[0m?[32mI assert that the question editor does not contain a break line?[0m                                                  ?[90m# QuestionDesignerSteps.assertNoBreakLineInQuestionTextEditor()?[0m
]]></system-out>
  <system-err><![CDATA[]]></system-err>
</testsuite>
