<?xml version="1.0" encoding="UTF-8"?>
<testsuite name="Scenario: Create a new Multiple Choice question and preview it" tests="16" skipped="0" failures="0" errors="0" timestamp="2019-07-19T16:18:29" hostname="mo-acceptance-test-driver-182622c" time="13.205">
  <properties/>
  <testcase name="Given I am logged in as the default administrator" classname="Scenario: Create a new Multiple Choice question and preview it" time="0.0"/>
  <testcase name="And I am on the Content Repository page of Demonstration Class" classname="Scenario: Create a new Multiple Choice question and preview it" time="0.0"/>
  <testcase name="And I choose creating new question/Text from the main dropdown button" classname="Scenario: Create a new Multiple Choice question and preview it" time="0.0"/>
  <testcase name="And Question Designer is opened" classname="Scenario: Create a new Multiple Choice question and preview it" time="0.0"/>
  <testcase name="When I enter valid information for the question name as &quot;New Question 1&quot;" classname="Scenario: Create a new Multiple Choice question and preview it" time="0.0"/>
  <testcase name="And I click inside the question text editor" classname="Scenario: Create a new Multiple Choice question and preview it" time="0.0"/>
  <testcase name="And I click Response Area button to open the dialog and assert that the Choose Question Type page is visible" classname="Scenario: Create a new Multiple Choice question and preview it" time="0.0"/>
  <testcase name="When I choose &quot;Multiple Choice&quot; link from the dialog and complete the correct answer" classname="Scenario: Create a new Multiple Choice question and preview it" time="0.0"/>
  <testcase name="And I click OK" classname="Scenario: Create a new Multiple Choice question and preview it" time="0.0"/>
  <testcase name="Then I see the &quot;Multiple Choice&quot; Question Widget in the question text section" classname="Scenario: Create a new Multiple Choice question and preview it" time="0.001"/>
  <testcase name="Then I click the Preview button" classname="Scenario: Create a new Multiple Choice question and preview it" time="0.0"/>
  <testcase name="And I assert that the Multiple Choice question is rendered properly on the Question Preview page" classname="Scenario: Create a new Multiple Choice question and preview it" time="0.0"/>
  <testcase name="Then I close the question preview window" classname="Scenario: Create a new Multiple Choice question and preview it" time="0.0"/>
  <testcase name="Then I click the question designer Save &amp; Close button" classname="Scenario: Create a new Multiple Choice question and preview it" time="0.0"/>
  <testcase name="Then I see that I am on the Content Repository page" classname="Scenario: Create a new Multiple Choice question and preview it" time="0.0"/>
  <testcase name="classMethod" classname="Scenario: Create a new Multiple Choice question and preview it" time="14.141"/>
  <system-out><![CDATA[]]></system-out>
  <system-err><![CDATA[]]></system-err>
</testsuite>
