<?xml version="1.0" encoding="UTF-8"?>
<testsuite name="Scenario: Test clicking How Did I Do button on slide." tests="17" skipped="0" failures="0" errors="0" timestamp="2019-07-19T17:15:19" hostname="mo-acceptance-test-driver-182622c" time="10.585">
  <properties/>
  <testcase name="Given I am logged in as the default administrator" classname="Scenario: Test clicking How Did I Do button on slide." time="0.0"/>
  <testcase name="And I am on the Content Repository page of Demonstration Class" classname="Scenario: Test clicking How Did I Do button on slide." time="0.0"/>
  <testcase name="And I choose creating new Slideshow from the main dropdown button" classname="Scenario: Test clicking How Did I Do button on slide." time="0.0"/>
  <testcase name="And Slideshow Designer is opened" classname="Scenario: Test clicking How Did I Do button on slide." time="0.0"/>
  <testcase name="When I enter valid information for the question name as &quot;New Question 1&quot;" classname="Scenario: Test clicking How Did I Do button on slide." time="0.0"/>
  <testcase name="And I click inside the slideshow content in the editor" classname="Scenario: Test clicking How Did I Do button on slide." time="0.0"/>
  <testcase name="And I click Response Area button to open the dialog and assert that the Choose Question Type page is visible" classname="Scenario: Test clicking How Did I Do button on slide." time="0.0"/>
  <testcase name="When I choose &quot;Mathematical Formula&quot; link from the dialog and complete the correct answer" classname="Scenario: Test clicking How Did I Do button on slide." time="0.0"/>
  <testcase name="And I click OK" classname="Scenario: Test clicking How Did I Do button on slide." time="0.0"/>
  <testcase name="Then I see the &quot;Mathematical Formula&quot; Question Widget in the question text section" classname="Scenario: Test clicking How Did I Do button on slide." time="0.0"/>
  <testcase name="When I click to Preview the Slideshow" classname="Scenario: Test clicking How Did I Do button on slide." time="0.0"/>
  <testcase name="Then I am previewing the Slideshow" classname="Scenario: Test clicking How Did I Do button on slide." time="0.0"/>
  <testcase name="When I begin playback of the Slideshow" classname="Scenario: Test clicking How Did I Do button on slide." time="0.0"/>
  <testcase name="And I enter &quot;2x&quot; in Mathematical Formula input" classname="Scenario: Test clicking How Did I Do button on slide." time="0.0"/>
  <testcase name="And I click How Did I Do in the Slide" classname="Scenario: Test clicking How Did I Do button on slide." time="0.0"/>
  <testcase name="Then I assert that the Mathematical Formula answer is correct" classname="Scenario: Test clicking How Did I Do button on slide." time="0.0"/>
  <testcase name="classMethod" classname="Scenario: Test clicking How Did I Do button on slide." time="11.543"/>
  <system-out><![CDATA[]]></system-out>
  <system-err><![CDATA[]]></system-err>
</testsuite>
