<?xml version="1.0" encoding="UTF-8"?>
<testsuite name="Scenario: Connect via LTI and clone unit from one class to another" tests="23" skipped="0" failures="0" errors="0" timestamp="2019-07-19T17:06:17" hostname="mo-acceptance-test-driver-182622c" time="15.719">
  <properties/>
  <testcase name="Given I set up the LTI consumer key and shared secret if not already done" classname="Scenario: Connect via LTI and clone unit from one class to another" time="0.0"/>
  <testcase name="When I launch random &quot;basic-lti-launch-request&quot; LTI request with role &quot;Administrator&quot; and outcome URL &quot;default&quot; and document target &quot;window&quot;" classname="Scenario: Connect via LTI and clone unit from one class to another" time="0.0"/>
  <testcase name="Then I am on the LTI Mapping Page" classname="Scenario: Connect via LTI and clone unit from one class to another" time="0.0"/>
  <testcase name="When I click the 'New Class' mapping button" classname="Scenario: Connect via LTI and clone unit from one class to another" time="0.0"/>
  <testcase name="And I create new class with random name" classname="Scenario: Connect via LTI and clone unit from one class to another" time="0.0"/>
  <testcase name="Then I am on the LTI Mapping Page" classname="Scenario: Connect via LTI and clone unit from one class to another" time="0.0"/>
  <testcase name="When I click the 'Class Homepage' mapping button" classname="Scenario: Connect via LTI and clone unit from one class to another" time="0.0"/>
  <testcase name="And I accept the LTI Mapping Page confirm dialog" classname="Scenario: Connect via LTI and clone unit from one class to another" time="0.0"/>
  <testcase name="Then I am on the Class Homepage" classname="Scenario: Connect via LTI and clone unit from one class to another" time="0.0"/>
  <testcase name="And I navigate to the &quot;Content Repository&quot; of current class" classname="Scenario: Connect via LTI and clone unit from one class to another" time="0.0"/>
  <testcase name="When I click &quot;All of my classes&quot; in the &quot;Sources&quot; column" classname="Scenario: Connect via LTI and clone unit from one class to another" time="0.0"/>
  <testcase name="Then I am on the Content Repository page with the &quot;All of my classes&quot; column open" classname="Scenario: Connect via LTI and clone unit from one class to another" time="0.0"/>
  <testcase name="When I click &quot;Schools&quot; in the &quot;All of my classes&quot; column" classname="Scenario: Connect via LTI and clone unit from one class to another" time="0.0"/>
  <testcase name="Then I am on the Content Repository page with the &quot;Schools&quot; column open" classname="Scenario: Connect via LTI and clone unit from one class to another" time="0.0"/>
  <testcase name="When I click &quot;DigitalEd&quot; in the &quot;Schools&quot; column" classname="Scenario: Connect via LTI and clone unit from one class to another" time="0.0"/>
  <testcase name="Then I am on the Content Repository page with the &quot;DigitalEd&quot; column open" classname="Scenario: Connect via LTI and clone unit from one class to another" time="0.0"/>
  <testcase name="When I click &quot;Questions&quot; in the &quot;DigitalEd&quot; column" classname="Scenario: Connect via LTI and clone unit from one class to another" time="0.0"/>
  <testcase name="Then I am on the Content Repository page with the &quot;Questions&quot; column open" classname="Scenario: Connect via LTI and clone unit from one class to another" time="0.001"/>
  <testcase name="When I click &quot;Last Question&quot; in the &quot;Questions&quot; column" classname="Scenario: Connect via LTI and clone unit from one class to another" time="0.0"/>
  <testcase name="Then I click the &quot;Clone into my class&quot; button in the &quot;Last Question&quot; column" classname="Scenario: Connect via LTI and clone unit from one class to another" time="0.0"/>
  <testcase name="And I see the &quot;Clone Complete&quot; dialog open" classname="Scenario: Connect via LTI and clone unit from one class to another" time="0.0"/>
  <testcase name="And I click the &quot;Done&quot; dialog button" classname="Scenario: Connect via LTI and clone unit from one class to another" time="0.0"/>
  <testcase name="classMethod" classname="Scenario: Connect via LTI and clone unit from one class to another" time="15.829"/>
  <system-out><![CDATA[]]></system-out>
  <system-err><![CDATA[]]></system-err>
</testsuite>
