<?xml version="1.0" encoding="UTF-8"?>
<testsuite name="Scenario: Load EQE from CDN" tests="14" skipped="0" failures="0" errors="0" timestamp="2019-07-19T17:17:11" hostname="mo-acceptance-test-driver-182622c" time="9.775">
  <properties/>
  <testcase name="Given I am logged in as the default administrator" classname="Scenario: Load EQE from CDN" time="0.0"/>
  <testcase name="When I navigate to the System Settings page" classname="Scenario: Load EQE from CDN" time="0.0"/>
  <testcase name="And I set Use CDN to true" classname="Scenario: Load EQE from CDN" time="0.0"/>
  <testcase name="And The Use CDN checkbox is true" classname="Scenario: Load EQE from CDN" time="0.0"/>
  <testcase name="And I submit the changes to System Settings" classname="Scenario: Load EQE from CDN" time="0.0"/>
  <testcase name="Then The changes to System Settings were successfully saved." classname="Scenario: Load EQE from CDN" time="0.0"/>
  <testcase name="Then I navigate to the System Homepage" classname="Scenario: Load EQE from CDN" time="0.0"/>
  <testcase name="Then I am on the Content Repository page of Demonstration Class" classname="Scenario: Load EQE from CDN" time="0.0"/>
  <testcase name="When I choose creating new question/Text from the main dropdown button" classname="Scenario: Load EQE from CDN" time="0.0"/>
  <testcase name="And Question Designer is opened" classname="Scenario: Load EQE from CDN" time="0.0"/>
  <testcase name="And I click inside the question text editor" classname="Scenario: Load EQE from CDN" time="0.0"/>
  <testcase name="And I click Equation Editor button to open the Math Editor dialog and assert that the Math Editor dialog is visible" classname="Scenario: Load EQE from CDN" time="0.0"/>
  <testcase name="Then I click Done in the Math Editor dialog" classname="Scenario: Load EQE from CDN" time="0.0"/>
  <testcase name="classMethod" classname="Scenario: Load EQE from CDN" time="10.802"/>
  <system-out><![CDATA[
  # We want to ensure the equation editor dialog renders
  Scenario: Load EQE from local resources                                                                               ?[90m# systemSettings/CDNSettings.feature:8?[0m
    ?[32mWhen ?[0m?[32mI navigate to the System Settings page?[0m                                                                         ?[90m# SystemSettingsSteps.navigateToSystemSettingsPage()?[0m
    ?[32mAnd ?[0m?[32mI set Use CDN to ?[0m?[32m?[1mfalse?[0m                                                                                          ?[90m# SystemSettingsSteps.setUseCdn(boolean)?[0m
    ?[32mAnd ?[0m?[32mThe Use CDN checkbox is ?[0m?[32m?[1mfalse?[0m                                                                                   ?[90m# SystemSettingsSteps.assertUseCdnIs(boolean)?[0m
    ?[32mAnd ?[0m?[32mI submit the changes to System Settings?[0m                                                                         ?[90m# SystemSettingsSteps.submitChanges()?[0m
    ?[32mThen ?[0m?[32mThe changes to System Settings were successfully saved.?[0m                                                        ?[90m# SystemSettingsSteps.assertChangesSaved()?[0m
    ?[32mThen ?[0m?[32mI navigate to the System Homepage?[0m                                                                              ?[90m# SystemHomepageSteps.navigateToSystemHomepage()?[0m
    ?[32mThen ?[0m?[32mI am on the Content Repository page of ?[0m?[32m?[1mDemonstration Class?[0m                                                     ?[90m# ContentRepositorySteps.navigateToContentRepositoryOfClass(String)?[0m
    ?[32mWhen ?[0m?[32mI choose creating new question/Text from the main dropdown button?[0m                                              ?[90m# ContentRepositorySteps.chooseCreatingNewQuestionFromMainDropdownButton()?[0m
    ?[32mAnd ?[0m?[32mQuestion Designer is opened?[0m                                                                                     ?[90m# QuestionDesignerSteps.assertQuestionDesignerPageIsOpened()?[0m
    ?[32mAnd ?[0m?[32mI click inside the question text editor?[0m                                                                         ?[90m# QuestionDesignerSteps.clickInsideQuestionTextEditor()?[0m
    ?[32mAnd ?[0m?[32mI click Equation Editor button to open the Math Editor dialog and assert that the Math Editor dialog is visible?[0m ?[90m# QuestionDesignerSteps.clickMathEditorButton()?[0m
    ?[32mThen ?[0m?[32mI click Done in the Math Editor dialog?[0m                                                                         ?[90m# MathEditorDialogSteps.submitDialog()?[0m
]]></system-out>
  <system-err><![CDATA[]]></system-err>
</testsuite>
