<?xml version="1.0" encoding="UTF-8"?>
<testsuite name="|  |  | User login is required. |" tests="4" skipped="0" failures="0" errors="0" timestamp="2019-07-19T16:28:36" hostname="mo-acceptance-test-driver-182622c" time="1.341">
  <properties/>
  <testcase name="Given I go to the system login page" classname="|  |  | User login is required. |" time="0.0"/>
  <testcase name="When I log in as the user  and password " classname="|  |  | User login is required. |" time="0.0"/>
  <testcase name="Then I see an error message User login is required. on the login page" classname="|  |  | User login is required. |" time="0.0"/>
  <testcase name="classMethod" classname="|  |  | User login is required. |" time="1.365"/>
  <system-out><![CDATA[
  @Login @Negative @ErrorMessage
  Scenario Outline: Failing to log into Mobius using missing credentials ?[90m# Login.feature:41?[0m
    ?[32mGiven ?[0m?[32mI go to the system login page?[0m                                  ?[90m# LoginSteps.goToSystemLoginPage()?[0m
    ?[32mWhen ?[0m?[32mI log in as the user ?[0m?[32m?[1mpatty?[0m?[32m and password ?[0m?[32m?[1m?[0m                        ?[90m# LoginSteps.logInAsUserWithCredentials(String,String)?[0m
    ?[32mThen ?[0m?[32mI see an error message ?[0m?[32m?[1mPassword is required.?[0m?[32m on the login page?[0m  ?[90m# LoginSteps.assertLoginError(String)?[0m
]]></system-out>
  <system-err><![CDATA[]]></system-err>
</testsuite>
