<?xml version="1.0" encoding="UTF-8"?>
<testsuite name="Scenario: Create CIM link to Gradebook" tests="14" skipped="0" failures="0" errors="0" timestamp="2019-07-19T17:09:25" hostname="mo-acceptance-test-driver-182622c" time="7.232">
  <properties/>
  <testcase name="Given I set up the LTI consumer key and shared secret if not already done" classname="Scenario: Create CIM link to Gradebook" time="0.0"/>
  <testcase name="When I launch random &quot;ContentItemSelectionRequest&quot; LTI request with role &quot;Administrator&quot; and outcome URL &quot;&quot; and document target &quot;frame&quot;" classname="Scenario: Create CIM link to Gradebook" time="0.0"/>
  <testcase name="Then I am on the LTI Mapping Page" classname="Scenario: Create CIM link to Gradebook" time="0.0"/>
  <testcase name="When I click the 'New Class' mapping button" classname="Scenario: Create CIM link to Gradebook" time="0.0"/>
  <testcase name="And I switch to the page opened after submission of the LTI harness page" classname="Scenario: Create CIM link to Gradebook" time="0.0"/>
  <testcase name="And I create new class with random name" classname="Scenario: Create CIM link to Gradebook" time="0.0"/>
  <testcase name="And I verify and close the LTI Page window" classname="Scenario: Create CIM link to Gradebook" time="0.0"/>
  <testcase name="Then I am on the LTI Mapping Page" classname="Scenario: Create CIM link to Gradebook" time="0.0"/>
  <testcase name="When I click the 'Gradebook' mapping button" classname="Scenario: Create CIM link to Gradebook" time="0.0"/>
  <testcase name="And I am on the Test Harness page" classname="Scenario: Create CIM link to Gradebook" time="0.0"/>
  <testcase name="And I launch prepared &quot;basic-lti-launch-request&quot; LTI request with role &quot;Administrator&quot; and outcome URL &quot;&quot; and document target &quot;window&quot;" classname="Scenario: Create CIM link to Gradebook" time="0.0"/>
  <testcase name="Then I am in the Gradebook" classname="Scenario: Create CIM link to Gradebook" time="0.0"/>
  <testcase name="And I close the LTI Test Harness leftover windows" classname="Scenario: Create CIM link to Gradebook" time="0.0"/>
  <testcase name="classMethod" classname="Scenario: Create CIM link to Gradebook" time="7.342"/>
  <system-out><![CDATA[
  Scenario: Create CIM link to Class Homepage                                                                                               ?[90m# lti/LTIMapping.feature:148?[0m
    ?[32mWhen ?[0m?[32mI launch random "?[0m?[32m?[1mContentItemSelectionRequest?[0m?[32m" LTI request with role "?[0m?[32m?[1mAdministrator?[0m?[32m" and outcome URL "?[0m?[32m?[1m?[0m?[32m" and document target "?[0m?[32m?[1mframe?[0m?[32m"?[0m ?[90m# TestHarnessSteps.runLtiRequest(String,String,String,String)?[0m
    ?[32mThen ?[0m?[32mI am on the LTI Mapping Page?[0m                                                                                                       ?[90m# LTIMappingSteps.assertLtiMappingPage()?[0m
    # Create new class
    ?[32mWhen ?[0m?[32mI click the 'New Class' mapping button?[0m                                                                                             ?[90m# LTIMappingSteps.clickNewClassButton()?[0m
    ?[32mAnd ?[0m?[32mI switch to the page opened after submission of the LTI harness page?[0m                                                                ?[90m# TestHarnessSteps.switchToLaunchedPage()?[0m
    ?[32mAnd ?[0m?[32mI create new class with random name?[0m                                                                                                 ?[90m# AddMapleTAClassSteps.createNewClassWithRandomName()?[0m
    ?[32mAnd ?[0m?[32mI verify and close the LTI Page window?[0m                                                                                              ?[90m# LTIPageSteps.verifyAndCloseWindow()?[0m
    ?[32mThen ?[0m?[32mI am on the LTI Mapping Page?[0m                                                                                                       ?[90m# LTIMappingSteps.assertLtiMappingPage()?[0m
    # Map to the Class Homepage and test the CIM mapping
    ?[32mWhen ?[0m?[32mI click the 'Class Homepage' mapping button?[0m                                                                                        ?[90m# LTIMappingSteps.clickClassHomepageButton()?[0m
    ?[32mAnd ?[0m?[32mI am on the Test Harness page?[0m                                                                                                       ?[90m# TestHarnessSteps.verifyTestHarnessPage()?[0m
    ?[32mAnd ?[0m?[32mI launch prepared "?[0m?[32m?[1mbasic-lti-launch-request?[0m?[32m" LTI request with role "?[0m?[32m?[1mAdministrator?[0m?[32m" and outcome URL "?[0m?[32m?[1m?[0m?[32m" and document target "?[0m?[32m?[1mwindow?[0m?[32m"?[0m  ?[90m# TestHarnessSteps.submitLtiRequest(String,String,String,String)?[0m
    ?[32mThen ?[0m?[32mI am on the Class Homepage?[0m                                                                                                         ?[90m# ClassHomepageSteps.assertClassHomepage()?[0m
    ?[32mAnd ?[0m?[32mI close the LTI Test Harness leftover windows?[0m                                                                                       ?[90m# TestHarnessSteps.closeLeftoverWindows()?[0m
]]></system-out>
  <system-err><![CDATA[]]></system-err>
</testsuite>
