<?xml version="1.0" encoding="UTF-8"?>
<testsuite name="Scenario: Successfully create a lesson with an algorithmic adaptive question, and the question buttons work well" tests="59" skipped="0" failures="0" errors="0" timestamp="2019-07-19T16:32:48" hostname="mo-acceptance-test-driver-182622c" time="34.405">
  <properties/>
  <testcase name="Given I am logged in as the default administrator" classname="Scenario: Successfully create a lesson with an algorithmic adaptive question, and the question buttons work well" time="0.0"/>
  <testcase name="And I am on the Content Repository page of Demonstration Class" classname="Scenario: Successfully create a lesson with an algorithmic adaptive question, and the question buttons work well" time="0.0"/>
  <testcase name="When I choose creating new question/Text from the main dropdown button" classname="Scenario: Successfully create a lesson with an algorithmic adaptive question, and the question buttons work well" time="0.0"/>
  <testcase name="And Question Designer is opened" classname="Scenario: Successfully create a lesson with an algorithmic adaptive question, and the question buttons work well" time="0.0"/>
  <testcase name="When I enter valid information for the question name as &quot;An adaptive question&quot;" classname="Scenario: Successfully create a lesson with an algorithmic adaptive question, and the question buttons work well" time="0.0"/>
  <testcase name="And I click inside the question text editor" classname="Scenario: Successfully create a lesson with an algorithmic adaptive question, and the question buttons work well" time="0.0"/>
  <testcase name="And I click Response Area button to open the dialog and assert that the Choose Question Type page is visible" classname="Scenario: Successfully create a lesson with an algorithmic adaptive question, and the question buttons work well" time="0.0"/>
  <testcase name="When I choose &quot;Mathematical Formula&quot; link from the dialog and complete the correct answer" classname="Scenario: Successfully create a lesson with an algorithmic adaptive question, and the question buttons work well" time="0.0"/>
  <testcase name="And I click OK" classname="Scenario: Successfully create a lesson with an algorithmic adaptive question, and the question buttons work well" time="0.0"/>
  <testcase name="Then I see the &quot;Mathematical Formula&quot; Question Widget in the question text section" classname="Scenario: Successfully create a lesson with an algorithmic adaptive question, and the question buttons work well" time="0.0"/>
  <testcase name="When I click Insert/Edit Adaptive Section and then the OK button in the Edit Adaptive Section popup" classname="Scenario: Successfully create a lesson with an algorithmic adaptive question, and the question buttons work well" time="0.0"/>
  <testcase name="Then I see &quot;1&quot; Adaptive section bars in the question text section" classname="Scenario: Successfully create a lesson with an algorithmic adaptive question, and the question buttons work well" time="0.0"/>
  <testcase name="When I click Response Area button to open the dialog and assert that the Choose Question Type page is visible" classname="Scenario: Successfully create a lesson with an algorithmic adaptive question, and the question buttons work well" time="0.0"/>
  <testcase name="And I choose &quot;Numeric&quot; link from the dialog and complete the correct answer" classname="Scenario: Successfully create a lesson with an algorithmic adaptive question, and the question buttons work well" time="0.0"/>
  <testcase name="And I click OK" classname="Scenario: Successfully create a lesson with an algorithmic adaptive question, and the question buttons work well" time="0.0"/>
  <testcase name="Then I see the &quot;Numeric with Units&quot; Question Widget in the question text section" classname="Scenario: Successfully create a lesson with an algorithmic adaptive question, and the question buttons work well" time="0.001"/>
  <testcase name="When I click Insert/Edit Adaptive Section and then the OK button in the Edit Adaptive Section popup" classname="Scenario: Successfully create a lesson with an algorithmic adaptive question, and the question buttons work well" time="0.0"/>
  <testcase name="Then I see &quot;2&quot; Adaptive section bars in the question text section" classname="Scenario: Successfully create a lesson with an algorithmic adaptive question, and the question buttons work well" time="0.0"/>
  <testcase name="And I enter in the Algorithm Editor &quot;$a=rint(1,10);&quot;" classname="Scenario: Successfully create a lesson with an algorithmic adaptive question, and the question buttons work well" time="0.0"/>
  <testcase name="When I click the Preview button" classname="Scenario: Successfully create a lesson with an algorithmic adaptive question, and the question buttons work well" time="0.0"/>
  <testcase name="Then I assert that the Mathematical Formula question is rendered properly on the Question Preview page" classname="Scenario: Successfully create a lesson with an algorithmic adaptive question, and the question buttons work well" time="0.0"/>
  <testcase name="When I click the &quot;Verify&quot; button of adaptive question" classname="Scenario: Successfully create a lesson with an algorithmic adaptive question, and the question buttons work well" time="0.0"/>
  <testcase name="Then I assert that the Numeric question is rendered properly on the Question Preview page" classname="Scenario: Successfully create a lesson with an algorithmic adaptive question, and the question buttons work well" time="0.0"/>
  <testcase name="Then I close the question preview window" classname="Scenario: Successfully create a lesson with an algorithmic adaptive question, and the question buttons work well" time="0.001"/>
  <testcase name="And I click the question designer Save &amp; Close button" classname="Scenario: Successfully create a lesson with an algorithmic adaptive question, and the question buttons work well" time="0.0"/>
  <testcase name="When I choose creating new lesson in &quot;Student Readiness&quot; unit from the main dropdown button" classname="Scenario: Successfully create a lesson with an algorithmic adaptive question, and the question buttons work well" time="0.0"/>
  <testcase name="Then Lesson Editor is opened" classname="Scenario: Successfully create a lesson with an algorithmic adaptive question, and the question buttons work well" time="0.0"/>
  <testcase name="When I enter valid information for the lesson &quot;A lesson for test&quot;" classname="Scenario: Successfully create a lesson with an algorithmic adaptive question, and the question buttons work well" time="0.0"/>
  <testcase name="And I click the import question button" classname="Scenario: Successfully create a lesson with an algorithmic adaptive question, and the question buttons work well" time="0.001"/>
  <testcase name="Then The import questions dialog appears" classname="Scenario: Successfully create a lesson with an algorithmic adaptive question, and the question buttons work well" time="0.0"/>
  <testcase name="When I click on &quot;Questions&quot;" classname="Scenario: Successfully create a lesson with an algorithmic adaptive question, and the question buttons work well" time="0.0"/>
  <testcase name="And I select the question &quot;An adaptive question&quot;" classname="Scenario: Successfully create a lesson with an algorithmic adaptive question, and the question buttons work well" time="0.0"/>
  <testcase name="And I click Import Questions in the Import Questions dialog" classname="Scenario: Successfully create a lesson with an algorithmic adaptive question, and the question buttons work well" time="0.0"/>
  <testcase name="Then verify the question caption text is &quot;An adaptive question&quot;" classname="Scenario: Successfully create a lesson with an algorithmic adaptive question, and the question buttons work well" time="0.0"/>
  <testcase name="When I save &amp; close the lesson on the design page" classname="Scenario: Successfully create a lesson with an algorithmic adaptive question, and the question buttons work well" time="0.0"/>
  <testcase name="Then I see summary of the lesson" classname="Scenario: Successfully create a lesson with an algorithmic adaptive question, and the question buttons work well" time="0.0"/>
  <testcase name="When I save and close the lesson summary details" classname="Scenario: Successfully create a lesson with an algorithmic adaptive question, and the question buttons work well" time="0.0"/>
  <testcase name="Then the new lesson &quot;A lesson for test&quot; is visible in its own expanded column" classname="Scenario: Successfully create a lesson with an algorithmic adaptive question, and the question buttons work well" time="0.0"/>
  <testcase name="And it is named as &quot;A lesson for test&quot; in &quot;Student Readiness&quot; column" classname="Scenario: Successfully create a lesson with an algorithmic adaptive question, and the question buttons work well" time="0.0"/>
  <testcase name="When I navigate to the System Homepage" classname="Scenario: Successfully create a lesson with an algorithmic adaptive question, and the question buttons work well" time="0.0"/>
  <testcase name="And I am on &quot;Class Homepage&quot; page of &quot;Demonstration Class&quot; class" classname="Scenario: Successfully create a lesson with an algorithmic adaptive question, and the question buttons work well" time="0.0"/>
  <testcase name="And I click on the &quot;A lesson for test&quot; module in the &quot;Student Readiness&quot; unit" classname="Scenario: Successfully create a lesson with an algorithmic adaptive question, and the question buttons work well" time="0.0"/>
  <testcase name="Then the module &quot;A lesson for test&quot; is opened without launch page" classname="Scenario: Successfully create a lesson with an algorithmic adaptive question, and the question buttons work well" time="0.0"/>
  <testcase name="Then I assert that the Mathematical Formula question is rendered properly" classname="Scenario: Successfully create a lesson with an algorithmic adaptive question, and the question buttons work well" time="0.0"/>
  <testcase name="And I see the &quot;Try Another&quot; question button" classname="Scenario: Successfully create a lesson with an algorithmic adaptive question, and the question buttons work well" time="0.0"/>
  <testcase name="And I see the &quot;Start Over&quot; question button" classname="Scenario: Successfully create a lesson with an algorithmic adaptive question, and the question buttons work well" time="0.0"/>
  <testcase name="When I click the &quot;Verify&quot; button of adaptive question" classname="Scenario: Successfully create a lesson with an algorithmic adaptive question, and the question buttons work well" time="0.0"/>
  <testcase name="Then I assert that the Numeric question is rendered properly" classname="Scenario: Successfully create a lesson with an algorithmic adaptive question, and the question buttons work well" time="0.0"/>
  <testcase name="When I click the &quot;Try Another&quot; question button" classname="Scenario: Successfully create a lesson with an algorithmic adaptive question, and the question buttons work well" time="0.0"/>
  <testcase name="Then I assert that the Mathematical Formula question is rendered properly" classname="Scenario: Successfully create a lesson with an algorithmic adaptive question, and the question buttons work well" time="0.0"/>
  <testcase name="And I see the &quot;Try Another&quot; question button" classname="Scenario: Successfully create a lesson with an algorithmic adaptive question, and the question buttons work well" time="0.0"/>
  <testcase name="And I see the &quot;Start Over&quot; question button" classname="Scenario: Successfully create a lesson with an algorithmic adaptive question, and the question buttons work well" time="0.0"/>
  <testcase name="When I click the &quot;Start Over&quot; question button" classname="Scenario: Successfully create a lesson with an algorithmic adaptive question, and the question buttons work well" time="0.0"/>
  <testcase name="Then I assert that the Mathematical Formula question is rendered properly" classname="Scenario: Successfully create a lesson with an algorithmic adaptive question, and the question buttons work well" time="0.0"/>
  <testcase name="And I see the &quot;Try Another&quot; question button" classname="Scenario: Successfully create a lesson with an algorithmic adaptive question, and the question buttons work well" time="0.0"/>
  <testcase name="And I see the &quot;Start Over&quot; question button" classname="Scenario: Successfully create a lesson with an algorithmic adaptive question, and the question buttons work well" time="0.0"/>
  <testcase name="Then I save and quit the lesson" classname="Scenario: Successfully create a lesson with an algorithmic adaptive question, and the question buttons work well" time="0.0"/>
  <testcase name="And I am on the Class Homepage" classname="Scenario: Successfully create a lesson with an algorithmic adaptive question, and the question buttons work well" time="0.0"/>
  <testcase name="classMethod" classname="Scenario: Successfully create a lesson with an algorithmic adaptive question, and the question buttons work well" time="35.365"/>
  <system-out><![CDATA[]]></system-out>
  <system-err><![CDATA[]]></system-err>
</testsuite>
