<?xml version="1.0" encoding="UTF-8"?>
<testsuite name="Scenario: Create an improvised test record after connecting through LTI" tests="44" skipped="0" failures="0" errors="0" timestamp="2019-07-19T16:47:28" hostname="mo-acceptance-test-driver-182622c" time="31.032">
  <properties/>
  <testcase name="Given I am logged in as the default administrator" classname="Scenario: Create an improvised test record after connecting through LTI" time="0.0"/>
  <testcase name="When I open the Search User page" classname="Scenario: Create an improvised test record after connecting through LTI" time="0.0"/>
  <testcase name="Then I check if user &quot;sam&quot; exists, if not, I create the user" classname="Scenario: Create an improvised test record after connecting through LTI" time="0.0"/>
  <testcase name="When I navigate to the System Homepage" classname="Scenario: Create an improvised test record after connecting through LTI" time="0.0"/>
  <testcase name="Then I am on the System Homepage" classname="Scenario: Create an improvised test record after connecting through LTI" time="0.0"/>
  <testcase name="When I set up the LTI consumer key and shared secret if not already done" classname="Scenario: Create an improvised test record after connecting through LTI" time="0.0"/>
  <testcase name="When I launch random &quot;basic-lti-launch-request&quot; LTI request with role &quot;Administrator&quot; and outcome URL &quot;default&quot; and document target &quot;window&quot;" classname="Scenario: Create an improvised test record after connecting through LTI" time="0.0"/>
  <testcase name="Then I am on the LTI Mapping Page" classname="Scenario: Create an improvised test record after connecting through LTI" time="0.001"/>
  <testcase name="When I click the 'New Class' mapping button" classname="Scenario: Create an improvised test record after connecting through LTI" time="0.0"/>
  <testcase name="And I create new class with random name" classname="Scenario: Create an improvised test record after connecting through LTI" time="0.0"/>
  <testcase name="Then I am on the LTI Mapping Page" classname="Scenario: Create an improvised test record after connecting through LTI" time="0.0"/>
  <testcase name="When I click the 'Class Homepage' mapping button" classname="Scenario: Create an improvised test record after connecting through LTI" time="0.0"/>
  <testcase name="And I accept the LTI Mapping Page confirm dialog" classname="Scenario: Create an improvised test record after connecting through LTI" time="0.0"/>
  <testcase name="Then I am on the Class Homepage" classname="Scenario: Create an improvised test record after connecting through LTI" time="0.0"/>
  <testcase name="And I navigate to the &quot;Content Repository&quot; of current class" classname="Scenario: Create an improvised test record after connecting through LTI" time="0.0"/>
  <testcase name="When I choose creating new assignment in &quot;Default Unit&quot; unit from the main dropdown button" classname="Scenario: Create an improvised test record after connecting through LTI" time="0.0"/>
  <testcase name="Then Assignment Editor is opened" classname="Scenario: Create an improvised test record after connecting through LTI" time="0.0"/>
  <testcase name="When enter Assignment name &quot;Improvised A2&quot;" classname="Scenario: Create an improvised test record after connecting through LTI" time="0.0"/>
  <testcase name="And I click on the questions tab" classname="Scenario: Create an improvised test record after connecting through LTI" time="0.0"/>
  <testcase name="And I click the new question button" classname="Scenario: Create an improvised test record after connecting through LTI" time="0.0"/>
  <testcase name="And I create question &quot;Formula Question&quot; with label &quot;Formula Question Label&quot;" classname="Scenario: Create an improvised test record after connecting through LTI" time="0.0"/>
  <testcase name="And I create a Mathematical Formula response area in the assignment question editor" classname="Scenario: Create an improvised test record after connecting through LTI" time="0.0"/>
  <testcase name="And I save &amp; close the new question in the assignment editor" classname="Scenario: Create an improvised test record after connecting through LTI" time="0.0"/>
  <testcase name="Then verify the question caption text is &quot;Formula Question Label&quot;" classname="Scenario: Create an improvised test record after connecting through LTI" time="0.0"/>
  <testcase name="When I save &amp; close the assignment on the questions page" classname="Scenario: Create an improvised test record after connecting through LTI" time="0.001"/>
  <testcase name="Then I see summary of the assignment" classname="Scenario: Create an improvised test record after connecting through LTI" time="0.0"/>
  <testcase name="And I save and close the assignment summary details" classname="Scenario: Create an improvised test record after connecting through LTI" time="0.0"/>
  <testcase name="When I click the Register Users menu item" classname="Scenario: Create an improvised test record after connecting through LTI" time="0.0"/>
  <testcase name="And I click the Advanced Search link on the Register Users page" classname="Scenario: Create an improvised test record after connecting through LTI" time="0.0"/>
  <testcase name="And I enter &quot;sam&quot; into the User Login textbox on the Register Users page" classname="Scenario: Create an improvised test record after connecting through LTI" time="0.0"/>
  <testcase name="And I click the Search button on the Register Users page" classname="Scenario: Create an improvised test record after connecting through LTI" time="0.0"/>
  <testcase name="And I select the user &quot;sam&quot; in the list of users to add" classname="Scenario: Create an improvised test record after connecting through LTI" time="0.0"/>
  <testcase name="And I click the Register button on the Register Users page" classname="Scenario: Create an improvised test record after connecting through LTI" time="0.0"/>
  <testcase name="Then The users were successfully registered in the class" classname="Scenario: Create an improvised test record after connecting through LTI" time="0.0"/>
  <testcase name="When I navigate to the &quot;Class Grades&quot; in &quot;Gradebook&quot; of current class" classname="Scenario: Create an improvised test record after connecting through LTI" time="0.001"/>
  <testcase name="Then I am on the Class Grades page" classname="Scenario: Create an improvised test record after connecting through LTI" time="0.0"/>
  <testcase name="And I select &quot;Improvised A2 - Homework/Quiz&quot; in &quot;Assignments&quot; selection list" classname="Scenario: Create an improvised test record after connecting through LTI" time="0.0"/>
  <testcase name="And I put &quot;sam&quot; in the &quot;User&quot; input box" classname="Scenario: Create an improvised test record after connecting through LTI" time="0.0"/>
  <testcase name="And I click the Search button" classname="Scenario: Create an improvised test record after connecting through LTI" time="0.0"/>
  <testcase name="When I click the grade for the selected assignment" classname="Scenario: Create an improvised test record after connecting through LTI" time="0.001"/>
  <testcase name="Then I see the test record details of &quot;Improvised A2&quot; for user &quot;sam&quot;" classname="Scenario: Create an improvised test record after connecting through LTI" time="0.001"/>
  <testcase name="And I see my total score &quot;0/1.0&quot;" classname="Scenario: Create an improvised test record after connecting through LTI" time="0.0"/>
  <testcase name="And I see the Delete Record button" classname="Scenario: Create an improvised test record after connecting through LTI" time="0.0"/>
  <testcase name="classMethod" classname="Scenario: Create an improvised test record after connecting through LTI" time="32.043"/>
  <system-out><![CDATA[
  # MO-2116
  Scenario: Delete the improvised test record                                     ?[90m# gradebook/ManageImprovisedTestRecords.feature:160?[0m
    ?[32mWhen ?[0m?[32mI am on "Class Homepage" page of "?[0m?[32m?[1mDemonstration Class?[0m?[32m" class?[0m             ?[90m# ClassHomepageSteps.navigateToClassHomepage(String)?[0m
    ?[32mWhen ?[0m?[32mI navigate to the "?[0m?[32m?[1mClass Grades?[0m?[32m" in "?[0m?[32m?[1mGradebook?[0m?[32m" of current class?[0m         ?[90m# ClassHomepageSteps.navigateInClass(String,String)?[0m
    ?[32mThen ?[0m?[32mI am on the Class Grades page?[0m                                            ?[90m# GradebookClassGradesSteps.waitForClassGradesPage()?[0m
    ?[32mWhen ?[0m?[32mI select "?[0m?[32m?[1mImprovised A1 - Homework/Quiz?[0m?[32m" in "Assignments" selection list?[0m ?[90m# GradebookClassGradesSteps.selectAssignment(String)?[0m
    ?[32mAnd ?[0m?[32mI put "?[0m?[32m?[1msam?[0m?[32m" in the "User" input box?[0m                                       ?[90m# GradebookClassGradesSteps.inputUserLogin(String)?[0m
    ?[32mAnd ?[0m?[32mI click the Search button?[0m                                                 ?[90m# GradebookClassGradesSteps.clickSearch()?[0m
    ?[32mWhen ?[0m?[32mI click the grade for the selected assignment?[0m                            ?[90m# GradebookClassGradesSteps.clickGrade()?[0m
    ?[32mThen ?[0m?[32mI see the test record details of "?[0m?[32m?[1mImprovised A1?[0m?[32m" for user "?[0m?[32m?[1msam?[0m?[32m"?[0m          ?[90m# GradebookDetailsSteps.assertAssignmentTitleAndLoginVisible(String,String)?[0m
    ?[32mWhen ?[0m?[32mI click the Delete Record button?[0m                                         ?[90m# GradebookDetailsSteps.clickDeleteRecordButton()?[0m
    ?[32mThen ?[0m?[32mI am on the Class Grades page?[0m                                            ?[90m# GradebookClassGradesSteps.waitForClassGradesPage()?[0m
    ?[32mAnd ?[0m?[32mI assert that the grade is "?[0m?[32m?[1m-?[0m?[32m" for the selected assignment?[0m                ?[90m# GradebookClassGradesSteps.assertTotalGrade(String)?[0m
]]></system-out>
  <system-err><![CDATA[]]></system-err>
</testsuite>
