<?xml version="1.0" encoding="UTF-8"?>
<testsuite name="| linus |" tests="5" skipped="0" failures="0" errors="0" timestamp="2019-07-19T16:24:31" hostname="mo-acceptance-test-driver-182622c" time="2.535">
  <properties/>
  <testcase name="Given I am logged in as the default administrator" classname="| linus |" time="0.0"/>
  <testcase name="And I open the Create User page" classname="| linus |" time="0.0"/>
  <testcase name="When I enter the valid information for the user linus" classname="| linus |" time="0.0"/>
  <testcase name="Then the user linus is created" classname="| linus |" time="0.0"/>
  <testcase name="classMethod" classname="| linus |" time="3.506"/>
  <system-out><![CDATA[
  Scenario Outline: Successfully create a new user          ?[90m# CreateUser.feature:16?[0m
    ?[32mWhen ?[0m?[32mI enter the valid information for the user ?[0m?[32m?[1mcharlie?[0m ?[90m# AddUserSteps.enterValidUserDetails(String)?[0m
    ?[32mThen ?[0m?[32mthe user ?[0m?[32m?[1mcharlie?[0m?[32m is created?[0m                        ?[90m# AddUserSteps.assertUserIsAdded(String)?[0m
]]></system-out>
  <system-err><![CDATA[]]></system-err>
</testsuite>
