<?xml version="1.0" encoding="UTF-8"?>
<testsuite name="Scenario: Test How Did I Do? when taking a lesson" tests="24" skipped="0" failures="0" errors="0" timestamp="2019-07-19T16:29:11" hostname="mo-acceptance-test-driver-182622c" time="17.41">
  <properties/>
  <testcase name="Given I am logged in as the default administrator" classname="Scenario: Test How Did I Do? when taking a lesson" time="0.0"/>
  <testcase name="And I am on the Content Repository page of Demonstration Class" classname="Scenario: Test How Did I Do? when taking a lesson" time="0.0"/>
  <testcase name="And I choose creating new lesson in &quot;Student Readiness&quot; unit from the main dropdown button" classname="Scenario: Test How Did I Do? when taking a lesson" time="0.0"/>
  <testcase name="And Lesson Editor is opened" classname="Scenario: Test How Did I Do? when taking a lesson" time="0.0"/>
  <testcase name="When enter Lesson name &quot;How Did I Do? Lesson&quot;" classname="Scenario: Test How Did I Do? when taking a lesson" time="0.0"/>
  <testcase name="And I click the new question button on the lesson design page" classname="Scenario: Test How Did I Do? when taking a lesson" time="0.0"/>
  <testcase name="And I create question &quot;Formula Question&quot; with label &quot;Formula Question Label&quot;" classname="Scenario: Test How Did I Do? when taking a lesson" time="0.0"/>
  <testcase name="And I create a Mathematical Formula response area in the lesson question editor" classname="Scenario: Test How Did I Do? when taking a lesson" time="0.0"/>
  <testcase name="And I save &amp; close the new question in the assignment editor" classname="Scenario: Test How Did I Do? when taking a lesson" time="0.0"/>
  <testcase name="When I click on the Properties tab" classname="Scenario: Test How Did I Do? when taking a lesson" time="0.0"/>
  <testcase name="Then I check How Did I Do is checked by default in lesson" classname="Scenario: Test How Did I Do? when taking a lesson" time="0.0"/>
  <testcase name="When I save &amp; close the lesson on the properties page" classname="Scenario: Test How Did I Do? when taking a lesson" time="0.0"/>
  <testcase name="And I save and close the lesson summary details" classname="Scenario: Test How Did I Do? when taking a lesson" time="0.0"/>
  <testcase name="Then the new lesson &quot;How Did I Do? Lesson&quot; is visible in its own expanded column" classname="Scenario: Test How Did I Do? when taking a lesson" time="0.0"/>
  <testcase name="When I navigate to the System Homepage" classname="Scenario: Test How Did I Do? when taking a lesson" time="0.0"/>
  <testcase name="And I am on &quot;Class Homepage&quot; page of &quot;Demonstration Class&quot; class" classname="Scenario: Test How Did I Do? when taking a lesson" time="0.0"/>
  <testcase name="And I click on the &quot;How Did I Do? Lesson&quot; module in the &quot;Student Readiness&quot; unit" classname="Scenario: Test How Did I Do? when taking a lesson" time="0.0"/>
  <testcase name="Then the module &quot;How Did I Do? Lesson&quot; is opened without launch page" classname="Scenario: Test How Did I Do? when taking a lesson" time="0.0"/>
  <testcase name="When I enter &quot;2x&quot; in Mathematical Formula input" classname="Scenario: Test How Did I Do? when taking a lesson" time="0.0"/>
  <testcase name="Then I click How Did I Do in the lesson page" classname="Scenario: Test How Did I Do? when taking a lesson" time="0.0"/>
  <testcase name="Then I assert that the Mathematical Formula answer is correct" classname="Scenario: Test How Did I Do? when taking a lesson" time="0.0"/>
  <testcase name="Then I save and quit the lesson" classname="Scenario: Test How Did I Do? when taking a lesson" time="0.001"/>
  <testcase name="And I am on the Class Homepage" classname="Scenario: Test How Did I Do? when taking a lesson" time="0.0"/>
  <testcase name="classMethod" classname="Scenario: Test How Did I Do? when taking a lesson" time="18.426"/>
  <system-out><![CDATA[
  @Lesson @LessonEditor
  Scenario: Do not enable the option Allow Submit and verify that Submit Lesson is not present ?[90m# ManageLesson.feature:37?[0m
    ?[32mWhen ?[0m?[32menter Lesson name "?[0m?[32m?[1mLesson without Submit?[0m?[32m"?[0m                                             ?[90m# AssignmentEditorDetailsSteps.enterAssignmentName(String)?[0m
    ?[32mWhen ?[0m?[32mI save & close the lesson on the design page?[0m                                          ?[90m# LessonEditorSteps.saveAndCloseLesson()?[0m
    ?[32mThen ?[0m?[32mI see summary of the lesson with warning text "?[0m?[32m?[1mWARNING: Empty section?[0m?[32m"?[0m                ?[90m# AssignmentEditorDetailsSteps.assertNoQuestionsInAssignmentWarningMessageIsDisplayed(String)?[0m
    ?[32mWhen ?[0m?[32mI save it anyway?[0m                                                                      ?[90m# AssignmentEditorDetailsSteps.saveAssignmentAnyway()?[0m
    ?[32mAnd ?[0m?[32mI click the breadcrumb to return to the class homepage?[0m                                 ?[90m# PageLoadingSteps.returnToClassHomepage()?[0m
    ?[32mAnd ?[0m?[32mI click on the "?[0m?[32m?[1mLesson without Submit?[0m?[32m" module in the "?[0m?[32m?[1mStudent Readiness?[0m?[32m" unit?[0m          ?[90m# ClassHomepageSteps.clickOnModuleLink(String,String)?[0m
    ?[32mThen ?[0m?[32mthe module "?[0m?[32m?[1mLesson without Submit?[0m?[32m" is opened without launch page?[0m                      ?[90m# ClassHomepageSteps.switchToModulePage(String)?[0m
    ?[32mThen ?[0m?[32mI do not see the "Submit Lesson" button?[0m                                               ?[90m# LessonSteps.assertSubmitLessonButtonNotPresent()?[0m
]]></system-out>
  <system-err><![CDATA[]]></system-err>
</testsuite>
