<?xml version="1.0" encoding="UTF-8"?>
<testsuite name="Scenario: Verify the Show Launch Page policy cannot be unchecked when the Proctored Browser is required" tests="12" skipped="0" failures="0" errors="0" timestamp="2019-07-19T16:36:36" hostname="mo-acceptance-test-driver-182622c" time="6.068">
  <properties/>
  <testcase name="Given I am logged in as the default administrator" classname="Scenario: Verify the Show Launch Page policy cannot be unchecked when the Proctored Browser is required" time="0.0"/>
  <testcase name="And I am on the Content Repository page of Demonstration Class" classname="Scenario: Verify the Show Launch Page policy cannot be unchecked when the Proctored Browser is required" time="0.0"/>
  <testcase name="And I choose creating new assignment in &quot;Student Readiness&quot; unit from the main dropdown button" classname="Scenario: Verify the Show Launch Page policy cannot be unchecked when the Proctored Browser is required" time="0.0"/>
  <testcase name="And Assignment Editor is opened" classname="Scenario: Verify the Show Launch Page policy cannot be unchecked when the Proctored Browser is required" time="0.0"/>
  <testcase name="When I click on the set policies tab" classname="Scenario: Verify the Show Launch Page policy cannot be unchecked when the Proctored Browser is required" time="0.0"/>
  <testcase name="Then I see that the show launch page checkbox is set to true" classname="Scenario: Verify the Show Launch Page policy cannot be unchecked when the Proctored Browser is required" time="0.0"/>
  <testcase name="When I set the Require Proctored Browser checkbox to true" classname="Scenario: Verify the Show Launch Page policy cannot be unchecked when the Proctored Browser is required" time="0.0"/>
  <testcase name="And I set the proctor sign-in checkbox to false" classname="Scenario: Verify the Show Launch Page policy cannot be unchecked when the Proctored Browser is required" time="0.0"/>
  <testcase name="And I set the show launch page checkbox to false" classname="Scenario: Verify the Show Launch Page policy cannot be unchecked when the Proctored Browser is required" time="0.0"/>
  <testcase name="Then I see an alert message stating that the launch page must be displayed with proctored browser" classname="Scenario: Verify the Show Launch Page policy cannot be unchecked when the Proctored Browser is required" time="0.0"/>
  <testcase name="And I see that the show launch page checkbox is set to true" classname="Scenario: Verify the Show Launch Page policy cannot be unchecked when the Proctored Browser is required" time="0.0"/>
  <testcase name="classMethod" classname="Scenario: Verify the Show Launch Page policy cannot be unchecked when the Proctored Browser is required" time="7.116"/>
  <system-out><![CDATA[
  Scenario: Verify the Show Launch Page policy cannot be unchecked when the Proctor Authorization is required ?[90m# assignment/AssignmentPolicies.feature:31?[0m
    ?[32mWhen ?[0m?[32mI click on the set policies tab?[0m                                                                      ?[90m# AssignmentEditorPropertiesSteps.clickSetPoliciesTab()?[0m
    ?[32mThen ?[0m?[32mI see that the show launch page checkbox is set to ?[0m?[32m?[1mtrue?[0m                                              ?[90m# AssignmentEditorPropertiesSteps.assertShowLaunchPageState(boolean)?[0m
    ?[32mWhen ?[0m?[32mI set the proctor sign-in checkbox to ?[0m?[32m?[1mtrue?[0m                                                           ?[90m# AssignmentEditorPropertiesSteps.setProctorSignInState(boolean)?[0m
    ?[32mAnd ?[0m?[32mI set the show launch page checkbox to ?[0m?[32m?[1mfalse?[0m                                                          ?[90m# AssignmentEditorPropertiesSteps.setShowLaunchPageState(boolean)?[0m
    ?[32mThen ?[0m?[32mI see an alert message stating that the launch page must be displayed with proctor sign-in?[0m           ?[90m# AssignmentEditorPropertiesSteps.assertProctorSignInAlertVisible()?[0m
    ?[32mAnd ?[0m?[32mI see that the show launch page checkbox is set to ?[0m?[32m?[1mtrue?[0m                                               ?[90m# AssignmentEditorPropertiesSteps.assertShowLaunchPageState(boolean)?[0m
]]></system-out>
  <system-err><![CDATA[]]></system-err>
</testsuite>
