<?xml version="1.0" encoding="UTF-8"?>
<testsuite name="Scenario: Check that assignment password is displayed only when it should be" tests="42" skipped="0" failures="0" errors="0" timestamp="2019-07-19T16:13:19" hostname="mo-acceptance-test-driver-182622c" time="29.205">
  <properties/>
  <testcase name="Given I am logged in as the default administrator" classname="Scenario: Check that assignment password is displayed only when it should be" time="0.0"/>
  <testcase name="And I am on the Content Repository page of Demonstration Class" classname="Scenario: Check that assignment password is displayed only when it should be" time="0.0"/>
  <testcase name="When I choose creating new assignment in &quot;Student Readiness&quot; unit from the main dropdown button" classname="Scenario: Check that assignment password is displayed only when it should be" time="0.001"/>
  <testcase name="Then Assignment Editor is opened" classname="Scenario: Check that assignment password is displayed only when it should be" time="0.001"/>
  <testcase name="When I enter valid information for the assignment &quot;Password&quot;" classname="Scenario: Check that assignment password is displayed only when it should be" time="0.0"/>
  <testcase name="And I click on the questions tab" classname="Scenario: Check that assignment password is displayed only when it should be" time="0.001"/>
  <testcase name="And I click the new question button" classname="Scenario: Check that assignment password is displayed only when it should be" time="0.002"/>
  <testcase name="And I enter valid information for the question name as &quot;Test Question&quot;" classname="Scenario: Check that assignment password is displayed only when it should be" time="0.0"/>
  <testcase name="And I see the ckeditor" classname="Scenario: Check that assignment password is displayed only when it should be" time="0.0"/>
  <testcase name="And I click inside the question text editor" classname="Scenario: Check that assignment password is displayed only when it should be" time="0.0"/>
  <testcase name="And I click Response Area button to open the dialog and assert that the Choose Question Type page is visible" classname="Scenario: Check that assignment password is displayed only when it should be" time="0.0"/>
  <testcase name="And I choose &quot;True/False&quot; link from the dialog" classname="Scenario: Check that assignment password is displayed only when it should be" time="0.0"/>
  <testcase name="And I click OK" classname="Scenario: Check that assignment password is displayed only when it should be" time="0.0"/>
  <testcase name="And I save &amp; close the new question in the assignment editor" classname="Scenario: Check that assignment password is displayed only when it should be" time="0.001"/>
  <testcase name="When I click on the set policies tab" classname="Scenario: Check that assignment password is displayed only when it should be" time="0.0"/>
  <testcase name="And I select the Proctored Exam radio button" classname="Scenario: Check that assignment password is displayed only when it should be" time="0.0"/>
  <testcase name="And I set the password authorization checkbox to true" classname="Scenario: Check that assignment password is displayed only when it should be" time="0.0"/>
  <testcase name="And I set the assignment password to be &quot;test&quot;" classname="Scenario: Check that assignment password is displayed only when it should be" time="0.0"/>
  <testcase name="And I set the grade authorization checkbox to true" classname="Scenario: Check that assignment password is displayed only when it should be" time="0.0"/>
  <testcase name="And I set the maximum attempts to 1" classname="Scenario: Check that assignment password is displayed only when it should be" time="0.0"/>
  <testcase name="And I save &amp; close the assignment on the policies page" classname="Scenario: Check that assignment password is displayed only when it should be" time="0.0"/>
  <testcase name="Then I see summary of the assignment" classname="Scenario: Check that assignment password is displayed only when it should be" time="0.0"/>
  <testcase name="When I save and close the assignment summary details" classname="Scenario: Check that assignment password is displayed only when it should be" time="0.001"/>
  <testcase name="Then the new lesson &quot;Password&quot; is visible in its own expanded column" classname="Scenario: Check that assignment password is displayed only when it should be" time="0.0"/>
  <testcase name="When I navigate to the System Homepage" classname="Scenario: Check that assignment password is displayed only when it should be" time="0.0"/>
  <testcase name="And I am on &quot;Class Homepage&quot; page of &quot;Demonstration Class&quot; class" classname="Scenario: Check that assignment password is displayed only when it should be" time="0.0"/>
  <testcase name="And I start the &quot;Password&quot; proctored assignment in &quot;Student Readiness&quot; unit" classname="Scenario: Check that assignment password is displayed only when it should be" time="0.0"/>
  <testcase name="When I am on the assignment authorization page" classname="Scenario: Check that assignment password is displayed only when it should be" time="0.0"/>
  <testcase name="Then The assignment password entry is present" classname="Scenario: Check that assignment password is displayed only when it should be" time="0.0"/>
  <testcase name="When I authorize with assignment password &quot;test&quot;" classname="Scenario: Check that assignment password is displayed only when it should be" time="0.0"/>
  <testcase name="When I submit the assignment" classname="Scenario: Check that assignment password is displayed only when it should be" time="0.001"/>
  <testcase name="And I see the submission report with warning text &quot;Warning: There appears to be errors in one or more of your answers.&quot;" classname="Scenario: Check that assignment password is displayed only when it should be" time="0.001"/>
  <testcase name="When I submit the assignment" classname="Scenario: Check that assignment password is displayed only when it should be" time="0.0"/>
  <testcase name="When I am on the assignment authorization page" classname="Scenario: Check that assignment password is displayed only when it should be" time="0.0"/>
  <testcase name="Then The assignment password entry is present" classname="Scenario: Check that assignment password is displayed only when it should be" time="0.0"/>
  <testcase name="And I authorize with assignment password &quot;test&quot;" classname="Scenario: Check that assignment password is displayed only when it should be" time="0.0"/>
  <testcase name="And quit and save the assignment without switching frames" classname="Scenario: Check that assignment password is displayed only when it should be" time="0.0"/>
  <testcase name="And I am on the Class Homepage" classname="Scenario: Check that assignment password is displayed only when it should be" time="0.0"/>
  <testcase name="When I start the &quot;Password&quot; proctored assignment in &quot;Student Readiness&quot; unit" classname="Scenario: Check that assignment password is displayed only when it should be" time="0.0"/>
  <testcase name="And I am on the assignment authorization page" classname="Scenario: Check that assignment password is displayed only when it should be" time="0.0"/>
  <testcase name="Then The assignment password entry is absent" classname="Scenario: Check that assignment password is displayed only when it should be" time="0.0"/>
  <testcase name="classMethod" classname="Scenario: Check that assignment password is displayed only when it should be" time="30.204"/>
  <system-out><![CDATA[]]></system-out>
  <system-err><![CDATA[]]></system-err>
</testsuite>
