<?xml version="1.0" encoding="UTF-8"?>
<testsuite name="Scenario: Create a user and enroll them into demo class." tests="24" skipped="0" failures="0" errors="0" timestamp="2019-07-19T16:25:05" hostname="mo-acceptance-test-driver-182622c" time="9.791">
  <properties/>
  <testcase name="Given I am logged in as the default administrator" classname="Scenario: Create a user and enroll them into demo class." time="0.0"/>
  <testcase name="When I open the Create User page" classname="Scenario: Create a user and enroll them into demo class." time="0.0"/>
  <testcase name="And I enter the valid information for the user sally" classname="Scenario: Create a user and enroll them into demo class." time="0.0"/>
  <testcase name="Then the user sally is created" classname="Scenario: Create a user and enroll them into demo class." time="0.0"/>
  <testcase name="When I navigate to the System Homepage" classname="Scenario: Create a user and enroll them into demo class." time="0.0"/>
  <testcase name="Then I am on the System Homepage" classname="Scenario: Create a user and enroll them into demo class." time="0.0"/>
  <testcase name="Then I am on &quot;Class Homepage&quot; page of &quot;Demonstration Class&quot; class" classname="Scenario: Create a user and enroll them into demo class." time="0.0"/>
  <testcase name="When I click the Register Users menu item" classname="Scenario: Create a user and enroll them into demo class." time="0.0"/>
  <testcase name="And I click the Advanced Search link on the Register Users page" classname="Scenario: Create a user and enroll them into demo class." time="0.0"/>
  <testcase name="And I enter &quot;sally&quot; into the User Login textbox on the Register Users page" classname="Scenario: Create a user and enroll them into demo class." time="0.0"/>
  <testcase name="And I click the Search button on the Register Users page" classname="Scenario: Create a user and enroll them into demo class." time="0.0"/>
  <testcase name="And I select the user &quot;sally&quot; in the list of users to add" classname="Scenario: Create a user and enroll them into demo class." time="0.0"/>
  <testcase name="And I click the Register button on the Register Users page" classname="Scenario: Create a user and enroll them into demo class." time="0.001"/>
  <testcase name="Then The users were successfully registered in the class" classname="Scenario: Create a user and enroll them into demo class." time="0.0"/>
  <testcase name="And I am on the Register Users page" classname="Scenario: Create a user and enroll them into demo class." time="0.0"/>
  <testcase name="When I navigate to the System Homepage" classname="Scenario: Create a user and enroll them into demo class." time="0.0"/>
  <testcase name="Then I am on the System Homepage" classname="Scenario: Create a user and enroll them into demo class." time="0.0"/>
  <testcase name="Then I am on &quot;Class Homepage&quot; page of &quot;Demonstration Class&quot; class" classname="Scenario: Create a user and enroll them into demo class." time="0.0"/>
  <testcase name="When I click the Search for Users menu item" classname="Scenario: Create a user and enroll them into demo class." time="0.0"/>
  <testcase name="Then I am on the Class User Search page" classname="Scenario: Create a user and enroll them into demo class." time="0.0"/>
  <testcase name="When I enter search criteria for sally on Class User Search page" classname="Scenario: Create a user and enroll them into demo class." time="0.0"/>
  <testcase name="And I click the Search button on the Class User Search page" classname="Scenario: Create a user and enroll them into demo class." time="0.0"/>
  <testcase name="Then User sally is found on Class User Search page" classname="Scenario: Create a user and enroll them into demo class." time="0.0"/>
  <testcase name="classMethod" classname="Scenario: Create a user and enroll them into demo class." time="10.882"/>
  <system-out><![CDATA[]]></system-out>
  <system-err><![CDATA[]]></system-err>
</testsuite>
