<?xml version="1.0" encoding="UTF-8"?>
<testsuite name="| patty |" tests="5" skipped="0" failures="0" errors="0" timestamp="2019-07-19T16:24:24" hostname="mo-acceptance-test-driver-182622c" time="2.954">
  <properties/>
  <testcase name="Given I am logged in as the default administrator" classname="| patty |" time="0.0"/>
  <testcase name="And I open the Create User page" classname="| patty |" time="0.0"/>
  <testcase name="When I enter the valid information for the user patty" classname="| patty |" time="0.0"/>
  <testcase name="Then the user patty is created" classname="| patty |" time="0.0"/>
  <testcase name="classMethod" classname="| patty |" time="3.917"/>
  <system-out><![CDATA[]]></system-out>
  <system-err><![CDATA[]]></system-err>
</testsuite>
