<?xml version="1.0" encoding="UTF-8"?>
<testsuite name="Scenario: Fail to create student due to missing password" tests="5" skipped="0" failures="0" errors="0" timestamp="2019-07-19T16:24:54" hostname="mo-acceptance-test-driver-182622c" time="2.203">
  <properties/>
  <testcase name="Given I am logged in as the default administrator" classname="Scenario: Fail to create student due to missing password" time="0.0"/>
  <testcase name="And I open the Create User page" classname="Scenario: Fail to create student due to missing password" time="0.0"/>
  <testcase name="When I enter valid information for user &quot;patty&quot; except her password" classname="Scenario: Fail to create student due to missing password" time="0.0"/>
  <testcase name="Then I should see an error message indicating the missing password" classname="Scenario: Fail to create student due to missing password" time="0.0"/>
  <testcase name="classMethod" classname="Scenario: Fail to create student due to missing password" time="3.164"/>
  <system-out><![CDATA[
  Scenario: Fail to create student due to missing username                ?[90m# CreateUser.feature:36?[0m
    ?[32mWhen ?[0m?[32mI enter valid information for user "?[0m?[32m?[1mcharlie?[0m?[32m" except his username?[0m ?[90m# AddUserSteps.enterValidUserDetailsExceptUserLogin(String)?[0m
    ?[32mThen ?[0m?[32mI should see an error message indicating the missing username?[0m    ?[90m# AddUserSteps.assertUserLoginMissingErrorMessageIsDisplayed()?[0m
]]></system-out>
  <system-err><![CDATA[]]></system-err>
</testsuite>
