<?xml version="1.0" encoding="UTF-8"?>
<testsuite name="Scenario: Check that the name can have more than 25 characters" tests="16" skipped="0" failures="0" errors="0" timestamp="2019-07-19T17:16:45" hostname="mo-acceptance-test-driver-182622c" time="7.208">
  <properties/>
  <testcase name="Given I am logged in as the default administrator" classname="Scenario: Check that the name can have more than 25 characters" time="0.0"/>
  <testcase name="Then I navigate to the System Homepage" classname="Scenario: Check that the name can have more than 25 characters" time="0.0"/>
  <testcase name="And I am on the Content Repository page of Demonstration Class" classname="Scenario: Check that the name can have more than 25 characters" time="0.0"/>
  <testcase name="When I navigate to the &quot;Grade Reports&quot; in &quot;Gradebook&quot; of current class" classname="Scenario: Check that the name can have more than 25 characters" time="0.0"/>
  <testcase name="And I click the new snapshot button" classname="Scenario: Check that the name can have more than 25 characters" time="0.0"/>
  <testcase name="And I click the &quot;Add Group&quot; button in the snapshot editor" classname="Scenario: Check that the name can have more than 25 characters" time="0.0"/>
  <testcase name="And I set the &quot;Group Name&quot; textbox input to &quot;abcdefghijklmnopqrstuvwxyz&quot;" classname="Scenario: Check that the name can have more than 25 characters" time="0.0"/>
  <testcase name="And I set the &quot;Weight&quot; textbox input to &quot;100&quot;" classname="Scenario: Check that the name can have more than 25 characters" time="0.0"/>
  <testcase name="And I check assignment &quot;Student Readiness Test&quot;" classname="Scenario: Check that the name can have more than 25 characters" time="0.0"/>
  <testcase name="Then I click the save group button" classname="Scenario: Check that the name can have more than 25 characters" time="0.0"/>
  <testcase name="When I set the snapshot name to &quot;abcdefghijklmnopqrstuvwxyz&quot;" classname="Scenario: Check that the name can have more than 25 characters" time="0.0"/>
  <testcase name="And I set the visibility checkbox of the snapshot to checked" classname="Scenario: Check that the name can have more than 25 characters" time="0.0"/>
  <testcase name="And I click the &quot;Save&quot; button in the snapshot editor" classname="Scenario: Check that the name can have more than 25 characters" time="0.0"/>
  <testcase name="Then I am on the Snapshot Homepage" classname="Scenario: Check that the name can have more than 25 characters" time="0.001"/>
  <testcase name="And I see &quot;abcdefghijklmnopqrstuvwxyz&quot; in the list of snapshots" classname="Scenario: Check that the name can have more than 25 characters" time="0.0"/>
  <testcase name="classMethod" classname="Scenario: Check that the name can have more than 25 characters" time="8.169"/>
  <system-out><![CDATA[
  Scenario: Ensure that a snapshot can be created and loaded               ?[90m# snapshot/SnapshotEditor.feature:27?[0m
    ?[32mWhen ?[0m?[32mI navigate to the "?[0m?[32m?[1mGrade Reports?[0m?[32m" in "?[0m?[32m?[1mGradebook?[0m?[32m" of current class?[0m ?[90m# ClassHomepageSteps.navigateInClass(String,String)?[0m
    ?[32mAnd ?[0m?[32mI click the new snapshot button?[0m                                    ?[90m# SnapshotHomepageSteps.clickNewButton()?[0m
    ?[32mAnd ?[0m?[32mI click the "?[0m?[32m?[1mAdd Group?[0m?[32m" button in the snapshot editor?[0m              ?[90m# SnapshotEditorSteps.clickButton(String)?[0m
    ?[32mAnd ?[0m?[32mI set the "?[0m?[32m?[1mGroup Name?[0m?[32m" textbox input to "?[0m?[32m?[1mGroup?[0m?[32m"?[0m                    ?[90m# SnapshotGroupSteps.setTextbox(String,String)?[0m
    ?[32mAnd ?[0m?[32mI set the "?[0m?[32m?[1mWeight?[0m?[32m" textbox input to "?[0m?[32m?[1m100?[0m?[32m"?[0m                          ?[90m# SnapshotGroupSteps.setTextbox(String,String)?[0m
    ?[32mAnd ?[0m?[32mI ?[0m?[32m?[1mcheck?[0m?[32m assignment "?[0m?[32m?[1mStudent Readiness Test?[0m?[32m"?[0m                        ?[90m# SnapshotGroupSteps.selectAssignment(String,String)?[0m
    ?[32mThen ?[0m?[32mI click the save group button?[0m                                     ?[90m# SnapshotGroupSteps.clickSaveGroup()?[0m
    ?[32mWhen ?[0m?[32mI set the snapshot name to "?[0m?[32m?[1mTest GR?[0m?[32m"?[0m                              ?[90m# SnapshotEditorSteps.setSnapshotName(String)?[0m
    ?[32mAnd ?[0m?[32mI set the visibility checkbox of the snapshot to ?[0m?[32m?[1mchecked?[0m           ?[90m# SnapshotEditorSteps.setSnapshotVisibility(String)?[0m
    ?[32mAnd ?[0m?[32mI click the "?[0m?[32m?[1mSave?[0m?[32m" button in the snapshot editor?[0m                   ?[90m# SnapshotEditorSteps.clickButton(String)?[0m
    ?[32mThen ?[0m?[32mI am on the Snapshot Homepage?[0m                                     ?[90m# SnapshotHomepageSteps.assertOnPage()?[0m
    ?[32mAnd ?[0m?[32mI see "?[0m?[32m?[1mTest GR?[0m?[32m" in the list of snapshots?[0m                           ?[90m# SnapshotHomepageSteps.assertSnapshotInList(String)?[0m
    ?[32mWhen ?[0m?[32mI load the snapshot "?[0m?[32m?[1mTest GR?[0m?[32m"?[0m                                     ?[90m# SnapshotHomepageSteps.loadSnapShot(String)?[0m
    ?[32mThen ?[0m?[32mI see the snapshot "?[0m?[32m?[1mTest GR?[0m?[32m"?[0m                                      ?[90m# SnapshotHomepageSteps.assertSnapshotLoaded(String)?[0m
]]></system-out>
  <system-err><![CDATA[]]></system-err>
</testsuite>
