<?xml version="1.0" encoding="UTF-8"?>
<testsuite name="Scenario: Roots groups is not displayed" tests="12" skipped="0" failures="0" errors="0" timestamp="2019-07-19T17:16:12" hostname="mo-acceptance-test-driver-182622c" time="6.696">
  <properties/>
  <testcase name="Given I am logged in as the default administrator" classname="Scenario: Roots groups is not displayed" time="0.0"/>
  <testcase name="And I am on the Content Repository page of Demonstration Class" classname="Scenario: Roots groups is not displayed" time="0.0"/>
  <testcase name="When I click &quot;All Content Types&quot; in the &quot;Current Class&quot; column" classname="Scenario: Roots groups is not displayed" time="0.0"/>
  <testcase name="And I click &quot;Student Readiness&quot; in the &quot;All Content Types&quot; column" classname="Scenario: Roots groups is not displayed" time="0.0"/>
  <testcase name="Then I see &quot;Navigation&quot; is visible in the &quot;Student Readiness&quot; column" classname="Scenario: Roots groups is not displayed" time="0.0"/>
  <testcase name="When I click on &quot;Navigation&quot; in the &quot;Student Readiness&quot; column" classname="Scenario: Roots groups is not displayed" time="0.0"/>
  <testcase name="Then I see the Edit Details button is visible" classname="Scenario: Roots groups is not displayed" time="0.0"/>
  <testcase name="When I click the Edit Details button" classname="Scenario: Roots groups is not displayed" time="0.0"/>
  <testcase name="Then I see the Edit Details Modal is visible" classname="Scenario: Roots groups is not displayed" time="0.0"/>
  <testcase name="And I do not see &quot;Root Group&quot; Group in the Edit Details Modal Groups" classname="Scenario: Roots groups is not displayed" time="0.0"/>
  <testcase name="And I do see &quot;Student Readiness&quot; Group in the Edit Details Modal Groups" classname="Scenario: Roots groups is not displayed" time="0.0"/>
  <testcase name="classMethod" classname="Scenario: Roots groups is not displayed" time="7.676"/>
  <system-out><![CDATA[]]></system-out>
  <system-err><![CDATA[]]></system-err>
</testsuite>
