<?xml version="1.0" encoding="UTF-8"?>
<testsuite name="Scenario: Create a new question containing the question types having At sign, preview it and save it" tests="50" skipped="0" failures="0" errors="0" timestamp="2019-07-19T16:22:45" hostname="mo-acceptance-test-driver-182622c" time="43.836">
  <properties/>
  <testcase name="Given I am logged in as the default administrator" classname="Scenario: Create a new question containing the question types having At sign, preview it and save it" time="0.0"/>
  <testcase name="And I am on the Content Repository page of Demonstration Class" classname="Scenario: Create a new question containing the question types having At sign, preview it and save it" time="0.0"/>
  <testcase name="And I choose creating new question/Text from the main dropdown button" classname="Scenario: Create a new question containing the question types having At sign, preview it and save it" time="0.0"/>
  <testcase name="And Question Designer is opened" classname="Scenario: Create a new question containing the question types having At sign, preview it and save it" time="0.0"/>
  <testcase name="When I enter valid information for the question name as &quot;New Question - At Sign&quot;" classname="Scenario: Create a new question containing the question types having At sign, preview it and save it" time="0.0"/>
  <testcase name="And I click inside the question text editor" classname="Scenario: Create a new question containing the question types having At sign, preview it and save it" time="0.0"/>
  <testcase name="When I click Response Area button to open the dialog and assert that the Choose Question Type page is visible" classname="Scenario: Create a new question containing the question types having At sign, preview it and save it" time="0.0"/>
  <testcase name="And I click Cancel on the Choose Question Type page" classname="Scenario: Create a new question containing the question types having At sign, preview it and save it" time="0.0"/>
  <testcase name="When I click Response Area button to open the dialog and assert that the Choose Question Type page is visible" classname="Scenario: Create a new question containing the question types having At sign, preview it and save it" time="0.0"/>
  <testcase name="When I choose &quot;HTML&quot; link from the dialog and complete the correct answer using At sign" classname="Scenario: Create a new question containing the question types having At sign, preview it and save it" time="0.0"/>
  <testcase name="And I click OK" classname="Scenario: Create a new question containing the question types having At sign, preview it and save it" time="0.0"/>
  <testcase name="Then I assert the invalid character message is visible" classname="Scenario: Create a new question containing the question types having At sign, preview it and save it" time="0.0"/>
  <testcase name="And I click Cancel" classname="Scenario: Create a new question containing the question types having At sign, preview it and save it" time="0.001"/>
  <testcase name="When I click Response Area button to open the dialog and assert that the Choose Question Type page is visible" classname="Scenario: Create a new question containing the question types having At sign, preview it and save it" time="0.001"/>
  <testcase name="When I choose &quot;List&quot; link from the dialog and complete the correct answer using At sign" classname="Scenario: Create a new question containing the question types having At sign, preview it and save it" time="0.0"/>
  <testcase name="And I click OK" classname="Scenario: Create a new question containing the question types having At sign, preview it and save it" time="0.0"/>
  <testcase name="Then I see the &quot;List Drop-down Menu&quot; Question Widget in the question text section" classname="Scenario: Create a new question containing the question types having At sign, preview it and save it" time="0.0"/>
  <testcase name="When I click Response Area button to open the dialog and assert that the Choose Question Type page is visible" classname="Scenario: Create a new question containing the question types having At sign, preview it and save it" time="0.0"/>
  <testcase name="When I choose &quot;Maple-graded&quot; link from the dialog and complete the correct answer using At sign" classname="Scenario: Create a new question containing the question types having At sign, preview it and save it" time="0.0"/>
  <testcase name="And I click OK" classname="Scenario: Create a new question containing the question types having At sign, preview it and save it" time="0.0"/>
  <testcase name="Then I assert the invalid character message is visible" classname="Scenario: Create a new question containing the question types having At sign, preview it and save it" time="0.0"/>
  <testcase name="And I click Cancel" classname="Scenario: Create a new question containing the question types having At sign, preview it and save it" time="0.0"/>
  <testcase name="When I click Response Area button to open the dialog and assert that the Choose Question Type page is visible" classname="Scenario: Create a new question containing the question types having At sign, preview it and save it" time="0.0"/>
  <testcase name="When I choose &quot;Matching&quot; link from the dialog and complete the correct answer using At sign" classname="Scenario: Create a new question containing the question types having At sign, preview it and save it" time="0.0"/>
  <testcase name="And I click OK" classname="Scenario: Create a new question containing the question types having At sign, preview it and save it" time="0.0"/>
  <testcase name="Then I see the &quot;Matching&quot; Question Widget in the question text section" classname="Scenario: Create a new question containing the question types having At sign, preview it and save it" time="0.0"/>
  <testcase name="When I click Response Area button to open the dialog and assert that the Choose Question Type page is visible" classname="Scenario: Create a new question containing the question types having At sign, preview it and save it" time="0.0"/>
  <testcase name="When I choose &quot;Mathematical Formula&quot; link from the dialog and complete the correct answer using At sign" classname="Scenario: Create a new question containing the question types having At sign, preview it and save it" time="0.0"/>
  <testcase name="And I click OK" classname="Scenario: Create a new question containing the question types having At sign, preview it and save it" time="0.0"/>
  <testcase name="Then I assert the invalid character message is visible" classname="Scenario: Create a new question containing the question types having At sign, preview it and save it" time="0.0"/>
  <testcase name="And I click Cancel" classname="Scenario: Create a new question containing the question types having At sign, preview it and save it" time="0.0"/>
  <testcase name="When I click Response Area button to open the dialog and assert that the Choose Question Type page is visible" classname="Scenario: Create a new question containing the question types having At sign, preview it and save it" time="0.0"/>
  <testcase name="When I choose &quot;Multiple Choice&quot; link from the dialog and complete the correct answer using At sign" classname="Scenario: Create a new question containing the question types having At sign, preview it and save it" time="0.0"/>
  <testcase name="And I click OK" classname="Scenario: Create a new question containing the question types having At sign, preview it and save it" time="0.0"/>
  <testcase name="Then I see the &quot;Multiple Choice&quot; Question Widget in the question text section" classname="Scenario: Create a new question containing the question types having At sign, preview it and save it" time="0.0"/>
  <testcase name="When I click Response Area button to open the dialog and assert that the Choose Question Type page is visible" classname="Scenario: Create a new question containing the question types having At sign, preview it and save it" time="0.0"/>
  <testcase name="When I choose &quot;Numeric&quot; link from the dialog and complete the correct answer using At sign" classname="Scenario: Create a new question containing the question types having At sign, preview it and save it" time="0.0"/>
  <testcase name="And I click OK" classname="Scenario: Create a new question containing the question types having At sign, preview it and save it" time="0.0"/>
  <testcase name="Then I assert the invalid character message is visible" classname="Scenario: Create a new question containing the question types having At sign, preview it and save it" time="0.0"/>
  <testcase name="And I click Cancel" classname="Scenario: Create a new question containing the question types having At sign, preview it and save it" time="0.0"/>
  <testcase name="When I click Response Area button to open the dialog and assert that the Choose Question Type page is visible" classname="Scenario: Create a new question containing the question types having At sign, preview it and save it" time="0.0"/>
  <testcase name="When I choose &quot;Sorting&quot; link from the dialog and complete the correct answer using At sign" classname="Scenario: Create a new question containing the question types having At sign, preview it and save it" time="0.0"/>
  <testcase name="And I click OK" classname="Scenario: Create a new question containing the question types having At sign, preview it and save it" time="0.0"/>
  <testcase name="Then I see the &quot;Sorting&quot; Question Widget in the question text section" classname="Scenario: Create a new question containing the question types having At sign, preview it and save it" time="0.0"/>
  <testcase name="And I click the Preview button" classname="Scenario: Create a new question containing the question types having At sign, preview it and save it" time="0.0"/>
  <testcase name="Then I assert that all the questions rendered properly with At Sign on the Question Preview page" classname="Scenario: Create a new question containing the question types having At sign, preview it and save it" time="0.0"/>
  <testcase name="Then I close the question preview window" classname="Scenario: Create a new question containing the question types having At sign, preview it and save it" time="0.0"/>
  <testcase name="Then I click the question designer Save &amp; Close button" classname="Scenario: Create a new question containing the question types having At sign, preview it and save it" time="0.0"/>
  <testcase name="Then I see that I am on the Content Repository page" classname="Scenario: Create a new question containing the question types having At sign, preview it and save it" time="0.0"/>
  <testcase name="classMethod" classname="Scenario: Create a new question containing the question types having At sign, preview it and save it" time="44.861"/>
  <system-out><![CDATA[
  Scenario: Create a new Math App question and preview it                                                        ?[90m# CreateQuestion.feature:257?[0m
    ?[32mWhen ?[0m?[32mI click the question designer Save & Close button?[0m                                                       ?[90m# QuestionDesignerSteps.clickSaveAndCloseButton()?[0m
    ?[32mThen ?[0m?[32mI navigate to the System Homepage?[0m                                                                       ?[90m# SystemHomepageSteps.navigateToSystemHomepage()?[0m
    ?[32mThen ?[0m?[32mI navigate to the System Settings page?[0m                                                                  ?[90m# SystemSettingsSteps.navigateToSystemSettingsPage()?[0m
    ?[32mAnd ?[0m?[32mI change the Math App engine selection to "?[0m?[32m?[1mMapleNet (Math App)?[0m?[32m"?[0m                                          ?[90m# SystemSettingsSteps.selectMathAppEngine(String)?[0m
    ?[32mAnd ?[0m?[32mI submit the changes to System Settings?[0m                                                                  ?[90m# SystemSettingsSteps.submitChanges()?[0m
    ?[32mAnd ?[0m?[32mThe changes to System Settings were successfully saved.?[0m                                                  ?[90m# SystemSettingsSteps.assertChangesSaved()?[0m
    ?[32mWhen ?[0m?[32mI navigate to the System Homepage?[0m                                                                       ?[90m# SystemHomepageSteps.navigateToSystemHomepage()?[0m
    ?[32mAnd ?[0m?[32mI am on the Content Repository page of ?[0m?[32m?[1mDemonstration Class?[0m                                               ?[90m# ContentRepositorySteps.navigateToContentRepositoryOfClass(String)?[0m
    ?[32mAnd ?[0m?[32mI choose creating new question/Text from the main dropdown button?[0m                                        ?[90m# ContentRepositorySteps.chooseCreatingNewQuestionFromMainDropdownButton()?[0m
    ?[32mAnd ?[0m?[32mQuestion Designer is opened?[0m                                                                              ?[90m# QuestionDesignerSteps.assertQuestionDesignerPageIsOpened()?[0m
    ?[32mWhen ?[0m?[32mI enter valid information for the question name as "?[0m?[32m?[1mNew Question 3?[0m?[32m"?[0m                                     ?[90m# QuestionDesignerSteps.enterQuestionName(String)?[0m
    ?[32mAnd ?[0m?[32mI click inside the question text editor?[0m                                                                  ?[90m# QuestionDesignerSteps.clickInsideQuestionTextEditor()?[0m
    ?[32mAnd ?[0m?[32mI click Response Area button to open the dialog and assert that the Choose Question Type page is visible?[0m ?[90m# QuestionDesignerSteps.clickInsertResponseAreaButton()?[0m
    ?[32mWhen ?[0m?[32mI choose "?[0m?[32m?[1mMath App?[0m?[32m" link from the dialog and complete the correct answer?[0m                                ?[90m# QuestionDesignerSteps.chooseTypeAndCompleteCorrectAnswer(String)?[0m
    ?[32mAnd ?[0m?[32mI click OK?[0m                                                                                               ?[90m# QuestionDesignerSteps.clickResponseDialogOkButton()?[0m
    ?[32mThen ?[0m?[32mI see the "?[0m?[32m?[1mMath App?[0m?[32m" Question Widget in the question text section?[0m                                       ?[90m# QuestionDesignerSteps.assertQuestionWidgetIsInserted(String)?[0m
    ?[32mThen ?[0m?[32mI click the Preview button?[0m                                                                              ?[90m# QuestionDesignerSteps.clickPreviewButton()?[0m
    ?[32mAnd ?[0m?[32mI assert that the ?[0m?[32m?[1mMath App?[0m?[32m question is rendered properly on the Question Preview page?[0m                    ?[90m# QuestionPreviewSteps.assertQuestionRenderedCorrectly(String)?[0m
    ?[32mThen ?[0m?[32mI close the question preview window?[0m                                                                     ?[90m# QuestionPreviewSteps.closeQuestionPreviewWindow()?[0m
    ?[32mThen ?[0m?[32mI click the question designer Save & Close button?[0m                                                       ?[90m# QuestionDesignerSteps.clickSaveAndCloseButton()?[0m
    ?[32mThen ?[0m?[32mI see that I am on the Content Repository page?[0m                                                          ?[90m# ContentRepositorySteps.assertOnRepositoryPage()?[0m
]]></system-out>
  <system-err><![CDATA[]]></system-err>
</testsuite>
