<?xml version="1.0" encoding="UTF-8"?>
<testsuite name="| INVALID_EMAIL | Value is an invalid email address. |" tests="6" skipped="0" failures="0" errors="0" timestamp="2019-07-19T16:32:36" hostname="mo-acceptance-test-driver-182622c" time="1.239">
  <properties/>
  <testcase name="Given I navigate to the Maple TA login page" classname="| INVALID_EMAIL | Value is an invalid email address. |" time="0.0"/>
  <testcase name="And I click the forgot your password link" classname="| INVALID_EMAIL | Value is an invalid email address. |" time="0.0"/>
  <testcase name="Then I am on the password reset page" classname="| INVALID_EMAIL | Value is an invalid email address. |" time="0.0"/>
  <testcase name="When I enter the invalid email address INVALID_EMAIL" classname="| INVALID_EMAIL | Value is an invalid email address. |" time="0.0"/>
  <testcase name="Then I see the password reset error message Value is an invalid email address." classname="| INVALID_EMAIL | Value is an invalid email address. |" time="0.0"/>
  <testcase name="classMethod" classname="| INVALID_EMAIL | Value is an invalid email address. |" time="1.253"/>
  <system-out><![CDATA[
  Scenario Outline: User enters an invalid email address           ?[90m# PasswordReset.feature:19?[0m
    ?[32mWhen ?[0m?[32mI enter the invalid email address ?[0m?[32m?[1m?[0m                        ?[90m# PasswordResetSteps.enterInvalidEmailAddress(String)?[0m
    ?[32mThen ?[0m?[32mI see the password reset error message ?[0m?[32m?[1mValue is required.?[0m ?[90m# PasswordResetSteps.assertEmailIsInvalid(String)?[0m
]]></system-out>
  <system-err><![CDATA[]]></system-err>
</testsuite>
