<?xml version="1.0" encoding="UTF-8"?>
<testsuite name="Scenario: Verify that reset completed user-tours button works" tests="26" skipped="0" failures="0" errors="0" timestamp="2019-07-19T17:26:03" hostname="mo-acceptance-test-driver-182622c" time="14.874">
  <properties/>
  <testcase name="Given I am logged in as the default administrator" classname="Scenario: Verify that reset completed user-tours button works" time="0.0"/>
  <testcase name="Then I am on the System Homepage" classname="Scenario: Verify that reset completed user-tours button works" time="0.0"/>
  <testcase name="Then I navigate to the System Settings page" classname="Scenario: Verify that reset completed user-tours button works" time="0.0"/>
  <testcase name="And I set the Enable User Tours checkbox state to true" classname="Scenario: Verify that reset completed user-tours button works" time="0.0"/>
  <testcase name="And I submit the changes to System Settings" classname="Scenario: Verify that reset completed user-tours button works" time="0.0"/>
  <testcase name="And The changes to System Settings were successfully saved." classname="Scenario: Verify that reset completed user-tours button works" time="0.0"/>
  <testcase name="Then I click on the View Profile link" classname="Scenario: Verify that reset completed user-tours button works" time="0.0"/>
  <testcase name="And I reset completed user-tours" classname="Scenario: Verify that reset completed user-tours button works" time="0.0"/>
  <testcase name="Then I navigate to the System Homepage" classname="Scenario: Verify that reset completed user-tours button works" time="0.0"/>
  <testcase name="When I click on the View Profile link" classname="Scenario: Verify that reset completed user-tours button works" time="0.0"/>
  <testcase name="And I reset completed user-tours" classname="Scenario: Verify that reset completed user-tours button works" time="0.0"/>
  <testcase name="Then I navigate to the System Homepage" classname="Scenario: Verify that reset completed user-tours button works" time="0.0"/>
  <testcase name="And I am on &quot;Class Homepage&quot; page of &quot;Demonstration Class&quot; class" classname="Scenario: Verify that reset completed user-tours button works" time="0.0"/>
  <testcase name="Then The user tour is present on page" classname="Scenario: Verify that reset completed user-tours button works" time="0.0"/>
  <testcase name="And I end the user-tour" classname="Scenario: Verify that reset completed user-tours button works" time="0.0"/>
  <testcase name="Then I click on the View Profile link" classname="Scenario: Verify that reset completed user-tours button works" time="0.0"/>
  <testcase name="And I reset completed user-tours" classname="Scenario: Verify that reset completed user-tours button works" time="0.0"/>
  <testcase name="Then I navigate to the System Settings page" classname="Scenario: Verify that reset completed user-tours button works" time="0.0"/>
  <testcase name="And I set the Enable User Tours checkbox state to false" classname="Scenario: Verify that reset completed user-tours button works" time="0.0"/>
  <testcase name="And I submit the changes to System Settings" classname="Scenario: Verify that reset completed user-tours button works" time="0.0"/>
  <testcase name="Then The changes to System Settings were successfully saved." classname="Scenario: Verify that reset completed user-tours button works" time="0.0"/>
  <testcase name="And The Enable User Tours checkbox state is false" classname="Scenario: Verify that reset completed user-tours button works" time="0.001"/>
  <testcase name="Then I navigate to the System Homepage" classname="Scenario: Verify that reset completed user-tours button works" time="0.0"/>
  <testcase name="And I am on &quot;Class Homepage&quot; page of &quot;Demonstration Class&quot; class" classname="Scenario: Verify that reset completed user-tours button works" time="0.0"/>
  <testcase name="Then The user tour is not present on page" classname="Scenario: Verify that reset completed user-tours button works" time="0.0"/>
  <testcase name="classMethod" classname="Scenario: Verify that reset completed user-tours button works" time="15.984"/>
  <system-out><![CDATA[
  Scenario: Verify that end tour button completes the current user-tour ?[90m# usertours/UserTour.feature:36?[0m
    ?[32mWhen ?[0m?[32mI am on "Class Homepage" page of "?[0m?[32m?[1mDemonstration Class?[0m?[32m" class?[0m   ?[90m# ClassHomepageSteps.navigateToClassHomepage(String)?[0m
    ?[32mThen ?[0m?[32mThe user tour is present on page?[0m                               ?[90m# UserTourSteps.assertUserTourPresent()?[0m
    ?[32mThen ?[0m?[32mI end the user-tour?[0m                                            ?[90m# UserTourSteps.endUserTour()?[0m
    ?[32mThen ?[0m?[32mI refresh the page?[0m                                             ?[90m# UserTourSteps.refreshPage()?[0m
    ?[32mThen ?[0m?[32mI am on the Class Homepage?[0m                                     ?[90m# ClassHomepageSteps.assertClassHomepage()?[0m
    ?[32mAnd ?[0m?[32mThe user tour is not present on page?[0m                            ?[90m# UserTourSteps.assertUserTourNotPresent()?[0m
]]></system-out>
  <system-err><![CDATA[]]></system-err>
</testsuite>
