<?xml version="1.0" encoding="UTF-8"?>
<testsuite name="Scenario: Ensure the Information Fields filter can be set and discarded" tests="12" skipped="0" failures="0" errors="0" timestamp="2019-07-19T16:34:29" hostname="mo-acceptance-test-driver-182622c" time="6.084">
  <properties/>
  <testcase name="Given I am logged in as the default administrator" classname="Scenario: Ensure the Information Fields filter can be set and discarded" time="0.0"/>
  <testcase name="And I am on the Content Repository page of Demonstration Class" classname="Scenario: Ensure the Information Fields filter can be set and discarded" time="0.0"/>
  <testcase name="When I click &quot;All Content Types&quot; in the &quot;Current Class&quot; column" classname="Scenario: Ensure the Information Fields filter can be set and discarded" time="0.0"/>
  <testcase name="Then I click the Search button in the &quot;All Content Types&quot; column and verify the Search filters are visible inside column" classname="Scenario: Ensure the Information Fields filter can be set and discarded" time="0.0"/>
  <testcase name="When I set the &quot;Information Fields&quot; dropdown to &quot;Question Style&quot; in the &quot;All Content Types&quot; column" classname="Scenario: Ensure the Information Fields filter can be set and discarded" time="0.001"/>
  <testcase name="Then I verify that selected information fields are &quot;visible&quot; in the &quot;All Content Types&quot; column" classname="Scenario: Ensure the Information Fields filter can be set and discarded" time="0.0"/>
  <testcase name="And verify that &quot;[Demo] Free Body Diagram&quot; is visible in the Search results in the &quot;All Content Types&quot; column" classname="Scenario: Ensure the Information Fields filter can be set and discarded" time="0.0"/>
  <testcase name="When I discard the Information Fields &quot;Question Style&quot; search filter in the &quot;All Content Types&quot; column" classname="Scenario: Ensure the Information Fields filter can be set and discarded" time="0.0"/>
  <testcase name="Then I am on the Content Repository page with the &quot;All Content Types&quot; column open" classname="Scenario: Ensure the Information Fields filter can be set and discarded" time="0.0"/>
  <testcase name="And I verify that selected information fields are &quot;invisible&quot; in the &quot;All Content Types&quot; column" classname="Scenario: Ensure the Information Fields filter can be set and discarded" time="0.001"/>
  <testcase name="And verify that &quot;[Demo] True/False&quot; is visible in the Search results in the &quot;All Content Types&quot; column" classname="Scenario: Ensure the Information Fields filter can be set and discarded" time="0.0"/>
  <testcase name="classMethod" classname="Scenario: Ensure the Information Fields filter can be set and discarded" time="7.145"/>
  <system-out><![CDATA[
  Scenario: Ensure the Search filters work using the Questions column                                                        ?[90m# QuestionInRepository.feature:31?[0m
    ?[32mWhen ?[0m?[32mI click "?[0m?[32m?[1mAll Content Types?[0m?[32m" in the "?[0m?[32m?[1mCurrent Class?[0m?[32m" column?[0m                                                           ?[90m# ContentRepositorySteps.clickLinkInParentColumn(String,String)?[0m
    ?[32mThen ?[0m?[32mI click the Search button in the "?[0m?[32m?[1mAll Content Types?[0m?[32m" column and verify the Search filters are visible inside column?[0m ?[90m# ContentRepositorySteps.clickSearchButtonInQuestionColumn(String)?[0m
    ?[32mWhen ?[0m?[32mI set the "?[0m?[32m?[1mType?[0m?[32m" dropdown to "?[0m?[32m?[1mTrue/False?[0m?[32m" in the "?[0m?[32m?[1mAll Content Types?[0m?[32m" column?[0m                                         ?[90m# ContentRepositorySteps.setSearchDropDownToValue(String,String,String)?[0m
    ?[32mThen ?[0m?[32mverify that "?[0m?[32m?[1m[Demo] True/False?[0m?[32m" is visible in the Search results in the "?[0m?[32m?[1mAll Content Types?[0m?[32m" column?[0m                  ?[90m# ContentRepositorySteps.assertVisibleSearchResults(String,String)?[0m
]]></system-out>
  <system-err><![CDATA[]]></system-err>
</testsuite>
