<?xml version="1.0" encoding="UTF-8"?>
<testsuite name="| linus | Proctor |" tests="7" skipped="0" failures="0" errors="0" timestamp="2019-07-19T16:28:18" hostname="mo-acceptance-test-driver-182622c" time="3.029">
  <properties/>
  <testcase name="Given I am logged in as the default administrator" classname="| linus | Proctor |" time="0.0"/>
  <testcase name="And There exists a user called linus" classname="| linus | Proctor |" time="0.0"/>
  <testcase name="And I go to the system login page" classname="| linus | Proctor |" time="0.0"/>
  <testcase name="When I enter valid credentials for user linus" classname="| linus | Proctor |" time="0.0"/>
  <testcase name="Then I see the System Homepage" classname="| linus | Proctor |" time="0.0"/>
  <testcase name="And I am logged in the role of Proctor" classname="| linus | Proctor |" time="0.0"/>
  <testcase name="classMethod" classname="| linus | Proctor |" time="3.973"/>
  <system-out><![CDATA[
  @Login @Positive @Role
  Scenario Outline: Login to Mobius with users that have different roles ?[90m# Login.feature:16?[0m
    ?[32mGiven ?[0m?[32mI am logged in as the default administrator?[0m                    ?[90m# LoginSteps.logInAsAdministrator()?[0m
    ?[32mAnd ?[0m?[32mThere exists a user called ?[0m?[32m?[1mcharlie?[0m                               ?[90m# SearchUserSteps.searchAndCreateUser(String)?[0m
    ?[32mAnd ?[0m?[32mI go to the system login page?[0m                                    ?[90m# LoginSteps.goToSystemLoginPage()?[0m
    ?[32mWhen ?[0m?[32mI enter valid credentials for user ?[0m?[32m?[1mcharlie?[0m                      ?[90m# LoginSteps.enterValidCredentials(String)?[0m
    ?[32mThen ?[0m?[32mI see the System Homepage?[0m                                       ?[90m# LoginSteps.assertSystemHomepageIsOpened()?[0m
    ?[32mAnd ?[0m?[32mI am logged in the role of ?[0m?[32m?[1mInstructor?[0m                            ?[90m# LoginSteps.assertUserIsLoggedIn(String)?[0m
]]></system-out>
  <system-err><![CDATA[]]></system-err>
</testsuite>
