<?xml version="1.0" encoding="UTF-8"?>
<testsuite name="Scenario: Create a new Math App question with some specifications and preview it" tests="21" skipped="0" failures="0" errors="0" timestamp="2019-07-19T16:17:17" hostname="mo-acceptance-test-driver-182622c" time="16.673">
  <properties/>
  <testcase name="Given I am logged in as the default administrator" classname="Scenario: Create a new Math App question with some specifications and preview it" time="0.0"/>
  <testcase name="And I navigate to the System Settings page" classname="Scenario: Create a new Math App question with some specifications and preview it" time="0.0"/>
  <testcase name="Then I change the Math App engine selection to &quot;MapleNet (Math App)&quot;" classname="Scenario: Create a new Math App question with some specifications and preview it" time="0.001"/>
  <testcase name="And I submit the changes to System Settings" classname="Scenario: Create a new Math App question with some specifications and preview it" time="0.0"/>
  <testcase name="And The changes to System Settings were successfully saved." classname="Scenario: Create a new Math App question with some specifications and preview it" time="0.0"/>
  <testcase name="When I navigate to the System Homepage" classname="Scenario: Create a new Math App question with some specifications and preview it" time="0.0"/>
  <testcase name="And I am on the Content Repository page of Demonstration Class" classname="Scenario: Create a new Math App question with some specifications and preview it" time="0.0"/>
  <testcase name="And I choose creating new question/Text from the main dropdown button" classname="Scenario: Create a new Math App question with some specifications and preview it" time="0.001"/>
  <testcase name="And Question Designer is opened" classname="Scenario: Create a new Math App question with some specifications and preview it" time="0.0"/>
  <testcase name="When I enter valid information for the question name as &quot;New Math App Question&quot;" classname="Scenario: Create a new Math App question with some specifications and preview it" time="0.0"/>
  <testcase name="And I click inside the question text editor" classname="Scenario: Create a new Math App question with some specifications and preview it" time="0.0"/>
  <testcase name="And I click Response Area button to open the dialog and assert that the Choose Question Type page is visible" classname="Scenario: Create a new Math App question with some specifications and preview it" time="0.0"/>
  <testcase name="When I choose &quot;Math App&quot; link from the dialog" classname="Scenario: Create a new Math App question with some specifications and preview it" time="0.0"/>
  <testcase name="And I choose a demo worksheet &quot;DrawCircle&quot; for the Math App question" classname="Scenario: Create a new Math App question with some specifications and preview it" time="0.0"/>
  <testcase name="And I set the grading type for the Math App question to &quot;Manual Grading&quot;" classname="Scenario: Create a new Math App question with some specifications and preview it" time="0.0"/>
  <testcase name="And I click OK" classname="Scenario: Create a new Math App question with some specifications and preview it" time="0.0"/>
  <testcase name="Then I see the &quot;Math App&quot; Question Widget in the question text section" classname="Scenario: Create a new Math App question with some specifications and preview it" time="0.0"/>
  <testcase name="And After clicking Preview button I assert that the Math App question with &quot;DrawCircle&quot; worksheet is correctly rendered" classname="Scenario: Create a new Math App question with some specifications and preview it" time="0.0"/>
  <testcase name="And I close the question preview window" classname="Scenario: Create a new Math App question with some specifications and preview it" time="0.0"/>
  <testcase name="Then I click the question designer Save &amp; Close button" classname="Scenario: Create a new Math App question with some specifications and preview it" time="0.0"/>
  <testcase name="classMethod" classname="Scenario: Create a new Math App question with some specifications and preview it" time="17.759"/>
  <system-out><![CDATA[]]></system-out>
  <system-err><![CDATA[]]></system-err>
</testsuite>
