<?xml version="1.0" encoding="UTF-8"?>
<testsuite name="Scenario: Password update successful" tests="7" skipped="0" failures="0" errors="0" timestamp="2019-07-19T16:36:06" hostname="mo-acceptance-test-driver-182622c" time="2.314">
  <properties/>
  <testcase name="Given I am logged in as the default administrator" classname="Scenario: Password update successful" time="0.0"/>
  <testcase name="And I click on the View Profile link" classname="Scenario: Password update successful" time="0.0"/>
  <testcase name="And I click on the Password Update link" classname="Scenario: Password update successful" time="0.0"/>
  <testcase name="Then I am on the Password Update page" classname="Scenario: Password update successful" time="0.0"/>
  <testcase name="When I enter the password &quot;qatest&quot; and the confirm password &quot;qatest&quot;" classname="Scenario: Password update successful" time="0.0"/>
  <testcase name="Then I see a success message on the User Details page" classname="Scenario: Password update successful" time="0.0"/>
  <testcase name="classMethod" classname="Scenario: Password update successful" time="3.408"/>
  <system-out><![CDATA[]]></system-out>
  <system-err><![CDATA[]]></system-err>
</testsuite>
