<?xml version="1.0" encoding="UTF-8"?>
<testsuite name="Scenario: Successfully create new units, add assignments and verify that those units are still displayed when the assignments are closed." tests="57" skipped="0" failures="0" errors="0" timestamp="2019-07-19T16:37:05" hostname="mo-acceptance-test-driver-182622c" time="43.331">
  <properties/>
  <testcase name="Given I am logged in as the default administrator" classname="Scenario: Successfully create new units, add assignments and verify that those units are still displayed when the assignments are closed." time="0.0"/>
  <testcase name="And I am on the Content Repository page of Demonstration Class" classname="Scenario: Successfully create new units, add assignments and verify that those units are still displayed when the assignments are closed." time="0.0"/>
  <testcase name="When I click the New Unit button" classname="Scenario: Successfully create new units, add assignments and verify that those units are still displayed when the assignments are closed." time="0.0"/>
  <testcase name="Then I see the &quot;Add Unit&quot; dialog open" classname="Scenario: Successfully create new units, add assignments and verify that those units are still displayed when the assignments are closed." time="0.0"/>
  <testcase name="When I enter a group name of &quot;Test Unit 1&quot;" classname="Scenario: Successfully create new units, add assignments and verify that those units are still displayed when the assignments are closed." time="0.0"/>
  <testcase name="And I click the &quot;Add Unit&quot; dialog button" classname="Scenario: Successfully create new units, add assignments and verify that those units are still displayed when the assignments are closed." time="0.0"/>
  <testcase name="And I see that the &quot;Test Unit 1&quot; unit is visible in the &quot;Assignments&quot; column" classname="Scenario: Successfully create new units, add assignments and verify that those units are still displayed when the assignments are closed." time="0.0"/>
  <testcase name="Then I click the &quot;Test Unit 1&quot; unit in the Lessons and Assignments column" classname="Scenario: Successfully create new units, add assignments and verify that those units are still displayed when the assignments are closed." time="0.0"/>
  <testcase name="Then I choose creating new assignment from dropdown button in &quot;Test Unit 1&quot; column" classname="Scenario: Successfully create new units, add assignments and verify that those units are still displayed when the assignments are closed." time="0.0"/>
  <testcase name="Then Assignment Editor is opened" classname="Scenario: Successfully create new units, add assignments and verify that those units are still displayed when the assignments are closed." time="0.0"/>
  <testcase name="When enter Assignment name &quot;Test Unit 1 Assignment&quot;" classname="Scenario: Successfully create new units, add assignments and verify that those units are still displayed when the assignments are closed." time="0.001"/>
  <testcase name="When I click on the questions tab" classname="Scenario: Successfully create new units, add assignments and verify that those units are still displayed when the assignments are closed." time="0.0"/>
  <testcase name="And I click the new question button" classname="Scenario: Successfully create new units, add assignments and verify that those units are still displayed when the assignments are closed." time="0.0"/>
  <testcase name="And I create question &quot;Unit Test 1 Question&quot; with label &quot;Unit Test 1 Question&quot;" classname="Scenario: Successfully create new units, add assignments and verify that those units are still displayed when the assignments are closed." time="0.0"/>
  <testcase name="And I create a Mathematical Formula response area in the assignment question editor" classname="Scenario: Successfully create new units, add assignments and verify that those units are still displayed when the assignments are closed." time="0.0"/>
  <testcase name="And I save &amp; close the new question in the assignment editor" classname="Scenario: Successfully create new units, add assignments and verify that those units are still displayed when the assignments are closed." time="0.0"/>
  <testcase name="Then verify the question caption text is &quot;Unit Test 1 Question&quot;" classname="Scenario: Successfully create new units, add assignments and verify that those units are still displayed when the assignments are closed." time="0.0"/>
  <testcase name="When I save &amp; close the assignment on the questions page" classname="Scenario: Successfully create new units, add assignments and verify that those units are still displayed when the assignments are closed." time="0.0"/>
  <testcase name="Then I see summary of the assignment" classname="Scenario: Successfully create new units, add assignments and verify that those units are still displayed when the assignments are closed." time="0.0"/>
  <testcase name="When I save and close the assignment summary details" classname="Scenario: Successfully create new units, add assignments and verify that those units are still displayed when the assignments are closed." time="0.0"/>
  <testcase name="Then the new assignment &quot;Test Unit 1 Assignment&quot; is visible in its own expanded column" classname="Scenario: Successfully create new units, add assignments and verify that those units are still displayed when the assignments are closed." time="0.0"/>
  <testcase name="And it is named as &quot;Test Unit 1 Assignment&quot; in &quot;Test Unit 1&quot; column" classname="Scenario: Successfully create new units, add assignments and verify that those units are still displayed when the assignments are closed." time="0.0"/>
  <testcase name="When I navigate to the System Homepage" classname="Scenario: Successfully create new units, add assignments and verify that those units are still displayed when the assignments are closed." time="0.0"/>
  <testcase name="And I am on &quot;Class Homepage&quot; page of &quot;Demonstration Class&quot; class" classname="Scenario: Successfully create new units, add assignments and verify that those units are still displayed when the assignments are closed." time="0.0"/>
  <testcase name="And I launch the &quot;Test Unit 1 Assignment&quot; assignment in &quot;Test Unit 1&quot; unit" classname="Scenario: Successfully create new units, add assignments and verify that those units are still displayed when the assignments are closed." time="0.0"/>
  <testcase name="Then I save and quit the lesson" classname="Scenario: Successfully create new units, add assignments and verify that those units are still displayed when the assignments are closed." time="0.0"/>
  <testcase name="And I am back on the &quot;Demonstration Class&quot; class homepage window" classname="Scenario: Successfully create new units, add assignments and verify that those units are still displayed when the assignments are closed." time="0.0"/>
  <testcase name="And I assert the unit &quot;Test Unit 1&quot; is visible" classname="Scenario: Successfully create new units, add assignments and verify that those units are still displayed when the assignments are closed." time="0.0"/>
  <testcase name="When I navigate to the System Homepage" classname="Scenario: Successfully create new units, add assignments and verify that those units are still displayed when the assignments are closed." time="0.0"/>
  <testcase name="And I am on the Content Repository page of Demonstration Class" classname="Scenario: Successfully create new units, add assignments and verify that those units are still displayed when the assignments are closed." time="0.0"/>
  <testcase name="When I click the New Unit button" classname="Scenario: Successfully create new units, add assignments and verify that those units are still displayed when the assignments are closed." time="0.0"/>
  <testcase name="Then I see the &quot;Add Unit&quot; dialog open" classname="Scenario: Successfully create new units, add assignments and verify that those units are still displayed when the assignments are closed." time="0.0"/>
  <testcase name="When I enter a group name of &quot;Test Unit 2&quot;" classname="Scenario: Successfully create new units, add assignments and verify that those units are still displayed when the assignments are closed." time="0.0"/>
  <testcase name="And I click the &quot;Add Unit&quot; dialog button" classname="Scenario: Successfully create new units, add assignments and verify that those units are still displayed when the assignments are closed." time="0.0"/>
  <testcase name="And I see that the &quot;Test Unit 2&quot; unit is visible in the &quot;Assignments&quot; column" classname="Scenario: Successfully create new units, add assignments and verify that those units are still displayed when the assignments are closed." time="0.0"/>
  <testcase name="Then I click the &quot;Test Unit 2&quot; unit in the Lessons and Assignments column" classname="Scenario: Successfully create new units, add assignments and verify that those units are still displayed when the assignments are closed." time="0.0"/>
  <testcase name="Then I choose creating new assignment from dropdown button in &quot;Test Unit 2&quot; column" classname="Scenario: Successfully create new units, add assignments and verify that those units are still displayed when the assignments are closed." time="0.0"/>
  <testcase name="Then Assignment Editor is opened" classname="Scenario: Successfully create new units, add assignments and verify that those units are still displayed when the assignments are closed." time="0.0"/>
  <testcase name="When enter Assignment name &quot;Test Unit 2 Assignment&quot;" classname="Scenario: Successfully create new units, add assignments and verify that those units are still displayed when the assignments are closed." time="0.0"/>
  <testcase name="When I click on the questions tab" classname="Scenario: Successfully create new units, add assignments and verify that those units are still displayed when the assignments are closed." time="0.0"/>
  <testcase name="And I click the new question button" classname="Scenario: Successfully create new units, add assignments and verify that those units are still displayed when the assignments are closed." time="0.0"/>
  <testcase name="And I create question &quot;Unit Test 2 Question&quot; with label &quot;Unit Test 2 Question&quot;" classname="Scenario: Successfully create new units, add assignments and verify that those units are still displayed when the assignments are closed." time="0.0"/>
  <testcase name="And I create a Mathematical Formula response area in the assignment question editor" classname="Scenario: Successfully create new units, add assignments and verify that those units are still displayed when the assignments are closed." time="0.0"/>
  <testcase name="And I save &amp; close the new question in the assignment editor" classname="Scenario: Successfully create new units, add assignments and verify that those units are still displayed when the assignments are closed." time="0.0"/>
  <testcase name="Then verify the question caption text is &quot;Unit Test 2 Question&quot;" classname="Scenario: Successfully create new units, add assignments and verify that those units are still displayed when the assignments are closed." time="0.0"/>
  <testcase name="When I save &amp; close the assignment on the questions page" classname="Scenario: Successfully create new units, add assignments and verify that those units are still displayed when the assignments are closed." time="0.0"/>
  <testcase name="Then I see summary of the assignment" classname="Scenario: Successfully create new units, add assignments and verify that those units are still displayed when the assignments are closed." time="0.0"/>
  <testcase name="When I save and close the assignment summary details" classname="Scenario: Successfully create new units, add assignments and verify that those units are still displayed when the assignments are closed." time="0.0"/>
  <testcase name="Then the new assignment &quot;Test Unit 2 Assignment&quot; is visible in its own expanded column" classname="Scenario: Successfully create new units, add assignments and verify that those units are still displayed when the assignments are closed." time="0.0"/>
  <testcase name="And it is named as &quot;Test Unit 2 Assignment&quot; in &quot;Test Unit 2&quot; column" classname="Scenario: Successfully create new units, add assignments and verify that those units are still displayed when the assignments are closed." time="0.0"/>
  <testcase name="When I navigate to the System Homepage" classname="Scenario: Successfully create new units, add assignments and verify that those units are still displayed when the assignments are closed." time="0.0"/>
  <testcase name="And I am on &quot;Class Homepage&quot; page of &quot;Demonstration Class&quot; class" classname="Scenario: Successfully create new units, add assignments and verify that those units are still displayed when the assignments are closed." time="0.001"/>
  <testcase name="And I click on the &quot;Test Unit 2 Assignment&quot; module in the &quot;Test Unit 2&quot; unit" classname="Scenario: Successfully create new units, add assignments and verify that those units are still displayed when the assignments are closed." time="0.0"/>
  <testcase name="Then I cancel the Assignment from the Review page" classname="Scenario: Successfully create new units, add assignments and verify that those units are still displayed when the assignments are closed." time="0.0"/>
  <testcase name="And I am back on the &quot;Demonstration Class&quot; class homepage window" classname="Scenario: Successfully create new units, add assignments and verify that those units are still displayed when the assignments are closed." time="0.0"/>
  <testcase name="And I assert the unit &quot;Test Unit 2&quot; is visible" classname="Scenario: Successfully create new units, add assignments and verify that those units are still displayed when the assignments are closed." time="0.0"/>
  <testcase name="classMethod" classname="Scenario: Successfully create new units, add assignments and verify that those units are still displayed when the assignments are closed." time="44.381"/>
  <system-out><![CDATA[]]></system-out>
  <system-err><![CDATA[]]></system-err>
</testsuite>
