<?xml version="1.0" encoding="UTF-8"?>
<testsuite name="Scenario: Successfully create a lesson with limited &quot;How Did I Do?&quot;s and an algorithmic question, and confirm that &quot;Try Another&quot; resets the &quot;How Did I Do?&quot; counter" tests="54" skipped="0" failures="0" errors="0" timestamp="2019-07-19T16:33:23" hostname="mo-acceptance-test-driver-182622c" time="30.055">
  <properties/>
  <testcase name="Given I am logged in as the default administrator" classname="Scenario: Successfully create a lesson with limited &quot;How Did I Do?&quot;s and an algorithmic question, and confirm that &quot;Try Another&quot; resets the &quot;How Did I Do?&quot; counter" time="0.0"/>
  <testcase name="And I am on the Content Repository page of Demonstration Class" classname="Scenario: Successfully create a lesson with limited &quot;How Did I Do?&quot;s and an algorithmic question, and confirm that &quot;Try Another&quot; resets the &quot;How Did I Do?&quot; counter" time="0.0"/>
  <testcase name="When I choose creating new question/Text from the main dropdown button" classname="Scenario: Successfully create a lesson with limited &quot;How Did I Do?&quot;s and an algorithmic question, and confirm that &quot;Try Another&quot; resets the &quot;How Did I Do?&quot; counter" time="0.0"/>
  <testcase name="And Question Designer is opened" classname="Scenario: Successfully create a lesson with limited &quot;How Did I Do?&quot;s and an algorithmic question, and confirm that &quot;Try Another&quot; resets the &quot;How Did I Do?&quot; counter" time="0.0"/>
  <testcase name="When I enter valid information for the question name as &quot;Algorithmic formula question&quot;" classname="Scenario: Successfully create a lesson with limited &quot;How Did I Do?&quot;s and an algorithmic question, and confirm that &quot;Try Another&quot; resets the &quot;How Did I Do?&quot; counter" time="0.0"/>
  <testcase name="And I click inside the question text editor" classname="Scenario: Successfully create a lesson with limited &quot;How Did I Do?&quot;s and an algorithmic question, and confirm that &quot;Try Another&quot; resets the &quot;How Did I Do?&quot; counter" time="0.0"/>
  <testcase name="And I click Response Area button to open the dialog and assert that the Choose Question Type page is visible" classname="Scenario: Successfully create a lesson with limited &quot;How Did I Do?&quot;s and an algorithmic question, and confirm that &quot;Try Another&quot; resets the &quot;How Did I Do?&quot; counter" time="0.0"/>
  <testcase name="When I choose &quot;Mathematical Formula&quot; link from the dialog and complete the correct answer" classname="Scenario: Successfully create a lesson with limited &quot;How Did I Do?&quot;s and an algorithmic question, and confirm that &quot;Try Another&quot; resets the &quot;How Did I Do?&quot; counter" time="0.0"/>
  <testcase name="And I click OK" classname="Scenario: Successfully create a lesson with limited &quot;How Did I Do?&quot;s and an algorithmic question, and confirm that &quot;Try Another&quot; resets the &quot;How Did I Do?&quot; counter" time="0.0"/>
  <testcase name="Then I see the &quot;Mathematical Formula&quot; Question Widget in the question text section" classname="Scenario: Successfully create a lesson with limited &quot;How Did I Do?&quot;s and an algorithmic question, and confirm that &quot;Try Another&quot; resets the &quot;How Did I Do?&quot; counter" time="0.0"/>
  <testcase name="Then I enter in the Algorithm Editor &quot;$a=rint(1,10);&quot;" classname="Scenario: Successfully create a lesson with limited &quot;How Did I Do?&quot;s and an algorithmic question, and confirm that &quot;Try Another&quot; resets the &quot;How Did I Do?&quot; counter" time="0.0"/>
  <testcase name="Then I click the question designer Save &amp; Close button" classname="Scenario: Successfully create a lesson with limited &quot;How Did I Do?&quot;s and an algorithmic question, and confirm that &quot;Try Another&quot; resets the &quot;How Did I Do?&quot; counter" time="0.0"/>
  <testcase name="And I see that I am on the Content Repository page" classname="Scenario: Successfully create a lesson with limited &quot;How Did I Do?&quot;s and an algorithmic question, and confirm that &quot;Try Another&quot; resets the &quot;How Did I Do?&quot; counter" time="0.0"/>
  <testcase name="When I choose creating new lesson in &quot;Student Readiness&quot; unit from the main dropdown button" classname="Scenario: Successfully create a lesson with limited &quot;How Did I Do?&quot;s and an algorithmic question, and confirm that &quot;Try Another&quot; resets the &quot;How Did I Do?&quot; counter" time="0.0"/>
  <testcase name="Then Lesson Editor is opened" classname="Scenario: Successfully create a lesson with limited &quot;How Did I Do?&quot;s and an algorithmic question, and confirm that &quot;Try Another&quot; resets the &quot;How Did I Do?&quot; counter" time="0.0"/>
  <testcase name="When I enter valid information for the lesson &quot;Lesson with Try Another and Limited How Did I Do Attempts&quot;" classname="Scenario: Successfully create a lesson with limited &quot;How Did I Do?&quot;s and an algorithmic question, and confirm that &quot;Try Another&quot; resets the &quot;How Did I Do?&quot; counter" time="0.0"/>
  <testcase name="And I click the import question button" classname="Scenario: Successfully create a lesson with limited &quot;How Did I Do?&quot;s and an algorithmic question, and confirm that &quot;Try Another&quot; resets the &quot;How Did I Do?&quot; counter" time="0.0"/>
  <testcase name="Then The import questions dialog appears" classname="Scenario: Successfully create a lesson with limited &quot;How Did I Do?&quot;s and an algorithmic question, and confirm that &quot;Try Another&quot; resets the &quot;How Did I Do?&quot; counter" time="0.0"/>
  <testcase name="When I click on &quot;Questions&quot;" classname="Scenario: Successfully create a lesson with limited &quot;How Did I Do?&quot;s and an algorithmic question, and confirm that &quot;Try Another&quot; resets the &quot;How Did I Do?&quot; counter" time="0.0"/>
  <testcase name="And I select the question &quot;Algorithmic formula question&quot;" classname="Scenario: Successfully create a lesson with limited &quot;How Did I Do?&quot;s and an algorithmic question, and confirm that &quot;Try Another&quot; resets the &quot;How Did I Do?&quot; counter" time="0.0"/>
  <testcase name="And I click Import Questions in the Import Questions dialog" classname="Scenario: Successfully create a lesson with limited &quot;How Did I Do?&quot;s and an algorithmic question, and confirm that &quot;Try Another&quot; resets the &quot;How Did I Do?&quot; counter" time="0.0"/>
  <testcase name="Then verify the question caption text is &quot;Algorithmic formula question&quot;" classname="Scenario: Successfully create a lesson with limited &quot;How Did I Do?&quot;s and an algorithmic question, and confirm that &quot;Try Another&quot; resets the &quot;How Did I Do?&quot; counter" time="0.0"/>
  <testcase name="Then I click on the Properties tab" classname="Scenario: Successfully create a lesson with limited &quot;How Did I Do?&quot;s and an algorithmic question, and confirm that &quot;Try Another&quot; resets the &quot;How Did I Do?&quot; counter" time="0.0"/>
  <testcase name="And I check How Did I Do is checked by default in lesson" classname="Scenario: Successfully create a lesson with limited &quot;How Did I Do?&quot;s and an algorithmic question, and confirm that &quot;Try Another&quot; resets the &quot;How Did I Do?&quot; counter" time="0.0"/>
  <testcase name="And I set the maximum How Did I Do uses to &quot;2&quot;" classname="Scenario: Successfully create a lesson with limited &quot;How Did I Do?&quot;s and an algorithmic question, and confirm that &quot;Try Another&quot; resets the &quot;How Did I Do?&quot; counter" time="0.0"/>
  <testcase name="When I save &amp; close the lesson on the properties page" classname="Scenario: Successfully create a lesson with limited &quot;How Did I Do?&quot;s and an algorithmic question, and confirm that &quot;Try Another&quot; resets the &quot;How Did I Do?&quot; counter" time="0.0"/>
  <testcase name="Then I see summary of the lesson" classname="Scenario: Successfully create a lesson with limited &quot;How Did I Do?&quot;s and an algorithmic question, and confirm that &quot;Try Another&quot; resets the &quot;How Did I Do?&quot; counter" time="0.0"/>
  <testcase name="When I save and close the lesson summary details" classname="Scenario: Successfully create a lesson with limited &quot;How Did I Do?&quot;s and an algorithmic question, and confirm that &quot;Try Another&quot; resets the &quot;How Did I Do?&quot; counter" time="0.0"/>
  <testcase name="Then the new lesson &quot;Lesson with Try Another and Limited How Did I Do Attempts&quot; is visible in its own expanded column" classname="Scenario: Successfully create a lesson with limited &quot;How Did I Do?&quot;s and an algorithmic question, and confirm that &quot;Try Another&quot; resets the &quot;How Did I Do?&quot; counter" time="0.0"/>
  <testcase name="When I navigate to the System Homepage" classname="Scenario: Successfully create a lesson with limited &quot;How Did I Do?&quot;s and an algorithmic question, and confirm that &quot;Try Another&quot; resets the &quot;How Did I Do?&quot; counter" time="0.0"/>
  <testcase name="And I am on &quot;Class Homepage&quot; page of &quot;Demonstration Class&quot; class" classname="Scenario: Successfully create a lesson with limited &quot;How Did I Do?&quot;s and an algorithmic question, and confirm that &quot;Try Another&quot; resets the &quot;How Did I Do?&quot; counter" time="0.0"/>
  <testcase name="And I click on the &quot;Lesson with Try Another and Limited How Did I Do Attempts&quot; module in the &quot;Student Readiness&quot; unit" classname="Scenario: Successfully create a lesson with limited &quot;How Did I Do?&quot;s and an algorithmic question, and confirm that &quot;Try Another&quot; resets the &quot;How Did I Do?&quot; counter" time="0.0"/>
  <testcase name="Then the module &quot;Lesson with Try Another and Limited How Did I Do Attempts&quot; is opened without launch page" classname="Scenario: Successfully create a lesson with limited &quot;How Did I Do?&quot;s and an algorithmic question, and confirm that &quot;Try Another&quot; resets the &quot;How Did I Do?&quot; counter" time="0.0"/>
  <testcase name="Then I assert that the Mathematical Formula question is rendered properly" classname="Scenario: Successfully create a lesson with limited &quot;How Did I Do?&quot;s and an algorithmic question, and confirm that &quot;Try Another&quot; resets the &quot;How Did I Do?&quot; counter" time="0.001"/>
  <testcase name="When I enter &quot;2x&quot; in Mathematical Formula input" classname="Scenario: Successfully create a lesson with limited &quot;How Did I Do?&quot;s and an algorithmic question, and confirm that &quot;Try Another&quot; resets the &quot;How Did I Do?&quot; counter" time="0.0"/>
  <testcase name="And I click How Did I Do in the lesson page" classname="Scenario: Successfully create a lesson with limited &quot;How Did I Do?&quot;s and an algorithmic question, and confirm that &quot;Try Another&quot; resets the &quot;How Did I Do?&quot; counter" time="0.0"/>
  <testcase name="Then I assert that the Mathematical Formula answer is correct" classname="Scenario: Successfully create a lesson with limited &quot;How Did I Do?&quot;s and an algorithmic question, and confirm that &quot;Try Another&quot; resets the &quot;How Did I Do?&quot; counter" time="0.0"/>
  <testcase name="Then I assert that there is &quot;1/2&quot; uses of How Did I Do remaining" classname="Scenario: Successfully create a lesson with limited &quot;How Did I Do?&quot;s and an algorithmic question, and confirm that &quot;Try Another&quot; resets the &quot;How Did I Do?&quot; counter" time="0.0"/>
  <testcase name="When I click within the How Did I Do response area to clear it" classname="Scenario: Successfully create a lesson with limited &quot;How Did I Do?&quot;s and an algorithmic question, and confirm that &quot;Try Another&quot; resets the &quot;How Did I Do?&quot; counter" time="0.0"/>
  <testcase name="When I click How Did I Do in the assignment page" classname="Scenario: Successfully create a lesson with limited &quot;How Did I Do?&quot;s and an algorithmic question, and confirm that &quot;Try Another&quot; resets the &quot;How Did I Do?&quot; counter" time="0.0"/>
  <testcase name="Then I assert that the Mathematical Formula answer is correct" classname="Scenario: Successfully create a lesson with limited &quot;How Did I Do?&quot;s and an algorithmic question, and confirm that &quot;Try Another&quot; resets the &quot;How Did I Do?&quot; counter" time="0.0"/>
  <testcase name="Then I assert that there is &quot;0/2&quot; uses of How Did I Do remaining" classname="Scenario: Successfully create a lesson with limited &quot;How Did I Do?&quot;s and an algorithmic question, and confirm that &quot;Try Another&quot; resets the &quot;How Did I Do?&quot; counter" time="0.0"/>
  <testcase name="When I click within the How Did I Do response area to clear it" classname="Scenario: Successfully create a lesson with limited &quot;How Did I Do?&quot;s and an algorithmic question, and confirm that &quot;Try Another&quot; resets the &quot;How Did I Do?&quot; counter" time="0.0"/>
  <testcase name="Then I assert that the How Did I Do link has been removed" classname="Scenario: Successfully create a lesson with limited &quot;How Did I Do?&quot;s and an algorithmic question, and confirm that &quot;Try Another&quot; resets the &quot;How Did I Do?&quot; counter" time="0.0"/>
  <testcase name="When I click the &quot;Try Another&quot; question button" classname="Scenario: Successfully create a lesson with limited &quot;How Did I Do?&quot;s and an algorithmic question, and confirm that &quot;Try Another&quot; resets the &quot;How Did I Do?&quot; counter" time="0.0"/>
  <testcase name="Then I assert that the Mathematical Formula question is rendered properly" classname="Scenario: Successfully create a lesson with limited &quot;How Did I Do?&quot;s and an algorithmic question, and confirm that &quot;Try Another&quot; resets the &quot;How Did I Do?&quot; counter" time="0.0"/>
  <testcase name="And I assert that the How Did I Do link is visible" classname="Scenario: Successfully create a lesson with limited &quot;How Did I Do?&quot;s and an algorithmic question, and confirm that &quot;Try Another&quot; resets the &quot;How Did I Do?&quot; counter" time="0.0"/>
  <testcase name="When I enter &quot;2x&quot; in Mathematical Formula input" classname="Scenario: Successfully create a lesson with limited &quot;How Did I Do?&quot;s and an algorithmic question, and confirm that &quot;Try Another&quot; resets the &quot;How Did I Do?&quot; counter" time="0.0"/>
  <testcase name="And I click How Did I Do in the lesson page" classname="Scenario: Successfully create a lesson with limited &quot;How Did I Do?&quot;s and an algorithmic question, and confirm that &quot;Try Another&quot; resets the &quot;How Did I Do?&quot; counter" time="0.0"/>
  <testcase name="Then I assert that the Mathematical Formula answer is correct" classname="Scenario: Successfully create a lesson with limited &quot;How Did I Do?&quot;s and an algorithmic question, and confirm that &quot;Try Another&quot; resets the &quot;How Did I Do?&quot; counter" time="0.001"/>
  <testcase name="Then I assert that there is &quot;1/2&quot; uses of How Did I Do remaining" classname="Scenario: Successfully create a lesson with limited &quot;How Did I Do?&quot;s and an algorithmic question, and confirm that &quot;Try Another&quot; resets the &quot;How Did I Do?&quot; counter" time="0.0"/>
  <testcase name="Then I save and quit the lesson" classname="Scenario: Successfully create a lesson with limited &quot;How Did I Do?&quot;s and an algorithmic question, and confirm that &quot;Try Another&quot; resets the &quot;How Did I Do?&quot; counter" time="0.0"/>
  <testcase name="And I am on the Class Homepage" classname="Scenario: Successfully create a lesson with limited &quot;How Did I Do?&quot;s and an algorithmic question, and confirm that &quot;Try Another&quot; resets the &quot;How Did I Do?&quot; counter" time="0.0"/>
  <testcase name="classMethod" classname="Scenario: Successfully create a lesson with limited &quot;How Did I Do?&quot;s and an algorithmic question, and confirm that &quot;Try Another&quot; resets the &quot;How Did I Do?&quot; counter" time="31.088"/>
  <system-out><![CDATA[
  Scenario: Successfully create a lesson with an algorithmic adaptive question, and the question buttons work well ?[90m# QuestionInLesson.feature:9?[0m
    #First, create an adaptive question
    ?[32mWhen ?[0m?[32mI choose creating new question/Text from the main dropdown button?[0m                                         ?[90m# ContentRepositorySteps.chooseCreatingNewQuestionFromMainDropdownButton()?[0m
    ?[32mAnd ?[0m?[32mQuestion Designer is opened?[0m                                                                                ?[90m# QuestionDesignerSteps.assertQuestionDesignerPageIsOpened()?[0m
    ?[32mWhen ?[0m?[32mI enter valid information for the question name as "?[0m?[32m?[1mAn adaptive question?[0m?[32m"?[0m                                 ?[90m# QuestionDesignerSteps.enterQuestionName(String)?[0m
    ?[32mAnd ?[0m?[32mI click inside the question text editor?[0m                                                                    ?[90m# QuestionDesignerSteps.clickInsideQuestionTextEditor()?[0m
    ?[32mAnd ?[0m?[32mI click Response Area button to open the dialog and assert that the Choose Question Type page is visible?[0m   ?[90m# QuestionDesignerSteps.clickInsertResponseAreaButton()?[0m
    ?[32mWhen ?[0m?[32mI choose "?[0m?[32m?[1mMathematical Formula?[0m?[32m" link from the dialog and complete the correct answer?[0m                      ?[90m# QuestionDesignerSteps.chooseTypeAndCompleteCorrectAnswer(String)?[0m
    ?[32mAnd ?[0m?[32mI click OK?[0m                                                                                                 ?[90m# QuestionDesignerSteps.clickResponseDialogOkButton()?[0m
    ?[32mThen ?[0m?[32mI see the "?[0m?[32m?[1mMathematical Formula?[0m?[32m" Question Widget in the question text section?[0m                             ?[90m# QuestionDesignerSteps.assertQuestionWidgetIsInserted(String)?[0m
    ?[32mWhen ?[0m?[32mI click Insert/Edit Adaptive Section and then the OK button in the Edit Adaptive Section popup?[0m            ?[90m# QuestionDesignerSteps.clickEditAdatpiveSectionButton()?[0m
    ?[32mThen ?[0m?[32mI see "?[0m?[32m?[1m1?[0m?[32m" Adaptive section bars in the question text section?[0m                                              ?[90m# QuestionDesignerSteps.assertAdaptiveSectionInserted(int)?[0m
    ?[32mWhen ?[0m?[32mI click Response Area button to open the dialog and assert that the Choose Question Type page is visible?[0m  ?[90m# QuestionDesignerSteps.clickInsertResponseAreaButton()?[0m
    ?[32mAnd ?[0m?[32mI choose "?[0m?[32m?[1mNumeric?[0m?[32m" link from the dialog and complete the correct answer?[0m                                    ?[90m# QuestionDesignerSteps.chooseTypeAndCompleteCorrectAnswer(String)?[0m
    ?[32mAnd ?[0m?[32mI click OK?[0m                                                                                                 ?[90m# QuestionDesignerSteps.clickResponseDialogOkButton()?[0m
    ?[32mThen ?[0m?[32mI see the "?[0m?[32m?[1mNumeric with Units?[0m?[32m" Question Widget in the question text section?[0m                               ?[90m# QuestionDesignerSteps.assertQuestionWidgetIsInserted(String)?[0m
    ?[32mWhen ?[0m?[32mI click Insert/Edit Adaptive Section and then the OK button in the Edit Adaptive Section popup?[0m            ?[90m# QuestionDesignerSteps.clickEditAdatpiveSectionButton()?[0m
    ?[32mThen ?[0m?[32mI see "?[0m?[32m?[1m2?[0m?[32m" Adaptive section bars in the question text section?[0m                                              ?[90m# QuestionDesignerSteps.assertAdaptiveSectionInserted(int)?[0m
    ?[32mAnd ?[0m?[32mI enter in the Algorithm Editor "?[0m?[32m?[1m$a=rint(1,10);?[0m?[32m"?[0m                                                           ?[90m# QuestionDesignerSteps.enterAlgorithmText(String)?[0m
    ?[32mWhen ?[0m?[32mI click the Preview button?[0m                                                                                ?[90m# QuestionDesignerSteps.clickPreviewButton()?[0m
    ?[32mThen ?[0m?[32mI assert that the ?[0m?[32m?[1mMathematical Formula?[0m?[32m question is rendered properly on the Question Preview page?[0m         ?[90m# QuestionPreviewSteps.assertQuestionRenderedCorrectly(String)?[0m
    ?[32mWhen ?[0m?[32mI click the "?[0m?[32m?[1mVerify?[0m?[32m" button of adaptive question?[0m                                                          ?[90m# QuestionPreviewSteps.clickAdaptiveQuestionButton(String)?[0m
    ?[32mThen ?[0m?[32mI assert that the ?[0m?[32m?[1mNumeric?[0m?[32m question is rendered properly on the Question Preview page?[0m                      ?[90m# QuestionPreviewSteps.assertQuestionRenderedCorrectly(String)?[0m
    ?[32mThen ?[0m?[32mI close the question preview window?[0m                                                                       ?[90m# QuestionPreviewSteps.closeQuestionPreviewWindow()?[0m
    ?[32mAnd ?[0m?[32mI click the question designer Save & Close button?[0m                                                          ?[90m# QuestionDesignerSteps.clickSaveAndCloseButton()?[0m
    #Second, create a Lesson with the adaptive question created above
    ?[32mWhen ?[0m?[32mI choose creating new lesson in "?[0m?[32m?[1mStudent Readiness?[0m?[32m" unit from the main dropdown button?[0m                    ?[90m# ContentRepositorySteps.chooseCreatingNewLessonFromMainDropdownButton(String)?[0m
    ?[32mThen ?[0m?[32mLesson Editor is opened?[0m                                                                                   ?[90m# LessonEditorSteps.assertLessonEditorPageIsOpened()?[0m
    ?[32mWhen ?[0m?[32mI enter valid information for the lesson "?[0m?[32m?[1mA lesson for test?[0m?[32m"?[0m                                              ?[90m# LessonEditorSteps.enterLessonName(String)?[0m
    ?[32mAnd ?[0m?[32mI click the import question button?[0m                                                                         ?[90m# AssignmentEditorQuestionSteps.importQuestion()?[0m
    ?[32mThen ?[0m?[32mThe import questions dialog appears?[0m                                                                       ?[90m# AssignmentEditorQuestionSteps.assertImportQuestionsVisible()?[0m
    ?[32mWhen ?[0m?[32mI click on "Questions"?[0m                                                                                    ?[90m# ContentRepositorySteps.clickOnQuestions()?[0m
    ?[32mAnd ?[0m?[32mI select the question "?[0m?[32m?[1mAn adaptive question?[0m?[32m"?[0m                                                               ?[90m# AssignmentEditorQuestionSteps.selectQuestion(String)?[0m
    ?[32mAnd ?[0m?[32mI click Import Questions in the Import Questions dialog?[0m                                                    ?[90m# AssignmentEditorQuestionSteps.doImportQuestions()?[0m
    ?[32mThen ?[0m?[32mverify the question caption text is "?[0m?[32m?[1mAn adaptive question?[0m?[32m"?[0m                                                ?[90m# AssignmentEditorQuestionSteps.assertSavedQuestionName(String)?[0m
    ?[32mWhen ?[0m?[32mI save & close the lesson on the design page?[0m                                                              ?[90m# LessonEditorSteps.saveAndCloseLesson()?[0m
    ?[32mThen ?[0m?[32mI see summary of the lesson?[0m                                                                               ?[90m# AssignmentEditorDetailsSteps.assertAssignmentSummaryShown()?[0m
    ?[32mWhen ?[0m?[32mI save and close the lesson summary details?[0m                                                               ?[90m# AssignmentEditorDetailsSteps.saveAndCloseAssignmentSummary()?[0m
    ?[32mThen ?[0m?[32mthe new lesson "?[0m?[32m?[1mA lesson for test?[0m?[32m" is visible in its own expanded column?[0m                                  ?[90m# ContentRepositorySteps.assertNamedAssignmentColumnIsExpanded(String)?[0m
    ?[32mAnd ?[0m?[32mit is named as "?[0m?[32m?[1mA lesson for test?[0m?[32m" in "?[0m?[32m?[1mStudent Readiness?[0m?[32m" column?[0m                                           ?[90m# ContentRepositorySteps.assertAssignmentIsCreated(String,String)?[0m
    #Third, take the lesson and try out the question buttons
    ?[32mWhen ?[0m?[32mI navigate to the System Homepage?[0m                                                                         ?[90m# SystemHomepageSteps.navigateToSystemHomepage()?[0m
    ?[32mAnd ?[0m?[32mI am on "Class Homepage" page of "?[0m?[32m?[1mDemonstration Class?[0m?[32m" class?[0m                                               ?[90m# ClassHomepageSteps.navigateToClassHomepage(String)?[0m
    ?[32mAnd ?[0m?[32mI click on the "?[0m?[32m?[1mA lesson for test?[0m?[32m" module in the "?[0m?[32m?[1mStudent Readiness?[0m?[32m" unit?[0m                                  ?[90m# ClassHomepageSteps.clickOnModuleLink(String,String)?[0m
    ?[32mThen ?[0m?[32mthe module "?[0m?[32m?[1mA lesson for test?[0m?[32m" is opened without launch page?[0m                                              ?[90m# ClassHomepageSteps.switchToModulePage(String)?[0m
    ?[32mThen ?[0m?[32mI assert that the ?[0m?[32m?[1mMathematical Formula?[0m?[32m question is rendered properly?[0m                                      ?[90m# QuestionPreviewSteps.assertQuestionRenderedCorrectly(String)?[0m
    ?[32mAnd ?[0m?[32mI see the "Try Another" question button?[0m                                                                    ?[90m# LessonSteps.assertTryAnotherButtonVisible()?[0m
    ?[32mAnd ?[0m?[32mI see the "Start Over" question button?[0m                                                                     ?[90m# LessonSteps.assertStartOverButtonVisible()?[0m
    ?[32mWhen ?[0m?[32mI click the "?[0m?[32m?[1mVerify?[0m?[32m" button of adaptive question?[0m                                                          ?[90m# QuestionPreviewSteps.clickAdaptiveQuestionButton(String)?[0m
    ?[32mThen ?[0m?[32mI assert that the ?[0m?[32m?[1mNumeric?[0m?[32m question is rendered properly?[0m                                                   ?[90m# QuestionPreviewSteps.assertQuestionRenderedCorrectly(String)?[0m
    ?[32mWhen ?[0m?[32mI click the "Try Another" question button?[0m                                                                 ?[90m# LessonSteps.clickTryAnotherButton()?[0m
    ?[32mThen ?[0m?[32mI assert that the ?[0m?[32m?[1mMathematical Formula?[0m?[32m question is rendered properly?[0m                                      ?[90m# QuestionPreviewSteps.assertQuestionRenderedCorrectly(String)?[0m
    ?[32mAnd ?[0m?[32mI see the "Try Another" question button?[0m                                                                    ?[90m# LessonSteps.assertTryAnotherButtonVisible()?[0m
    ?[32mAnd ?[0m?[32mI see the "Start Over" question button?[0m                                                                     ?[90m# LessonSteps.assertStartOverButtonVisible()?[0m
    ?[32mWhen ?[0m?[32mI click the "Start Over" question button?[0m                                                                  ?[90m# LessonSteps.clickStartOverButton()?[0m
    ?[32mThen ?[0m?[32mI assert that the ?[0m?[32m?[1mMathematical Formula?[0m?[32m question is rendered properly?[0m                                      ?[90m# QuestionPreviewSteps.assertQuestionRenderedCorrectly(String)?[0m
    ?[32mAnd ?[0m?[32mI see the "Try Another" question button?[0m                                                                    ?[90m# LessonSteps.assertTryAnotherButtonVisible()?[0m
    ?[32mAnd ?[0m?[32mI see the "Start Over" question button?[0m                                                                     ?[90m# LessonSteps.assertStartOverButtonVisible()?[0m
    # must exit the lesson otherwise we don't see the logout button
    ?[32mThen ?[0m?[32mI save and quit the lesson?[0m                                                                                ?[90m# LessonSteps.submitLesson()?[0m
    ?[32mAnd ?[0m?[32mI am on the Class Homepage?[0m                                                                                 ?[90m# ClassHomepageSteps.assertClassHomepage()?[0m
]]></system-out>
  <system-err><![CDATA[]]></system-err>
</testsuite>
