<?xml version="1.0" encoding="UTF-8"?>
<testsuite name="Scenario: Successfully create a new assignment with empty data from the main dropdown button" tests="11" skipped="0" failures="0" errors="0" timestamp="2019-07-19T16:14:27" hostname="mo-acceptance-test-driver-182622c" time="6.6">
  <properties/>
  <testcase name="Given I am logged in as the default administrator" classname="Scenario: Successfully create a new assignment with empty data from the main dropdown button" time="0.0"/>
  <testcase name="And I am on the Content Repository page of Demonstration Class" classname="Scenario: Successfully create a new assignment with empty data from the main dropdown button" time="0.0"/>
  <testcase name="When I choose creating new assignment in &quot;Student Readiness&quot; unit from the main dropdown button" classname="Scenario: Successfully create a new assignment with empty data from the main dropdown button" time="0.0"/>
  <testcase name="Then Assignment Editor is opened" classname="Scenario: Successfully create a new assignment with empty data from the main dropdown button" time="0.0"/>
  <testcase name="When I clear the default name" classname="Scenario: Successfully create a new assignment with empty data from the main dropdown button" time="0.0"/>
  <testcase name="And I save &amp; close the assignment on the name page" classname="Scenario: Successfully create a new assignment with empty data from the main dropdown button" time="0.0"/>
  <testcase name="Then I see summary of the assignment with warning text &quot;WARNING: No questions chosen for the assignment&quot;" classname="Scenario: Successfully create a new assignment with empty data from the main dropdown button" time="0.0"/>
  <testcase name="When I save it anyway" classname="Scenario: Successfully create a new assignment with empty data from the main dropdown button" time="0.0"/>
  <testcase name="Then the new assignment &quot;New Assignment&quot; is visible in its own expanded column" classname="Scenario: Successfully create a new assignment with empty data from the main dropdown button" time="0.0"/>
  <testcase name="And it is named as &quot;New Assignment&quot; in &quot;Student Readiness&quot; column" classname="Scenario: Successfully create a new assignment with empty data from the main dropdown button" time="0.0"/>
  <testcase name="classMethod" classname="Scenario: Successfully create a new assignment with empty data from the main dropdown button" time="7.668"/>
  <system-out><![CDATA[]]></system-out>
  <system-err><![CDATA[]]></system-err>
</testsuite>
