<?xml version="1.0" encoding="UTF-8"?>
<testsuite name="Scenario: Create a new assignment and check equation editors of assignment editor details page and open correctly" tests="15" skipped="0" failures="0" errors="0" timestamp="2019-07-19T16:32:26" hostname="mo-acceptance-test-driver-182622c" time="8.592">
  <properties/>
  <testcase name="Given I am logged in as the default administrator" classname="Scenario: Create a new assignment and check equation editors of assignment editor details page and open correctly" time="0.0"/>
  <testcase name="And I am on the Content Repository page of Demonstration Class" classname="Scenario: Create a new assignment and check equation editors of assignment editor details page and open correctly" time="0.0"/>
  <testcase name="When I choose creating new assignment in &quot;Student Readiness&quot; unit from the main dropdown button" classname="Scenario: Create a new assignment and check equation editors of assignment editor details page and open correctly" time="0.0"/>
  <testcase name="Then Assignment Editor is opened" classname="Scenario: Create a new assignment and check equation editors of assignment editor details page and open correctly" time="0.0"/>
  <testcase name="When I click &quot;Text to show at the head of each page&quot; section" classname="Scenario: Create a new assignment and check equation editors of assignment editor details page and open correctly" time="0.0"/>
  <testcase name="And I assert that the Header CKEditor is visible" classname="Scenario: Create a new assignment and check equation editors of assignment editor details page and open correctly" time="0.0"/>
  <testcase name="And I click the Equation Editor button of the Header CKEditor" classname="Scenario: Create a new assignment and check equation editors of assignment editor details page and open correctly" time="0.0"/>
  <testcase name="And I assert that the Math Editor dialog is visible" classname="Scenario: Create a new assignment and check equation editors of assignment editor details page and open correctly" time="0.0"/>
  <testcase name="And I click Cancel in the Math Editor dialog" classname="Scenario: Create a new assignment and check equation editors of assignment editor details page and open correctly" time="0.0"/>
  <testcase name="When I click &quot;Text to show on the results page&quot; section" classname="Scenario: Create a new assignment and check equation editors of assignment editor details page and open correctly" time="0.0"/>
  <testcase name="And I assert that the Results CKEditor is visible" classname="Scenario: Create a new assignment and check equation editors of assignment editor details page and open correctly" time="0.0"/>
  <testcase name="And I click the Equation Editor button of the Results CKEditor" classname="Scenario: Create a new assignment and check equation editors of assignment editor details page and open correctly" time="0.0"/>
  <testcase name="And I assert that the Math Editor dialog is visible" classname="Scenario: Create a new assignment and check equation editors of assignment editor details page and open correctly" time="0.0"/>
  <testcase name="And I click Cancel in the Math Editor dialog" classname="Scenario: Create a new assignment and check equation editors of assignment editor details page and open correctly" time="0.0"/>
  <testcase name="classMethod" classname="Scenario: Create a new assignment and check equation editors of assignment editor details page and open correctly" time="9.573"/>
  <system-out><![CDATA[
  Scenario: Create a new question and test opening equation editor dialog in the response specific feedback area for MC questions ?[90m# MathEditorDialog.feature:70?[0m
    ?[32mWhen ?[0m?[32mI choose creating new question/Text from the main dropdown button?[0m                                                        ?[90m# ContentRepositorySteps.chooseCreatingNewQuestionFromMainDropdownButton()?[0m
    ?[32mAnd ?[0m?[32mQuestion Designer is opened?[0m                                                                                               ?[90m# QuestionDesignerSteps.assertQuestionDesignerPageIsOpened()?[0m
    ?[32mAnd ?[0m?[32mI click inside the question text editor?[0m                                                                                   ?[90m# QuestionDesignerSteps.clickInsideQuestionTextEditor()?[0m
    ?[32mAnd ?[0m?[32mI click Response Area button to open the dialog and assert that the Choose Question Type page is visible?[0m                  ?[90m# QuestionDesignerSteps.clickInsertResponseAreaButton()?[0m
    ?[32mWhen ?[0m?[32mI choose "?[0m?[32m?[1mMultiple Choice?[0m?[32m" link from the dialog and complete the correct answer?[0m                                          ?[90m# QuestionDesignerSteps.chooseTypeAndCompleteCorrectAnswer(String)?[0m
    ?[32mAnd ?[0m?[32mI click the Math Editor button in the second response specific feedback editor?[0m                                            ?[90m# QuestionDesignerSteps.clickMultipleChoiceResponseSpecificFeedbackMathEditor()?[0m
    ?[32mThen ?[0m?[32mI assert that the Math Editor dialog is visible?[0m                                                                          ?[90m# MathEditorDialogSteps.assertMathEditorDialogVisible()?[0m
    ?[32mAnd ?[0m?[32mI click Cancel in the Math Editor dialog?[0m                                                                                  ?[90m# MathEditorDialogSteps.cancelDialog()?[0m
]]></system-out>
  <system-err><![CDATA[]]></system-err>
</testsuite>
