<?xml version="1.0" encoding="UTF-8"?>
<testsuite name="TA-8736" tests="1" skipped="0" failures="0" errors="0" timestamp="2019-07-19T16:45:05" hostname="mo-acceptance-test-driver-182622c" time="44.082">
  <properties/>
  <testcase name="Scenario: Ensure gradebook shows proper assignment's question scores " classname="TA-8736" time="44.082"/>
  <system-out><![CDATA[
  Scenario: Successfully update question grade when viewing details in gradebook                                 ?[90m# gradebook/ManageGradebookDetails.feature:7?[0m
    ?[32mWhen ?[0m?[32mI am on the Content Repository page of ?[0m?[32m?[1mDemonstration Class?[0m                                              ?[90m# ContentRepositorySteps.navigateToContentRepositoryOfClass(String)?[0m
    ?[32mAnd ?[0m?[32mI choose creating new question/Text from the main dropdown button?[0m                                        ?[90m# ContentRepositorySteps.chooseCreatingNewQuestionFromMainDropdownButton()?[0m
    ?[32mAnd ?[0m?[32mQuestion Designer is opened?[0m                                                                              ?[90m# QuestionDesignerSteps.assertQuestionDesignerPageIsOpened()?[0m
    ?[32mWhen ?[0m?[32mI enter valid information for the question name as "?[0m?[32m?[1mGradebook test question?[0m?[32m"?[0m                            ?[90m# QuestionDesignerSteps.enterQuestionName(String)?[0m
    ?[32mAnd ?[0m?[32mI click inside the question text editor?[0m                                                                  ?[90m# QuestionDesignerSteps.clickInsideQuestionTextEditor()?[0m
    ?[32mAnd ?[0m?[32mI click Response Area button to open the dialog and assert that the Choose Question Type page is visible?[0m ?[90m# QuestionDesignerSteps.clickInsertResponseAreaButton()?[0m
    ?[32mWhen ?[0m?[32mI choose "?[0m?[32m?[1mMathematical Formula?[0m?[32m" link from the dialog and complete the correct answer?[0m                    ?[90m# QuestionDesignerSteps.chooseTypeAndCompleteCorrectAnswer(String)?[0m
    ?[32mAnd ?[0m?[32mI click OK?[0m                                                                                               ?[90m# QuestionDesignerSteps.clickResponseDialogOkButton()?[0m
    ?[32mThen ?[0m?[32mI see the "?[0m?[32m?[1mMathematical Formula?[0m?[32m" Question Widget in the question text section?[0m                           ?[90m# QuestionDesignerSteps.assertQuestionWidgetIsInserted(String)?[0m
    ?[32mAnd ?[0m?[32mI click the question designer Save & Close button?[0m                                                        ?[90m# QuestionDesignerSteps.clickSaveAndCloseButton()?[0m
    ?[32mWhen ?[0m?[32mI choose creating new assignment in "?[0m?[32m?[1mStudent Readiness?[0m?[32m" unit from the main dropdown button?[0m              ?[90m# ContentRepositorySteps.chooseCreatingNewAssignmentFromMainDropdownButton(String)?[0m
    ?[32mThen ?[0m?[32mAssignment Editor is opened?[0m                                                                             ?[90m# AssignmentEditorDetailsSteps.assertAssignmentEditorPageIsOpened()?[0m
    ?[32mWhen ?[0m?[32menter Assignment name "?[0m?[32m?[1mGradebook test?[0m?[32m"?[0m                                                                  ?[90m# AssignmentEditorDetailsSteps.enterAssignmentName(String)?[0m
    ?[32mAnd ?[0m?[32mI click on the questions tab?[0m                                                                             ?[90m# AssignmentEditorDetailsSteps.clickQuestionsTab()?[0m
    ?[32mAnd ?[0m?[32mI click the import question button?[0m                                                                       ?[90m# AssignmentEditorQuestionSteps.importQuestion()?[0m
    ?[32mThen ?[0m?[32mThe import questions dialog appears?[0m                                                                     ?[90m# AssignmentEditorQuestionSteps.assertImportQuestionsVisible()?[0m
    ?[32mWhen ?[0m?[32mI click on "Questions"?[0m                                                                                  ?[90m# ContentRepositorySteps.clickOnQuestions()?[0m
    ?[32mAnd ?[0m?[32mI select the question "?[0m?[32m?[1mGradebook test question?[0m?[32m"?[0m                                                          ?[90m# AssignmentEditorQuestionSteps.selectQuestion(String)?[0m
    ?[32mAnd ?[0m?[32mI click Import Questions in the Import Questions dialog?[0m                                                  ?[90m# AssignmentEditorQuestionSteps.doImportQuestions()?[0m
    ?[32mThen ?[0m?[32mverify the question caption text is "?[0m?[32m?[1mGradebook test question?[0m?[32m"?[0m                                           ?[90m# AssignmentEditorQuestionSteps.assertSavedQuestionName(String)?[0m
    ?[32mWhen ?[0m?[32mI save & close the assignment on the questions page?[0m                                                     ?[90m# AssignmentEditorQuestionSteps.saveAndCloseAssignment()?[0m
    ?[32mThen ?[0m?[32mI see summary of the assignment?[0m                                                                         ?[90m# AssignmentEditorDetailsSteps.assertAssignmentSummaryShown()?[0m
    ?[32mWhen ?[0m?[32mI save and close the assignment summary details?[0m                                                         ?[90m# AssignmentEditorDetailsSteps.saveAndCloseAssignmentSummary()?[0m
    ?[32mThen ?[0m?[32mthe new assignment "?[0m?[32m?[1mGradebook test?[0m?[32m" is visible in its own expanded column?[0m                               ?[90m# ContentRepositorySteps.assertNamedAssignmentColumnIsExpanded(String)?[0m
    ?[32mWhen ?[0m?[32mI navigate to the System Homepage?[0m                                                                       ?[90m# SystemHomepageSteps.navigateToSystemHomepage()?[0m
    ?[32mAnd ?[0m?[32mI am on "Class Homepage" page of "?[0m?[32m?[1mDemonstration Class?[0m?[32m" class?[0m                                             ?[90m# ClassHomepageSteps.navigateToClassHomepage(String)?[0m
    ?[32mAnd ?[0m?[32mI start the "?[0m?[32m?[1mGradebook test?[0m?[32m" assignment in "?[0m?[32m?[1mStudent Readiness?[0m?[32m" unit?[0m                                      ?[90m# ClassHomepageSteps.openAssignment(String,String)?[0m
    ?[32mAnd ?[0m?[32mI submit the assignment?[0m                                                                                  ?[90m# MapleTAAssignmentSteps.submitAssignment()?[0m
    ?[32mThen ?[0m?[32mI confirm to submit the assignment?[0m                                                                      ?[90m# MapleTAAssignmentSteps.submitAssignment()?[0m
    ?[32mAnd ?[0m?[32mquit and save the assignment?[0m                                                                             ?[90m# MapleTAAssignmentSteps.quitAndSaveAssignment()?[0m
    ?[32mWhen ?[0m?[32mI am on the Class Homepage?[0m                                                                              ?[90m# ClassHomepageSteps.assertClassHomepage()?[0m
    ?[32mThen ?[0m?[32mI navigate to the "?[0m?[32m?[1mClass Grades?[0m?[32m" in "?[0m?[32m?[1mGradebook?[0m?[32m" of current class?[0m                                        ?[90m# ClassHomepageSteps.navigateInClass(String,String)?[0m
    ?[32mWhen ?[0m?[32mI am on the Class Grades page?[0m                                                                           ?[90m# GradebookClassGradesSteps.waitForClassGradesPage()?[0m
    ?[32mThen ?[0m?[32mI select "?[0m?[32m?[1mGradebook test - Homework/Quiz?[0m?[32m" in "Assignments" selection list?[0m                               ?[90m# GradebookClassGradesSteps.selectAssignment(String)?[0m
    ?[32mAnd ?[0m?[32mI select "?[0m?[32m?[1mOther users with grades?[0m?[32m" in "List" selection list?[0m                                              ?[90m# GradebookClassGradesSteps.selectUser(String)?[0m
    ?[32mAnd ?[0m?[32mI put "?[0m?[32m?[1mqa?[0m?[32m" in the "User" input box?[0m                                                                       ?[90m# GradebookClassGradesSteps.inputUserLogin(String)?[0m
    ?[32mAnd ?[0m?[32mI select "?[0m?[32m?[1mMost Recent?[0m?[32m" in "Results" selection list?[0m                                                       ?[90m# GradebookClassGradesSteps.selectResult(String)?[0m
    ?[32mAnd ?[0m?[32mI select "?[0m?[32m?[1mCompleted?[0m?[32m" in "Progress" selection list?[0m                                                        ?[90m# GradebookClassGradesSteps.selectProgress(String)?[0m
    ?[32mThen ?[0m?[32mI click the Search button?[0m                                                                               ?[90m# GradebookClassGradesSteps.clickSearch()?[0m
    ?[32mWhen ?[0m?[32mI click the grade for the selected assignment?[0m                                                           ?[90m# GradebookClassGradesSteps.clickGrade()?[0m
    ?[32mThen ?[0m?[32mI see the test record details of "?[0m?[32m?[1mGradebook test?[0m?[32m" for user "?[0m?[32m?[1mqa?[0m?[32m"?[0m                                         ?[90m# GradebookDetailsSteps.assertAssignmentTitleAndLoginVisible(String,String)?[0m
    ?[32mAnd ?[0m?[32mI see my total score "?[0m?[32m?[1m0/1.0?[0m?[32m"?[0m                                                                             ?[90m# GradebookDetailsSteps.assertTotalScore(String)?[0m
    ?[32mWhen ?[0m?[32mI select the question "?[0m?[32m?[1mQ1?[0m?[32m" on the gradebook details page?[0m                                                ?[90m# GradebookDetailsSteps.selectQuestions(String)?[0m
    ?[32mAnd ?[0m?[32mI choose to update grade for question "?[0m?[32m?[1mQ1?[0m?[32m" to "?[0m?[32m?[1m0.5?[0m?[32m"?[0m                                                      ?[90m# GradebookDetailsSteps.updateQuestionGrade(String,String)?[0m
    ?[32mAnd ?[0m?[32mI click the "Save Question Grades" button?[0m                                                                ?[90m# GradebookDetailsSteps.clickSaveGradesButton()?[0m
    ?[32mThen ?[0m?[32mI see the question grade of "?[0m?[32m?[1mQ1?[0m?[32m" updated to "?[0m?[32m?[1m0.50/1.00?[0m?[32m"?[0m                                                 ?[90m# GradebookDetailsSteps.assertQuestionGrade(String,String)?[0m
    ?[32mAnd ?[0m?[32mI see my total score "?[0m?[32m?[1m0.50/1.00?[0m?[32m"?[0m                                                                         ?[90m# GradebookDetailsSteps.assertTotalScore(String)?[0m
    ?[32mWhen ?[0m?[32mI navigate to the "?[0m?[32m?[1mClass Grades?[0m?[32m" in "?[0m?[32m?[1mGradebook?[0m?[32m" of current class?[0m                                        ?[90m# ClassHomepageSteps.navigateInClass(String,String)?[0m
    ?[32mThen ?[0m?[32mI select "?[0m?[32m?[1mGradebook test - Homework/Quiz?[0m?[32m" in "Assignments" selection list?[0m                               ?[90m# GradebookClassGradesSteps.selectAssignment(String)?[0m
    ?[32mAnd ?[0m?[32mI select "?[0m?[32m?[1mOther users with grades?[0m?[32m" in "List" selection list?[0m                                              ?[90m# GradebookClassGradesSteps.selectUser(String)?[0m
    ?[32mAnd ?[0m?[32mI put "?[0m?[32m?[1mqa?[0m?[32m" in the "User" input box?[0m                                                                       ?[90m# GradebookClassGradesSteps.inputUserLogin(String)?[0m
    ?[32mAnd ?[0m?[32mI select "?[0m?[32m?[1mMost Recent?[0m?[32m" in "Results" selection list?[0m                                                       ?[90m# GradebookClassGradesSteps.selectResult(String)?[0m
    ?[32mAnd ?[0m?[32mI select "?[0m?[32m?[1mCompleted?[0m?[32m" in "Progress" selection list?[0m                                                        ?[90m# GradebookClassGradesSteps.selectProgress(String)?[0m
    ?[32mThen ?[0m?[32mI click the Search button?[0m                                                                               ?[90m# GradebookClassGradesSteps.clickSearch()?[0m
    ?[32mWhen ?[0m?[32mI click "?[0m?[32m?[1mGradebook test?[0m?[32m" in the Class Grades table?[0m                                                      ?[90m# GradebookClassGradesSteps.clickAssignmentHeaderInTable(String)?[0m
    ?[32mAnd ?[0m?[32mI click "?[0m?[32m?[1mQ1?[0m?[32m" for the selected assignment?[0m                                                                 ?[90m# GradebookClassGradesSteps.clickQuestionInTable(String)?[0m
    ?[32mThen ?[0m?[32mI select all in the grades table and choose to update grade to "?[0m?[32m?[1m0.6?[0m?[32m"?[0m                                    ?[90m# GradebookDetailsSteps.updateQuestionGradeForAllUsers(String)?[0m
    ?[32mAnd ?[0m?[32mI click the "Save Question Grades" button?[0m                                                                ?[90m# GradebookDetailsSteps.clickSaveGradesButton()?[0m
    ?[32mThen ?[0m?[32mI see the question grade of "?[0m?[32m?[1mQ1?[0m?[32m" updated to "?[0m?[32m?[1m0.60/1.00?[0m?[32m"?[0m                                                 ?[90m# GradebookDetailsSteps.assertQuestionGrade(String,String)?[0m
]]></system-out>
  <system-err><![CDATA[]]></system-err>
</testsuite>
