<?xml version="1.0" encoding="UTF-8"?>
<testsuite name="Scenario: Test toggling visibility of assignment in content repository" tests="14" skipped="0" failures="0" errors="0" timestamp="2019-07-19T16:16:21" hostname="mo-acceptance-test-driver-182622c" time="8.558">
  <properties/>
  <testcase name="Given I am logged in as the default administrator" classname="Scenario: Test toggling visibility of assignment in content repository" time="0.0"/>
  <testcase name="And I am on the Content Repository page of Demonstration Class" classname="Scenario: Test toggling visibility of assignment in content repository" time="0.0"/>
  <testcase name="When I choose creating new assignment in &quot;Student Readiness&quot; unit from the main dropdown button" classname="Scenario: Test toggling visibility of assignment in content repository" time="0.001"/>
  <testcase name="Then Assignment Editor is opened" classname="Scenario: Test toggling visibility of assignment in content repository" time="0.0"/>
  <testcase name="When I save &amp; close the assignment on the name page" classname="Scenario: Test toggling visibility of assignment in content repository" time="0.0"/>
  <testcase name="Then I see summary of the assignment with warning text &quot;WARNING: No questions chosen for the assignment&quot;" classname="Scenario: Test toggling visibility of assignment in content repository" time="0.001"/>
  <testcase name="When I save it anyway" classname="Scenario: Test toggling visibility of assignment in content repository" time="0.0"/>
  <testcase name="Then the new assignment &quot;New Assignment&quot; is visible in its own expanded column" classname="Scenario: Test toggling visibility of assignment in content repository" time="0.0"/>
  <testcase name="And it is named as &quot;New Assignment&quot; in &quot;Student Readiness&quot; column" classname="Scenario: Test toggling visibility of assignment in content repository" time="0.0"/>
  <testcase name="When I click the &quot;Hide&quot; button in the &quot;New Assignment&quot; column" classname="Scenario: Test toggling visibility of assignment in content repository" time="0.0"/>
  <testcase name="Then I see a &quot;Show&quot; button in the &quot;New Assignment&quot; column" classname="Scenario: Test toggling visibility of assignment in content repository" time="0.0"/>
  <testcase name="When I click the &quot;Show&quot; button in the &quot;New Assignment&quot; column" classname="Scenario: Test toggling visibility of assignment in content repository" time="0.0"/>
  <testcase name="Then I see a &quot;Hide&quot; button in the &quot;New Assignment&quot; column" classname="Scenario: Test toggling visibility of assignment in content repository" time="0.0"/>
  <testcase name="classMethod" classname="Scenario: Test toggling visibility of assignment in content repository" time="9.547"/>
  <system-out><![CDATA[
  Scenario: Test that clicking save in the Choose Name tab does not delete the existing questions   ?[90m# CreateAssignment.feature:148?[0m
    ?[32mWhen ?[0m?[32mI choose creating new assignment in "?[0m?[32m?[1mStudent Readiness?[0m?[32m" unit from the main dropdown button?[0m ?[90m# ContentRepositorySteps.chooseCreatingNewAssignmentFromMainDropdownButton(String)?[0m
    ?[32mThen ?[0m?[32mAssignment Editor is opened?[0m                                                                ?[90m# AssignmentEditorDetailsSteps.assertAssignmentEditorPageIsOpened()?[0m
    ?[32mWhen ?[0m?[32menter Assignment name "?[0m?[32m?[1mChoose Name Questions?[0m?[32m"?[0m                                              ?[90m# AssignmentEditorDetailsSteps.enterAssignmentName(String)?[0m
    ?[32mAnd ?[0m?[32mI click on the questions tab?[0m                                                                ?[90m# AssignmentEditorDetailsSteps.clickQuestionsTab()?[0m
    ?[32mAnd ?[0m?[32mI click the new question button?[0m                                                             ?[90m# AssignmentEditorQuestionSteps.createQuestion()?[0m
    ?[32mAnd ?[0m?[32mI create question "?[0m?[32m?[1mFormula Question?[0m?[32m" with label "?[0m?[32m?[1mFormula Question Label?[0m?[32m"?[0m                    ?[90m# AssignmentEditorQuestionSteps.createQuestion(String,String)?[0m
    ?[32mAnd ?[0m?[32mI create a Mathematical Formula response area in the assignment question editor?[0m             ?[90m# AssignmentEditorQuestionSteps.createFormulaQuestionInQuestionEditor()?[0m
    ?[32mAnd ?[0m?[32mI save & close the new question in the assignment editor?[0m                                    ?[90m# AssignmentEditorQuestionSteps.saveAndCloseNewQuestion()?[0m
    ?[32mThen ?[0m?[32mverify the question caption text is "?[0m?[32m?[1mFormula Question Label?[0m?[32m"?[0m                               ?[90m# AssignmentEditorQuestionSteps.assertSavedQuestionName(String)?[0m
    ?[32mWhen ?[0m?[32mI save & close the assignment on the questions page?[0m                                        ?[90m# AssignmentEditorQuestionSteps.saveAndCloseAssignment()?[0m
    ?[32mThen ?[0m?[32mI see summary of the assignment?[0m                                                            ?[90m# AssignmentEditorDetailsSteps.assertAssignmentSummaryShown()?[0m
    ?[32mWhen ?[0m?[32mI save and close the assignment summary details?[0m                                            ?[90m# AssignmentEditorDetailsSteps.saveAndCloseAssignmentSummary()?[0m
    ?[32mThen ?[0m?[32mthe new assignment "?[0m?[32m?[1mChoose Name Questions?[0m?[32m" is visible in its own expanded column?[0m           ?[90m# ContentRepositorySteps.assertNamedAssignmentColumnIsExpanded(String)?[0m
    ?[32mWhen ?[0m?[32mI edit the "?[0m?[32m?[1mChoose Name Questions?[0m?[32m" assignment?[0m                                              ?[90m# ContentRepositorySteps.editModule(String)?[0m
    ?[32mAnd ?[0m?[32mI save the assignment on the name page?[0m                                                      ?[90m# AssignmentEditorDetailsSteps.saveAssignment()?[0m
    ?[32mAnd ?[0m?[32mI click on the questions tab?[0m                                                                ?[90m# AssignmentEditorDetailsSteps.clickQuestionsTab()?[0m
    ?[32mThen ?[0m?[32mI see questions on the assignment question editor page?[0m                                     ?[90m# AssignmentEditorQuestionSteps.assertQuestionsOnPage()?[0m
]]></system-out>
  <system-err><![CDATA[]]></system-err>
</testsuite>
