<?xml version="1.0" encoding="UTF-8"?>
<testsuite name="Scenario: Verify Custom CSS is applied to question text and feedback in the gradebook" tests="43" skipped="0" failures="0" errors="0" timestamp="2019-07-19T16:45:50" hostname="mo-acceptance-test-driver-182622c" time="26.412">
  <properties/>
  <testcase name="Given I am logged in as the default administrator" classname="Scenario: Verify Custom CSS is applied to question text and feedback in the gradebook" time="0.0"/>
  <testcase name="When I am on the Content Repository page of Demonstration Class" classname="Scenario: Verify Custom CSS is applied to question text and feedback in the gradebook" time="0.0"/>
  <testcase name="And I choose creating new assignment in &quot;Student Readiness&quot; unit from the main dropdown button" classname="Scenario: Verify Custom CSS is applied to question text and feedback in the gradebook" time="0.0"/>
  <testcase name="Then Assignment Editor is opened" classname="Scenario: Verify Custom CSS is applied to question text and feedback in the gradebook" time="0.0"/>
  <testcase name="When enter Assignment name &quot;Assignment with Question Style 2&quot;" classname="Scenario: Verify Custom CSS is applied to question text and feedback in the gradebook" time="0.0"/>
  <testcase name="When I click on the questions tab" classname="Scenario: Verify Custom CSS is applied to question text and feedback in the gradebook" time="0.0"/>
  <testcase name="And I click the new question button" classname="Scenario: Verify Custom CSS is applied to question text and feedback in the gradebook" time="0.0"/>
  <testcase name="And I create question &quot;CSS Question&quot; with label &quot;CSS Question Label&quot;" classname="Scenario: Verify Custom CSS is applied to question text and feedback in the gradebook" time="0.0"/>
  <testcase name="And I create a Mathematical Formula response area in the assignment question editor" classname="Scenario: Verify Custom CSS is applied to question text and feedback in the gradebook" time="0.0"/>
  <testcase name="When I click the &quot;Feedback&quot; button in the toolbar" classname="Scenario: Verify Custom CSS is applied to question text and feedback in the gradebook" time="0.0"/>
  <testcase name="Then I see the feedback editor" classname="Scenario: Verify Custom CSS is applied to question text and feedback in the gradebook" time="0.0"/>
  <testcase name="And I enter &quot;Feedback&quot; in the feedback editor" classname="Scenario: Verify Custom CSS is applied to question text and feedback in the gradebook" time="0.0"/>
  <testcase name="When I click the &quot;Custom CSS&quot; button in the toolbar" classname="Scenario: Verify Custom CSS is applied to question text and feedback in the gradebook" time="0.0"/>
  <testcase name="Then I see the CSS editor" classname="Scenario: Verify Custom CSS is applied to question text and feedback in the gradebook" time="0.0"/>
  <testcase name="And I enter &quot;body { background-color: red; }&quot; in the CSS editor" classname="Scenario: Verify Custom CSS is applied to question text and feedback in the gradebook" time="0.0"/>
  <testcase name="When I save &amp; close the new question in the assignment editor" classname="Scenario: Verify Custom CSS is applied to question text and feedback in the gradebook" time="0.0"/>
  <testcase name="Then verify the question caption text is &quot;CSS Question Label&quot;" classname="Scenario: Verify Custom CSS is applied to question text and feedback in the gradebook" time="0.0"/>
  <testcase name="When I save &amp; close the assignment on the questions page" classname="Scenario: Verify Custom CSS is applied to question text and feedback in the gradebook" time="0.0"/>
  <testcase name="Then I see summary of the assignment" classname="Scenario: Verify Custom CSS is applied to question text and feedback in the gradebook" time="0.0"/>
  <testcase name="When I save and close the assignment summary details" classname="Scenario: Verify Custom CSS is applied to question text and feedback in the gradebook" time="0.0"/>
  <testcase name="Then the new assignment &quot;Assignment with Question Style 2&quot; is visible in its own expanded column" classname="Scenario: Verify Custom CSS is applied to question text and feedback in the gradebook" time="0.0"/>
  <testcase name="When I navigate to the System Homepage" classname="Scenario: Verify Custom CSS is applied to question text and feedback in the gradebook" time="0.0"/>
  <testcase name="And I am on &quot;Class Homepage&quot; page of &quot;Demonstration Class&quot; class" classname="Scenario: Verify Custom CSS is applied to question text and feedback in the gradebook" time="0.0"/>
  <testcase name="When I Turn on Mouse Visualization" classname="Scenario: Verify Custom CSS is applied to question text and feedback in the gradebook" time="0.0"/>
  <testcase name="And I launch the &quot;Assignment with Question Style 2&quot; assignment in &quot;Student Readiness&quot; unit" classname="Scenario: Verify Custom CSS is applied to question text and feedback in the gradebook" time="0.0"/>
  <testcase name="When I submit the assignment" classname="Scenario: Verify Custom CSS is applied to question text and feedback in the gradebook" time="0.0"/>
  <testcase name="And I confirm to submit the assignment" classname="Scenario: Verify Custom CSS is applied to question text and feedback in the gradebook" time="0.0"/>
  <testcase name="And quit and save the assignment" classname="Scenario: Verify Custom CSS is applied to question text and feedback in the gradebook" time="0.0"/>
  <testcase name="Then I am on the Class Homepage" classname="Scenario: Verify Custom CSS is applied to question text and feedback in the gradebook" time="0.0"/>
  <testcase name="When I navigate to the &quot;Class Grades&quot; in &quot;Gradebook&quot; of current class" classname="Scenario: Verify Custom CSS is applied to question text and feedback in the gradebook" time="0.0"/>
  <testcase name="Then I am on the Class Grades page" classname="Scenario: Verify Custom CSS is applied to question text and feedback in the gradebook" time="0.0"/>
  <testcase name="When I select in &quot;Assignments&quot; selection list" classname="Scenario: Verify Custom CSS is applied to question text and feedback in the gradebook" time="0.0"/>
  <testcase name="And I select &quot;Other users with grades&quot; in &quot;List&quot; selection list" classname="Scenario: Verify Custom CSS is applied to question text and feedback in the gradebook" time="0.0"/>
  <testcase name="And I put &quot;qa&quot; in the &quot;User&quot; input box" classname="Scenario: Verify Custom CSS is applied to question text and feedback in the gradebook" time="0.0"/>
  <testcase name="And I select &quot;Best&quot; in &quot;Results&quot; selection list" classname="Scenario: Verify Custom CSS is applied to question text and feedback in the gradebook" time="0.0"/>
  <testcase name="And I select &quot;Completed&quot; in &quot;Progress&quot; selection list" classname="Scenario: Verify Custom CSS is applied to question text and feedback in the gradebook" time="0.0"/>
  <testcase name="Then I click the Search button" classname="Scenario: Verify Custom CSS is applied to question text and feedback in the gradebook" time="0.0"/>
  <testcase name="When I click the grade for the selected assignment" classname="Scenario: Verify Custom CSS is applied to question text and feedback in the gradebook" time="0.0"/>
  <testcase name="Then I see the test record details of &quot;Assignment with Question Style 2&quot; for user &quot;qa&quot;" classname="Scenario: Verify Custom CSS is applied to question text and feedback in the gradebook" time="0.0"/>
  <testcase name="And I see that the question background color is &quot;rgba(255, 0, 0, 1)&quot;" classname="Scenario: Verify Custom CSS is applied to question text and feedback in the gradebook" time="0.0"/>
  <testcase name="And I see that the feedback background color is &quot;rgba(255, 0, 0, 1)&quot;" classname="Scenario: Verify Custom CSS is applied to question text and feedback in the gradebook" time="0.0"/>
  <testcase name="And I do not see that the response background color is &quot;rgba(255, 0, 0, 1)&quot;" classname="Scenario: Verify Custom CSS is applied to question text and feedback in the gradebook" time="0.0"/>
  <testcase name="classMethod" classname="Scenario: Verify Custom CSS is applied to question text and feedback in the gradebook" time="27.487"/>
  <system-out><![CDATA[
  Scenario: Ensure gradebook shows proper assignment's question scores (TA-8736)                                 ?[90m# gradebook/ManageGradebookDetails.feature:68?[0m
    ?[32mWhen ?[0m?[32mI am on the Content Repository page of ?[0m?[32m?[1mDemonstration Class?[0m                                              ?[90m# ContentRepositorySteps.navigateToContentRepositoryOfClass(String)?[0m
    ?[32mAnd ?[0m?[32mI choose creating new question/Text from the main dropdown button?[0m                                        ?[90m# ContentRepositorySteps.chooseCreatingNewQuestionFromMainDropdownButton()?[0m
    ?[32mAnd ?[0m?[32mQuestion Designer is opened?[0m                                                                              ?[90m# QuestionDesignerSteps.assertQuestionDesignerPageIsOpened()?[0m
    ?[32mWhen ?[0m?[32mI enter valid information for the question name as "?[0m?[32m?[1mTA-8726 question?[0m?[32m"?[0m                                   ?[90m# QuestionDesignerSteps.enterQuestionName(String)?[0m
    ?[32mAnd ?[0m?[32mI click inside the question text editor?[0m                                                                  ?[90m# QuestionDesignerSteps.clickInsideQuestionTextEditor()?[0m
    ?[32mAnd ?[0m?[32mI click Response Area button to open the dialog and assert that the Choose Question Type page is visible?[0m ?[90m# QuestionDesignerSteps.clickInsertResponseAreaButton()?[0m
    ?[32mWhen ?[0m?[32mI choose "?[0m?[32m?[1mMathematical Formula?[0m?[32m" link from the dialog and complete the correct answer?[0m                    ?[90m# QuestionDesignerSteps.chooseTypeAndCompleteCorrectAnswer(String)?[0m
    ?[32mAnd ?[0m?[32mI click OK?[0m                                                                                               ?[90m# QuestionDesignerSteps.clickResponseDialogOkButton()?[0m
    ?[32mThen ?[0m?[32mI see the "?[0m?[32m?[1mMathematical Formula?[0m?[32m" Question Widget in the question text section?[0m                           ?[90m# QuestionDesignerSteps.assertQuestionWidgetIsInserted(String)?[0m
    ?[32mAnd ?[0m?[32mI click the question designer Save & Close button?[0m                                                        ?[90m# QuestionDesignerSteps.clickSaveAndCloseButton()?[0m
    ?[32mWhen ?[0m?[32mI choose creating new assignment in "?[0m?[32m?[1mStudent Readiness?[0m?[32m" unit from the main dropdown button?[0m              ?[90m# ContentRepositorySteps.chooseCreatingNewAssignmentFromMainDropdownButton(String)?[0m
    ?[32mThen ?[0m?[32mAssignment Editor is opened?[0m                                                                             ?[90m# AssignmentEditorDetailsSteps.assertAssignmentEditorPageIsOpened()?[0m
    ?[32mWhen ?[0m?[32menter Assignment name "?[0m?[32m?[1mTA-8726 Assignment A?[0m?[32m"?[0m                                                            ?[90m# AssignmentEditorDetailsSteps.enterAssignmentName(String)?[0m
    ?[32mAnd ?[0m?[32mI click on the questions tab?[0m                                                                             ?[90m# AssignmentEditorDetailsSteps.clickQuestionsTab()?[0m
    ?[32mAnd ?[0m?[32mI click the import question button?[0m                                                                       ?[90m# AssignmentEditorQuestionSteps.importQuestion()?[0m
    ?[32mThen ?[0m?[32mThe import questions dialog appears?[0m                                                                     ?[90m# AssignmentEditorQuestionSteps.assertImportQuestionsVisible()?[0m
    ?[32mWhen ?[0m?[32mI click on "Questions"?[0m                                                                                  ?[90m# ContentRepositorySteps.clickOnQuestions()?[0m
    ?[32mAnd ?[0m?[32mI select the question "?[0m?[32m?[1mTA-8726 question?[0m?[32m"?[0m                                                                 ?[90m# AssignmentEditorQuestionSteps.selectQuestion(String)?[0m
    ?[32mAnd ?[0m?[32mI click Import Questions in the Import Questions dialog?[0m                                                  ?[90m# AssignmentEditorQuestionSteps.doImportQuestions()?[0m
    ?[32mThen ?[0m?[32mverify the question caption text is "?[0m?[32m?[1mTA-8726 question?[0m?[32m"?[0m                                                  ?[90m# AssignmentEditorQuestionSteps.assertSavedQuestionName(String)?[0m
    ?[32mWhen ?[0m?[32mI save & close the assignment on the questions page?[0m                                                     ?[90m# AssignmentEditorQuestionSteps.saveAndCloseAssignment()?[0m
    ?[32mThen ?[0m?[32mI see summary of the assignment?[0m                                                                         ?[90m# AssignmentEditorDetailsSteps.assertAssignmentSummaryShown()?[0m
    ?[32mWhen ?[0m?[32mI save and close the assignment summary details?[0m                                                         ?[90m# AssignmentEditorDetailsSteps.saveAndCloseAssignmentSummary()?[0m
    ?[32mThen ?[0m?[32mthe new assignment "?[0m?[32m?[1mTA-8726 Assignment A?[0m?[32m" is visible in its own expanded column?[0m                         ?[90m# ContentRepositorySteps.assertNamedAssignmentColumnIsExpanded(String)?[0m
    ?[32mWhen ?[0m?[32mI choose creating new assignment in "?[0m?[32m?[1mStudent Readiness?[0m?[32m" unit from the main dropdown button?[0m              ?[90m# ContentRepositorySteps.chooseCreatingNewAssignmentFromMainDropdownButton(String)?[0m
    ?[32mThen ?[0m?[32mAssignment Editor is opened?[0m                                                                             ?[90m# AssignmentEditorDetailsSteps.assertAssignmentEditorPageIsOpened()?[0m
    ?[32mWhen ?[0m?[32menter Assignment name "?[0m?[32m?[1mTA-8726 Assignment B?[0m?[32m"?[0m                                                            ?[90m# AssignmentEditorDetailsSteps.enterAssignmentName(String)?[0m
    ?[32mAnd ?[0m?[32mI click on the questions tab?[0m                                                                             ?[90m# AssignmentEditorDetailsSteps.clickQuestionsTab()?[0m
    ?[32mAnd ?[0m?[32mI click the import question button?[0m                                                                       ?[90m# AssignmentEditorQuestionSteps.importQuestion()?[0m
    ?[32mThen ?[0m?[32mThe import questions dialog appears?[0m                                                                     ?[90m# AssignmentEditorQuestionSteps.assertImportQuestionsVisible()?[0m
    ?[32mWhen ?[0m?[32mI click on "Questions"?[0m                                                                                  ?[90m# ContentRepositorySteps.clickOnQuestions()?[0m
    ?[32mAnd ?[0m?[32mI select the question "?[0m?[32m?[1mTA-8726 question?[0m?[32m"?[0m                                                                 ?[90m# AssignmentEditorQuestionSteps.selectQuestion(String)?[0m
    ?[32mAnd ?[0m?[32mI click Import Questions in the Import Questions dialog?[0m                                                  ?[90m# AssignmentEditorQuestionSteps.doImportQuestions()?[0m
    ?[32mThen ?[0m?[32mverify the question caption text is "?[0m?[32m?[1mTA-8726 question?[0m?[32m"?[0m                                                  ?[90m# AssignmentEditorQuestionSteps.assertSavedQuestionName(String)?[0m
    ?[32mWhen ?[0m?[32mI save & close the assignment on the questions page?[0m                                                     ?[90m# AssignmentEditorQuestionSteps.saveAndCloseAssignment()?[0m
    ?[32mThen ?[0m?[32mI see summary of the assignment?[0m                                                                         ?[90m# AssignmentEditorDetailsSteps.assertAssignmentSummaryShown()?[0m
    ?[32mWhen ?[0m?[32mI save and close the assignment summary details?[0m                                                         ?[90m# AssignmentEditorDetailsSteps.saveAndCloseAssignmentSummary()?[0m
    ?[32mThen ?[0m?[32mthe new assignment "?[0m?[32m?[1mTA-8726 Assignment B?[0m?[32m" is visible in its own expanded column?[0m                         ?[90m# ContentRepositorySteps.assertNamedAssignmentColumnIsExpanded(String)?[0m
    # Take one assignment and perform well:
    ?[32mWhen ?[0m?[32mI navigate to the System Homepage?[0m                                                                       ?[90m# SystemHomepageSteps.navigateToSystemHomepage()?[0m
    ?[32mAnd ?[0m?[32mI am on "Class Homepage" page of "?[0m?[32m?[1mDemonstration Class?[0m?[32m" class?[0m                                             ?[90m# ClassHomepageSteps.navigateToClassHomepage(String)?[0m
    ?[32mAnd ?[0m?[32mI start the "?[0m?[32m?[1mTA-8726 Assignment A?[0m?[32m" assignment in "?[0m?[32m?[1mStudent Readiness?[0m?[32m" unit?[0m                                ?[90m# ClassHomepageSteps.openAssignment(String,String)?[0m
    ?[32mThen ?[0m?[32mI assert that the ?[0m?[32m?[1mMathematical Formula?[0m?[32m question is rendered properly?[0m                                    ?[90m# QuestionPreviewSteps.assertQuestionRenderedCorrectly(String)?[0m
    ?[32mAnd ?[0m?[32mI enter "?[0m?[32m?[1m2x?[0m?[32m" in Mathematical Formula input?[0m                                                               ?[90m# MathmeticalFormulaElementSteps.enterMathFormulaInput(String)?[0m
    ?[32mAnd ?[0m?[32mI submit the assignment?[0m                                                                                  ?[90m# MapleTAAssignmentSteps.submitAssignment()?[0m
    ?[32mAnd ?[0m?[32mquit and save the assignment?[0m                                                                             ?[90m# MapleTAAssignmentSteps.quitAndSaveAssignment()?[0m
    # Take the other assignment and perform worse:
    ?[32mWhen ?[0m?[32mI am on the Class Homepage?[0m                                                                              ?[90m# ClassHomepageSteps.assertClassHomepage()?[0m
    ?[32mAnd ?[0m?[32mI start the "?[0m?[32m?[1mTA-8726 Assignment B?[0m?[32m" assignment in "?[0m?[32m?[1mStudent Readiness?[0m?[32m" unit?[0m                                ?[90m# ClassHomepageSteps.openAssignment(String,String)?[0m
    ?[32mAnd ?[0m?[32mI submit the assignment?[0m                                                                                  ?[90m# MapleTAAssignmentSteps.submitAssignment()?[0m
    ?[32mThen ?[0m?[32mI confirm to submit the assignment?[0m                                                                      ?[90m# MapleTAAssignmentSteps.submitAssignment()?[0m
    ?[32mAnd ?[0m?[32mquit and save the assignment?[0m                                                                             ?[90m# MapleTAAssignmentSteps.quitAndSaveAssignment()?[0m
    # Search for both assignments' best results:
    ?[32mWhen ?[0m?[32mI am on the Class Homepage?[0m                                                                              ?[90m# ClassHomepageSteps.assertClassHomepage()?[0m
    ?[32mThen ?[0m?[32mI navigate to the "?[0m?[32m?[1mClass Grades?[0m?[32m" in "?[0m?[32m?[1mGradebook?[0m?[32m" of current class?[0m                                        ?[90m# ClassHomepageSteps.navigateInClass(String,String)?[0m
    ?[32mWhen ?[0m?[32mI am on the Class Grades page?[0m                                                                           ?[90m# GradebookClassGradesSteps.waitForClassGradesPage()?[0m
    ?[32mThen ?[0m?[32mI select in "Assignments" selection list?[0m                                                                ?[90m# GradebookClassGradesSteps.selectAssignments(String>)?[0m
    ?[32mAnd ?[0m?[32mI select "?[0m?[32m?[1mOther users with grades?[0m?[32m" in "List" selection list?[0m                                              ?[90m# GradebookClassGradesSteps.selectUser(String)?[0m
    ?[32mAnd ?[0m?[32mI put "?[0m?[32m?[1mqa?[0m?[32m" in the "User" input box?[0m                                                                       ?[90m# GradebookClassGradesSteps.inputUserLogin(String)?[0m
    ?[32mAnd ?[0m?[32mI select "?[0m?[32m?[1mBest?[0m?[32m" in "Results" selection list?[0m                                                              ?[90m# GradebookClassGradesSteps.selectResult(String)?[0m
    ?[32mAnd ?[0m?[32mI select "?[0m?[32m?[1mCompleted?[0m?[32m" in "Progress" selection list?[0m                                                        ?[90m# GradebookClassGradesSteps.selectProgress(String)?[0m
    ?[32mThen ?[0m?[32mI click the Search button?[0m                                                                               ?[90m# GradebookClassGradesSteps.clickSearch()?[0m
    # Click the assignment we performed better on, and confirm the expected grade and question grade:
    ?[32mWhen ?[0m?[32mI click "?[0m?[32m?[1mTA-8726 Assignment A?[0m?[32m" in the Class Grades table?[0m                                                ?[90m# GradebookClassGradesSteps.clickAssignmentHeaderInTable(String)?[0m
    ?[32mThen ?[0m?[32mI assert that the grade is "?[0m?[32m?[1m1?[0m?[32m" for the selected assignment?[0m                                              ?[90m# GradebookClassGradesSteps.assertTotalGrade(String)?[0m
    ?[32mAnd ?[0m?[32mI assert that the grade is "?[0m?[32m?[1m1?[0m?[32m" for the assignment question item?[0m                                          ?[90m# GradebookClassGradesSteps.assertItemGrade(String)?[0m
    # Search for both assignments' best results:
    ?[32mWhen ?[0m?[32mI navigate to the "?[0m?[32m?[1mClass Grades?[0m?[32m" in "?[0m?[32m?[1mGradebook?[0m?[32m" of current class?[0m                                        ?[90m# ClassHomepageSteps.navigateInClass(String,String)?[0m
    ?[32mWhen ?[0m?[32mI am on the Class Grades page?[0m                                                                           ?[90m# GradebookClassGradesSteps.waitForClassGradesPage()?[0m
    ?[32mThen ?[0m?[32mI select in "Assignments" selection list?[0m                                                                ?[90m# GradebookClassGradesSteps.selectAssignments(String>)?[0m
    ?[32mAnd ?[0m?[32mI select "?[0m?[32m?[1mOther users with grades?[0m?[32m" in "List" selection list?[0m                                              ?[90m# GradebookClassGradesSteps.selectUser(String)?[0m
    ?[32mAnd ?[0m?[32mI put "?[0m?[32m?[1mqa?[0m?[32m" in the "User" input box?[0m                                                                       ?[90m# GradebookClassGradesSteps.inputUserLogin(String)?[0m
    ?[32mAnd ?[0m?[32mI select "?[0m?[32m?[1mBest?[0m?[32m" in "Results" selection list?[0m                                                              ?[90m# GradebookClassGradesSteps.selectResult(String)?[0m
    ?[32mAnd ?[0m?[32mI select "?[0m?[32m?[1mCompleted?[0m?[32m" in "Progress" selection list?[0m                                                        ?[90m# GradebookClassGradesSteps.selectProgress(String)?[0m
    ?[32mThen ?[0m?[32mI click the Search button?[0m                                                                               ?[90m# GradebookClassGradesSteps.clickSearch()?[0m
    # Click the assignment we performed worse on, and confirm the expected grade and question grade:
    ?[32mWhen ?[0m?[32mI click "?[0m?[32m?[1mTA-8726 Assignment B?[0m?[32m" in the Class Grades table?[0m                                                ?[90m# GradebookClassGradesSteps.clickAssignmentHeaderInTable(String)?[0m
    ?[32mThen ?[0m?[32mI assert that the grade is "?[0m?[32m?[1m0?[0m?[32m" for the selected assignment?[0m                                              ?[90m# GradebookClassGradesSteps.assertTotalGrade(String)?[0m
    ?[32mAnd ?[0m?[32mI assert that the grade is "?[0m?[32m?[1m0?[0m?[32m" for the assignment question item?[0m                                          ?[90m# GradebookClassGradesSteps.assertItemGrade(String)?[0m
]]></system-out>
  <system-err><![CDATA[]]></system-err>
</testsuite>
