<?xml version="1.0" encoding="UTF-8"?>
<testsuite name="Scenario: Ensure that feedback is not restricted if the assignment has an end date" tests="78" skipped="0" failures="0" errors="0" timestamp="2019-07-19T17:05:28" hostname="mo-acceptance-test-driver-182622c" time="49.076">
  <properties/>
  <testcase name="Given I am logged in as the default administrator" classname="Scenario: Ensure that feedback is not restricted if the assignment has an end date" time="0.0"/>
  <testcase name="When I am on the Content Repository page of Demonstration Class" classname="Scenario: Ensure that feedback is not restricted if the assignment has an end date" time="0.0"/>
  <testcase name="And I choose creating new question/Text from the main dropdown button" classname="Scenario: Ensure that feedback is not restricted if the assignment has an end date" time="0.0"/>
  <testcase name="Then Question Designer is opened" classname="Scenario: Ensure that feedback is not restricted if the assignment has an end date" time="0.0"/>
  <testcase name="When I enter valid information for the question name as &quot;Test Question&quot;" classname="Scenario: Ensure that feedback is not restricted if the assignment has an end date" time="0.0"/>
  <testcase name="And I click inside the question text editor" classname="Scenario: Ensure that feedback is not restricted if the assignment has an end date" time="0.0"/>
  <testcase name="And I click Response Area button to open the dialog and assert that the Choose Question Type page is visible" classname="Scenario: Ensure that feedback is not restricted if the assignment has an end date" time="0.0"/>
  <testcase name="When I choose &quot;Mathematical Formula&quot; link from the dialog and complete the correct answer" classname="Scenario: Ensure that feedback is not restricted if the assignment has an end date" time="0.0"/>
  <testcase name="And I click OK" classname="Scenario: Ensure that feedback is not restricted if the assignment has an end date" time="0.0"/>
  <testcase name="Then I see the &quot;Mathematical Formula&quot; Question Widget in the question text section" classname="Scenario: Ensure that feedback is not restricted if the assignment has an end date" time="0.0"/>
  <testcase name="And I click the question designer Save &amp; Close button" classname="Scenario: Ensure that feedback is not restricted if the assignment has an end date" time="0.0"/>
  <testcase name="When I choose creating new assignment in &quot;Student Readiness&quot; unit from the main dropdown button" classname="Scenario: Ensure that feedback is not restricted if the assignment has an end date" time="0.0"/>
  <testcase name="Then Assignment Editor is opened" classname="Scenario: Ensure that feedback is not restricted if the assignment has an end date" time="0.0"/>
  <testcase name="When enter Assignment name &quot;End Date&quot;" classname="Scenario: Ensure that feedback is not restricted if the assignment has an end date" time="0.0"/>
  <testcase name="And I click on the questions tab" classname="Scenario: Ensure that feedback is not restricted if the assignment has an end date" time="0.0"/>
  <testcase name="And I click the import question button" classname="Scenario: Ensure that feedback is not restricted if the assignment has an end date" time="0.0"/>
  <testcase name="Then The import questions dialog appears" classname="Scenario: Ensure that feedback is not restricted if the assignment has an end date" time="0.0"/>
  <testcase name="When I click on &quot;Questions&quot;" classname="Scenario: Ensure that feedback is not restricted if the assignment has an end date" time="0.0"/>
  <testcase name="And I select the question &quot;Test Question&quot;" classname="Scenario: Ensure that feedback is not restricted if the assignment has an end date" time="0.0"/>
  <testcase name="And I click Import Questions in the Import Questions dialog" classname="Scenario: Ensure that feedback is not restricted if the assignment has an end date" time="0.0"/>
  <testcase name="Then verify the question caption text is &quot;Test Question&quot;" classname="Scenario: Ensure that feedback is not restricted if the assignment has an end date" time="0.0"/>
  <testcase name="When I click on the set policies tab" classname="Scenario: Ensure that feedback is not restricted if the assignment has an end date" time="0.0"/>
  <testcase name="And I click on the calendar icon next to the &quot;End Date&quot; policy" classname="Scenario: Ensure that feedback is not restricted if the assignment has an end date" time="0.0"/>
  <testcase name="Then I see the date picker" classname="Scenario: Ensure that feedback is not restricted if the assignment has an end date" time="0.0"/>
  <testcase name="When I click the next month button" classname="Scenario: Ensure that feedback is not restricted if the assignment has an end date" time="0.0"/>
  <testcase name="And I click to close the date picker" classname="Scenario: Ensure that feedback is not restricted if the assignment has an end date" time="0.0"/>
  <testcase name="Then I see that the End Date checkbox is set to true" classname="Scenario: Ensure that feedback is not restricted if the assignment has an end date" time="0.0"/>
  <testcase name="When I save &amp; close the assignment on the policies page" classname="Scenario: Ensure that feedback is not restricted if the assignment has an end date" time="0.0"/>
  <testcase name="Then I see summary of the assignment" classname="Scenario: Ensure that feedback is not restricted if the assignment has an end date" time="0.0"/>
  <testcase name="When I save and close the assignment summary details" classname="Scenario: Ensure that feedback is not restricted if the assignment has an end date" time="0.0"/>
  <testcase name="Then the new assignment &quot;End Date&quot; is visible in its own expanded column" classname="Scenario: Ensure that feedback is not restricted if the assignment has an end date" time="0.0"/>
  <testcase name="When I navigate to the Maple TA login page" classname="Scenario: Ensure that feedback is not restricted if the assignment has an end date" time="0.0"/>
  <testcase name="And I enter valid credentials for user sally" classname="Scenario: Ensure that feedback is not restricted if the assignment has an end date" time="0.001"/>
  <testcase name="And I am on &quot;Class Homepage&quot; page of &quot;Demonstration Class&quot; class" classname="Scenario: Ensure that feedback is not restricted if the assignment has an end date" time="0.0"/>
  <testcase name="And I start the &quot;End Date&quot; assignment in &quot;Student Readiness&quot; unit" classname="Scenario: Ensure that feedback is not restricted if the assignment has an end date" time="0.0"/>
  <testcase name="And I submit the assignment" classname="Scenario: Ensure that feedback is not restricted if the assignment has an end date" time="0.0"/>
  <testcase name="Then I confirm to submit the assignment" classname="Scenario: Ensure that feedback is not restricted if the assignment has an end date" time="0.0"/>
  <testcase name="And quit and save the assignment" classname="Scenario: Ensure that feedback is not restricted if the assignment has an end date" time="0.0"/>
  <testcase name="When I am on the Class Homepage" classname="Scenario: Ensure that feedback is not restricted if the assignment has an end date" time="0.0"/>
  <testcase name="Then I navigate to the &quot;View Past Results&quot; in &quot;Gradebook&quot; of current class" classname="Scenario: Ensure that feedback is not restricted if the assignment has an end date" time="0.0"/>
  <testcase name="Then I am in the Gradebook" classname="Scenario: Ensure that feedback is not restricted if the assignment has an end date" time="0.0"/>
  <testcase name="When I click the Details link for the &quot;End Date&quot; module" classname="Scenario: Ensure that feedback is not restricted if the assignment has an end date" time="0.0"/>
  <testcase name="Then I see the test record details of &quot;End Date&quot; for user &quot;sally&quot;" classname="Scenario: Ensure that feedback is not restricted if the assignment has an end date" time="0.0"/>
  <testcase name="classMethod" classname="Scenario: Ensure that feedback is not restricted if the assignment has an end date" time="27.925"/>
  <testcase name="Given I am logged in as the default administrator" classname="Scenario: Ensure that feedback is not restricted if the assignment has an end date" time="0.0"/>
  <testcase name="When I am on the Content Repository page of Demonstration Class" classname="Scenario: Ensure that feedback is not restricted if the assignment has an end date" time="0.0"/>
  <testcase name="And I choose creating new assignment in &quot;Student Readiness&quot; unit from the main dropdown button" classname="Scenario: Ensure that feedback is not restricted if the assignment has an end date" time="0.0"/>
  <testcase name="Then Assignment Editor is opened" classname="Scenario: Ensure that feedback is not restricted if the assignment has an end date" time="0.0"/>
  <testcase name="When enter Assignment name &quot;Grade Details Restricted&quot;" classname="Scenario: Ensure that feedback is not restricted if the assignment has an end date" time="0.0"/>
  <testcase name="And I click on the questions tab" classname="Scenario: Ensure that feedback is not restricted if the assignment has an end date" time="0.0"/>
  <testcase name="And I click the import question button" classname="Scenario: Ensure that feedback is not restricted if the assignment has an end date" time="0.0"/>
  <testcase name="Then The import questions dialog appears" classname="Scenario: Ensure that feedback is not restricted if the assignment has an end date" time="0.0"/>
  <testcase name="When I click on &quot;Questions&quot;" classname="Scenario: Ensure that feedback is not restricted if the assignment has an end date" time="0.0"/>
  <testcase name="And I select the question &quot;Test Question&quot;" classname="Scenario: Ensure that feedback is not restricted if the assignment has an end date" time="0.0"/>
  <testcase name="And I click Import Questions in the Import Questions dialog" classname="Scenario: Ensure that feedback is not restricted if the assignment has an end date" time="0.0"/>
  <testcase name="Then verify the question caption text is &quot;Test Question&quot;" classname="Scenario: Ensure that feedback is not restricted if the assignment has an end date" time="0.0"/>
  <testcase name="When I click on the set policies tab" classname="Scenario: Ensure that feedback is not restricted if the assignment has an end date" time="0.0"/>
  <testcase name="And I click on the calendar icon next to the &quot;Restrict Feedback Until&quot; policy" classname="Scenario: Ensure that feedback is not restricted if the assignment has an end date" time="0.0"/>
  <testcase name="Then I see the date picker" classname="Scenario: Ensure that feedback is not restricted if the assignment has an end date" time="0.0"/>
  <testcase name="When I click the next month button" classname="Scenario: Ensure that feedback is not restricted if the assignment has an end date" time="0.0"/>
  <testcase name="And I click to close the date picker" classname="Scenario: Ensure that feedback is not restricted if the assignment has an end date" time="0.0"/>
  <testcase name="Then I see that the Restrict Feedback Until checkbox is set to true" classname="Scenario: Ensure that feedback is not restricted if the assignment has an end date" time="0.0"/>
  <testcase name="When I save &amp; close the assignment on the policies page" classname="Scenario: Ensure that feedback is not restricted if the assignment has an end date" time="0.0"/>
  <testcase name="Then I see summary of the assignment" classname="Scenario: Ensure that feedback is not restricted if the assignment has an end date" time="0.0"/>
  <testcase name="When I save and close the assignment summary details" classname="Scenario: Ensure that feedback is not restricted if the assignment has an end date" time="0.0"/>
  <testcase name="Then the new assignment &quot;Grade Details Restricted&quot; is visible in its own expanded column" classname="Scenario: Ensure that feedback is not restricted if the assignment has an end date" time="0.0"/>
  <testcase name="When I navigate to the Maple TA login page" classname="Scenario: Ensure that feedback is not restricted if the assignment has an end date" time="0.0"/>
  <testcase name="And I enter valid credentials for user sally" classname="Scenario: Ensure that feedback is not restricted if the assignment has an end date" time="0.0"/>
  <testcase name="And I am on &quot;Class Homepage&quot; page of &quot;Demonstration Class&quot; class" classname="Scenario: Ensure that feedback is not restricted if the assignment has an end date" time="0.001"/>
  <testcase name="And I start the &quot;Grade Details Restricted&quot; assignment in &quot;Student Readiness&quot; unit" classname="Scenario: Ensure that feedback is not restricted if the assignment has an end date" time="0.0"/>
  <testcase name="And I submit the assignment" classname="Scenario: Ensure that feedback is not restricted if the assignment has an end date" time="0.0"/>
  <testcase name="Then I confirm to submit the assignment" classname="Scenario: Ensure that feedback is not restricted if the assignment has an end date" time="0.0"/>
  <testcase name="And quit and save the assignment" classname="Scenario: Ensure that feedback is not restricted if the assignment has an end date" time="0.001"/>
  <testcase name="When I am on the Class Homepage" classname="Scenario: Ensure that feedback is not restricted if the assignment has an end date" time="0.001"/>
  <testcase name="Then I navigate to the &quot;View Past Results&quot; in &quot;Gradebook&quot; of current class" classname="Scenario: Ensure that feedback is not restricted if the assignment has an end date" time="0.0"/>
  <testcase name="Then I am in the Gradebook" classname="Scenario: Ensure that feedback is not restricted if the assignment has an end date" time="0.0"/>
  <testcase name="And I see a lock icon in the Details column for the &quot;Grade Details Restricted&quot; module" classname="Scenario: Ensure that feedback is not restricted if the assignment has an end date" time="0.0"/>
  <testcase name="classMethod" classname="Scenario: Ensure that feedback is not restricted if the assignment has an end date" time="22.104"/>
  <system-out><![CDATA[
  Scenario: Ensure that feedback is not restricted if the assignment has an end date                             ?[90m# gradebook/StudentGradebook.feature:6?[0m
    # Create an assignment with an end date in the future
    ?[32mWhen ?[0m?[32mI am on the Content Repository page of ?[0m?[32m?[1mDemonstration Class?[0m                                              ?[90m# ContentRepositorySteps.navigateToContentRepositoryOfClass(String)?[0m
    ?[32mAnd ?[0m?[32mI choose creating new question/Text from the main dropdown button?[0m                                        ?[90m# ContentRepositorySteps.chooseCreatingNewQuestionFromMainDropdownButton()?[0m
    ?[32mThen ?[0m?[32mQuestion Designer is opened?[0m                                                                             ?[90m# QuestionDesignerSteps.assertQuestionDesignerPageIsOpened()?[0m
    ?[32mWhen ?[0m?[32mI enter valid information for the question name as "?[0m?[32m?[1mTest Question?[0m?[32m"?[0m                                      ?[90m# QuestionDesignerSteps.enterQuestionName(String)?[0m
    ?[32mAnd ?[0m?[32mI click inside the question text editor?[0m                                                                  ?[90m# QuestionDesignerSteps.clickInsideQuestionTextEditor()?[0m
    ?[32mAnd ?[0m?[32mI click Response Area button to open the dialog and assert that the Choose Question Type page is visible?[0m ?[90m# QuestionDesignerSteps.clickInsertResponseAreaButton()?[0m
    ?[32mWhen ?[0m?[32mI choose "?[0m?[32m?[1mMathematical Formula?[0m?[32m" link from the dialog and complete the correct answer?[0m                    ?[90m# QuestionDesignerSteps.chooseTypeAndCompleteCorrectAnswer(String)?[0m
    ?[32mAnd ?[0m?[32mI click OK?[0m                                                                                               ?[90m# QuestionDesignerSteps.clickResponseDialogOkButton()?[0m
    ?[32mThen ?[0m?[32mI see the "?[0m?[32m?[1mMathematical Formula?[0m?[32m" Question Widget in the question text section?[0m                           ?[90m# QuestionDesignerSteps.assertQuestionWidgetIsInserted(String)?[0m
    ?[32mAnd ?[0m?[32mI click the question designer Save & Close button?[0m                                                        ?[90m# QuestionDesignerSteps.clickSaveAndCloseButton()?[0m
    ?[32mWhen ?[0m?[32mI choose creating new assignment in "?[0m?[32m?[1mStudent Readiness?[0m?[32m" unit from the main dropdown button?[0m              ?[90m# ContentRepositorySteps.chooseCreatingNewAssignmentFromMainDropdownButton(String)?[0m
    ?[32mThen ?[0m?[32mAssignment Editor is opened?[0m                                                                             ?[90m# AssignmentEditorDetailsSteps.assertAssignmentEditorPageIsOpened()?[0m
    ?[32mWhen ?[0m?[32menter Assignment name "?[0m?[32m?[1mEnd Date?[0m?[32m"?[0m                                                                        ?[90m# AssignmentEditorDetailsSteps.enterAssignmentName(String)?[0m
    ?[32mAnd ?[0m?[32mI click on the questions tab?[0m                                                                             ?[90m# AssignmentEditorDetailsSteps.clickQuestionsTab()?[0m
    ?[32mAnd ?[0m?[32mI click the import question button?[0m                                                                       ?[90m# AssignmentEditorQuestionSteps.importQuestion()?[0m
    ?[32mThen ?[0m?[32mThe import questions dialog appears?[0m                                                                     ?[90m# AssignmentEditorQuestionSteps.assertImportQuestionsVisible()?[0m
    ?[32mWhen ?[0m?[32mI click on "Questions"?[0m                                                                                  ?[90m# ContentRepositorySteps.clickOnQuestions()?[0m
    ?[32mAnd ?[0m?[32mI select the question "?[0m?[32m?[1mTest Question?[0m?[32m"?[0m                                                                    ?[90m# AssignmentEditorQuestionSteps.selectQuestion(String)?[0m
    ?[32mAnd ?[0m?[32mI click Import Questions in the Import Questions dialog?[0m                                                  ?[90m# AssignmentEditorQuestionSteps.doImportQuestions()?[0m
    ?[32mThen ?[0m?[32mverify the question caption text is "?[0m?[32m?[1mTest Question?[0m?[32m"?[0m                                                     ?[90m# AssignmentEditorQuestionSteps.assertSavedQuestionName(String)?[0m
    ?[32mWhen ?[0m?[32mI click on the set policies tab?[0m                                                                         ?[90m# AssignmentEditorPropertiesSteps.clickSetPoliciesTab()?[0m
    ?[32mAnd ?[0m?[32mI click on the calendar icon next to the "?[0m?[32m?[1mEnd Date?[0m?[32m" policy?[0m                                               ?[90m# AssignmentEditorPropertiesSteps.clickCalendarIcon(String)?[0m
    ?[32mThen ?[0m?[32mI see the date picker?[0m                                                                                   ?[90m# DatePickerSteps.assertDatePickerVisible()?[0m
    ?[32mWhen ?[0m?[32mI click the next month button?[0m                                                                           ?[90m# DatePickerSteps.clickNextMonth()?[0m
    ?[32mAnd ?[0m?[32mI click to close the date picker?[0m                                                                         ?[90m# DatePickerSteps.closeDatePicker()?[0m
    ?[32mThen ?[0m?[32mI see that the End Date checkbox is set to ?[0m?[32m?[1mtrue?[0m                                                         ?[90m# AssignmentEditorPropertiesSteps.assertEndDateState(boolean)?[0m
    ?[32mWhen ?[0m?[32mI save & close the assignment on the policies page?[0m                                                      ?[90m# AssignmentEditorPropertiesSteps.saveAndCloseAssignment()?[0m
    ?[32mThen ?[0m?[32mI see summary of the assignment?[0m                                                                         ?[90m# AssignmentEditorDetailsSteps.assertAssignmentSummaryShown()?[0m
    ?[32mWhen ?[0m?[32mI save and close the assignment summary details?[0m                                                         ?[90m# AssignmentEditorDetailsSteps.saveAndCloseAssignmentSummary()?[0m
    ?[32mThen ?[0m?[32mthe new assignment "?[0m?[32m?[1mEnd Date?[0m?[32m" is visible in its own expanded column?[0m                                     ?[90m# ContentRepositorySteps.assertNamedAssignmentColumnIsExpanded(String)?[0m
    # Log in as student and take the assignment
    ?[32mWhen ?[0m?[32mI navigate to the Maple TA login page?[0m                                                                   ?[90m# LoginSteps.navigateToLoginPage()?[0m
    ?[32mAnd ?[0m?[32mI enter valid credentials for user ?[0m?[32m?[1msally?[0m                                                                 ?[90m# LoginSteps.enterValidCredentials(String)?[0m
    ?[32mAnd ?[0m?[32mI am on "Class Homepage" page of "?[0m?[32m?[1mDemonstration Class?[0m?[32m" class?[0m                                             ?[90m# ClassHomepageSteps.navigateToClassHomepage(String)?[0m
    ?[32mAnd ?[0m?[32mI start the "?[0m?[32m?[1mEnd Date?[0m?[32m" assignment in "?[0m?[32m?[1mStudent Readiness?[0m?[32m" unit?[0m                                            ?[90m# ClassHomepageSteps.openAssignment(String,String)?[0m
    ?[32mAnd ?[0m?[32mI submit the assignment?[0m                                                                                  ?[90m# MapleTAAssignmentSteps.submitAssignment()?[0m
    ?[32mThen ?[0m?[32mI confirm to submit the assignment?[0m                                                                      ?[90m# MapleTAAssignmentSteps.submitAssignment()?[0m
    ?[32mAnd ?[0m?[32mquit and save the assignment?[0m                                                                             ?[90m# MapleTAAssignmentSteps.quitAndSaveAssignment()?[0m
    ?[32mWhen ?[0m?[32mI am on the Class Homepage?[0m                                                                              ?[90m# ClassHomepageSteps.assertClassHomepage()?[0m
    # View assignment details in the gradebook
    ?[32mThen ?[0m?[32mI navigate to the "?[0m?[32m?[1mView Past Results?[0m?[32m" in "?[0m?[32m?[1mGradebook?[0m?[32m" of current class?[0m                                   ?[90m# ClassHomepageSteps.navigateInClass(String,String)?[0m
    ?[32mThen ?[0m?[32mI am in the Gradebook?[0m                                                                                   ?[90m# GradebookSteps.verifyGradebookPage()?[0m
    ?[32mWhen ?[0m?[32mI click the Details link for the "?[0m?[32m?[1mEnd Date?[0m?[32m" module?[0m                                                      ?[90m# GradebookSteps.clickDetailsLink(String)?[0m
    ?[32mThen ?[0m?[32mI see the test record details of "?[0m?[32m?[1mEnd Date?[0m?[32m" for user "?[0m?[32m?[1msally?[0m?[32m"?[0m                                            ?[90m# GradebookDetailsSteps.assertAssignmentTitleAndLoginVisible(String,String)?[0m
]]></system-out>
  <system-err><![CDATA[]]></system-err>
</testsuite>
