<?xml version="1.0" encoding="UTF-8"?>
<testsuite name="Scenario: Edit the Instructor role and verify the change persists" tests="16" skipped="0" failures="0" errors="0" timestamp="2019-07-19T17:24:56" hostname="mo-acceptance-test-driver-182622c" time="3.961">
  <properties/>
  <testcase name="Given I am logged in as the default administrator" classname="Scenario: Edit the Instructor role and verify the change persists" time="0.0"/>
  <testcase name="And I go to the Role Manager page" classname="Scenario: Edit the Instructor role and verify the change persists" time="0.0"/>
  <testcase name="When I click to edit the &quot;Instructor&quot; role" classname="Scenario: Edit the Instructor role and verify the change persists" time="0.0"/>
  <testcase name="Then I am on the Role Editor page" classname="Scenario: Edit the Instructor role and verify the change persists" time="0.0"/>
  <testcase name="And I see that the form is not read only" classname="Scenario: Edit the Instructor role and verify the change persists" time="0.0"/>
  <testcase name="And I see the &quot;Restore to Default&quot; button in the Role Editor" classname="Scenario: Edit the Instructor role and verify the change persists" time="0.0"/>
  <testcase name="When I fill in the role name &quot;Instructor Test&quot;" classname="Scenario: Edit the Instructor role and verify the change persists" time="0.0"/>
  <testcase name="And I set the Edit Student License privilege to &quot;true&quot;" classname="Scenario: Edit the Instructor role and verify the change persists" time="0.0"/>
  <testcase name="And I click the &quot;Submit&quot; button in the Role Editor" classname="Scenario: Edit the Instructor role and verify the change persists" time="0.0"/>
  <testcase name="Then I am on the Role Manager page" classname="Scenario: Edit the Instructor role and verify the change persists" time="0.0"/>
  <testcase name="And I see the &quot;Instructor Test&quot; role in the list" classname="Scenario: Edit the Instructor role and verify the change persists" time="0.0"/>
  <testcase name="And I do not see the &quot;Instructor&quot; role in the list" classname="Scenario: Edit the Instructor role and verify the change persists" time="0.0"/>
  <testcase name="When I click to edit the &quot;Instructor Test&quot; role" classname="Scenario: Edit the Instructor role and verify the change persists" time="0.0"/>
  <testcase name="Then I am on the Role Editor page" classname="Scenario: Edit the Instructor role and verify the change persists" time="0.0"/>
  <testcase name="And I see the Edit Student License privilege checked" classname="Scenario: Edit the Instructor role and verify the change persists" time="0.0"/>
  <testcase name="classMethod" classname="Scenario: Edit the Instructor role and verify the change persists" time="5.248"/>
  <system-out><![CDATA[
  Scenario: Check that the Administrator role is read only ?[90m# usermanager/EditBuiltInRole.feature:7?[0m
    ?[32mWhen ?[0m?[32mI click to edit the "?[0m?[32m?[1mAdministrator?[0m?[32m" role?[0m          ?[90m# RoleManagerSteps.clickRoleToEdit(String)?[0m
    ?[32mThen ?[0m?[32mI am on the Role Editor page?[0m                      ?[90m# RoleEditorSteps.assertOnRoleEditorPage()?[0m
    ?[32mAnd ?[0m?[32mI see that the form is read only?[0m                   ?[90m# RoleEditorSteps.assertFormIsReadOnly()?[0m
    ?[32mAnd ?[0m?[32mI see the "?[0m?[32m?[1mOK?[0m?[32m" button in the Role Editor?[0m           ?[90m# RoleEditorSteps.assertRoleEditorButtonPresent(String)?[0m
]]></system-out>
  <system-err><![CDATA[]]></system-err>
</testsuite>
