<?xml version="1.0" encoding="UTF-8"?>
<testsuite name="Scenario: Test that &lt; symbol does not eat up content to the right of it when casted as a math widget." tests="12" skipped="0" failures="0" errors="0" timestamp="2019-07-19T16:14:15" hostname="mo-acceptance-test-driver-182622c" time="4.857">
  <properties/>
  <testcase name="Given I am logged in as the default administrator" classname="Scenario: Test that &lt; symbol does not eat up content to the right of it when casted as a math widget." time="0.0"/>
  <testcase name="And I am on the Content Repository page of Demonstration Class" classname="Scenario: Test that &lt; symbol does not eat up content to the right of it when casted as a math widget." time="0.0"/>
  <testcase name="When I choose creating new question/Text from the main dropdown button" classname="Scenario: Test that &lt; symbol does not eat up content to the right of it when casted as a math widget." time="0.0"/>
  <testcase name="And Question Designer is opened" classname="Scenario: Test that &lt; symbol does not eat up content to the right of it when casted as a math widget." time="0.0"/>
  <testcase name="When I click the Source button" classname="Scenario: Test that &lt; symbol does not eat up content to the right of it when casted as a math widget." time="0.0"/>
  <testcase name="And I click inside the Source editor" classname="Scenario: Test that &lt; symbol does not eat up content to the right of it when casted as a math widget." time="0.0"/>
  <testcase name="And I enter Inline latex '&lt;' inside the Source Editor" classname="Scenario: Test that &lt; symbol does not eat up content to the right of it when casted as a math widget." time="0.0"/>
  <testcase name="And I enter 'AND' inside the Source editor" classname="Scenario: Test that &lt; symbol does not eat up content to the right of it when casted as a math widget." time="0.0"/>
  <testcase name="When I click the Source button" classname="Scenario: Test that &lt; symbol does not eat up content to the right of it when casted as a math widget." time="0.0"/>
  <testcase name="And I click the Source button" classname="Scenario: Test that &lt; symbol does not eat up content to the right of it when casted as a math widget." time="0.0"/>
  <testcase name="Then I see 'AND' inside the Source editor" classname="Scenario: Test that &lt; symbol does not eat up content to the right of it when casted as a math widget." time="0.0"/>
  <testcase name="classMethod" classname="Scenario: Test that &lt; symbol does not eat up content to the right of it when casted as a math widget." time="5.836"/>
  <system-out><![CDATA[
  Scenario: Test deleting span response areas in the editor                                                       ?[90m# CKEditorDialog.feature:31?[0m
    ?[32mWhen ?[0m?[32mI choose creating new question/Text from the main dropdown button?[0m                                        ?[90m# ContentRepositorySteps.chooseCreatingNewQuestionFromMainDropdownButton()?[0m
    ?[32mAnd ?[0m?[32mQuestion Designer is opened?[0m                                                                               ?[90m# QuestionDesignerSteps.assertQuestionDesignerPageIsOpened()?[0m
    ?[32mAnd ?[0m?[32mI click Response Area button to open the dialog and assert that the Choose Question Type page is visible?[0m  ?[90m# QuestionDesignerSteps.clickInsertResponseAreaButton()?[0m
    ?[32mWhen ?[0m?[32mI choose "?[0m?[32m?[1mEssay?[0m?[32m" link from the dialog and complete the correct answer?[0m                                    ?[90m# QuestionDesignerSteps.chooseTypeAndCompleteCorrectAnswer(String)?[0m
    ?[32mAnd ?[0m?[32mI click OK?[0m                                                                                                ?[90m# QuestionDesignerSteps.clickResponseDialogOkButton()?[0m
    ?[32mThen ?[0m?[32mI see the "?[0m?[32m?[1mEssay?[0m?[32m" Question Widget in the question text section?[0m                                           ?[90m# QuestionDesignerSteps.assertQuestionWidgetIsInserted(String)?[0m
    ?[32mWhen ?[0m?[32mI click on the "?[0m?[32m?[1mEssay?[0m?[32m" Question Widget and delete it in the question editor?[0m                              ?[90m# QuestionDesignerSteps.clickAndBackspaceDeleteQuestionWidget(String)?[0m
    ?[32mThen ?[0m?[32mI don't see the "?[0m?[32m?[1mEssay?[0m?[32m" Question Widget in the question text section?[0m                                     ?[90m# QuestionDesignerSteps.checkQuestionWidgetNotPresent(String)?[0m
    ?[32mWhen ?[0m?[32mI click Response Area button to open the dialog and assert that the Choose Question Type page is visible?[0m ?[90m# QuestionDesignerSteps.clickInsertResponseAreaButton()?[0m
    ?[32mWhen ?[0m?[32mI choose "?[0m?[32m?[1mEssay?[0m?[32m" link from the dialog and complete the correct answer?[0m                                    ?[90m# QuestionDesignerSteps.chooseTypeAndCompleteCorrectAnswer(String)?[0m
    ?[32mAnd ?[0m?[32mI click OK?[0m                                                                                                ?[90m# QuestionDesignerSteps.clickResponseDialogOkButton()?[0m
    ?[32mThen ?[0m?[32mI see the "?[0m?[32m?[1mEssay?[0m?[32m" Question Widget in the question text section?[0m                                           ?[90m# QuestionDesignerSteps.assertQuestionWidgetIsInserted(String)?[0m
    ?[32mWhen ?[0m?[32mI move the cursor after the "?[0m?[32m?[1mEssay?[0m?[32m" Question Widget and delete it in the question editor?[0m                 ?[90m# QuestionDesignerSteps.moveCursorAfterQuestionWidgetAndDelete(String)?[0m
    ?[32mThen ?[0m?[32mI don't see the "?[0m?[32m?[1mEssay?[0m?[32m" Question Widget in the question text section?[0m                                     ?[90m# QuestionDesignerSteps.checkQuestionWidgetNotPresent(String)?[0m
]]></system-out>
  <system-err><![CDATA[]]></system-err>
</testsuite>
