<?xml version="1.0" encoding="UTF-8"?>
<testsuite name="com.maplesoft.mapleta.junit.TestRunner" tests="0" skipped="0" failures="0" errors="0" timestamp="1970-01-01T00:00:00" hostname="mo-acceptance-test-driver-182622c" time="0.0">
  <properties/>
  <system-out><![CDATA[@addClass
Feature: Add MapleTA Class
  Add new class, edit a class, delete and more etc. with administrator role

  Scenario Outline: Create a new class                                                                              ?[90m# AddMapleTAClass.feature:10?[0m
    ?[36mWhen ?[0m?[36mI enter the valid information for class <className> and change the time zone selection to <timeZone value>?[0m
    ?[36mThen ?[0m?[36mthe class is created?[0m
    ?[36mAnd ?[0m?[36mI see the time zone <timeZone> on the page?[0m

    Examples: 

  Background:                                         ?[90m# AddMapleTAClass.feature:5?[0m
    ?[32mGiven ?[0m?[32mI am logged in as the default administrator?[0m ?[90m# LoginSteps.logInAsAdministrator()?[0m
    ?[32mAnd ?[0m?[32mI open the New Class page?[0m                     ?[90m# AddMapleTAClassSteps.navigateToNewClassPage()?[0m

  Background:                                         ?[90m# AddMapleTAClass.feature:5?[0m
    ?[32mGiven ?[0m?[32mI am logged in as the default administrator?[0m ?[90m# LoginSteps.logInAsAdministrator()?[0m
    ?[32mAnd ?[0m?[32mI open the New Class page?[0m                     ?[90m# AddMapleTAClassSteps.navigateToNewClassPage()?[0m

  Background:                                         ?[90m# AddMapleTAClass.feature:5?[0m
    ?[32mGiven ?[0m?[32mI am logged in as the default administrator?[0m ?[90m# LoginSteps.logInAsAdministrator()?[0m
    ?[32mAnd ?[0m?[32mI open the New Class page?[0m                     ?[90m# AddMapleTAClassSteps.navigateToNewClassPage()?[0m

  @addClass
  Scenario Outline: Create a new class                                                                                ?[90m# AddMapleTAClass.feature:20?[0m
    ?[32mWhen ?[0m?[32mI enter the valid information for class ?[0m?[32m?[1madvancedMathClass?[0m?[32m and change the time zone selection to ?[0m?[32m?[1mAsia/Kolkata?[0m ?[90m# AddMapleTAClassSteps.enterMinimumClassDetails(String,String)?[0m
    ?[32mThen ?[0m?[32mthe class is created?[0m                                                                                         ?[90m# AddMapleTAClassSteps.assertMapleTAClassIsAddedCorrectly()?[0m
    ?[32mAnd ?[0m?[32mI see the time zone ?[0m?[32m?[1mAsia/Kolkata?[0m?[32m on the page?[0m                                                                  ?[90m# AddMapleTAClassSteps.assertTimeZoneIsCorrect(String)?[0m

  Scenario Outline: Create a new class - negative tests   ?[90m# AddMapleTAClass.feature:23?[0m
    ?[36mWhen ?[0m?[36mI enter the name for the class <className>?[0m
    ?[36mThen ?[0m?[36mI should see class error message <error message>?[0m

    Examples: 

  Background:                                         ?[90m# AddMapleTAClass.feature:5?[0m
    ?[32mGiven ?[0m?[32mI am logged in as the default administrator?[0m ?[90m# LoginSteps.logInAsAdministrator()?[0m
    ?[32mAnd ?[0m?[32mI open the New Class page?[0m                     ?[90m# AddMapleTAClassSteps.navigateToNewClassPage()?[0m

  Background:                                         ?[90m# AddMapleTAClass.feature:5?[0m
    ?[32mGiven ?[0m?[32mI am logged in as the default administrator?[0m ?[90m# LoginSteps.logInAsAdministrator()?[0m
    ?[32mAnd ?[0m?[32mI open the New Class page?[0m                     ?[90m# AddMapleTAClassSteps.navigateToNewClassPage()?[0m

  @addClass
  Scenario Outline: Create a new class - negative tests                                     ?[90m# AddMapleTAClass.feature:30?[0m
    ?[32mWhen ?[0m?[32mI enter the name for the class ?[0m?[32m?[1mDemonstration Class?[0m                                 ?[90m# AddMapleTAClassSteps.enterClassName(String)?[0m
    ?[32mThen ?[0m?[32mI should see class error message ?[0m?[32m?[1mThe class name is already in use by another class?[0m ?[90m# AddMapleTAClassSteps.assertClassError(String)?[0m
Feature: Check that the assignment password can only be used to authorize starting, not bypass policies

  Background:                                                      ?[90m# AssignmentAuthorization.feature:3?[0m
    # Should be logged in as qa/qatest
    ?[32mGiven ?[0m?[32mI am logged in as the default administrator?[0m              ?[90m# LoginSteps.logInAsAdministrator()?[0m
    ?[32mAnd ?[0m?[32mI am on the Content Repository page of ?[0m?[32m?[1mDemonstration Class?[0m ?[90m# ContentRepositorySteps.navigateToContentRepositoryOfClass(String)?[0m

  Scenario: Check that assignment password is displayed only when it should be                                              ?[90m# AssignmentAuthorization.feature:8?[0m
    ?[32mWhen ?[0m?[32mI choose creating new assignment in "?[0m?[32m?[1mStudent Readiness?[0m?[32m" unit from the main dropdown button?[0m                         ?[90m# ContentRepositorySteps.chooseCreatingNewAssignmentFromMainDropdownButton(String)?[0m
    ?[32mThen ?[0m?[32mAssignment Editor is opened?[0m                                                                                        ?[90m# AssignmentEditorDetailsSteps.assertAssignmentEditorPageIsOpened()?[0m
    ?[32mWhen ?[0m?[32mI enter valid information for the assignment "?[0m?[32m?[1mPassword?[0m?[32m"?[0m                                                            ?[90m# AssignmentEditorDetailsSteps.enterAssignmentNameAndDescription(String)?[0m
    ?[32mAnd ?[0m?[32mI click on the questions tab?[0m                                                                                        ?[90m# AssignmentEditorDetailsSteps.clickQuestionsTab()?[0m
    ?[32mAnd ?[0m?[32mI click the new question button?[0m                                                                                     ?[90m# AssignmentEditorQuestionSteps.createQuestion()?[0m
    ?[32mAnd ?[0m?[32mI enter valid information for the question name as "?[0m?[32m?[1mTest Question?[0m?[32m"?[0m                                                  ?[90m# QuestionDesignerSteps.enterQuestionName(String)?[0m
    ?[32mAnd ?[0m?[32mI see the ckeditor?[0m                                                                                                  ?[90m# AddSlideshowSteps.assertCKEditorVisible()?[0m
    ?[32mAnd ?[0m?[32mI click inside the question text editor?[0m                                                                             ?[90m# QuestionDesignerSteps.clickInsideQuestionTextEditor()?[0m
    ?[32mAnd ?[0m?[32mI click Response Area button to open the dialog and assert that the Choose Question Type page is visible?[0m            ?[90m# QuestionDesignerSteps.clickInsertResponseAreaButton()?[0m
    ?[32mAnd ?[0m?[32mI choose "?[0m?[32m?[1mTrue/False?[0m?[32m" link from the dialog?[0m                                                                          ?[90m# QuestionDesignerSteps.chooseQuestionType(String)?[0m
    ?[32mAnd ?[0m?[32mI click OK?[0m                                                                                                          ?[90m# QuestionDesignerSteps.clickResponseDialogOkButton()?[0m
    ?[32mAnd ?[0m?[32mI save & close the new question in the assignment editor?[0m                                                            ?[90m# AssignmentEditorQuestionSteps.saveAndCloseNewQuestion()?[0m
    ?[32mWhen ?[0m?[32mI click on the set policies tab?[0m                                                                                    ?[90m# AssignmentEditorPropertiesSteps.clickSetPoliciesTab()?[0m
    ?[32mAnd ?[0m?[32mI select the Proctored Exam radio button?[0m                                                                            ?[90m# AssignmentEditorPropertiesSteps.selectProctoredExamButton()?[0m
    ?[32mAnd ?[0m?[32mI set the password authorization checkbox to ?[0m?[32m?[1mtrue?[0m                                                                   ?[90m# AssignmentEditorPropertiesSteps.setPasswordAuthorizationCheckbox(boolean)?[0m
    ?[32mAnd ?[0m?[32mI set the assignment password to be "?[0m?[32m?[1mtest?[0m?[32m"?[0m                                                                          ?[90m# AssignmentEditorPropertiesSteps.setAssignmentPassword(String)?[0m
    ?[32mAnd ?[0m?[32mI set the grade authorization checkbox to ?[0m?[32m?[1mtrue?[0m                                                                      ?[90m# AssignmentEditorPropertiesSteps.setGradeAuthorizationCheckbox(boolean)?[0m
    ?[32mAnd ?[0m?[32mI set the maximum attempts to ?[0m?[32m?[1m1?[0m                                                                                     ?[90m# AssignmentEditorPropertiesSteps.setMaximumAttempts(String)?[0m
    ?[32mAnd ?[0m?[32mI save & close the assignment on the policies page?[0m                                                                  ?[90m# AssignmentEditorPropertiesSteps.saveAndCloseAssignment()?[0m
    ?[32mThen ?[0m?[32mI see summary of the assignment?[0m                                                                                    ?[90m# AssignmentEditorDetailsSteps.assertAssignmentSummaryShown()?[0m
    ?[32mWhen ?[0m?[32mI save and close the assignment summary details?[0m                                                                    ?[90m# AssignmentEditorDetailsSteps.saveAndCloseAssignmentSummary()?[0m
    ?[32mThen ?[0m?[32mthe new lesson "?[0m?[32m?[1mPassword?[0m?[32m" is visible in its own expanded column?[0m                                                    ?[90m# ContentRepositorySteps.assertNamedAssignmentColumnIsExpanded(String)?[0m
    ?[32mWhen ?[0m?[32mI navigate to the System Homepage?[0m                                                                                  ?[90m# SystemHomepageSteps.navigateToSystemHomepage()?[0m
    ?[32mAnd ?[0m?[32mI am on "Class Homepage" page of "?[0m?[32m?[1mDemonstration Class?[0m?[32m" class?[0m                                                        ?[90m# ClassHomepageSteps.navigateToClassHomepage(String)?[0m
    ?[32mAnd ?[0m?[32mI start the "?[0m?[32m?[1mPassword?[0m?[32m" ?[0m?[32m?[1mproctored?[0m?[32m assignment in "?[0m?[32m?[1mStudent Readiness?[0m?[32m" unit?[0m                                             ?[90m# ClassHomepageSteps.openProctoredAssignment(String,String,String)?[0m
    ?[32mWhen ?[0m?[32mI am on the assignment authorization page?[0m                                                                          ?[90m# AuthorizationSteps.assertOnAuthorizationPage()?[0m
    ?[32mThen ?[0m?[32mThe assignment password entry is ?[0m?[32m?[1mpresent?[0m                                                                           ?[90m# AuthorizationSteps.assignmentPasswordPresent(String)?[0m
    ?[32mWhen ?[0m?[32mI authorize with assignment password "?[0m?[32m?[1mtest?[0m?[32m"?[0m                                                                        ?[90m# AuthorizationSteps.authorizeWithAssignmentPassword(String)?[0m
    ?[32mWhen ?[0m?[32mI submit the assignment?[0m                                                                                            ?[90m# MapleTAAssignmentSteps.submitAssignment()?[0m
    ?[32mAnd ?[0m?[32mI see the submission report with warning text "?[0m?[32m?[1mWarning: There appears to be errors in one or more of your answers.?[0m?[32m"?[0m ?[90m# MapleTAAssignmentSteps.assertSubmissionReportWarningMessage(String)?[0m
    ?[32mWhen ?[0m?[32mI submit the assignment?[0m                                                                                            ?[90m# MapleTAAssignmentSteps.submitAssignment()?[0m
    ?[32mWhen ?[0m?[32mI am on the assignment authorization page?[0m                                                                          ?[90m# AuthorizationSteps.assertOnAuthorizationPage()?[0m
    ?[32mThen ?[0m?[32mThe assignment password entry is ?[0m?[32m?[1mpresent?[0m                                                                           ?[90m# AuthorizationSteps.assignmentPasswordPresent(String)?[0m
    ?[32mAnd ?[0m?[32mI authorize with assignment password "?[0m?[32m?[1mtest?[0m?[32m"?[0m                                                                         ?[90m# AuthorizationSteps.authorizeWithAssignmentPassword(String)?[0m
    ?[32mAnd ?[0m?[32mquit and save the assignment without switching frames?[0m                                                               ?[90m# MapleTAAssignmentSteps.quitAndSaveAssignmentInCurrentFrame()?[0m
    ?[32mAnd ?[0m?[32mI am on the Class Homepage?[0m                                                                                          ?[90m# ClassHomepageSteps.assertClassHomepage()?[0m
    ?[32mWhen ?[0m?[32mI start the "?[0m?[32m?[1mPassword?[0m?[32m" ?[0m?[32m?[1mproctored?[0m?[32m assignment in "?[0m?[32m?[1mStudent Readiness?[0m?[32m" unit?[0m                                            ?[90m# ClassHomepageSteps.openProctoredAssignment(String,String,String)?[0m
    ?[32mAnd ?[0m?[32mI am on the assignment authorization page?[0m                                                                           ?[90m# AuthorizationSteps.assertOnAuthorizationPage()?[0m
    ?[32mThen ?[0m?[32mThe assignment password entry is ?[0m?[32m?[1mabsent?[0m                                                                            ?[90m# AuthorizationSteps.assignmentPasswordPresent(String)?[0m
Feature: Test CKEditor functionality

  Background:                                                      ?[90m# CKEditorDialog.feature:3?[0m
    # Should be logged in as qa/qatest
    ?[32mGiven ?[0m?[32mI am logged in as the default administrator?[0m              ?[90m# LoginSteps.logInAsAdministrator()?[0m
    ?[32mAnd ?[0m?[32mI am on the Content Repository page of ?[0m?[32m?[1mDemonstration Class?[0m ?[90m# ContentRepositorySteps.navigateToContentRepositoryOfClass(String)?[0m

  Background:                                                      ?[90m# CKEditorDialog.feature:3?[0m
    # Should be logged in as qa/qatest
    ?[32mGiven ?[0m?[32mI am logged in as the default administrator?[0m              ?[90m# LoginSteps.logInAsAdministrator()?[0m
    ?[32mAnd ?[0m?[32mI am on the Content Repository page of ?[0m?[32m?[1mDemonstration Class?[0m ?[90m# ContentRepositorySteps.navigateToContentRepositoryOfClass(String)?[0m

  Background:                                                      ?[90m# CKEditorDialog.feature:3?[0m
    # Should be logged in as qa/qatest
    ?[32mGiven ?[0m?[32mI am logged in as the default administrator?[0m              ?[90m# LoginSteps.logInAsAdministrator()?[0m
    ?[32mAnd ?[0m?[32mI am on the Content Repository page of ?[0m?[32m?[1mDemonstration Class?[0m ?[90m# ContentRepositorySteps.navigateToContentRepositoryOfClass(String)?[0m

  Background:                                                      ?[90m# CKEditorDialog.feature:3?[0m
    # Should be logged in as qa/qatest
    ?[32mGiven ?[0m?[32mI am logged in as the default administrator?[0m              ?[90m# LoginSteps.logInAsAdministrator()?[0m
    ?[32mAnd ?[0m?[32mI am on the Content Repository page of ?[0m?[32m?[1mDemonstration Class?[0m ?[90m# ContentRepositorySteps.navigateToContentRepositoryOfClass(String)?[0m

  Background:                                                      ?[90m# CKEditorDialog.feature:3?[0m
    # Should be logged in as qa/qatest
    ?[32mGiven ?[0m?[32mI am logged in as the default administrator?[0m              ?[90m# LoginSteps.logInAsAdministrator()?[0m
    ?[32mAnd ?[0m?[32mI am on the Content Repository page of ?[0m?[32m?[1mDemonstration Class?[0m ?[90m# ContentRepositorySteps.navigateToContentRepositoryOfClass(String)?[0m

  Scenario: Test that block level math is displayed without an extra new line caused by the character &zwnj; ?[90m# CKEditorDialog.feature:58?[0m
    ?[32mWhen ?[0m?[32mI choose creating new question/Text from the main dropdown button?[0m                                   ?[90m# ContentRepositorySteps.chooseCreatingNewQuestionFromMainDropdownButton()?[0m
    ?[32mAnd ?[0m?[32mQuestion Designer is opened?[0m                                                                          ?[90m# QuestionDesignerSteps.assertQuestionDesignerPageIsOpened()?[0m
    ?[32mWhen ?[0m?[32mI click the Source button?[0m                                                                           ?[90m# QuestionDesignerSteps.clickSourceButton()?[0m
    ?[32mAnd ?[0m?[32mI click inside the Source editor?[0m                                                                     ?[90m# QuestionDesignerSteps.clickInsideSourceEditor()?[0m
    ?[32mAnd ?[0m?[32mI enter ?[0m?[32m?[1mBlock Level?[0m?[32m latex '?[0m?[32m?[1m55?[0m?[32m' inside the Source Editor?[0m                                              ?[90m# QuestionDesignerSteps.enterLatexInSourceEditor(String,String)?[0m
    ?[32mWhen ?[0m?[32mI click the Source button?[0m                                                                           ?[90m# QuestionDesignerSteps.clickSourceButton()?[0m
    ?[32mThen ?[0m?[32mI see that block level math is rendered without non visible html character?[0m                          ?[90m# QuestionDesignerSteps.assertBlockLevelMathRenderedWithoutNonVisibleCharacter()?[0m
Feature: Create Assignment from Content Repository
  We want to create assignments with minimum data by using different flows

  Background:                                                      ?[90m# CreateAssignment.feature:4?[0m
    # Should be logged in as qa/qatest
    ?[32mGiven ?[0m?[32mI am logged in as the default administrator?[0m              ?[90m# LoginSteps.logInAsAdministrator()?[0m
    ?[32mAnd ?[0m?[32mI am on the Content Repository page of ?[0m?[32m?[1mDemonstration Class?[0m ?[90m# ContentRepositorySteps.navigateToContentRepositoryOfClass(String)?[0m

  Background:                                                      ?[90m# CreateAssignment.feature:4?[0m
    # Should be logged in as qa/qatest
    ?[32mGiven ?[0m?[32mI am logged in as the default administrator?[0m              ?[90m# LoginSteps.logInAsAdministrator()?[0m
    ?[32mAnd ?[0m?[32mI am on the Content Repository page of ?[0m?[32m?[1mDemonstration Class?[0m ?[90m# ContentRepositorySteps.navigateToContentRepositoryOfClass(String)?[0m

  Background:                                                      ?[90m# CreateAssignment.feature:4?[0m
    # Should be logged in as qa/qatest
    ?[32mGiven ?[0m?[32mI am logged in as the default administrator?[0m              ?[90m# LoginSteps.logInAsAdministrator()?[0m
    ?[32mAnd ?[0m?[32mI am on the Content Repository page of ?[0m?[32m?[1mDemonstration Class?[0m ?[90m# ContentRepositorySteps.navigateToContentRepositoryOfClass(String)?[0m

  Background:                                                      ?[90m# CreateAssignment.feature:4?[0m
    # Should be logged in as qa/qatest
    ?[32mGiven ?[0m?[32mI am logged in as the default administrator?[0m              ?[90m# LoginSteps.logInAsAdministrator()?[0m
    ?[32mAnd ?[0m?[32mI am on the Content Repository page of ?[0m?[32m?[1mDemonstration Class?[0m ?[90m# ContentRepositorySteps.navigateToContentRepositoryOfClass(String)?[0m

  Background:                                                      ?[90m# CreateAssignment.feature:4?[0m
    # Should be logged in as qa/qatest
    ?[32mGiven ?[0m?[32mI am logged in as the default administrator?[0m              ?[90m# LoginSteps.logInAsAdministrator()?[0m
    ?[32mAnd ?[0m?[32mI am on the Content Repository page of ?[0m?[32m?[1mDemonstration Class?[0m ?[90m# ContentRepositorySteps.navigateToContentRepositoryOfClass(String)?[0m

  Background:                                                      ?[90m# CreateAssignment.feature:4?[0m
    # Should be logged in as qa/qatest
    ?[32mGiven ?[0m?[32mI am logged in as the default administrator?[0m              ?[90m# LoginSteps.logInAsAdministrator()?[0m
    ?[32mAnd ?[0m?[32mI am on the Content Repository page of ?[0m?[32m?[1mDemonstration Class?[0m ?[90m# ContentRepositorySteps.navigateToContentRepositoryOfClass(String)?[0m

  Background:                                                      ?[90m# CreateAssignment.feature:4?[0m
    # Should be logged in as qa/qatest
    ?[32mGiven ?[0m?[32mI am logged in as the default administrator?[0m              ?[90m# LoginSteps.logInAsAdministrator()?[0m
    ?[32mAnd ?[0m?[32mI am on the Content Repository page of ?[0m?[32m?[1mDemonstration Class?[0m ?[90m# ContentRepositorySteps.navigateToContentRepositoryOfClass(String)?[0m

  Background:                                                      ?[90m# CreateAssignment.feature:4?[0m
    # Should be logged in as qa/qatest
    ?[32mGiven ?[0m?[32mI am logged in as the default administrator?[0m              ?[90m# LoginSteps.logInAsAdministrator()?[0m
    ?[32mAnd ?[0m?[32mI am on the Content Repository page of ?[0m?[32m?[1mDemonstration Class?[0m ?[90m# ContentRepositorySteps.navigateToContentRepositoryOfClass(String)?[0m

  Background:                                                      ?[90m# CreateAssignment.feature:4?[0m
    # Should be logged in as qa/qatest
    ?[32mGiven ?[0m?[32mI am logged in as the default administrator?[0m              ?[90m# LoginSteps.logInAsAdministrator()?[0m
    ?[32mAnd ?[0m?[32mI am on the Content Repository page of ?[0m?[32m?[1mDemonstration Class?[0m ?[90m# ContentRepositorySteps.navigateToContentRepositoryOfClass(String)?[0m

  Background:                                                      ?[90m# CreateAssignment.feature:4?[0m
    # Should be logged in as qa/qatest
    ?[32mGiven ?[0m?[32mI am logged in as the default administrator?[0m              ?[90m# LoginSteps.logInAsAdministrator()?[0m
    ?[32mAnd ?[0m?[32mI am on the Content Repository page of ?[0m?[32m?[1mDemonstration Class?[0m ?[90m# ContentRepositorySteps.navigateToContentRepositoryOfClass(String)?[0m

  Background:                                                      ?[90m# CreateAssignment.feature:4?[0m
    # Should be logged in as qa/qatest
    ?[32mGiven ?[0m?[32mI am logged in as the default administrator?[0m              ?[90m# LoginSteps.logInAsAdministrator()?[0m
    ?[32mAnd ?[0m?[32mI am on the Content Repository page of ?[0m?[32m?[1mDemonstration Class?[0m ?[90m# ContentRepositorySteps.navigateToContentRepositoryOfClass(String)?[0m

  Background:                                                      ?[90m# CreateAssignment.feature:4?[0m
    # Should be logged in as qa/qatest
    ?[32mGiven ?[0m?[32mI am logged in as the default administrator?[0m              ?[90m# LoginSteps.logInAsAdministrator()?[0m
    ?[32mAnd ?[0m?[32mI am on the Content Repository page of ?[0m?[32m?[1mDemonstration Class?[0m ?[90m# ContentRepositorySteps.navigateToContentRepositoryOfClass(String)?[0m

  Background:                                                      ?[90m# CreateAssignment.feature:4?[0m
    # Should be logged in as qa/qatest
    ?[32mGiven ?[0m?[32mI am logged in as the default administrator?[0m              ?[90m# LoginSteps.logInAsAdministrator()?[0m
    ?[32mAnd ?[0m?[32mI am on the Content Repository page of ?[0m?[32m?[1mDemonstration Class?[0m ?[90m# ContentRepositorySteps.navigateToContentRepositoryOfClass(String)?[0m

  Scenario: Test that when the show launch page policy is set to false, the assignment launches directly ?[90m# CreateAssignment.feature:226?[0m
    ?[32mWhen ?[0m?[32mI choose creating new assignment in "?[0m?[32m?[1mStudent Readiness?[0m?[32m" unit from the main dropdown button?[0m      ?[90m# ContentRepositorySteps.chooseCreatingNewAssignmentFromMainDropdownButton(String)?[0m
    ?[32mThen ?[0m?[32mAssignment Editor is opened?[0m                                                                     ?[90m# AssignmentEditorDetailsSteps.assertAssignmentEditorPageIsOpened()?[0m
    ?[32mWhen ?[0m?[32menter Assignment name "?[0m?[32m?[1mAssignment with no Launch Page?[0m?[32m"?[0m                                          ?[90m# AssignmentEditorDetailsSteps.enterAssignmentName(String)?[0m
    ?[32mAnd ?[0m?[32mI click on the questions tab?[0m                                                                     ?[90m# AssignmentEditorDetailsSteps.clickQuestionsTab()?[0m
    ?[32mAnd ?[0m?[32mI click the new question button?[0m                                                                  ?[90m# AssignmentEditorQuestionSteps.createQuestion()?[0m
    ?[32mAnd ?[0m?[32mI create question "?[0m?[32m?[1mFormula Question?[0m?[32m" with label "?[0m?[32m?[1mFormula Question Label?[0m?[32m"?[0m                         ?[90m# AssignmentEditorQuestionSteps.createQuestion(String,String)?[0m
    ?[32mAnd ?[0m?[32mI create a Mathematical Formula response area in the assignment question editor?[0m                  ?[90m# AssignmentEditorQuestionSteps.createFormulaQuestionInQuestionEditor()?[0m
    ?[32mAnd ?[0m?[32mI save & close the new question in the assignment editor?[0m                                         ?[90m# AssignmentEditorQuestionSteps.saveAndCloseNewQuestion()?[0m
    ?[32mThen ?[0m?[32mverify the question caption text is "?[0m?[32m?[1mFormula Question Label?[0m?[32m"?[0m                                    ?[90m# AssignmentEditorQuestionSteps.assertSavedQuestionName(String)?[0m
    ?[32mWhen ?[0m?[32mI click on the set policies tab?[0m                                                                 ?[90m# AssignmentEditorPropertiesSteps.clickSetPoliciesTab()?[0m
    ?[32mThen ?[0m?[32mI see that the show launch page checkbox is set to ?[0m?[32m?[1mtrue?[0m                                         ?[90m# AssignmentEditorPropertiesSteps.assertShowLaunchPageState(boolean)?[0m
    ?[32mWhen ?[0m?[32mI set the show launch page checkbox to ?[0m?[32m?[1mfalse?[0m                                                    ?[90m# AssignmentEditorPropertiesSteps.setShowLaunchPageState(boolean)?[0m
    ?[32mAnd ?[0m?[32mI save & close the assignment on the policies page?[0m                                               ?[90m# AssignmentEditorPropertiesSteps.saveAndCloseAssignment()?[0m
    ?[32mThen ?[0m?[32mI see summary of the assignment?[0m                                                                 ?[90m# AssignmentEditorDetailsSteps.assertAssignmentSummaryShown()?[0m
    ?[32mWhen ?[0m?[32mI save and close the assignment summary details?[0m                                                 ?[90m# AssignmentEditorDetailsSteps.saveAndCloseAssignmentSummary()?[0m
    ?[32mThen ?[0m?[32mthe new assignment "?[0m?[32m?[1mAssignment with no Launch Page?[0m?[32m" is visible in its own expanded column?[0m       ?[90m# ContentRepositorySteps.assertNamedAssignmentColumnIsExpanded(String)?[0m
    ?[32mWhen ?[0m?[32mI navigate to the System Homepage?[0m                                                               ?[90m# SystemHomepageSteps.navigateToSystemHomepage()?[0m
    ?[32mAnd ?[0m?[32mI am on "Class Homepage" page of "?[0m?[32m?[1mDemonstration Class?[0m?[32m" class?[0m                                     ?[90m# ClassHomepageSteps.navigateToClassHomepage(String)?[0m
    ?[32mAnd ?[0m?[32mI click on the "?[0m?[32m?[1mAssignment with no Launch Page?[0m?[32m" module in the "?[0m?[32m?[1mStudent Readiness?[0m?[32m" unit?[0m           ?[90m# ClassHomepageSteps.clickOnModuleLink(String,String)?[0m
    ?[32mThen ?[0m?[32mthe module "?[0m?[32m?[1mAssignment with no Launch Page?[0m?[32m" is opened without launch page?[0m                       ?[90m# ClassHomepageSteps.switchToModulePage(String)?[0m
Feature: Create a new Math App Question
  We want to create a new Math App Question and able to preview it correctly

  Background:                                                             ?[90m# CreateMathAppQuestion.feature:5?[0m
    # Should be logged in as qa/qatest
    ?[32mGiven ?[0m?[32mI am logged in as the default administrator?[0m                     ?[90m# LoginSteps.logInAsAdministrator()?[0m
    ?[32mAnd ?[0m?[32mI navigate to the System Settings page?[0m                            ?[90m# SystemSettingsSteps.navigateToSystemSettingsPage()?[0m
    ?[32mThen ?[0m?[32mI change the Math App engine selection to "?[0m?[32m?[1mMapleNet (Math App)?[0m?[32m"?[0m  ?[90m# SystemSettingsSteps.selectMathAppEngine(String)?[0m
    ?[32mAnd ?[0m?[32mI submit the changes to System Settings?[0m                           ?[90m# SystemSettingsSteps.submitChanges()?[0m
    ?[32mAnd ?[0m?[32mThe changes to System Settings were successfully saved.?[0m           ?[90m# SystemSettingsSteps.assertChangesSaved()?[0m
    ?[32mWhen ?[0m?[32mI navigate to the System Homepage?[0m                                ?[90m# SystemHomepageSteps.navigateToSystemHomepage()?[0m
    ?[32mAnd ?[0m?[32mI am on the Content Repository page of ?[0m?[32m?[1mDemonstration Class?[0m        ?[90m# ContentRepositorySteps.navigateToContentRepositoryOfClass(String)?[0m
    ?[32mAnd ?[0m?[32mI choose creating new question/Text from the main dropdown button?[0m ?[90m# ContentRepositorySteps.chooseCreatingNewQuestionFromMainDropdownButton()?[0m
    ?[32mAnd ?[0m?[32mQuestion Designer is opened?[0m                                       ?[90m# QuestionDesignerSteps.assertQuestionDesignerPageIsOpened()?[0m

  Background:                                                             ?[90m# CreateMathAppQuestion.feature:5?[0m
    # Should be logged in as qa/qatest
    ?[32mGiven ?[0m?[32mI am logged in as the default administrator?[0m                     ?[90m# LoginSteps.logInAsAdministrator()?[0m
    ?[32mAnd ?[0m?[32mI navigate to the System Settings page?[0m                            ?[90m# SystemSettingsSteps.navigateToSystemSettingsPage()?[0m
    ?[32mThen ?[0m?[32mI change the Math App engine selection to "?[0m?[32m?[1mMapleNet (Math App)?[0m?[32m"?[0m  ?[90m# SystemSettingsSteps.selectMathAppEngine(String)?[0m
    ?[32mAnd ?[0m?[32mI submit the changes to System Settings?[0m                           ?[90m# SystemSettingsSteps.submitChanges()?[0m
    ?[32mAnd ?[0m?[32mThe changes to System Settings were successfully saved.?[0m           ?[90m# SystemSettingsSteps.assertChangesSaved()?[0m
    ?[32mWhen ?[0m?[32mI navigate to the System Homepage?[0m                                ?[90m# SystemHomepageSteps.navigateToSystemHomepage()?[0m
    ?[32mAnd ?[0m?[32mI am on the Content Repository page of ?[0m?[32m?[1mDemonstration Class?[0m        ?[90m# ContentRepositorySteps.navigateToContentRepositoryOfClass(String)?[0m
    ?[32mAnd ?[0m?[32mI choose creating new question/Text from the main dropdown button?[0m ?[90m# ContentRepositorySteps.chooseCreatingNewQuestionFromMainDropdownButton()?[0m
    ?[32mAnd ?[0m?[32mQuestion Designer is opened?[0m                                       ?[90m# QuestionDesignerSteps.assertQuestionDesignerPageIsOpened()?[0m

  Background:                                                             ?[90m# CreateMathAppQuestion.feature:5?[0m
    # Should be logged in as qa/qatest
    ?[32mGiven ?[0m?[32mI am logged in as the default administrator?[0m                     ?[90m# LoginSteps.logInAsAdministrator()?[0m
    ?[32mAnd ?[0m?[32mI navigate to the System Settings page?[0m                            ?[90m# SystemSettingsSteps.navigateToSystemSettingsPage()?[0m
    ?[32mThen ?[0m?[32mI change the Math App engine selection to "?[0m?[32m?[1mMapleNet (Math App)?[0m?[32m"?[0m  ?[90m# SystemSettingsSteps.selectMathAppEngine(String)?[0m
    ?[32mAnd ?[0m?[32mI submit the changes to System Settings?[0m                           ?[90m# SystemSettingsSteps.submitChanges()?[0m
    ?[32mAnd ?[0m?[32mThe changes to System Settings were successfully saved.?[0m           ?[90m# SystemSettingsSteps.assertChangesSaved()?[0m
    ?[32mWhen ?[0m?[32mI navigate to the System Homepage?[0m                                ?[90m# SystemHomepageSteps.navigateToSystemHomepage()?[0m
    ?[32mAnd ?[0m?[32mI am on the Content Repository page of ?[0m?[32m?[1mDemonstration Class?[0m        ?[90m# ContentRepositorySteps.navigateToContentRepositoryOfClass(String)?[0m
    ?[32mAnd ?[0m?[32mI choose creating new question/Text from the main dropdown button?[0m ?[90m# ContentRepositorySteps.chooseCreatingNewQuestionFromMainDropdownButton()?[0m
    ?[32mAnd ?[0m?[32mQuestion Designer is opened?[0m                                       ?[90m# QuestionDesignerSteps.assertQuestionDesignerPageIsOpened()?[0m

  Background:                                                             ?[90m# CreateMathAppQuestion.feature:5?[0m
    # Should be logged in as qa/qatest
    ?[32mGiven ?[0m?[32mI am logged in as the default administrator?[0m                     ?[90m# LoginSteps.logInAsAdministrator()?[0m
    ?[32mAnd ?[0m?[32mI navigate to the System Settings page?[0m                            ?[90m# SystemSettingsSteps.navigateToSystemSettingsPage()?[0m
    ?[32mThen ?[0m?[32mI change the Math App engine selection to "?[0m?[32m?[1mMapleNet (Math App)?[0m?[32m"?[0m  ?[90m# SystemSettingsSteps.selectMathAppEngine(String)?[0m
    ?[32mAnd ?[0m?[32mI submit the changes to System Settings?[0m                           ?[90m# SystemSettingsSteps.submitChanges()?[0m
    ?[32mAnd ?[0m?[32mThe changes to System Settings were successfully saved.?[0m           ?[90m# SystemSettingsSteps.assertChangesSaved()?[0m
    ?[32mWhen ?[0m?[32mI navigate to the System Homepage?[0m                                ?[90m# SystemHomepageSteps.navigateToSystemHomepage()?[0m
    ?[32mAnd ?[0m?[32mI am on the Content Repository page of ?[0m?[32m?[1mDemonstration Class?[0m        ?[90m# ContentRepositorySteps.navigateToContentRepositoryOfClass(String)?[0m
    ?[32mAnd ?[0m?[32mI choose creating new question/Text from the main dropdown button?[0m ?[90m# ContentRepositorySteps.chooseCreatingNewQuestionFromMainDropdownButton()?[0m
    ?[32mAnd ?[0m?[32mQuestion Designer is opened?[0m                                       ?[90m# QuestionDesignerSteps.assertQuestionDesignerPageIsOpened()?[0m

  Background:                                                             ?[90m# CreateMathAppQuestion.feature:5?[0m
    # Should be logged in as qa/qatest
    ?[32mGiven ?[0m?[32mI am logged in as the default administrator?[0m                     ?[90m# LoginSteps.logInAsAdministrator()?[0m
    ?[32mAnd ?[0m?[32mI navigate to the System Settings page?[0m                            ?[90m# SystemSettingsSteps.navigateToSystemSettingsPage()?[0m
    ?[32mThen ?[0m?[32mI change the Math App engine selection to "?[0m?[32m?[1mMapleNet (Math App)?[0m?[32m"?[0m  ?[90m# SystemSettingsSteps.selectMathAppEngine(String)?[0m
    ?[32mAnd ?[0m?[32mI submit the changes to System Settings?[0m                           ?[90m# SystemSettingsSteps.submitChanges()?[0m
    ?[32mAnd ?[0m?[32mThe changes to System Settings were successfully saved.?[0m           ?[90m# SystemSettingsSteps.assertChangesSaved()?[0m
    ?[32mWhen ?[0m?[32mI navigate to the System Homepage?[0m                                ?[90m# SystemHomepageSteps.navigateToSystemHomepage()?[0m
    ?[32mAnd ?[0m?[32mI am on the Content Repository page of ?[0m?[32m?[1mDemonstration Class?[0m        ?[90m# ContentRepositorySteps.navigateToContentRepositoryOfClass(String)?[0m
    ?[32mAnd ?[0m?[32mI choose creating new question/Text from the main dropdown button?[0m ?[90m# ContentRepositorySteps.chooseCreatingNewQuestionFromMainDropdownButton()?[0m
    ?[32mAnd ?[0m?[32mQuestion Designer is opened?[0m                                       ?[90m# QuestionDesignerSteps.assertQuestionDesignerPageIsOpened()?[0m

  Scenario: Create a new Math App question with invalid pixel of width                                           ?[90m# CreateMathAppQuestion.feature:68?[0m
    ?[32mWhen ?[0m?[32mI enter valid information for the question name as "?[0m?[32m?[1mNew Math App Question 4?[0m?[32m"?[0m                            ?[90m# QuestionDesignerSteps.enterQuestionName(String)?[0m
    ?[32mAnd ?[0m?[32mI click inside the question text editor?[0m                                                                  ?[90m# QuestionDesignerSteps.clickInsideQuestionTextEditor()?[0m
    ?[32mAnd ?[0m?[32mI click Response Area button to open the dialog and assert that the Choose Question Type page is visible?[0m ?[90m# QuestionDesignerSteps.clickInsertResponseAreaButton()?[0m
    ?[32mWhen ?[0m?[32mI choose "?[0m?[32m?[1mMath App?[0m?[32m" link from the dialog?[0m                                                                ?[90m# QuestionDesignerSteps.chooseQuestionType(String)?[0m
    ?[32mAnd ?[0m?[32mI choose a demo worksheet "?[0m?[32m?[1mDrawCircle?[0m?[32m" for the Math App question?[0m                                         ?[90m# MathAppQuestionSteps.selectMathAppDemoWorksheet(String)?[0m
    ?[32mAnd ?[0m?[32mI enter the width to be "?[0m?[32m?[1m10?[0m?[32m" and the width units to be "?[0m?[32m?[1mpixel?[0m?[32m"?[0m                                           ?[90m# MathAppQuestionSteps.setMathAppWidthAndWidthUnit(String,String)?[0m
    ?[32mAnd ?[0m?[32mI click OK?[0m                                                                                               ?[90m# QuestionDesignerSteps.clickResponseDialogOkButton()?[0m
    ?[32mThen ?[0m?[32mI assert that I am still on Math App question page and the width is invalid?[0m                             ?[90m# MathAppQuestionSteps.assertMathAppWorksheetWidthInvalid()?[0m
    ?[32mAnd ?[0m?[32mI click Cancel?[0m                                                                                           ?[90m# QuestionDesignerSteps.clickResponseDialogCancelButton()?[0m
Feature: Create Question from Content Repository
  	We want to create different questions and able to preview it correctly

  Background:                                                             ?[90m# CreateQuestion.feature:4?[0m
    # Should be logged in as qa/qatest
    ?[32mGiven ?[0m?[32mI am logged in as the default administrator?[0m                     ?[90m# LoginSteps.logInAsAdministrator()?[0m
    ?[32mAnd ?[0m?[32mI am on the Content Repository page of ?[0m?[32m?[1mDemonstration Class?[0m        ?[90m# ContentRepositorySteps.navigateToContentRepositoryOfClass(String)?[0m
    ?[32mAnd ?[0m?[32mI choose creating new question/Text from the main dropdown button?[0m ?[90m# ContentRepositorySteps.chooseCreatingNewQuestionFromMainDropdownButton()?[0m
    ?[32mAnd ?[0m?[32mQuestion Designer is opened?[0m                                       ?[90m# QuestionDesignerSteps.assertQuestionDesignerPageIsOpened()?[0m

  Background:                                                             ?[90m# CreateQuestion.feature:4?[0m
    # Should be logged in as qa/qatest
    ?[32mGiven ?[0m?[32mI am logged in as the default administrator?[0m                     ?[90m# LoginSteps.logInAsAdministrator()?[0m
    ?[32mAnd ?[0m?[32mI am on the Content Repository page of ?[0m?[32m?[1mDemonstration Class?[0m        ?[90m# ContentRepositorySteps.navigateToContentRepositoryOfClass(String)?[0m
    ?[32mAnd ?[0m?[32mI choose creating new question/Text from the main dropdown button?[0m ?[90m# ContentRepositorySteps.chooseCreatingNewQuestionFromMainDropdownButton()?[0m
    ?[32mAnd ?[0m?[32mQuestion Designer is opened?[0m                                       ?[90m# QuestionDesignerSteps.assertQuestionDesignerPageIsOpened()?[0m

  Background:                                                             ?[90m# CreateQuestion.feature:4?[0m
    # Should be logged in as qa/qatest
    ?[32mGiven ?[0m?[32mI am logged in as the default administrator?[0m                     ?[90m# LoginSteps.logInAsAdministrator()?[0m
    ?[32mAnd ?[0m?[32mI am on the Content Repository page of ?[0m?[32m?[1mDemonstration Class?[0m        ?[90m# ContentRepositorySteps.navigateToContentRepositoryOfClass(String)?[0m
    ?[32mAnd ?[0m?[32mI choose creating new question/Text from the main dropdown button?[0m ?[90m# ContentRepositorySteps.chooseCreatingNewQuestionFromMainDropdownButton()?[0m
    ?[32mAnd ?[0m?[32mQuestion Designer is opened?[0m                                       ?[90m# QuestionDesignerSteps.assertQuestionDesignerPageIsOpened()?[0m

  Background:                                                             ?[90m# CreateQuestion.feature:4?[0m
    # Should be logged in as qa/qatest
    ?[32mGiven ?[0m?[32mI am logged in as the default administrator?[0m                     ?[90m# LoginSteps.logInAsAdministrator()?[0m
    ?[32mAnd ?[0m?[32mI am on the Content Repository page of ?[0m?[32m?[1mDemonstration Class?[0m        ?[90m# ContentRepositorySteps.navigateToContentRepositoryOfClass(String)?[0m
    ?[32mAnd ?[0m?[32mI choose creating new question/Text from the main dropdown button?[0m ?[90m# ContentRepositorySteps.chooseCreatingNewQuestionFromMainDropdownButton()?[0m
    ?[32mAnd ?[0m?[32mQuestion Designer is opened?[0m                                       ?[90m# QuestionDesignerSteps.assertQuestionDesignerPageIsOpened()?[0m

  Background:                                                             ?[90m# CreateQuestion.feature:4?[0m
    # Should be logged in as qa/qatest
    ?[32mGiven ?[0m?[32mI am logged in as the default administrator?[0m                     ?[90m# LoginSteps.logInAsAdministrator()?[0m
    ?[32mAnd ?[0m?[32mI am on the Content Repository page of ?[0m?[32m?[1mDemonstration Class?[0m        ?[90m# ContentRepositorySteps.navigateToContentRepositoryOfClass(String)?[0m
    ?[32mAnd ?[0m?[32mI choose creating new question/Text from the main dropdown button?[0m ?[90m# ContentRepositorySteps.chooseCreatingNewQuestionFromMainDropdownButton()?[0m
    ?[32mAnd ?[0m?[32mQuestion Designer is opened?[0m                                       ?[90m# QuestionDesignerSteps.assertQuestionDesignerPageIsOpened()?[0m

  Background:                                                             ?[90m# CreateQuestion.feature:4?[0m
    # Should be logged in as qa/qatest
    ?[32mGiven ?[0m?[32mI am logged in as the default administrator?[0m                     ?[90m# LoginSteps.logInAsAdministrator()?[0m
    ?[32mAnd ?[0m?[32mI am on the Content Repository page of ?[0m?[32m?[1mDemonstration Class?[0m        ?[90m# ContentRepositorySteps.navigateToContentRepositoryOfClass(String)?[0m
    ?[32mAnd ?[0m?[32mI choose creating new question/Text from the main dropdown button?[0m ?[90m# ContentRepositorySteps.chooseCreatingNewQuestionFromMainDropdownButton()?[0m
    ?[32mAnd ?[0m?[32mQuestion Designer is opened?[0m                                       ?[90m# QuestionDesignerSteps.assertQuestionDesignerPageIsOpened()?[0m

  Background:                                                             ?[90m# CreateQuestion.feature:4?[0m
    # Should be logged in as qa/qatest
    ?[32mGiven ?[0m?[32mI am logged in as the default administrator?[0m                     ?[90m# LoginSteps.logInAsAdministrator()?[0m
    ?[32mAnd ?[0m?[32mI am on the Content Repository page of ?[0m?[32m?[1mDemonstration Class?[0m        ?[90m# ContentRepositorySteps.navigateToContentRepositoryOfClass(String)?[0m
    ?[32mAnd ?[0m?[32mI choose creating new question/Text from the main dropdown button?[0m ?[90m# ContentRepositorySteps.chooseCreatingNewQuestionFromMainDropdownButton()?[0m
    ?[32mAnd ?[0m?[32mQuestion Designer is opened?[0m                                       ?[90m# QuestionDesignerSteps.assertQuestionDesignerPageIsOpened()?[0m

  Background:                                                             ?[90m# CreateQuestion.feature:4?[0m
    # Should be logged in as qa/qatest
    ?[32mGiven ?[0m?[32mI am logged in as the default administrator?[0m                     ?[90m# LoginSteps.logInAsAdministrator()?[0m
    ?[32mAnd ?[0m?[32mI am on the Content Repository page of ?[0m?[32m?[1mDemonstration Class?[0m        ?[90m# ContentRepositorySteps.navigateToContentRepositoryOfClass(String)?[0m
    ?[32mAnd ?[0m?[32mI choose creating new question/Text from the main dropdown button?[0m ?[90m# ContentRepositorySteps.chooseCreatingNewQuestionFromMainDropdownButton()?[0m
    ?[32mAnd ?[0m?[32mQuestion Designer is opened?[0m                                       ?[90m# QuestionDesignerSteps.assertQuestionDesignerPageIsOpened()?[0m

  Background:                                                             ?[90m# CreateQuestion.feature:4?[0m
    # Should be logged in as qa/qatest
    ?[32mGiven ?[0m?[32mI am logged in as the default administrator?[0m                     ?[90m# LoginSteps.logInAsAdministrator()?[0m
    ?[32mAnd ?[0m?[32mI am on the Content Repository page of ?[0m?[32m?[1mDemonstration Class?[0m        ?[90m# ContentRepositorySteps.navigateToContentRepositoryOfClass(String)?[0m
    ?[32mAnd ?[0m?[32mI choose creating new question/Text from the main dropdown button?[0m ?[90m# ContentRepositorySteps.chooseCreatingNewQuestionFromMainDropdownButton()?[0m
    ?[32mAnd ?[0m?[32mQuestion Designer is opened?[0m                                       ?[90m# QuestionDesignerSteps.assertQuestionDesignerPageIsOpened()?[0m

  Background:                                                             ?[90m# CreateQuestion.feature:4?[0m
    # Should be logged in as qa/qatest
    ?[32mGiven ?[0m?[32mI am logged in as the default administrator?[0m                     ?[90m# LoginSteps.logInAsAdministrator()?[0m
    ?[32mAnd ?[0m?[32mI am on the Content Repository page of ?[0m?[32m?[1mDemonstration Class?[0m        ?[90m# ContentRepositorySteps.navigateToContentRepositoryOfClass(String)?[0m
    ?[32mAnd ?[0m?[32mI choose creating new question/Text from the main dropdown button?[0m ?[90m# ContentRepositorySteps.chooseCreatingNewQuestionFromMainDropdownButton()?[0m
    ?[32mAnd ?[0m?[32mQuestion Designer is opened?[0m                                       ?[90m# QuestionDesignerSteps.assertQuestionDesignerPageIsOpened()?[0m

  Background:                                                             ?[90m# CreateQuestion.feature:4?[0m
    # Should be logged in as qa/qatest
    ?[32mGiven ?[0m?[32mI am logged in as the default administrator?[0m                     ?[90m# LoginSteps.logInAsAdministrator()?[0m
    ?[32mAnd ?[0m?[32mI am on the Content Repository page of ?[0m?[32m?[1mDemonstration Class?[0m        ?[90m# ContentRepositorySteps.navigateToContentRepositoryOfClass(String)?[0m
    ?[32mAnd ?[0m?[32mI choose creating new question/Text from the main dropdown button?[0m ?[90m# ContentRepositorySteps.chooseCreatingNewQuestionFromMainDropdownButton()?[0m
    ?[32mAnd ?[0m?[32mQuestion Designer is opened?[0m                                       ?[90m# QuestionDesignerSteps.assertQuestionDesignerPageIsOpened()?[0m

  Background:                                                             ?[90m# CreateQuestion.feature:4?[0m
    # Should be logged in as qa/qatest
    ?[32mGiven ?[0m?[32mI am logged in as the default administrator?[0m                     ?[90m# LoginSteps.logInAsAdministrator()?[0m
    ?[32mAnd ?[0m?[32mI am on the Content Repository page of ?[0m?[32m?[1mDemonstration Class?[0m        ?[90m# ContentRepositorySteps.navigateToContentRepositoryOfClass(String)?[0m
    ?[32mAnd ?[0m?[32mI choose creating new question/Text from the main dropdown button?[0m ?[90m# ContentRepositorySteps.chooseCreatingNewQuestionFromMainDropdownButton()?[0m
    ?[32mAnd ?[0m?[32mQuestion Designer is opened?[0m                                       ?[90m# QuestionDesignerSteps.assertQuestionDesignerPageIsOpened()?[0m

  Background:                                                             ?[90m# CreateQuestion.feature:4?[0m
    # Should be logged in as qa/qatest
    ?[32mGiven ?[0m?[32mI am logged in as the default administrator?[0m                     ?[90m# LoginSteps.logInAsAdministrator()?[0m
    ?[32mAnd ?[0m?[32mI am on the Content Repository page of ?[0m?[32m?[1mDemonstration Class?[0m        ?[90m# ContentRepositorySteps.navigateToContentRepositoryOfClass(String)?[0m
    ?[32mAnd ?[0m?[32mI choose creating new question/Text from the main dropdown button?[0m ?[90m# ContentRepositorySteps.chooseCreatingNewQuestionFromMainDropdownButton()?[0m
    ?[32mAnd ?[0m?[32mQuestion Designer is opened?[0m                                       ?[90m# QuestionDesignerSteps.assertQuestionDesignerPageIsOpened()?[0m

  Background:                                                             ?[90m# CreateQuestion.feature:4?[0m
    # Should be logged in as qa/qatest
    ?[32mGiven ?[0m?[32mI am logged in as the default administrator?[0m                     ?[90m# LoginSteps.logInAsAdministrator()?[0m
    ?[32mAnd ?[0m?[32mI am on the Content Repository page of ?[0m?[32m?[1mDemonstration Class?[0m        ?[90m# ContentRepositorySteps.navigateToContentRepositoryOfClass(String)?[0m
    ?[32mAnd ?[0m?[32mI choose creating new question/Text from the main dropdown button?[0m ?[90m# ContentRepositorySteps.chooseCreatingNewQuestionFromMainDropdownButton()?[0m
    ?[32mAnd ?[0m?[32mQuestion Designer is opened?[0m                                       ?[90m# QuestionDesignerSteps.assertQuestionDesignerPageIsOpened()?[0m

  Background:                                                             ?[90m# CreateQuestion.feature:4?[0m
    # Should be logged in as qa/qatest
    ?[32mGiven ?[0m?[32mI am logged in as the default administrator?[0m                     ?[90m# LoginSteps.logInAsAdministrator()?[0m
    ?[32mAnd ?[0m?[32mI am on the Content Repository page of ?[0m?[32m?[1mDemonstration Class?[0m        ?[90m# ContentRepositorySteps.navigateToContentRepositoryOfClass(String)?[0m
    ?[32mAnd ?[0m?[32mI choose creating new question/Text from the main dropdown button?[0m ?[90m# ContentRepositorySteps.chooseCreatingNewQuestionFromMainDropdownButton()?[0m
    ?[32mAnd ?[0m?[32mQuestion Designer is opened?[0m                                       ?[90m# QuestionDesignerSteps.assertQuestionDesignerPageIsOpened()?[0m

  Background:                                                             ?[90m# CreateQuestion.feature:4?[0m
    # Should be logged in as qa/qatest
    ?[32mGiven ?[0m?[32mI am logged in as the default administrator?[0m                     ?[90m# LoginSteps.logInAsAdministrator()?[0m
    ?[32mAnd ?[0m?[32mI am on the Content Repository page of ?[0m?[32m?[1mDemonstration Class?[0m        ?[90m# ContentRepositorySteps.navigateToContentRepositoryOfClass(String)?[0m
    ?[32mAnd ?[0m?[32mI choose creating new question/Text from the main dropdown button?[0m ?[90m# ContentRepositorySteps.chooseCreatingNewQuestionFromMainDropdownButton()?[0m
    ?[32mAnd ?[0m?[32mQuestion Designer is opened?[0m                                       ?[90m# QuestionDesignerSteps.assertQuestionDesignerPageIsOpened()?[0m

  Background:                                                             ?[90m# CreateQuestion.feature:4?[0m
    # Should be logged in as qa/qatest
    ?[32mGiven ?[0m?[32mI am logged in as the default administrator?[0m                     ?[90m# LoginSteps.logInAsAdministrator()?[0m
    ?[32mAnd ?[0m?[32mI am on the Content Repository page of ?[0m?[32m?[1mDemonstration Class?[0m        ?[90m# ContentRepositorySteps.navigateToContentRepositoryOfClass(String)?[0m
    ?[32mAnd ?[0m?[32mI choose creating new question/Text from the main dropdown button?[0m ?[90m# ContentRepositorySteps.chooseCreatingNewQuestionFromMainDropdownButton()?[0m
    ?[32mAnd ?[0m?[32mQuestion Designer is opened?[0m                                       ?[90m# QuestionDesignerSteps.assertQuestionDesignerPageIsOpened()?[0m

  Background:                                                             ?[90m# CreateQuestion.feature:4?[0m
    # Should be logged in as qa/qatest
    ?[32mGiven ?[0m?[32mI am logged in as the default administrator?[0m                     ?[90m# LoginSteps.logInAsAdministrator()?[0m
    ?[32mAnd ?[0m?[32mI am on the Content Repository page of ?[0m?[32m?[1mDemonstration Class?[0m        ?[90m# ContentRepositorySteps.navigateToContentRepositoryOfClass(String)?[0m
    ?[32mAnd ?[0m?[32mI choose creating new question/Text from the main dropdown button?[0m ?[90m# ContentRepositorySteps.chooseCreatingNewQuestionFromMainDropdownButton()?[0m
    ?[32mAnd ?[0m?[32mQuestion Designer is opened?[0m                                       ?[90m# QuestionDesignerSteps.assertQuestionDesignerPageIsOpened()?[0m

  Background:                                                             ?[90m# CreateQuestion.feature:4?[0m
    # Should be logged in as qa/qatest
    ?[32mGiven ?[0m?[32mI am logged in as the default administrator?[0m                     ?[90m# LoginSteps.logInAsAdministrator()?[0m
    ?[32mAnd ?[0m?[32mI am on the Content Repository page of ?[0m?[32m?[1mDemonstration Class?[0m        ?[90m# ContentRepositorySteps.navigateToContentRepositoryOfClass(String)?[0m
    ?[32mAnd ?[0m?[32mI choose creating new question/Text from the main dropdown button?[0m ?[90m# ContentRepositorySteps.chooseCreatingNewQuestionFromMainDropdownButton()?[0m
    ?[32mAnd ?[0m?[32mQuestion Designer is opened?[0m                                       ?[90m# QuestionDesignerSteps.assertQuestionDesignerPageIsOpened()?[0m

  Background:                                                             ?[90m# CreateQuestion.feature:4?[0m
    # Should be logged in as qa/qatest
    ?[32mGiven ?[0m?[32mI am logged in as the default administrator?[0m                     ?[90m# LoginSteps.logInAsAdministrator()?[0m
    ?[32mAnd ?[0m?[32mI am on the Content Repository page of ?[0m?[32m?[1mDemonstration Class?[0m        ?[90m# ContentRepositorySteps.navigateToContentRepositoryOfClass(String)?[0m
    ?[32mAnd ?[0m?[32mI choose creating new question/Text from the main dropdown button?[0m ?[90m# ContentRepositorySteps.chooseCreatingNewQuestionFromMainDropdownButton()?[0m
    ?[32mAnd ?[0m?[32mQuestion Designer is opened?[0m                                       ?[90m# QuestionDesignerSteps.assertQuestionDesignerPageIsOpened()?[0m

  Background:                                                             ?[90m# CreateQuestion.feature:4?[0m
    # Should be logged in as qa/qatest
    ?[32mGiven ?[0m?[32mI am logged in as the default administrator?[0m                     ?[90m# LoginSteps.logInAsAdministrator()?[0m
    ?[32mAnd ?[0m?[32mI am on the Content Repository page of ?[0m?[32m?[1mDemonstration Class?[0m        ?[90m# ContentRepositorySteps.navigateToContentRepositoryOfClass(String)?[0m
    ?[32mAnd ?[0m?[32mI choose creating new question/Text from the main dropdown button?[0m ?[90m# ContentRepositorySteps.chooseCreatingNewQuestionFromMainDropdownButton()?[0m
    ?[32mAnd ?[0m?[32mQuestion Designer is opened?[0m                                       ?[90m# QuestionDesignerSteps.assertQuestionDesignerPageIsOpened()?[0m

  Scenario: Create a new question with Custom CSS and verify the style is applied to the grade report            ?[90m# CreateQuestion.feature:392?[0m
    ?[32mWhen ?[0m?[32mI enter valid information for the question name as "?[0m?[32m?[1mCSS Question?[0m?[32m"?[0m                                       ?[90m# QuestionDesignerSteps.enterQuestionName(String)?[0m
    ?[32mAnd ?[0m?[32mI click inside the question text editor?[0m                                                                  ?[90m# QuestionDesignerSteps.clickInsideQuestionTextEditor()?[0m
    ?[32mAnd ?[0m?[32mI click Response Area button to open the dialog and assert that the Choose Question Type page is visible?[0m ?[90m# QuestionDesignerSteps.clickInsertResponseAreaButton()?[0m
    ?[32mAnd ?[0m?[32mI choose "?[0m?[32m?[1mTrue/False?[0m?[32m" link from the dialog and complete the correct answer?[0m                               ?[90m# QuestionDesignerSteps.chooseTypeAndCompleteCorrectAnswer(String)?[0m
    ?[32mAnd ?[0m?[32mI click OK?[0m                                                                                               ?[90m# QuestionDesignerSteps.clickResponseDialogOkButton()?[0m
    ?[32mThen ?[0m?[32mI see the "?[0m?[32m?[1mTrue or False?[0m?[32m" Question Widget in the question text section?[0m                                  ?[90m# QuestionDesignerSteps.assertQuestionWidgetIsInserted(String)?[0m
    ?[32mWhen ?[0m?[32mI expand the "?[0m?[32m?[1mCustom CSS?[0m?[32m" section?[0m                                                                       ?[90m# QuestionDesignerSteps.expandSection(String)?[0m
    ?[32mAnd ?[0m?[32mI enter "?[0m?[32m?[1mbody { background-color: red; }?[0m?[32m" in the CSS editor?[0m                                              ?[90m# AssignmentEditorQuestionSteps.enterTextInCssEditor(String)?[0m
    ?[32mWhen ?[0m?[32mI expand the "?[0m?[32m?[1mFeedback?[0m?[32m" section?[0m                                                                         ?[90m# QuestionDesignerSteps.expandSection(String)?[0m
    ?[32mAnd ?[0m?[32mI enter "?[0m?[32m?[1mFeedback?[0m?[32m" in the feedback editor in the question designer?[0m                                       ?[90m# QuestionDesignerSteps.enterTextInFeedbackEditor(String)?[0m
    ?[32mWhen ?[0m?[32mI click the Preview button?[0m                                                                              ?[90m# QuestionDesignerSteps.clickPreviewButton()?[0m
    ?[32mAnd ?[0m?[32mI click the Grade button in question preview window?[0m                                                      ?[90m# QuestionPreviewSteps.clickGradeButton()?[0m
    ?[32mThen ?[0m?[32mI see that the question background color is "?[0m?[32m?[1mrgba(255, 0, 0, 1)?[0m?[32m"?[0m                                        ?[90m# FeedbackDetailsReportSteps.assertQuestionBackgroundColor(String)?[0m
    ?[32mAnd ?[0m?[32mI see that the feedback background color is "?[0m?[32m?[1mrgba(255, 0, 0, 1)?[0m?[32m"?[0m                                         ?[90m# FeedbackDetailsReportSteps.assertFeedbackBackgroundColor(String)?[0m
    ?[32mAnd ?[0m?[32mI do not see that the response background color is "?[0m?[32m?[1mrgba(255, 0, 0, 1)?[0m?[32m"?[0m                                  ?[90m# FeedbackDetailsReportSteps.assertNotResponseBackgroundColor(String)?[0m
Feature: Create different types of users
  We want to create users with different roles including

  Scenario Outline: Successfully create a new user             ?[90m# CreateUser.feature:9?[0m
    ?[36mWhen ?[0m?[36mI enter the valid information for the user <username>?[0m
    ?[36mThen ?[0m?[36mthe user <username> is created?[0m

    Examples: 

  Background:                                         ?[90m# CreateUser.feature:4?[0m
    # Should be logged in as qa/qatest
    ?[32mGiven ?[0m?[32mI am logged in as the default administrator?[0m ?[90m# LoginSteps.logInAsAdministrator()?[0m
    ?[32mAnd ?[0m?[32mI open the Create User page?[0m                   ?[90m# AddUserSteps.navigateToAddUserPage()?[0m

  Background:                                         ?[90m# CreateUser.feature:4?[0m
    # Should be logged in as qa/qatest
    ?[32mGiven ?[0m?[32mI am logged in as the default administrator?[0m ?[90m# LoginSteps.logInAsAdministrator()?[0m
    ?[32mAnd ?[0m?[32mI open the Create User page?[0m                   ?[90m# AddUserSteps.navigateToAddUserPage()?[0m

  Background:                                         ?[90m# CreateUser.feature:4?[0m
    # Should be logged in as qa/qatest
    ?[32mGiven ?[0m?[32mI am logged in as the default administrator?[0m ?[90m# LoginSteps.logInAsAdministrator()?[0m
    ?[32mAnd ?[0m?[32mI open the Create User page?[0m                   ?[90m# AddUserSteps.navigateToAddUserPage()?[0m

  Background:                                         ?[90m# CreateUser.feature:4?[0m
    # Should be logged in as qa/qatest
    ?[32mGiven ?[0m?[32mI am logged in as the default administrator?[0m ?[90m# LoginSteps.logInAsAdministrator()?[0m
    ?[32mAnd ?[0m?[32mI open the Create User page?[0m                   ?[90m# AddUserSteps.navigateToAddUserPage()?[0m

  Background:                                         ?[90m# CreateUser.feature:4?[0m
    # Should be logged in as qa/qatest
    ?[32mGiven ?[0m?[32mI am logged in as the default administrator?[0m ?[90m# LoginSteps.logInAsAdministrator()?[0m
    ?[32mAnd ?[0m?[32mI open the Create User page?[0m                   ?[90m# AddUserSteps.navigateToAddUserPage()?[0m

  Background:                                         ?[90m# CreateUser.feature:4?[0m
    # Should be logged in as qa/qatest
    ?[32mGiven ?[0m?[32mI am logged in as the default administrator?[0m ?[90m# LoginSteps.logInAsAdministrator()?[0m
    ?[32mAnd ?[0m?[32mI open the Create User page?[0m                   ?[90m# AddUserSteps.navigateToAddUserPage()?[0m

  Background:                                         ?[90m# CreateUser.feature:4?[0m
    # Should be logged in as qa/qatest
    ?[32mGiven ?[0m?[32mI am logged in as the default administrator?[0m ?[90m# LoginSteps.logInAsAdministrator()?[0m
    ?[32mAnd ?[0m?[32mI open the Create User page?[0m                   ?[90m# AddUserSteps.navigateToAddUserPage()?[0m

  Background:                                         ?[90m# CreateUser.feature:4?[0m
    # Should be logged in as qa/qatest
    ?[32mGiven ?[0m?[32mI am logged in as the default administrator?[0m ?[90m# LoginSteps.logInAsAdministrator()?[0m
    ?[32mAnd ?[0m?[32mI open the Create User page?[0m                   ?[90m# AddUserSteps.navigateToAddUserPage()?[0m

  Background:                                         ?[90m# CreateUser.feature:4?[0m
    # Should be logged in as qa/qatest
    ?[32mGiven ?[0m?[32mI am logged in as the default administrator?[0m ?[90m# LoginSteps.logInAsAdministrator()?[0m
    ?[32mAnd ?[0m?[32mI open the Create User page?[0m                   ?[90m# AddUserSteps.navigateToAddUserPage()?[0m

  Background:                                         ?[90m# CreateUser.feature:4?[0m
    # Should be logged in as qa/qatest
    ?[32mGiven ?[0m?[32mI am logged in as the default administrator?[0m ?[90m# LoginSteps.logInAsAdministrator()?[0m
    ?[32mAnd ?[0m?[32mI open the Create User page?[0m                   ?[90m# AddUserSteps.navigateToAddUserPage()?[0m

  Background:                                         ?[90m# CreateUser.feature:4?[0m
    # Should be logged in as qa/qatest
    ?[32mGiven ?[0m?[32mI am logged in as the default administrator?[0m ?[90m# LoginSteps.logInAsAdministrator()?[0m
    ?[32mAnd ?[0m?[32mI open the Create User page?[0m                   ?[90m# AddUserSteps.navigateToAddUserPage()?[0m

  Scenario: Fail to create student due to missing password confirmation              ?[90m# CreateUser.feature:44?[0m
    ?[32mWhen ?[0m?[32mI enter valid information for user "?[0m?[32m?[1mpatty?[0m?[32m" except her password confirmation?[0m ?[90m# AddUserSteps.enterValidUserDetailsExceptPasswordConfirmation(String)?[0m
    ?[32mThen ?[0m?[32mI should see an error message indicating the missing password confirmation?[0m  ?[90m# AddUserSteps.assertPasswordConfirmationMissingErrorMessageIsDisplayed()?[0m
Feature: Perform the document upload search

  Background:                                                              ?[90m# DocumentUploadSearch.feature:3?[0m
    ?[32mGiven ?[0m?[32mI am logged in as the default administrator?[0m                      ?[90m# LoginSteps.logInAsAdministrator()?[0m
    ?[32mAnd ?[0m?[32mI am on "Class Homepage" page of "?[0m?[32m?[1mDemonstration Class?[0m?[32m" class?[0m       ?[90m# ClassHomepageSteps.navigateToClassHomepage(String)?[0m
    ?[32mAnd ?[0m?[32mI navigate to the "?[0m?[32m?[1mDocument Upload?[0m?[32m" in "?[0m?[32m?[1mExternal?[0m?[32m" of current class?[0m ?[90m# ClassHomepageSteps.navigateInClass(String,String)?[0m

  Scenario: Perform a document upload search with good form values. ?[90m# DocumentUploadSearch.feature:9?[0m
    ?[32mWhen ?[0m?[32mI am on the Document Upload page?[0m                           ?[90m# DocumentUploadSearchSteps.waitForDocumentUploadPage()?[0m
    ?[32mAnd ?[0m?[32mI enter "?[0m?[32m?[1mREDFFGFDSERFRF?[0m?[32m" as the document code?[0m               ?[90m# DocumentUploadSearchSteps.enterDocumentCodeForDocumentSearch(String)?[0m
    ?[32mAnd ?[0m?[32mI click the Search button on the Document Upload page?[0m       ?[90m# DocumentUploadSearchSteps.clickSearch()?[0m
    ?[32mThen ?[0m?[32mI am on the Document Upload page?[0m                           ?[90m# DocumentUploadSearchSteps.waitForDocumentUploadPage()?[0m
Feature: Test enrolling a user into a class.

  Background:                                         ?[90m# EnrollUsers.feature:3?[0m
    ?[32mGiven ?[0m?[32mI am logged in as the default administrator?[0m ?[90m# LoginSteps.logInAsAdministrator()?[0m

  Scenario: Create a user and enroll them into demo class.                     ?[90m# EnrollUsers.feature:6?[0m
    # Create a user who will be registered into the demo class.
    ?[32mWhen ?[0m?[32mI open the Create User page?[0m                                           ?[90m# AddUserSteps.navigateToAddUserPage()?[0m
    ?[32mAnd ?[0m?[32mI enter the valid information for the user ?[0m?[32m?[1msally?[0m                       ?[90m# AddUserSteps.enterValidUserDetails(String)?[0m
    ?[32mThen ?[0m?[32mthe user ?[0m?[32m?[1msally?[0m?[32m is created?[0m                                             ?[90m# AddUserSteps.assertUserIsAdded(String)?[0m
    # Navigate to homepage for demo class.
    ?[32mWhen ?[0m?[32mI navigate to the System Homepage?[0m                                     ?[90m# SystemHomepageSteps.navigateToSystemHomepage()?[0m
    ?[32mThen ?[0m?[32mI am on the System Homepage?[0m                                           ?[90m# SystemHomepageSteps.assertSystemHomepage()?[0m
    ?[32mThen ?[0m?[32mI am on "Class Homepage" page of "?[0m?[32m?[1mDemonstration Class?[0m?[32m" class?[0m          ?[90m# ClassHomepageSteps.navigateToClassHomepage(String)?[0m
    # On the Register Users page, find the new user and register them.
    ?[32mWhen ?[0m?[32mI click the Register Users menu item?[0m                                  ?[90m# ClassHomepageSteps.navigateToRegisterUsersPage()?[0m
    ?[32mAnd ?[0m?[32mI click the Advanced Search link on the Register Users page?[0m            ?[90m# RegisterUsersSteps.clickAdvancedSearch()?[0m
    ?[32mAnd ?[0m?[32mI enter "?[0m?[32m?[1msally?[0m?[32m" into the User Login textbox on the Register Users page?[0m ?[90m# RegisterUsersSteps.setUserLogin(String)?[0m
    ?[32mAnd ?[0m?[32mI click the Search button on the Register Users page?[0m                   ?[90m# RegisterUsersSteps.clickSearchButton()?[0m
    ?[32mAnd ?[0m?[32mI select the user "?[0m?[32m?[1msally?[0m?[32m" in the list of users to add?[0m                  ?[90m# RegisterUsersSteps.selectUser(String)?[0m
    ?[32mAnd ?[0m?[32mI click the Register button on the Register Users page?[0m                 ?[90m# RegisterUsersSteps.clickRegisterButton()?[0m
    ?[32mThen ?[0m?[32mThe users were successfully registered in the class?[0m                   ?[90m# RegisterUsersSteps.assertUsersRegistered()?[0m
    ?[32mAnd ?[0m?[32mI am on the Register Users page?[0m                                        ?[90m# RegisterUsersSteps.isOnRegisterUsersPage()?[0m
    # Navigate to homepage for demo class.
    ?[32mWhen ?[0m?[32mI navigate to the System Homepage?[0m                                     ?[90m# SystemHomepageSteps.navigateToSystemHomepage()?[0m
    ?[32mThen ?[0m?[32mI am on the System Homepage?[0m                                           ?[90m# SystemHomepageSteps.assertSystemHomepage()?[0m
    ?[32mThen ?[0m?[32mI am on "Class Homepage" page of "?[0m?[32m?[1mDemonstration Class?[0m?[32m" class?[0m          ?[90m# ClassHomepageSteps.navigateToClassHomepage(String)?[0m
    # On the Search for Users page, determine if user has been removed.
    ?[32mWhen ?[0m?[32mI click the Search for Users menu item?[0m                                ?[90m# ClassHomepageSteps.navigateToSearchForUsersPage()?[0m
    ?[32mThen ?[0m?[32mI am on the Class User Search page?[0m                                    ?[90m# ClassUserSearchSteps.assertClassUserSearchPage()?[0m
    ?[32mWhen ?[0m?[32mI enter search criteria for ?[0m?[32m?[1msally?[0m?[32m on Class User Search page?[0m           ?[90m# ClassUserSearchSteps.enterSearchCriteria(String)?[0m
    ?[32mAnd ?[0m?[32mI click the Search button on the Class User Search page?[0m                ?[90m# ClassUserSearchSteps.clickSearchButton()?[0m
    ?[32mThen ?[0m?[32mUser ?[0m?[32m?[1msally?[0m?[32m ?[0m?[32m?[1mis?[0m?[32m found on Class User Search page?[0m                         ?[90m# ClassUserSearchSteps.assertUserFound(String,String)?[0m
Feature: Create and grade assignments with MathApp questions

  Background:                                                            ?[90m# GradeMathAppAssignment.feature:3?[0m
    # Should be logged in as qa/qatest
    ?[32mGiven ?[0m?[32mI am logged in as the default administrator?[0m                    ?[90m# LoginSteps.logInAsAdministrator()?[0m
    ?[32mAnd ?[0m?[32mI navigate to the System Settings page?[0m                           ?[90m# SystemSettingsSteps.navigateToSystemSettingsPage()?[0m
    ?[32mThen ?[0m?[32mI change the Math App engine selection to "?[0m?[32m?[1mMapleNet (Math App)?[0m?[32m"?[0m ?[90m# SystemSettingsSteps.selectMathAppEngine(String)?[0m
    ?[32mAnd ?[0m?[32mI submit the changes to System Settings?[0m                          ?[90m# SystemSettingsSteps.submitChanges()?[0m
    ?[32mAnd ?[0m?[32mThe changes to System Settings were successfully saved.?[0m          ?[90m# SystemSettingsSteps.assertChangesSaved()?[0m

  Background:                                                            ?[90m# GradeMathAppAssignment.feature:3?[0m
    # Should be logged in as qa/qatest
    ?[32mGiven ?[0m?[32mI am logged in as the default administrator?[0m                    ?[90m# LoginSteps.logInAsAdministrator()?[0m
    ?[32mAnd ?[0m?[32mI navigate to the System Settings page?[0m                           ?[90m# SystemSettingsSteps.navigateToSystemSettingsPage()?[0m
    ?[32mThen ?[0m?[32mI change the Math App engine selection to "?[0m?[32m?[1mMapleNet (Math App)?[0m?[32m"?[0m ?[90m# SystemSettingsSteps.selectMathAppEngine(String)?[0m
    ?[32mAnd ?[0m?[32mI submit the changes to System Settings?[0m                          ?[90m# SystemSettingsSteps.submitChanges()?[0m
    ?[32mAnd ?[0m?[32mThe changes to System Settings were successfully saved.?[0m          ?[90m# SystemSettingsSteps.assertChangesSaved()?[0m

  Background:                                                            ?[90m# GradeMathAppAssignment.feature:3?[0m
    # Should be logged in as qa/qatest
    ?[32mGiven ?[0m?[32mI am logged in as the default administrator?[0m                    ?[90m# LoginSteps.logInAsAdministrator()?[0m
    ?[32mAnd ?[0m?[32mI navigate to the System Settings page?[0m                           ?[90m# SystemSettingsSteps.navigateToSystemSettingsPage()?[0m
    ?[32mThen ?[0m?[32mI change the Math App engine selection to "?[0m?[32m?[1mMapleNet (Math App)?[0m?[32m"?[0m ?[90m# SystemSettingsSteps.selectMathAppEngine(String)?[0m
    ?[32mAnd ?[0m?[32mI submit the changes to System Settings?[0m                          ?[90m# SystemSettingsSteps.submitChanges()?[0m
    ?[32mAnd ?[0m?[32mThe changes to System Settings were successfully saved.?[0m          ?[90m# SystemSettingsSteps.assertChangesSaved()?[0m

  # this test expects resources to be copied from acceptanceTestResouces to the Demo Class (MO-2100)
  Scenario: Grade 33% assignment with three MathApp Questions with plots using MathApp Grading passing one of the questions without answer ?[90m# GradeMathAppAssignment.feature:91?[0m
    ?[32mWhen ?[0m?[32mI navigate to the System Homepage?[0m                                                                                                 ?[90m# SystemHomepageSteps.navigateToSystemHomepage()?[0m
    ?[32mAnd ?[0m?[32mI am on the Content Repository page of ?[0m?[32m?[1mDemonstration Class?[0m                                                                         ?[90m# ContentRepositorySteps.navigateToContentRepositoryOfClass(String)?[0m
    ?[32mAnd ?[0m?[32mI choose creating new assignment in "?[0m?[32m?[1mStudent Readiness?[0m?[32m" unit from the main dropdown button?[0m                                         ?[90m# ContentRepositorySteps.chooseCreatingNewAssignmentFromMainDropdownButton(String)?[0m
    ?[32mThen ?[0m?[32mAssignment Editor is opened?[0m                                                                                                       ?[90m# AssignmentEditorDetailsSteps.assertAssignmentEditorPageIsOpened()?[0m
    ?[32mWhen ?[0m?[32menter Assignment name "?[0m?[32m?[1mThree_MathApps?[0m?[32m"?[0m                                                                                            ?[90m# AssignmentEditorDetailsSteps.enterAssignmentName(String)?[0m
    ?[32mAnd ?[0m?[32mI click on the questions tab?[0m                                                                                                       ?[90m# AssignmentEditorDetailsSteps.clickQuestionsTab()?[0m
    ?[32mAnd ?[0m?[32mI click the import question button?[0m                                                                                                 ?[90m# AssignmentEditorQuestionSteps.importQuestion()?[0m
    ?[32mThen ?[0m?[32mThe import questions dialog appears?[0m                                                                                               ?[90m# AssignmentEditorQuestionSteps.assertImportQuestionsVisible()?[0m
    ?[32mWhen ?[0m?[32mI click on "Questions"?[0m                                                                                                            ?[90m# ContentRepositorySteps.clickOnQuestions()?[0m
    ?[32mAnd ?[0m?[32mI select the question "?[0m?[32m?[1mInteractive Plot for Mathapp Grading?[0m?[32m"?[0m                                                                       ?[90m# AssignmentEditorQuestionSteps.selectQuestion(String)?[0m
    ?[32mAnd ?[0m?[32mI click Import Questions in the Import Questions dialog?[0m                                                                            ?[90m# AssignmentEditorQuestionSteps.doImportQuestions()?[0m
    ?[32mThen ?[0m?[32mverify the question caption text is "?[0m?[32m?[1mInteractive Plot for Mathapp Grading?[0m?[32m"?[0m                                                        ?[90m# AssignmentEditorQuestionSteps.assertSavedQuestionName(String)?[0m
    ?[32mWhen ?[0m?[32mI choose to import questions from the Add dropdown button?[0m                                                                         ?[90m# AssignmentEditorQuestionSteps.importQuestionFromAddDropdownButton()?[0m
    ?[32mThen ?[0m?[32mThe import questions dialog appears?[0m                                                                                               ?[90m# AssignmentEditorQuestionSteps.assertImportQuestionsVisible()?[0m
    ?[32mWhen ?[0m?[32mI click on "Questions"?[0m                                                                                                            ?[90m# ContentRepositorySteps.clickOnQuestions()?[0m
    ?[32mAnd ?[0m?[32mI click on "?[0m?[32m?[1mMath App Questions?[0m?[32m" in the "?[0m?[32m?[1mQuestions?[0m?[32m" column?[0m                                                                          ?[90m# ContentRepositorySteps.clickOnAssignmQuestionGroupInQuestionsColumn(String,String)?[0m
    ?[32mAnd ?[0m?[32mI select the question "?[0m?[32m?[1mParabola?[0m?[32m"?[0m                                                                                                   ?[90m# AssignmentEditorQuestionSteps.selectQuestion(String)?[0m
    ?[32mAnd ?[0m?[32mI select the question "?[0m?[32m?[1mRiemann Sums?[0m?[32m"?[0m                                                                                               ?[90m# AssignmentEditorQuestionSteps.selectQuestion(String)?[0m
    ?[32mAnd ?[0m?[32mI click Import Questions in the Import Questions dialog?[0m                                                                            ?[90m# AssignmentEditorQuestionSteps.doImportQuestions()?[0m
    ?[32mWhen ?[0m?[32mI save & close the assignment on the questions page?[0m                                                                               ?[90m# AssignmentEditorQuestionSteps.saveAndCloseAssignment()?[0m
    ?[32mThen ?[0m?[32mI see summary of the assignment?[0m                                                                                                   ?[90m# AssignmentEditorDetailsSteps.assertAssignmentSummaryShown()?[0m
    ?[32mWhen ?[0m?[32mI save and close the assignment summary details?[0m                                                                                   ?[90m# AssignmentEditorDetailsSteps.saveAndCloseAssignmentSummary()?[0m
    ?[32mThen ?[0m?[32mthe new assignment "?[0m?[32m?[1mThree_MathApps?[0m?[32m" is visible in its own expanded column?[0m                                                         ?[90m# ContentRepositorySteps.assertNamedAssignmentColumnIsExpanded(String)?[0m
    ?[32mAnd ?[0m?[32mit is named as "?[0m?[32m?[1mThree_MathApps?[0m?[32m" in "?[0m?[32m?[1mStudent Readiness?[0m?[32m" column?[0m                                                                      ?[90m# ContentRepositorySteps.assertAssignmentIsCreated(String,String)?[0m
    ?[32mWhen ?[0m?[32mI navigate to the System Homepage?[0m                                                                                                 ?[90m# SystemHomepageSteps.navigateToSystemHomepage()?[0m
    ?[32mAnd ?[0m?[32mI am on "Class Homepage" page of "?[0m?[32m?[1mDemonstration Class?[0m?[32m" class?[0m                                                                       ?[90m# ClassHomepageSteps.navigateToClassHomepage(String)?[0m
    ?[32mAnd ?[0m?[32mI launch the "?[0m?[32m?[1mThree_MathApps?[0m?[32m" assignment in "?[0m?[32m?[1mStudent Readiness?[0m?[32m" unit?[0m                                                               ?[90m# ClassHomepageSteps.reopenAssignment(String,String)?[0m
    ?[32mThen ?[0m?[32mI assert that the ?[0m?[32m?[1mMath App?[0m?[32m question is rendered properly?[0m                                                                          ?[90m# QuestionPreviewSteps.assertQuestionRenderedCorrectly(String)?[0m
    ?[32mAnd ?[0m?[32mI click the plot of "Interactive Plot for Mathapp Grading"?[0m                                                                         ?[90m# MathAppAssignmentSteps.clickMathAppPlot()?[0m
    ?[32mWhen ?[0m?[32mI use "?[0m?[32m?[1mNext?[0m?[32m" button to navigate to "?[0m?[32m?[1mQuestion 2?[0m?[32m"?[0m                                                                                   ?[90m# MapleTAAssignmentSteps.navigateToQuestion(String,String)?[0m
    ?[32mThen ?[0m?[32mI assert that the ?[0m?[32m?[1mMath App?[0m?[32m question is rendered properly?[0m                                                                          ?[90m# QuestionPreviewSteps.assertQuestionRenderedCorrectly(String)?[0m
    ?[32mAnd ?[0m?[32mI click the plot of "Parabola"?[0m                                                                                                     ?[90m# MathAppAssignmentSteps.clickMathAppPlot()?[0m
    ?[32mAnd ?[0m?[32mI submit the assignment?[0m                                                                                                            ?[90m# MapleTAAssignmentSteps.submitAssignment()?[0m
    ?[32mThen ?[0m?[32mI see the submission report with warning text "?[0m?[32m?[1mWarning: There appears to be errors in one or more of your answers.?[0m?[32m"?[0m               ?[90m# MapleTAAssignmentSteps.assertSubmissionReportWarningMessage(String)?[0m
    ?[32mAnd ?[0m?[32ma table with the question problems?[0m                                                                                                 ?[90m# MapleTAAssignmentSteps.assertSubmissionReportTable(SubmissionReportPage$SubmissionReportTableRow>)?[0m
    ?[32mWhen ?[0m?[32mI submit the assignment again?[0m                                                                                                     ?[90m# MapleTAAssignmentSteps.submitAssignment()?[0m
    ?[32mThen ?[0m?[32mmy score ?[0m?[32m?[1m1?[0m?[32m out of ?[0m?[32m?[1m3?[0m?[32m (?[0m?[32m?[1m33.33?[0m?[32m %) is shown in a grade report?[0m                                                                          ?[90m# MapleTAAssignmentSteps.assertScore(String,String,String)?[0m
Feature: Check that grades for lessons are recorded consistently

  Background:                                                      ?[90m# LessonGrading.feature:3?[0m
    # Should be logged in as qa/qatest
    ?[32mGiven ?[0m?[32mI am logged in as the default administrator?[0m              ?[90m# LoginSteps.logInAsAdministrator()?[0m
    ?[32mAnd ?[0m?[32mI am on the Content Repository page of ?[0m?[32m?[1mDemonstration Class?[0m ?[90m# ContentRepositorySteps.navigateToContentRepositoryOfClass(String)?[0m

  Background:                                                      ?[90m# LessonGrading.feature:3?[0m
    # Should be logged in as qa/qatest
    ?[32mGiven ?[0m?[32mI am logged in as the default administrator?[0m              ?[90m# LoginSteps.logInAsAdministrator()?[0m
    ?[32mAnd ?[0m?[32mI am on the Content Repository page of ?[0m?[32m?[1mDemonstration Class?[0m ?[90m# ContentRepositorySteps.navigateToContentRepositoryOfClass(String)?[0m

  Scenario: Create lesson with questions in a group                                                              ?[90m# LessonGrading.feature:78?[0m
    ?[32mWhen ?[0m?[32mI choose creating new lesson in "?[0m?[32m?[1mStudent Readiness?[0m?[32m" unit from the main dropdown button?[0m                  ?[90m# ContentRepositorySteps.chooseCreatingNewLessonFromMainDropdownButton(String)?[0m
    ?[32mThen ?[0m?[32mLesson Editor is opened?[0m                                                                                 ?[90m# LessonEditorSteps.assertLessonEditorPageIsOpened()?[0m
    ?[32mWhen ?[0m?[32menter Lesson name "?[0m?[32m?[1mLesson with groups?[0m?[32m"?[0m                                                                  ?[90m# AssignmentEditorDetailsSteps.enterAssignmentName(String)?[0m
    ?[32mAnd ?[0m?[32mI open the dropdown menu for the current Lesson page?[0m                                                     ?[90m# LessonEditorSteps.clickOpenDropdownMenu()?[0m
    ?[32mAnd ?[0m?[32mI click the new question group item in the Lesson page dropdown menu?[0m                                     ?[90m# LessonEditorSteps.clickNewQuestionGroupDropdownItem()?[0m
    ?[32mAnd ?[0m?[32mI switch to the group named "?[0m?[32m?[1mGroup?[0m?[32m"?[0m                                                                      ?[90m# LessonEditorSteps.switchToGroup(String)?[0m
    ?[32mAnd ?[0m?[32mI click the new question button on the lesson design page?[0m                                                ?[90m# LessonEditorSteps.clickNewQuestionButton()?[0m
    ?[32mWhen ?[0m?[32mI create question "?[0m?[32m?[1mq1?[0m?[32m" with label "?[0m?[32m?[1mq1?[0m?[32m"?[0m                                                                  ?[90m# AssignmentEditorQuestionSteps.createQuestion(String,String)?[0m
    ?[32mAnd ?[0m?[32mI click Response Area button to open the dialog and assert that the Choose Question Type page is visible?[0m ?[90m# QuestionDesignerSteps.clickInsertResponseAreaButton()?[0m
    ?[32mWhen ?[0m?[32mI choose "?[0m?[32m?[1mMathematical Formula?[0m?[32m" link from the dialog and complete the correct answer?[0m                    ?[90m# QuestionDesignerSteps.chooseTypeAndCompleteCorrectAnswer(String)?[0m
    ?[32mAnd ?[0m?[32mI click OK?[0m                                                                                               ?[90m# QuestionDesignerSteps.clickResponseDialogOkButton()?[0m
    ?[32mThen ?[0m?[32mI see the "?[0m?[32m?[1mMathematical Formula?[0m?[32m" Question Widget in the question text section?[0m                           ?[90m# QuestionDesignerSteps.assertQuestionWidgetIsInserted(String)?[0m
    ?[32mAnd ?[0m?[32mI save & close the new question in the assignment editor?[0m                                                 ?[90m# AssignmentEditorQuestionSteps.saveAndCloseNewQuestion()?[0m
    ?[32mWhen ?[0m?[32mI open the dropdown menu for the current Lesson page?[0m                                                    ?[90m# LessonEditorSteps.clickOpenDropdownMenu()?[0m
    ?[32mAnd ?[0m?[32mI click the new question item in the Lesson page dropdown menu?[0m                                           ?[90m# LessonEditorSteps.clickNewQuestionDropdownItem()?[0m
    ?[32mAnd ?[0m?[32mI create question "?[0m?[32m?[1mq2?[0m?[32m" with label "?[0m?[32m?[1mq2?[0m?[32m"?[0m                                                                   ?[90m# AssignmentEditorQuestionSteps.createQuestion(String,String)?[0m
    ?[32mAnd ?[0m?[32mI click Response Area button to open the dialog and assert that the Choose Question Type page is visible?[0m ?[90m# QuestionDesignerSteps.clickInsertResponseAreaButton()?[0m
    ?[32mWhen ?[0m?[32mI choose "?[0m?[32m?[1mMathematical Formula?[0m?[32m" link from the dialog and complete the correct answer?[0m                    ?[90m# QuestionDesignerSteps.chooseTypeAndCompleteCorrectAnswer(String)?[0m
    ?[32mAnd ?[0m?[32mI click OK?[0m                                                                                               ?[90m# QuestionDesignerSteps.clickResponseDialogOkButton()?[0m
    ?[32mThen ?[0m?[32mI see the "?[0m?[32m?[1mMathematical Formula?[0m?[32m" Question Widget in the question text section?[0m                           ?[90m# QuestionDesignerSteps.assertQuestionWidgetIsInserted(String)?[0m
    ?[32mAnd ?[0m?[32mI save & close the new question in the assignment editor?[0m                                                 ?[90m# AssignmentEditorQuestionSteps.saveAndCloseNewQuestion()?[0m
    ?[32mAnd ?[0m?[32mI save & close the lesson on the design page?[0m                                                             ?[90m# LessonEditorSteps.saveAndCloseLesson()?[0m
    ?[32mThen ?[0m?[32mI see summary of the assignment?[0m                                                                         ?[90m# AssignmentEditorDetailsSteps.assertAssignmentSummaryShown()?[0m
    ?[32mWhen ?[0m?[32mI save and close the assignment summary details?[0m                                                         ?[90m# AssignmentEditorDetailsSteps.saveAndCloseAssignmentSummary()?[0m
    ?[32mThen ?[0m?[32mthe new lesson "?[0m?[32m?[1mLesson with groups?[0m?[32m" is visible in its own expanded column?[0m                               ?[90m# ContentRepositorySteps.assertNamedAssignmentColumnIsExpanded(String)?[0m
    ?[32mWhen ?[0m?[32mI navigate to the System Homepage?[0m                                                                       ?[90m# SystemHomepageSteps.navigateToSystemHomepage()?[0m
    ?[32mAnd ?[0m?[32mI am on "Class Homepage" page of "?[0m?[32m?[1mDemonstration Class?[0m?[32m" class?[0m                                             ?[90m# ClassHomepageSteps.navigateToClassHomepage(String)?[0m
    ?[32mAnd ?[0m?[32mI click on the "?[0m?[32m?[1mLesson with groups?[0m?[32m" module in the "?[0m?[32m?[1mStudent Readiness?[0m?[32m" unit?[0m                               ?[90m# ClassHomepageSteps.clickOnModuleLink(String,String)?[0m
    ?[32mThen ?[0m?[32mthe module "?[0m?[32m?[1mLesson with groups?[0m?[32m" is opened without launch page?[0m                                           ?[90m# ClassHomepageSteps.switchToModulePage(String)?[0m
    ?[32mWhen ?[0m?[32mI save and quit the lesson?[0m                                                                              ?[90m# LessonSteps.submitLesson()?[0m
    ?[32mThen ?[0m?[32mI am on the Class Homepage?[0m                                                                              ?[90m# ClassHomepageSteps.assertClassHomepage()?[0m
    ?[32mAnd ?[0m?[32mI navigate to the "?[0m?[32m?[1mContent Repository?[0m?[32m" of current class?[0m                                                  ?[90m# ClassHomepageSteps.navigateInClass(String,String)?[0m
    ?[32mWhen ?[0m?[32mI click "?[0m?[32m?[1mStudent Readiness?[0m?[32m" in the "?[0m?[32m?[1mLessons & Assignments?[0m?[32m" column?[0m                                       ?[90m# ContentRepositorySteps.clickLinkInParentColumn(String,String)?[0m
    ?[32mAnd ?[0m?[32mI click "?[0m?[32m?[1mLesson with groups?[0m?[32m" in the "?[0m?[32m?[1mStudent Readiness?[0m?[32m" column?[0m                                           ?[90m# ContentRepositorySteps.clickLinkInParentColumn(String,String)?[0m
    ?[32mThen ?[0m?[32mI see a "?[0m?[32m?[1mForce Grade?[0m?[32m" button in the "?[0m?[32m?[1mLesson with groups?[0m?[32m" column?[0m                                         ?[90m# ContentRepositorySteps.assertButtonVisible(String,String)?[0m
    ?[32mWhen ?[0m?[32mI click the "?[0m?[32m?[1mForce Grade?[0m?[32m" button in the "?[0m?[32m?[1mLesson with groups?[0m?[32m" column?[0m                                     ?[90m# ContentRepositorySteps.clickColumnButton(String,String)?[0m
    ?[32mThen ?[0m?[32mI see the "?[0m?[32m?[1mForce Grade?[0m?[32m" dialog open?[0m                                                                     ?[90m# ContentRepositorySteps.assertDialogOpen(String)?[0m
    ?[32mWhen ?[0m?[32mI click the "?[0m?[32m?[1mForce Grade?[0m?[32m" dialog button?[0m                                                                 ?[90m# ContentRepositorySteps.clickDialogButton(String)?[0m
    ?[32mThen ?[0m?[32mI am on the Content Repository page with the "?[0m?[32m?[1mLesson with groups?[0m?[32m" column open?[0m                           ?[90m# ContentRepositorySteps.assertContentRepository(String)?[0m
    ?[32mWhen ?[0m?[32mI navigate to the System Homepage?[0m                                                                       ?[90m# SystemHomepageSteps.navigateToSystemHomepage()?[0m
    ?[32mAnd ?[0m?[32mI am on "Class Homepage" page of "?[0m?[32m?[1mDemonstration Class?[0m?[32m" class?[0m                                             ?[90m# ClassHomepageSteps.navigateToClassHomepage(String)?[0m
    ?[32mThen ?[0m?[32mI see a score of "?[0m?[32m?[1m0.0 / 2.0?[0m?[32m" for the "?[0m?[32m?[1mLesson with groups?[0m?[32m" lesson in "?[0m?[32m?[1mStudent Readiness?[0m?[32m" unit?[0m            ?[90m# ClassHomepageSteps.assertScoreIsVisible(String,String,String)?[0m
    ?[32mThen ?[0m?[32mI navigate to the "?[0m?[32m?[1mClass Grades?[0m?[32m" in "?[0m?[32m?[1mGradebook?[0m?[32m" of current class?[0m                                        ?[90m# ClassHomepageSteps.navigateInClass(String,String)?[0m
    ?[32mWhen ?[0m?[32mI am on the Class Grades page?[0m                                                                           ?[90m# GradebookClassGradesSteps.waitForClassGradesPage()?[0m
    ?[32mThen ?[0m?[32mI select "?[0m?[32m?[1mLesson with groups - Lesson?[0m?[32m" in "Assignments" selection list?[0m                                  ?[90m# GradebookClassGradesSteps.selectAssignment(String)?[0m
    ?[32mAnd ?[0m?[32mI select "?[0m?[32m?[1mOther users with grades?[0m?[32m" in "List" selection list?[0m                                              ?[90m# GradebookClassGradesSteps.selectUser(String)?[0m
    ?[32mAnd ?[0m?[32mI put "?[0m?[32m?[1mqa?[0m?[32m" in the "User" input box?[0m                                                                       ?[90m# GradebookClassGradesSteps.inputUserLogin(String)?[0m
    ?[32mThen ?[0m?[32mI click the Search button?[0m                                                                               ?[90m# GradebookClassGradesSteps.clickSearch()?[0m
    ?[32mWhen ?[0m?[32mI click the grade for the selected assignment?[0m                                                           ?[90m# GradebookClassGradesSteps.clickGrade()?[0m
    ?[32mThen ?[0m?[32mI see the test record details of "?[0m?[32m?[1mLesson with groups?[0m?[32m" for user "?[0m?[32m?[1mqa?[0m?[32m"?[0m                                     ?[90m# GradebookDetailsSteps.assertAssignmentTitleAndLoginVisible(String,String)?[0m
    ?[32mAnd ?[0m?[32mI see my total score "?[0m?[32m?[1m0/2.0?[0m?[32m"?[0m                                                                             ?[90m# GradebookDetailsSteps.assertTotalScore(String)?[0m
    ?[32mAnd ?[0m?[32mI see the question grade of "?[0m?[32m?[1mQ1?[0m?[32m" is "?[0m?[32m?[1m0/1.0?[0m?[32m"?[0m                                                              ?[90m# GradebookDetailsSteps.assertQuestionGrade(String,String)?[0m
    ?[32mAnd ?[0m?[32mI see the question grade of "?[0m?[32m?[1mQ2?[0m?[32m" is "?[0m?[32m?[1m0/1.0?[0m?[32m"?[0m                                                              ?[90m# GradebookDetailsSteps.assertQuestionGrade(String,String)?[0m
@Login
Feature: Logging into Mobius

  @Positive @Role
  Scenario Outline: Login to Mobius with users that have different roles ?[90m# Login.feature:5?[0m
    ?[36mGiven ?[0m?[36mI am logged in as the default administrator?[0m
    ?[36mAnd ?[0m?[36mThere exists a user called <username>?[0m
    ?[36mAnd ?[0m?[36mI go to the system login page?[0m
    ?[36mWhen ?[0m?[36mI enter valid credentials for user <username>?[0m
    ?[36mThen ?[0m?[36mI see the System Homepage?[0m
    ?[36mAnd ?[0m?[36mI am logged in the role of <role>?[0m

    Examples: 

  @Login @Positive @Role
  Scenario Outline: Login to Mobius with users that have different roles ?[90m# Login.feature:18?[0m
    ?[32mGiven ?[0m?[32mI am logged in as the default administrator?[0m                    ?[90m# LoginSteps.logInAsAdministrator()?[0m
    ?[32mAnd ?[0m?[32mThere exists a user called ?[0m?[32m?[1mviolet?[0m                                ?[90m# SearchUserSteps.searchAndCreateUser(String)?[0m
    ?[32mAnd ?[0m?[32mI go to the system login page?[0m                                    ?[90m# LoginSteps.goToSystemLoginPage()?[0m
    ?[32mWhen ?[0m?[32mI enter valid credentials for user ?[0m?[32m?[1mviolet?[0m                       ?[90m# LoginSteps.enterValidCredentials(String)?[0m
    ?[32mThen ?[0m?[32mI see the System Homepage?[0m                                       ?[90m# LoginSteps.assertSystemHomepageIsOpened()?[0m
    ?[32mAnd ?[0m?[32mI am logged in the role of ?[0m?[32m?[1mStudent?[0m                               ?[90m# LoginSteps.assertUserIsLoggedIn(String)?[0m

  @Negative @ErrorMessage
  Scenario Outline: Failing to log into Mobius using invalid credentials ?[90m# Login.feature:21?[0m
    ?[36mGiven ?[0m?[36mI am logged in as the default administrator?[0m
    ?[36mAnd ?[0m?[36mThere exists a user called patty?[0m
    ?[36mWhen ?[0m?[36mI log in as the user <username> and password <password>?[0m
    ?[36mThen ?[0m?[36mI see an error message <errorMessage> on the login page?[0m

    Examples: 

  @Login @Negative @ErrorMessage
  Scenario Outline: Failing to log into Mobius using invalid credentials                                  ?[90m# Login.feature:30?[0m
    ?[32mGiven ?[0m?[32mI am logged in as the default administrator?[0m                                                     ?[90m# LoginSteps.logInAsAdministrator()?[0m
    ?[32mAnd ?[0m?[32mThere exists a user called ?[0m?[32m?[1mpatty?[0m                                                                  ?[90m# SearchUserSteps.searchAndCreateUser(String)?[0m
    ?[32mWhen ?[0m?[32mI log in as the user ?[0m?[32m?[1mpatty?[0m?[32m and password ?[0m?[32m?[1mWRONG_PASS?[0m                                               ?[90m# LoginSteps.logInAsUserWithCredentials(String,String)?[0m
    ?[32mThen ?[0m?[32mI see an error message ?[0m?[32m?[1mLogin unsuccessful: Invalid user login and/or password.?[0m?[32m on the login page?[0m ?[90m# LoginSteps.assertLoginError(String)?[0m

  @Negative @ErrorMessage
  Scenario Outline: Failing to log into Mobius using missing credentials ?[90m# Login.feature:33?[0m
    ?[36mGiven ?[0m?[36mI go to the system login page?[0m
    ?[36mWhen ?[0m?[36mI log in as the user <username> and password <password>?[0m
    ?[36mThen ?[0m?[36mI see an error message <errorMessage> on the login page?[0m

    Examples: 

  @Login @Negative @ErrorMessage
  Scenario Outline: Failing to log into Mobius using missing credentials ?[90m# Login.feature:43?[0m
    ?[32mGiven ?[0m?[32mI go to the system login page?[0m                                  ?[90m# LoginSteps.goToSystemLoginPage()?[0m
    ?[32mWhen ?[0m?[32mI log in as the user ?[0m?[32m?[1m?[0m?[32m and password ?[0m?[32m?[1m?[0m                             ?[90m# LoginSteps.logInAsUserWithCredentials(String,String)?[0m
    ?[32mThen ?[0m?[32mI see an error message ?[0m?[32m?[1mPassword is required.?[0m?[32m on the login page?[0m  ?[90m# LoginSteps.assertLoginError(String)?[0m
Feature: Manage the Lesson Editor

  Background:                                                                                  ?[90m# ManageLesson.feature:3?[0m
    # Should be logged in as qa/qatest
    ?[32mGiven ?[0m?[32mI am logged in as the default administrator?[0m                                          ?[90m# LoginSteps.logInAsAdministrator()?[0m
    ?[32mAnd ?[0m?[32mI am on the Content Repository page of ?[0m?[32m?[1mDemonstration Class?[0m                             ?[90m# ContentRepositorySteps.navigateToContentRepositoryOfClass(String)?[0m
    ?[32mAnd ?[0m?[32mI choose creating new lesson in "?[0m?[32m?[1mStudent Readiness?[0m?[32m" unit from the main dropdown button?[0m ?[90m# ContentRepositorySteps.chooseCreatingNewLessonFromMainDropdownButton(String)?[0m
    ?[32mAnd ?[0m?[32mLesson Editor is opened?[0m                                                                ?[90m# LessonEditorSteps.assertLessonEditorPageIsOpened()?[0m

  Background:                                                                                  ?[90m# ManageLesson.feature:3?[0m
    # Should be logged in as qa/qatest
    ?[32mGiven ?[0m?[32mI am logged in as the default administrator?[0m                                          ?[90m# LoginSteps.logInAsAdministrator()?[0m
    ?[32mAnd ?[0m?[32mI am on the Content Repository page of ?[0m?[32m?[1mDemonstration Class?[0m                             ?[90m# ContentRepositorySteps.navigateToContentRepositoryOfClass(String)?[0m
    ?[32mAnd ?[0m?[32mI choose creating new lesson in "?[0m?[32m?[1mStudent Readiness?[0m?[32m" unit from the main dropdown button?[0m ?[90m# ContentRepositorySteps.chooseCreatingNewLessonFromMainDropdownButton(String)?[0m
    ?[32mAnd ?[0m?[32mLesson Editor is opened?[0m                                                                ?[90m# LessonEditorSteps.assertLessonEditorPageIsOpened()?[0m

  Background:                                                                                  ?[90m# ManageLesson.feature:3?[0m
    # Should be logged in as qa/qatest
    ?[32mGiven ?[0m?[32mI am logged in as the default administrator?[0m                                          ?[90m# LoginSteps.logInAsAdministrator()?[0m
    ?[32mAnd ?[0m?[32mI am on the Content Repository page of ?[0m?[32m?[1mDemonstration Class?[0m                             ?[90m# ContentRepositorySteps.navigateToContentRepositoryOfClass(String)?[0m
    ?[32mAnd ?[0m?[32mI choose creating new lesson in "?[0m?[32m?[1mStudent Readiness?[0m?[32m" unit from the main dropdown button?[0m ?[90m# ContentRepositorySteps.chooseCreatingNewLessonFromMainDropdownButton(String)?[0m
    ?[32mAnd ?[0m?[32mLesson Editor is opened?[0m                                                                ?[90m# LessonEditorSteps.assertLessonEditorPageIsOpened()?[0m

  Background:                                                                                  ?[90m# ManageLesson.feature:3?[0m
    # Should be logged in as qa/qatest
    ?[32mGiven ?[0m?[32mI am logged in as the default administrator?[0m                                          ?[90m# LoginSteps.logInAsAdministrator()?[0m
    ?[32mAnd ?[0m?[32mI am on the Content Repository page of ?[0m?[32m?[1mDemonstration Class?[0m                             ?[90m# ContentRepositorySteps.navigateToContentRepositoryOfClass(String)?[0m
    ?[32mAnd ?[0m?[32mI choose creating new lesson in "?[0m?[32m?[1mStudent Readiness?[0m?[32m" unit from the main dropdown button?[0m ?[90m# ContentRepositorySteps.chooseCreatingNewLessonFromMainDropdownButton(String)?[0m
    ?[32mAnd ?[0m?[32mLesson Editor is opened?[0m                                                                ?[90m# LessonEditorSteps.assertLessonEditorPageIsOpened()?[0m

  Background:                                                                                  ?[90m# ManageLesson.feature:3?[0m
    # Should be logged in as qa/qatest
    ?[32mGiven ?[0m?[32mI am logged in as the default administrator?[0m                                          ?[90m# LoginSteps.logInAsAdministrator()?[0m
    ?[32mAnd ?[0m?[32mI am on the Content Repository page of ?[0m?[32m?[1mDemonstration Class?[0m                             ?[90m# ContentRepositorySteps.navigateToContentRepositoryOfClass(String)?[0m
    ?[32mAnd ?[0m?[32mI choose creating new lesson in "?[0m?[32m?[1mStudent Readiness?[0m?[32m" unit from the main dropdown button?[0m ?[90m# ContentRepositorySteps.chooseCreatingNewLessonFromMainDropdownButton(String)?[0m
    ?[32mAnd ?[0m?[32mLesson Editor is opened?[0m                                                                ?[90m# LessonEditorSteps.assertLessonEditorPageIsOpened()?[0m

  Background:                                                                                  ?[90m# ManageLesson.feature:3?[0m
    # Should be logged in as qa/qatest
    ?[32mGiven ?[0m?[32mI am logged in as the default administrator?[0m                                          ?[90m# LoginSteps.logInAsAdministrator()?[0m
    ?[32mAnd ?[0m?[32mI am on the Content Repository page of ?[0m?[32m?[1mDemonstration Class?[0m                             ?[90m# ContentRepositorySteps.navigateToContentRepositoryOfClass(String)?[0m
    ?[32mAnd ?[0m?[32mI choose creating new lesson in "?[0m?[32m?[1mStudent Readiness?[0m?[32m" unit from the main dropdown button?[0m ?[90m# ContentRepositorySteps.chooseCreatingNewLessonFromMainDropdownButton(String)?[0m
    ?[32mAnd ?[0m?[32mLesson Editor is opened?[0m                                                                ?[90m# LessonEditorSteps.assertLessonEditorPageIsOpened()?[0m

  Background:                                                                                  ?[90m# ManageLesson.feature:3?[0m
    # Should be logged in as qa/qatest
    ?[32mGiven ?[0m?[32mI am logged in as the default administrator?[0m                                          ?[90m# LoginSteps.logInAsAdministrator()?[0m
    ?[32mAnd ?[0m?[32mI am on the Content Repository page of ?[0m?[32m?[1mDemonstration Class?[0m                             ?[90m# ContentRepositorySteps.navigateToContentRepositoryOfClass(String)?[0m
    ?[32mAnd ?[0m?[32mI choose creating new lesson in "?[0m?[32m?[1mStudent Readiness?[0m?[32m" unit from the main dropdown button?[0m ?[90m# ContentRepositorySteps.chooseCreatingNewLessonFromMainDropdownButton(String)?[0m
    ?[32mAnd ?[0m?[32mLesson Editor is opened?[0m                                                                ?[90m# LessonEditorSteps.assertLessonEditorPageIsOpened()?[0m

  Background:                                                                                  ?[90m# ManageLesson.feature:3?[0m
    # Should be logged in as qa/qatest
    ?[32mGiven ?[0m?[32mI am logged in as the default administrator?[0m                                          ?[90m# LoginSteps.logInAsAdministrator()?[0m
    ?[32mAnd ?[0m?[32mI am on the Content Repository page of ?[0m?[32m?[1mDemonstration Class?[0m                             ?[90m# ContentRepositorySteps.navigateToContentRepositoryOfClass(String)?[0m
    ?[32mAnd ?[0m?[32mI choose creating new lesson in "?[0m?[32m?[1mStudent Readiness?[0m?[32m" unit from the main dropdown button?[0m ?[90m# ContentRepositorySteps.chooseCreatingNewLessonFromMainDropdownButton(String)?[0m
    ?[32mAnd ?[0m?[32mLesson Editor is opened?[0m                                                                ?[90m# LessonEditorSteps.assertLessonEditorPageIsOpened()?[0m

  Scenario: Verify lessons can be navigated by changing the URL                       ?[90m# ManageLesson.feature:121?[0m
    ?[32mWhen ?[0m?[32menter Lesson name "?[0m?[32m?[1mLesson url navigation?[0m?[32m"?[0m                                    ?[90m# AssignmentEditorDetailsSteps.enterAssignmentName(String)?[0m
    ?[32mAnd ?[0m?[32mI add new section "?[0m?[32m?[1mSection 1?[0m?[32m"?[0m                                                 ?[90m# LessonEditorSteps.addNewSection(String)?[0m
    ?[32mThen ?[0m?[32ma new section "?[0m?[32m?[1mSection 1?[0m?[32m" appears in the navigation?[0m                          ?[90m# LessonEditorSteps.assertNewSectionVisible(String)?[0m
    ?[32mWhen ?[0m?[32mI add new page "?[0m?[32m?[1mPage 1?[0m?[32m" from the section drop down?[0m                           ?[90m# LessonEditorSteps.addNewPageFromSectionDropDown(String)?[0m
    ?[32mThen ?[0m?[32ma new page "?[0m?[32m?[1mPage 1?[0m?[32m" appears in the navigation?[0m                                ?[90m# LessonEditorSteps.assertNewPageVisible(String)?[0m
    ?[32mAnd ?[0m?[32mI click the new question button on the lesson design page?[0m                     ?[90m# LessonEditorSteps.clickNewQuestionButton()?[0m
    ?[32mAnd ?[0m?[32mI create question "?[0m?[32m?[1mFormula Question 1?[0m?[32m" with label "?[0m?[32m?[1mFormula Question Label?[0m?[32m"?[0m    ?[90m# AssignmentEditorQuestionSteps.createQuestion(String,String)?[0m
    ?[32mAnd ?[0m?[32mI create a Mathematical Formula response area in the lesson question editor?[0m   ?[90m# AssignmentEditorQuestionSteps.createFormulaQuestionInQuestionEditor()?[0m
    ?[32mAnd ?[0m?[32mI save & close the new question in the assignment editor?[0m                      ?[90m# AssignmentEditorQuestionSteps.saveAndCloseNewQuestion()?[0m
    ?[32mWhen ?[0m?[32mI add new page "?[0m?[32m?[1mPage 2?[0m?[32m" from the section drop down?[0m                           ?[90m# LessonEditorSteps.addNewPageFromSectionDropDown(String)?[0m
    ?[32mThen ?[0m?[32ma new page "?[0m?[32m?[1mPage 2?[0m?[32m" appears in the navigation?[0m                                ?[90m# LessonEditorSteps.assertNewPageVisible(String)?[0m
    ?[32mWhen ?[0m?[32mI click the new question button on the lesson design page?[0m                    ?[90m# LessonEditorSteps.clickNewQuestionButton()?[0m
    ?[32mAnd ?[0m?[32mI create question "?[0m?[32m?[1mFormula Question 2?[0m?[32m" with label "?[0m?[32m?[1mFormula Question Label?[0m?[32m"?[0m    ?[90m# AssignmentEditorQuestionSteps.createQuestion(String,String)?[0m
    ?[32mAnd ?[0m?[32mI create a Mathematical Formula response area in the lesson question editor?[0m   ?[90m# AssignmentEditorQuestionSteps.createFormulaQuestionInQuestionEditor()?[0m
    ?[32mAnd ?[0m?[32mI save & close the new question in the assignment editor?[0m                      ?[90m# AssignmentEditorQuestionSteps.saveAndCloseNewQuestion()?[0m
    ?[32mWhen ?[0m?[32mI add new page "?[0m?[32m?[1mPage 3?[0m?[32m" from the section drop down?[0m                           ?[90m# LessonEditorSteps.addNewPageFromSectionDropDown(String)?[0m
    ?[32mThen ?[0m?[32ma new page "?[0m?[32m?[1mPage 3?[0m?[32m" appears in the navigation?[0m                                ?[90m# LessonEditorSteps.assertNewPageVisible(String)?[0m
    ?[32mWhen ?[0m?[32mI click the new question button on the lesson design page?[0m                    ?[90m# LessonEditorSteps.clickNewQuestionButton()?[0m
    ?[32mAnd ?[0m?[32mI create question "?[0m?[32m?[1mFormula Question 3?[0m?[32m" with label "?[0m?[32m?[1mFormula Question Label?[0m?[32m"?[0m    ?[90m# AssignmentEditorQuestionSteps.createQuestion(String,String)?[0m
    ?[32mAnd ?[0m?[32mI create a Mathematical Formula response area in the lesson question editor?[0m   ?[90m# AssignmentEditorQuestionSteps.createFormulaQuestionInQuestionEditor()?[0m
    ?[32mAnd ?[0m?[32mI save & close the new question in the assignment editor?[0m                      ?[90m# AssignmentEditorQuestionSteps.saveAndCloseNewQuestion()?[0m
    ?[32mWhen ?[0m?[32mI save & close the lesson on the design page?[0m                                 ?[90m# LessonEditorSteps.saveAndCloseLesson()?[0m
    ?[32mThen ?[0m?[32mI see summary of the lesson with warning text "?[0m?[32m?[1mWARNING: Empty section?[0m?[32m"?[0m       ?[90m# AssignmentEditorDetailsSteps.assertNoQuestionsInAssignmentWarningMessageIsDisplayed(String)?[0m
    ?[32mWhen ?[0m?[32mI save it anyway?[0m                                                             ?[90m# AssignmentEditorDetailsSteps.saveAssignmentAnyway()?[0m
    ?[32mThen ?[0m?[32mthe new lesson "?[0m?[32m?[1mLesson url navigation?[0m?[32m" is visible in its own expanded column?[0m ?[90m# ContentRepositorySteps.assertNamedAssignmentColumnIsExpanded(String)?[0m
    ?[32mWhen ?[0m?[32mI navigate to the System Homepage?[0m                                            ?[90m# SystemHomepageSteps.navigateToSystemHomepage()?[0m
    ?[32mAnd ?[0m?[32mI am on "Class Homepage" page of "?[0m?[32m?[1mDemonstration Class?[0m?[32m" class?[0m                  ?[90m# ClassHomepageSteps.navigateToClassHomepage(String)?[0m
    ?[32mAnd ?[0m?[32mI click on the "?[0m?[32m?[1mLesson url navigation?[0m?[32m" module in the "?[0m?[32m?[1mStudent Readiness?[0m?[32m" unit?[0m ?[90m# ClassHomepageSteps.clickOnModuleLink(String,String)?[0m
    ?[32mThen ?[0m?[32mthe module "?[0m?[32m?[1mLesson url navigation?[0m?[32m" is opened without launch page?[0m             ?[90m# ClassHomepageSteps.switchToModulePage(String)?[0m
    ?[32mWhen ?[0m?[32mI change the url to view page "?[0m?[32m?[1mPage 3?[0m?[32m"?[0m                                       ?[90m# LessonSteps.accessPageViaUrl(String)?[0m
    ?[32mThen ?[0m?[32mI am on page "?[0m?[32m?[1mPage 3?[0m?[32m"?[0m                                                        ?[90m# LessonSteps.assertCurrentPage(String)?[0m
    ?[32mWhen ?[0m?[32mI change the url to view page "?[0m?[32m?[1mPage?[0m?[32m"?[0m                                         ?[90m# LessonSteps.accessPageViaUrl(String)?[0m
    ?[32mThen ?[0m?[32mI am on page "?[0m?[32m?[1mPage?[0m?[32m"?[0m                                                          ?[90m# LessonSteps.assertCurrentPage(String)?[0m
    ?[32mWhen ?[0m?[32mI change the url to view page "?[0m?[32m?[1mPage 2?[0m?[32m"?[0m                                       ?[90m# LessonSteps.accessPageViaUrl(String)?[0m
    ?[32mThen ?[0m?[32mI am on page "?[0m?[32m?[1mPage 2?[0m?[32m"?[0m                                                        ?[90m# LessonSteps.assertCurrentPage(String)?[0m
Feature: Manage Questions in Assignment editor

  Background:                                         ?[90m# ManageQuestionsInAssignment.feature:3?[0m
    # Should be logged in as qa/qatest
    ?[32mGiven ?[0m?[32mI am logged in as the default administrator?[0m ?[90m# LoginSteps.logInAsAdministrator()?[0m

  Background:                                         ?[90m# ManageQuestionsInAssignment.feature:3?[0m
    # Should be logged in as qa/qatest
    ?[32mGiven ?[0m?[32mI am logged in as the default administrator?[0m ?[90m# LoginSteps.logInAsAdministrator()?[0m

  Background:                                         ?[90m# ManageQuestionsInAssignment.feature:3?[0m
    # Should be logged in as qa/qatest
    ?[32mGiven ?[0m?[32mI am logged in as the default administrator?[0m ?[90m# LoginSteps.logInAsAdministrator()?[0m

  @Question @Assignment @AssignmentEditor
  Scenario: Edit Question when creating new assignment                                              ?[90m# ManageQuestionsInAssignment.feature:42?[0m
    ?[32mGiven ?[0m?[32mI am on the Content Repository page of ?[0m?[32m?[1mDemonstration Class?[0m                                ?[90m# ContentRepositorySteps.navigateToContentRepositoryOfClass(String)?[0m
    ?[32mWhen ?[0m?[32mI choose creating new assignment in "?[0m?[32m?[1mStudent Readiness?[0m?[32m" unit from the main dropdown button?[0m ?[90m# ContentRepositorySteps.chooseCreatingNewAssignmentFromMainDropdownButton(String)?[0m
    ?[32mThen ?[0m?[32mAssignment Editor is opened?[0m                                                                ?[90m# AssignmentEditorDetailsSteps.assertAssignmentEditorPageIsOpened()?[0m
    ?[32mWhen ?[0m?[32mI enter valid information for the assignment "?[0m?[32m?[1mSoftware?[0m?[32m"?[0m                                    ?[90m# AssignmentEditorDetailsSteps.enterAssignmentNameAndDescription(String)?[0m
    ?[32mAnd ?[0m?[32mI click on the questions tab?[0m                                                                ?[90m# AssignmentEditorDetailsSteps.clickQuestionsTab()?[0m
    ?[32mAnd ?[0m?[32mI click the new question button?[0m                                                             ?[90m# AssignmentEditorQuestionSteps.createQuestion()?[0m
    ?[32mAnd ?[0m?[32mI create question "?[0m?[32m?[1mLight Speed?[0m?[32m" with label "?[0m?[32m?[1mLight Speed Label?[0m?[32m"?[0m                              ?[90m# AssignmentEditorQuestionSteps.createQuestion(String,String)?[0m
    ?[32mAnd ?[0m?[32mI save & close the new question in the assignment editor?[0m                                    ?[90m# AssignmentEditorQuestionSteps.saveAndCloseNewQuestion()?[0m
    ?[32mThen ?[0m?[32mI edit the question to have name "?[0m?[32m?[1mJava Object 2?[0m?[32m" with label "?[0m?[32m?[1mJava Object Label 2?[0m?[32m"?[0m          ?[90m# AssignmentEditorQuestionSteps.editQuestionInAssignmentEditor(String,String)?[0m
    ?[32mAnd ?[0m?[32mI save & close the edited question in the assignment editor?[0m                                 ?[90m# AssignmentEditorQuestionSteps.saveAndCloseEditQuestion()?[0m
    ?[32mThen ?[0m?[32mverify the question caption text is "?[0m?[32m?[1mJava Object Label 2?[0m?[32m"?[0m                                  ?[90m# AssignmentEditorQuestionSteps.assertSavedQuestionName(String)?[0m
    ?[32mWhen ?[0m?[32mI save & close the assignment on the questions page?[0m                                        ?[90m# AssignmentEditorQuestionSteps.saveAndCloseAssignment()?[0m
    ?[32mThen ?[0m?[32mI see summary of the assignment?[0m                                                            ?[90m# AssignmentEditorDetailsSteps.assertAssignmentSummaryShown()?[0m
    ?[32mAnd ?[0m?[32mI save and close the assignment summary details?[0m                                             ?[90m# AssignmentEditorDetailsSteps.saveAndCloseAssignmentSummary()?[0m
Feature: Test equation editor dialog
  We want to use the equation editor dialog to insert math

  Background:                                                      ?[90m# MathEditorDialog.feature:4?[0m
    # Should be logged in as qa/qatest
    ?[32mGiven ?[0m?[32mI am logged in as the default administrator?[0m              ?[90m# LoginSteps.logInAsAdministrator()?[0m
    ?[32mAnd ?[0m?[32mI am on the Content Repository page of ?[0m?[32m?[1mDemonstration Class?[0m ?[90m# ContentRepositorySteps.navigateToContentRepositoryOfClass(String)?[0m

  Background:                                                      ?[90m# MathEditorDialog.feature:4?[0m
    # Should be logged in as qa/qatest
    ?[32mGiven ?[0m?[32mI am logged in as the default administrator?[0m              ?[90m# LoginSteps.logInAsAdministrator()?[0m
    ?[32mAnd ?[0m?[32mI am on the Content Repository page of ?[0m?[32m?[1mDemonstration Class?[0m ?[90m# ContentRepositorySteps.navigateToContentRepositoryOfClass(String)?[0m

  Background:                                                      ?[90m# MathEditorDialog.feature:4?[0m
    # Should be logged in as qa/qatest
    ?[32mGiven ?[0m?[32mI am logged in as the default administrator?[0m              ?[90m# LoginSteps.logInAsAdministrator()?[0m
    ?[32mAnd ?[0m?[32mI am on the Content Repository page of ?[0m?[32m?[1mDemonstration Class?[0m ?[90m# ContentRepositorySteps.navigateToContentRepositoryOfClass(String)?[0m

  Background:                                                      ?[90m# MathEditorDialog.feature:4?[0m
    # Should be logged in as qa/qatest
    ?[32mGiven ?[0m?[32mI am logged in as the default administrator?[0m              ?[90m# LoginSteps.logInAsAdministrator()?[0m
    ?[32mAnd ?[0m?[32mI am on the Content Repository page of ?[0m?[32m?[1mDemonstration Class?[0m ?[90m# ContentRepositorySteps.navigateToContentRepositoryOfClass(String)?[0m

  Background:                                                      ?[90m# MathEditorDialog.feature:4?[0m
    # Should be logged in as qa/qatest
    ?[32mGiven ?[0m?[32mI am logged in as the default administrator?[0m              ?[90m# LoginSteps.logInAsAdministrator()?[0m
    ?[32mAnd ?[0m?[32mI am on the Content Repository page of ?[0m?[32m?[1mDemonstration Class?[0m ?[90m# ContentRepositorySteps.navigateToContentRepositoryOfClass(String)?[0m

  Background:                                                      ?[90m# MathEditorDialog.feature:4?[0m
    # Should be logged in as qa/qatest
    ?[32mGiven ?[0m?[32mI am logged in as the default administrator?[0m              ?[90m# LoginSteps.logInAsAdministrator()?[0m
    ?[32mAnd ?[0m?[32mI am on the Content Repository page of ?[0m?[32m?[1mDemonstration Class?[0m ?[90m# ContentRepositorySteps.navigateToContentRepositoryOfClass(String)?[0m

  Background:                                                      ?[90m# MathEditorDialog.feature:4?[0m
    # Should be logged in as qa/qatest
    ?[32mGiven ?[0m?[32mI am logged in as the default administrator?[0m              ?[90m# LoginSteps.logInAsAdministrator()?[0m
    ?[32mAnd ?[0m?[32mI am on the Content Repository page of ?[0m?[32m?[1mDemonstration Class?[0m ?[90m# ContentRepositorySteps.navigateToContentRepositoryOfClass(String)?[0m

  Scenario: Create a new assignment and check equation editors of assignment editor details page and open correctly ?[90m# MathEditorDialog.feature:80?[0m
    ?[32mWhen ?[0m?[32mI choose creating new assignment in "?[0m?[32m?[1mStudent Readiness?[0m?[32m" unit from the main dropdown button?[0m                 ?[90m# ContentRepositorySteps.chooseCreatingNewAssignmentFromMainDropdownButton(String)?[0m
    ?[32mThen ?[0m?[32mAssignment Editor is opened?[0m                                                                                ?[90m# AssignmentEditorDetailsSteps.assertAssignmentEditorPageIsOpened()?[0m
    ?[32mWhen ?[0m?[32mI click "?[0m?[32m?[1mText to show at the head of each page?[0m?[32m" section?[0m                                                    ?[90m# AssignmentEditorDetailsSteps.clickTextToShowSection(String)?[0m
    ?[32mAnd ?[0m?[32mI assert that the Header CKEditor is visible?[0m                                                                ?[90m# AssignmentEditorDetailsSteps.assertHeaderCKEditorVisible()?[0m
    ?[32mAnd ?[0m?[32mI click the Equation Editor button of the Header CKEditor?[0m                                                   ?[90m# AssignmentEditorDetailsSteps.clickEquationEditorButtonOfHeaderCKEditor()?[0m
    ?[32mAnd ?[0m?[32mI assert that the Math Editor dialog is visible?[0m                                                             ?[90m# MathEditorDialogSteps.assertMathEditorDialogVisible()?[0m
    ?[32mAnd ?[0m?[32mI click Cancel in the Math Editor dialog?[0m                                                                    ?[90m# MathEditorDialogSteps.cancelDialog()?[0m
    ?[32mWhen ?[0m?[32mI click "?[0m?[32m?[1mText to show on the results page?[0m?[32m" section?[0m                                                         ?[90m# AssignmentEditorDetailsSteps.clickTextToShowSection(String)?[0m
    ?[32mAnd ?[0m?[32mI assert that the Results CKEditor is visible?[0m                                                               ?[90m# AssignmentEditorDetailsSteps.assertResultsCKEditorVisible()?[0m
    ?[32mAnd ?[0m?[32mI click the Equation Editor button of the Results CKEditor?[0m                                                  ?[90m# AssignmentEditorDetailsSteps.clickEquationEditorButtonOfResultsCKEditor()?[0m
    ?[32mAnd ?[0m?[32mI assert that the Math Editor dialog is visible?[0m                                                             ?[90m# MathEditorDialogSteps.assertMathEditorDialogVisible()?[0m
    ?[32mAnd ?[0m?[32mI click Cancel in the Math Editor dialog?[0m                                                                    ?[90m# MathEditorDialogSteps.cancelDialog()?[0m
Feature: Send email to reset password

  Scenario Outline: User enters an invalid email address       ?[90m# PasswordReset.feature:13?[0m
    ?[36mWhen ?[0m?[36mI enter the invalid email address <emailAddress>?[0m
    ?[36mThen ?[0m?[36mI see the password reset error message <errorMessage>?[0m

    Examples: 

  Background:                                   ?[90m# PasswordReset.feature:3?[0m
    ?[32mGiven ?[0m?[32mI navigate to the Maple TA login page?[0m ?[90m# LoginSteps.navigateToLoginPage()?[0m
    ?[32mAnd ?[0m?[32mI click the forgot your password link?[0m   ?[90m# PasswordResetSteps.navigateToPasswordResetPage()?[0m
    ?[32mThen ?[0m?[32mI am on the password reset page?[0m        ?[90m# PasswordResetSteps.isOnPasswordResetPage()?[0m

  Background:                                   ?[90m# PasswordReset.feature:3?[0m
    ?[32mGiven ?[0m?[32mI navigate to the Maple TA login page?[0m ?[90m# LoginSteps.navigateToLoginPage()?[0m
    ?[32mAnd ?[0m?[32mI click the forgot your password link?[0m   ?[90m# PasswordResetSteps.navigateToPasswordResetPage()?[0m
    ?[32mThen ?[0m?[32mI am on the password reset page?[0m        ?[90m# PasswordResetSteps.isOnPasswordResetPage()?[0m

  Scenario Outline: User enters an invalid email address                           ?[90m# PasswordReset.feature:20?[0m
    ?[32mWhen ?[0m?[32mI enter the invalid email address ?[0m?[32m?[1mINVALID_EMAIL?[0m                           ?[90m# PasswordResetSteps.enterInvalidEmailAddress(String)?[0m
    ?[32mThen ?[0m?[32mI see the password reset error message ?[0m?[32m?[1mValue is an invalid email address.?[0m ?[90m# PasswordResetSteps.assertEmailIsInvalid(String)?[0m
Feature: Test administrator adding purchase code for student.

  Background:                                         ?[90m# PurchaseCodes.feature:3?[0m
    ?[32mGiven ?[0m?[32mI am logged in as the default administrator?[0m ?[90m# LoginSteps.logInAsAdministrator()?[0m

  Scenario: Create a student, administrator adds purchase code for student, check student has purchase code. ?[90m# PurchaseCodes.feature:6?[0m
    # Create a student who will have purchase code registered for them.
    ?[32mWhen ?[0m?[32mI open the Create User page?[0m                                                                         ?[90m# AddUserSteps.navigateToAddUserPage()?[0m
    ?[32mAnd ?[0m?[32mI enter the valid information for the user ?[0m?[32m?[1mpeach?[0m                                                     ?[90m# AddUserSteps.enterValidUserDetails(String)?[0m
    ?[32mThen ?[0m?[32mthe user ?[0m?[32m?[1mpeach?[0m?[32m is created?[0m                                                                           ?[90m# AddUserSteps.assertUserIsAdded(String)?[0m
    # Administrator adds purchase code for student.
    ?[32mWhen ?[0m?[32mI navigate to the System Homepage?[0m                                                                   ?[90m# SystemHomepageSteps.navigateToSystemHomepage()?[0m
    ?[32mAnd ?[0m?[32mI open the Search User page?[0m                                                                          ?[90m# SearchUserSteps.navigateToSearchUserPage()?[0m
    ?[32mAnd ?[0m?[32mI search for user ?[0m?[32m?[1mpeach?[0m                                                                              ?[90m# SearchUserSteps.searchForUser(String)?[0m
    ?[32mAnd ?[0m?[32mI find and click on ?[0m?[32m?[1mpeach?[0m?[32m's user details link on Search User page?[0m                                    ?[90m# SearchUserSteps.findAndClickUserLink(String)?[0m
    ?[32mAnd ?[0m?[32mI enter purchase code ?[0m?[32m?[1m1234567890123456?[0m?[32m into the textbox?[0m                                              ?[90m# UserDetailsSteps.enterPurchaseCode(String)?[0m
    ?[32mAnd ?[0m?[32mI click the purchase code button?[0m                                                                     ?[90m# UserDetailsSteps.clickPurchaseCodeButton()?[0m
    ?[32mAnd ?[0m?[32mI close the purchase code dialog box?[0m                                                                 ?[90m# UserDetailsSteps.closeDialogBox()?[0m
    ?[32mThen ?[0m?[32mthe purchase code ?[0m?[32m?[1m1234567890123456?[0m?[32m is registered?[0m                                                    ?[90m# UserDetailsSteps.isPurchaseCodeRegistered(String)?[0m
    ?[32mWhen ?[0m?[32mI log out?[0m                                                                                           ?[90m# LoginSteps.logOut()?[0m
    # Log in as the student and check that they have the purchase code.
    ?[32mWhen ?[0m?[32mI enter valid credentials for user ?[0m?[32m?[1mpeach?[0m                                                            ?[90m# LoginSteps.enterValidCredentials(String)?[0m
    ?[32mAnd ?[0m?[32mI click on the View Profile link?[0m                                                                     ?[90m# SystemHomepageSteps.navigateToUserProfilePage()?[0m
    ?[32mThen ?[0m?[32mthe purchase code ?[0m?[32m?[1m1234567890123456?[0m?[32m is registered?[0m                                                    ?[90m# UserDetailsSteps.isPurchaseCodeRegistered(String)?[0m
Feature: Test rendering question from cloud server
Feature: Create Lesson from Content Repository, and add questions into it.

  Background:                                                      ?[90m# QuestionInLesson.feature:4?[0m
    # Should be logged in as qa/qatest
    ?[32mGiven ?[0m?[32mI am logged in as the default administrator?[0m              ?[90m# LoginSteps.logInAsAdministrator()?[0m
    ?[32mAnd ?[0m?[32mI am on the Content Repository page of ?[0m?[32m?[1mDemonstration Class?[0m ?[90m# ContentRepositorySteps.navigateToContentRepositoryOfClass(String)?[0m

  Background:                                                      ?[90m# QuestionInLesson.feature:4?[0m
    # Should be logged in as qa/qatest
    ?[32mGiven ?[0m?[32mI am logged in as the default administrator?[0m              ?[90m# LoginSteps.logInAsAdministrator()?[0m
    ?[32mAnd ?[0m?[32mI am on the Content Repository page of ?[0m?[32m?[1mDemonstration Class?[0m ?[90m# ContentRepositorySteps.navigateToContentRepositoryOfClass(String)?[0m

  Scenario: Successfully create a lesson with limited "How Did I Do?"s and an algorithmic question, and confirm that "Try Another" resets the "How Did I Do?" counter ?[90m# QuestionInLesson.feature:71?[0m
    # Create an algorithmic question
    ?[32mWhen ?[0m?[32mI choose creating new question/Text from the main dropdown button?[0m                                                                                            ?[90m# ContentRepositorySteps.chooseCreatingNewQuestionFromMainDropdownButton()?[0m
    ?[32mAnd ?[0m?[32mQuestion Designer is opened?[0m                                                                                                                                   ?[90m# QuestionDesignerSteps.assertQuestionDesignerPageIsOpened()?[0m
    ?[32mWhen ?[0m?[32mI enter valid information for the question name as "?[0m?[32m?[1mAlgorithmic formula question?[0m?[32m"?[0m                                                                            ?[90m# QuestionDesignerSteps.enterQuestionName(String)?[0m
    ?[32mAnd ?[0m?[32mI click inside the question text editor?[0m                                                                                                                       ?[90m# QuestionDesignerSteps.clickInsideQuestionTextEditor()?[0m
    ?[32mAnd ?[0m?[32mI click Response Area button to open the dialog and assert that the Choose Question Type page is visible?[0m                                                      ?[90m# QuestionDesignerSteps.clickInsertResponseAreaButton()?[0m
    ?[32mWhen ?[0m?[32mI choose "?[0m?[32m?[1mMathematical Formula?[0m?[32m" link from the dialog and complete the correct answer?[0m                                                                         ?[90m# QuestionDesignerSteps.chooseTypeAndCompleteCorrectAnswer(String)?[0m
    ?[32mAnd ?[0m?[32mI click OK?[0m                                                                                                                                                    ?[90m# QuestionDesignerSteps.clickResponseDialogOkButton()?[0m
    ?[32mThen ?[0m?[32mI see the "?[0m?[32m?[1mMathematical Formula?[0m?[32m" Question Widget in the question text section?[0m                                                                                ?[90m# QuestionDesignerSteps.assertQuestionWidgetIsInserted(String)?[0m
    ?[32mThen ?[0m?[32mI enter in the Algorithm Editor "?[0m?[32m?[1m$a=rint(1,10);?[0m?[32m"?[0m                                                                                                             ?[90m# QuestionDesignerSteps.enterAlgorithmText(String)?[0m
    ?[32mThen ?[0m?[32mI click the question designer Save & Close button?[0m                                                                                                            ?[90m# QuestionDesignerSteps.clickSaveAndCloseButton()?[0m
    ?[32mAnd ?[0m?[32mI see that I am on the Content Repository page?[0m                                                                                                                ?[90m# ContentRepositorySteps.assertOnRepositoryPage()?[0m
    # Create a Lesson with this algorithmic question and limit the number of "How Did I Do?" attempts
    ?[32mWhen ?[0m?[32mI choose creating new lesson in "?[0m?[32m?[1mStudent Readiness?[0m?[32m" unit from the main dropdown button?[0m                                                                       ?[90m# ContentRepositorySteps.chooseCreatingNewLessonFromMainDropdownButton(String)?[0m
    ?[32mThen ?[0m?[32mLesson Editor is opened?[0m                                                                                                                                      ?[90m# LessonEditorSteps.assertLessonEditorPageIsOpened()?[0m
    ?[32mWhen ?[0m?[32mI enter valid information for the lesson "?[0m?[32m?[1mLesson with Try Another and Limited How Did I Do Attempts?[0m?[32m"?[0m                                                         ?[90m# LessonEditorSteps.enterLessonName(String)?[0m
    ?[32mAnd ?[0m?[32mI click the import question button?[0m                                                                                                                            ?[90m# AssignmentEditorQuestionSteps.importQuestion()?[0m
    ?[32mThen ?[0m?[32mThe import questions dialog appears?[0m                                                                                                                          ?[90m# AssignmentEditorQuestionSteps.assertImportQuestionsVisible()?[0m
    ?[32mWhen ?[0m?[32mI click on "Questions"?[0m                                                                                                                                       ?[90m# ContentRepositorySteps.clickOnQuestions()?[0m
    ?[32mAnd ?[0m?[32mI select the question "?[0m?[32m?[1mAlgorithmic formula question?[0m?[32m"?[0m                                                                                                          ?[90m# AssignmentEditorQuestionSteps.selectQuestion(String)?[0m
    ?[32mAnd ?[0m?[32mI click Import Questions in the Import Questions dialog?[0m                                                                                                       ?[90m# AssignmentEditorQuestionSteps.doImportQuestions()?[0m
    ?[32mThen ?[0m?[32mverify the question caption text is "?[0m?[32m?[1mAlgorithmic formula question?[0m?[32m"?[0m                                                                                           ?[90m# AssignmentEditorQuestionSteps.assertSavedQuestionName(String)?[0m
    ?[32mThen ?[0m?[32mI click on the Properties tab?[0m                                                                                                                                ?[90m# LessonEditorSteps.clickPropertiesTab()?[0m
    ?[32mAnd ?[0m?[32mI check How Did I Do is checked by default in lesson?[0m                                                                                                          ?[90m# LessonEditorPropertiesSteps.assertHowDidIDoCheckedByDefault()?[0m
    ?[32mAnd ?[0m?[32mI set the maximum How Did I Do uses to "?[0m?[32m?[1m2?[0m?[32m"?[0m                                                                                                                    ?[90m# AssignmentEditorPropertiesSteps.setMaximumHowDidIDoUses(String)?[0m
    ?[32mWhen ?[0m?[32mI save & close the lesson on the properties page?[0m                                                                                                             ?[90m# LessonEditorPropertiesSteps.saveAndCloseLesson()?[0m
    ?[32mThen ?[0m?[32mI see summary of the lesson?[0m                                                                                                                                  ?[90m# AssignmentEditorDetailsSteps.assertAssignmentSummaryShown()?[0m
    ?[32mWhen ?[0m?[32mI save and close the lesson summary details?[0m                                                                                                                  ?[90m# AssignmentEditorDetailsSteps.saveAndCloseAssignmentSummary()?[0m
    ?[32mThen ?[0m?[32mthe new lesson "?[0m?[32m?[1mLesson with Try Another and Limited How Did I Do Attempts?[0m?[32m" is visible in its own expanded column?[0m                                             ?[90m# ContentRepositorySteps.assertNamedAssignmentColumnIsExpanded(String)?[0m
    # Start the lesson
    ?[32mWhen ?[0m?[32mI navigate to the System Homepage?[0m                                                                                                                            ?[90m# SystemHomepageSteps.navigateToSystemHomepage()?[0m
    ?[32mAnd ?[0m?[32mI am on "Class Homepage" page of "?[0m?[32m?[1mDemonstration Class?[0m?[32m" class?[0m                                                                                                  ?[90m# ClassHomepageSteps.navigateToClassHomepage(String)?[0m
    ?[32mAnd ?[0m?[32mI click on the "?[0m?[32m?[1mLesson with Try Another and Limited How Did I Do Attempts?[0m?[32m" module in the "?[0m?[32m?[1mStudent Readiness?[0m?[32m" unit?[0m                                             ?[90m# ClassHomepageSteps.clickOnModuleLink(String,String)?[0m
    ?[32mThen ?[0m?[32mthe module "?[0m?[32m?[1mLesson with Try Another and Limited How Did I Do Attempts?[0m?[32m" is opened without launch page?[0m                                                         ?[90m# ClassHomepageSteps.switchToModulePage(String)?[0m
    ?[32mThen ?[0m?[32mI assert that the ?[0m?[32m?[1mMathematical Formula?[0m?[32m question is rendered properly?[0m                                                                                         ?[90m# QuestionPreviewSteps.assertQuestionRenderedCorrectly(String)?[0m
    # Use up some "How Did I Do?" attempts
    ?[32mWhen ?[0m?[32mI enter "?[0m?[32m?[1m2x?[0m?[32m" in Mathematical Formula input?[0m                                                                                                                   ?[90m# MathmeticalFormulaElementSteps.enterMathFormulaInput(String)?[0m
    ?[32mAnd ?[0m?[32mI click How Did I Do in the lesson page?[0m                                                                                                                       ?[90m# MapleTAAssignmentSteps.clickHowDidIDoLink()?[0m
    ?[32mThen ?[0m?[32mI assert that the Mathematical Formula answer is correct?[0m                                                                                                     ?[90m# MathmeticalFormulaElementSteps.assertSlideMathFormulaCorrect()?[0m
    ?[32mThen ?[0m?[32mI assert that there is "?[0m?[32m?[1m1/2?[0m?[32m" uses of How Did I Do remaining?[0m                                                                                                  ?[90m# MapleTAAssignmentSteps.assertRemainingUsesCorrect(String)?[0m
    ?[32mWhen ?[0m?[32mI click within the How Did I Do response area to clear it?[0m                                                                                                    ?[90m# MapleTAAssignmentSteps.clickToRemoveFeedback()?[0m
    ?[32mWhen ?[0m?[32mI click How Did I Do in the assignment page?[0m                                                                                                                  ?[90m# MapleTAAssignmentSteps.clickHowDidIDoLink()?[0m
    ?[32mThen ?[0m?[32mI assert that the Mathematical Formula answer is correct?[0m                                                                                                     ?[90m# MathmeticalFormulaElementSteps.assertSlideMathFormulaCorrect()?[0m
    ?[32mThen ?[0m?[32mI assert that there is "?[0m?[32m?[1m0/2?[0m?[32m" uses of How Did I Do remaining?[0m                                                                                                  ?[90m# MapleTAAssignmentSteps.assertRemainingUsesCorrect(String)?[0m
    ?[32mWhen ?[0m?[32mI click within the How Did I Do response area to clear it?[0m                                                                                                    ?[90m# MapleTAAssignmentSteps.clickToRemoveFeedback()?[0m
    ?[32mThen ?[0m?[32mI assert that the How Did I Do link has been removed?[0m                                                                                                         ?[90m# MapleTAAssignmentSteps.assertHowDidIDoLinkNotVisible()?[0m
    # Click "Try Another" to reset the "How Did I Do?" attempts used
    ?[32mWhen ?[0m?[32mI click the "Try Another" question button?[0m                                                                                                                    ?[90m# LessonSteps.clickTryAnotherButton()?[0m
    ?[32mThen ?[0m?[32mI assert that the ?[0m?[32m?[1mMathematical Formula?[0m?[32m question is rendered properly?[0m                                                                                         ?[90m# QuestionPreviewSteps.assertQuestionRenderedCorrectly(String)?[0m
    ?[32mAnd ?[0m?[32mI assert that the How Did I Do link is visible?[0m                                                                                                                ?[90m# MapleTAAssignmentSteps.assertHowDidIDoLinkVisible()?[0m
    ?[32mWhen ?[0m?[32mI enter "?[0m?[32m?[1m2x?[0m?[32m" in Mathematical Formula input?[0m                                                                                                                   ?[90m# MathmeticalFormulaElementSteps.enterMathFormulaInput(String)?[0m
    ?[32mAnd ?[0m?[32mI click How Did I Do in the lesson page?[0m                                                                                                                       ?[90m# MapleTAAssignmentSteps.clickHowDidIDoLink()?[0m
    ?[32mThen ?[0m?[32mI assert that the Mathematical Formula answer is correct?[0m                                                                                                     ?[90m# MathmeticalFormulaElementSteps.assertSlideMathFormulaCorrect()?[0m
    ?[32mThen ?[0m?[32mI assert that there is "?[0m?[32m?[1m1/2?[0m?[32m" uses of How Did I Do remaining?[0m                                                                                                  ?[90m# MapleTAAssignmentSteps.assertRemainingUsesCorrect(String)?[0m
    # Exit the lesson
    ?[32mThen ?[0m?[32mI save and quit the lesson?[0m                                                                                                                                   ?[90m# LessonSteps.submitLesson()?[0m
    ?[32mAnd ?[0m?[32mI am on the Class Homepage?[0m                                                                                                                                    ?[90m# ClassHomepageSteps.assertClassHomepage()?[0m
Feature: Test behavior for questions in content repository

  Background:                                                      ?[90m# QuestionInRepository.feature:3?[0m
    # Should be logged in as qa/qatest
    ?[32mGiven ?[0m?[32mI am logged in as the default administrator?[0m              ?[90m# LoginSteps.logInAsAdministrator()?[0m
    ?[32mAnd ?[0m?[32mI am on the Content Repository page of ?[0m?[32m?[1mDemonstration Class?[0m ?[90m# ContentRepositorySteps.navigateToContentRepositoryOfClass(String)?[0m

  Background:                                                      ?[90m# QuestionInRepository.feature:3?[0m
    # Should be logged in as qa/qatest
    ?[32mGiven ?[0m?[32mI am logged in as the default administrator?[0m              ?[90m# LoginSteps.logInAsAdministrator()?[0m
    ?[32mAnd ?[0m?[32mI am on the Content Repository page of ?[0m?[32m?[1mDemonstration Class?[0m ?[90m# ContentRepositorySteps.navigateToContentRepositoryOfClass(String)?[0m

  Background:                                                      ?[90m# QuestionInRepository.feature:3?[0m
    # Should be logged in as qa/qatest
    ?[32mGiven ?[0m?[32mI am logged in as the default administrator?[0m              ?[90m# LoginSteps.logInAsAdministrator()?[0m
    ?[32mAnd ?[0m?[32mI am on the Content Repository page of ?[0m?[32m?[1mDemonstration Class?[0m ?[90m# ContentRepositorySteps.navigateToContentRepositoryOfClass(String)?[0m

  Background:                                                      ?[90m# QuestionInRepository.feature:3?[0m
    # Should be logged in as qa/qatest
    ?[32mGiven ?[0m?[32mI am logged in as the default administrator?[0m              ?[90m# LoginSteps.logInAsAdministrator()?[0m
    ?[32mAnd ?[0m?[32mI am on the Content Repository page of ?[0m?[32m?[1mDemonstration Class?[0m ?[90m# ContentRepositorySteps.navigateToContentRepositoryOfClass(String)?[0m

  Background:                                                      ?[90m# QuestionInRepository.feature:3?[0m
    # Should be logged in as qa/qatest
    ?[32mGiven ?[0m?[32mI am logged in as the default administrator?[0m              ?[90m# LoginSteps.logInAsAdministrator()?[0m
    ?[32mAnd ?[0m?[32mI am on the Content Repository page of ?[0m?[32m?[1mDemonstration Class?[0m ?[90m# ContentRepositorySteps.navigateToContentRepositoryOfClass(String)?[0m

  Background:                                                      ?[90m# QuestionInRepository.feature:3?[0m
    # Should be logged in as qa/qatest
    ?[32mGiven ?[0m?[32mI am logged in as the default administrator?[0m              ?[90m# LoginSteps.logInAsAdministrator()?[0m
    ?[32mAnd ?[0m?[32mI am on the Content Repository page of ?[0m?[32m?[1mDemonstration Class?[0m ?[90m# ContentRepositorySteps.navigateToContentRepositoryOfClass(String)?[0m

  Background:                                                      ?[90m# QuestionInRepository.feature:3?[0m
    # Should be logged in as qa/qatest
    ?[32mGiven ?[0m?[32mI am logged in as the default administrator?[0m              ?[90m# LoginSteps.logInAsAdministrator()?[0m
    ?[32mAnd ?[0m?[32mI am on the Content Repository page of ?[0m?[32m?[1mDemonstration Class?[0m ?[90m# ContentRepositorySteps.navigateToContentRepositoryOfClass(String)?[0m

  Background:                                                      ?[90m# QuestionInRepository.feature:3?[0m
    # Should be logged in as qa/qatest
    ?[32mGiven ?[0m?[32mI am logged in as the default administrator?[0m              ?[90m# LoginSteps.logInAsAdministrator()?[0m
    ?[32mAnd ?[0m?[32mI am on the Content Repository page of ?[0m?[32m?[1mDemonstration Class?[0m ?[90m# ContentRepositorySteps.navigateToContentRepositoryOfClass(String)?[0m

  Background:                                                      ?[90m# QuestionInRepository.feature:3?[0m
    # Should be logged in as qa/qatest
    ?[32mGiven ?[0m?[32mI am logged in as the default administrator?[0m              ?[90m# LoginSteps.logInAsAdministrator()?[0m
    ?[32mAnd ?[0m?[32mI am on the Content Repository page of ?[0m?[32m?[1mDemonstration Class?[0m ?[90m# ContentRepositorySteps.navigateToContentRepositoryOfClass(String)?[0m

  Background:                                                      ?[90m# QuestionInRepository.feature:3?[0m
    # Should be logged in as qa/qatest
    ?[32mGiven ?[0m?[32mI am logged in as the default administrator?[0m              ?[90m# LoginSteps.logInAsAdministrator()?[0m
    ?[32mAnd ?[0m?[32mI am on the Content Repository page of ?[0m?[32m?[1mDemonstration Class?[0m ?[90m# ContentRepositorySteps.navigateToContentRepositoryOfClass(String)?[0m

  Background:                                                      ?[90m# QuestionInRepository.feature:3?[0m
    # Should be logged in as qa/qatest
    ?[32mGiven ?[0m?[32mI am logged in as the default administrator?[0m              ?[90m# LoginSteps.logInAsAdministrator()?[0m
    ?[32mAnd ?[0m?[32mI am on the Content Repository page of ?[0m?[32m?[1mDemonstration Class?[0m ?[90m# ContentRepositorySteps.navigateToContentRepositoryOfClass(String)?[0m

  Scenario: Ensure a group is displayed in a Question's groups           ?[90m# QuestionInRepository.feature:130?[0m
    ?[32mWhen ?[0m?[32mI click "?[0m?[32m?[1mAll Content Types?[0m?[32m" in the "?[0m?[32m?[1mCurrent Class?[0m?[32m" column?[0m       ?[90m# ContentRepositorySteps.clickLinkInParentColumn(String,String)?[0m
    ?[32mAnd ?[0m?[32mI click "?[0m?[32m?[1mStudent Readiness?[0m?[32m" in the "?[0m?[32m?[1mAll Content Types?[0m?[32m" column?[0m    ?[90m# ContentRepositorySteps.clickLinkInParentColumn(String,String)?[0m
    ?[32mThen ?[0m?[32mI see "?[0m?[32m?[1mNavigation?[0m?[32m" is visible in the "?[0m?[32m?[1mStudent Readiness?[0m?[32m" column?[0m ?[90m# ContentRepositorySteps.assertQuestionVisible(String,String)?[0m
    ?[32mWhen ?[0m?[32mI click on "?[0m?[32m?[1mNavigation?[0m?[32m" in the "?[0m?[32m?[1mStudent Readiness?[0m?[32m" column?[0m       ?[90m# ContentRepositorySteps.clickOnAssignmQuestionGroupInQuestionsColumn(String,String)?[0m
    ?[32mThen ?[0m?[32mI see that "?[0m?[32m?[1mGroups?[0m?[32m" header is visible in the navigation column?[0m  ?[90m# ContentRepositorySteps.assertGroupHeaderIsVisible(String)?[0m
    ?[32mAnd ?[0m?[32mI see that "?[0m?[32m?[1mStudent Readiness?[0m?[32m" Group is visible?[0m                  ?[90m# ContentRepositorySteps.assertGroupIsVisible(String)?[0m
Feature: Test removing a user from a class.

  Background:                                         ?[90m# RemoveUsers.feature:3?[0m
    ?[32mGiven ?[0m?[32mI am logged in as the default administrator?[0m ?[90m# LoginSteps.logInAsAdministrator()?[0m

  Scenario: Create a user, register them into demo class, remove them from demo class. ?[90m# RemoveUsers.feature:6?[0m
    # Create a user who will be registered into the demo class.
    ?[32mWhen ?[0m?[32mI open the Create User page?[0m                                                   ?[90m# AddUserSteps.navigateToAddUserPage()?[0m
    ?[32mAnd ?[0m?[32mI enter the valid information for the user ?[0m?[32m?[1mluigi?[0m                               ?[90m# AddUserSteps.enterValidUserDetails(String)?[0m
    ?[32mThen ?[0m?[32mthe user ?[0m?[32m?[1mluigi?[0m?[32m is created?[0m                                                     ?[90m# AddUserSteps.assertUserIsAdded(String)?[0m
    # Navigate to homepage for demo class.
    ?[32mWhen ?[0m?[32mI navigate to the System Homepage?[0m                                             ?[90m# SystemHomepageSteps.navigateToSystemHomepage()?[0m
    ?[32mThen ?[0m?[32mI am on the System Homepage?[0m                                                   ?[90m# SystemHomepageSteps.assertSystemHomepage()?[0m
    ?[32mThen ?[0m?[32mI am on "Class Homepage" page of "?[0m?[32m?[1mDemonstration Class?[0m?[32m" class?[0m                  ?[90m# ClassHomepageSteps.navigateToClassHomepage(String)?[0m
    # On the Register Users page, find the new user and register them.
    ?[32mWhen ?[0m?[32mI click the Register Users menu item?[0m                                          ?[90m# ClassHomepageSteps.navigateToRegisterUsersPage()?[0m
    ?[32mAnd ?[0m?[32mI click the Advanced Search link on the Register Users page?[0m                    ?[90m# RegisterUsersSteps.clickAdvancedSearch()?[0m
    ?[32mAnd ?[0m?[32mI enter "?[0m?[32m?[1mluigi?[0m?[32m" into the User Login textbox on the Register Users page?[0m         ?[90m# RegisterUsersSteps.setUserLogin(String)?[0m
    ?[32mAnd ?[0m?[32mI click the Search button on the Register Users page?[0m                           ?[90m# RegisterUsersSteps.clickSearchButton()?[0m
    ?[32mAnd ?[0m?[32mI select the user "?[0m?[32m?[1mluigi?[0m?[32m" in the list of users to add?[0m                          ?[90m# RegisterUsersSteps.selectUser(String)?[0m
    ?[32mAnd ?[0m?[32mI click the Register button on the Register Users page?[0m                         ?[90m# RegisterUsersSteps.clickRegisterButton()?[0m
    ?[32mThen ?[0m?[32mThe users were successfully registered in the class?[0m                           ?[90m# RegisterUsersSteps.assertUsersRegistered()?[0m
    ?[32mAnd ?[0m?[32mI am on the Register Users page?[0m                                                ?[90m# RegisterUsersSteps.isOnRegisterUsersPage()?[0m
    # Navigate to homepage for demo class.
    ?[32mWhen ?[0m?[32mI navigate to the System Homepage?[0m                                             ?[90m# SystemHomepageSteps.navigateToSystemHomepage()?[0m
    ?[32mThen ?[0m?[32mI am on the System Homepage?[0m                                                   ?[90m# SystemHomepageSteps.assertSystemHomepage()?[0m
    ?[32mThen ?[0m?[32mI am on "Class Homepage" page of "?[0m?[32m?[1mDemonstration Class?[0m?[32m" class?[0m                  ?[90m# ClassHomepageSteps.navigateToClassHomepage(String)?[0m
    # On the Remove Users page, find the new user and remove them.
    ?[32mWhen ?[0m?[32mI click the Remove Users menu item?[0m                                            ?[90m# ClassHomepageSteps.navigateToRemoveUsersPage()?[0m
    ?[32mAnd ?[0m?[32mI click the Advanced Search link on the Remove Users page?[0m                      ?[90m# RemoveUsersSteps.clickAdvancedSearch()?[0m
    ?[32mAnd ?[0m?[32mI enter "?[0m?[32m?[1mluigi?[0m?[32m" into the User Login textbox on the Remove Users page?[0m           ?[90m# RemoveUsersSteps.setUserLogin(String)?[0m
    ?[32mAnd ?[0m?[32mI click the Search button on the Remove Users page?[0m                             ?[90m# RemoveUsersSteps.clickSearchButton()?[0m
    ?[32mAnd ?[0m?[32mI select the user "?[0m?[32m?[1mluigi?[0m?[32m" in the list of users to remove?[0m                       ?[90m# RemoveUsersSteps.selectUser(String)?[0m
    ?[32mAnd ?[0m?[32mI click the Remove button on the Remove Users page?[0m                             ?[90m# RemoveUsersSteps.clickRemoveButton()?[0m
    ?[32mThen ?[0m?[32mThe users were successfully removed from the class?[0m                            ?[90m# RemoveUsersSteps.assertUsersRemoveed()?[0m
    ?[32mAnd ?[0m?[32mI am on the Remove Users page?[0m                                                  ?[90m# RemoveUsersSteps.isOnRemoveUsersPage()?[0m
    # Navigate to homepage for demo class.
    ?[32mWhen ?[0m?[32mI navigate to the System Homepage?[0m                                             ?[90m# SystemHomepageSteps.navigateToSystemHomepage()?[0m
    ?[32mThen ?[0m?[32mI am on the System Homepage?[0m                                                   ?[90m# SystemHomepageSteps.assertSystemHomepage()?[0m
    ?[32mThen ?[0m?[32mI am on "Class Homepage" page of "?[0m?[32m?[1mDemonstration Class?[0m?[32m" class?[0m                  ?[90m# ClassHomepageSteps.navigateToClassHomepage(String)?[0m
    # On the Search for Users page, determine if user has been removed.
    ?[32mWhen ?[0m?[32mI click the Search for Users menu item?[0m                                        ?[90m# ClassHomepageSteps.navigateToSearchForUsersPage()?[0m
    ?[32mThen ?[0m?[32mI am on the Class User Search page?[0m                                            ?[90m# ClassUserSearchSteps.assertClassUserSearchPage()?[0m
    ?[32mWhen ?[0m?[32mI enter search criteria for ?[0m?[32m?[1mluigi?[0m?[32m on Class User Search page?[0m                   ?[90m# ClassUserSearchSteps.enterSearchCriteria(String)?[0m
    ?[32mAnd ?[0m?[32mI click the Search button on the Class User Search page?[0m                        ?[90m# ClassUserSearchSteps.clickSearchButton()?[0m
    ?[32mThen ?[0m?[32mUser ?[0m?[32m?[1mluigi?[0m?[32m ?[0m?[32m?[1misn't?[0m?[32m found on Class User Search page?[0m                              ?[90m# ClassUserSearchSteps.assertUserFound(String,String)?[0m
Feature: Self Registration
  Enable self registration, register and disable self registration.

  Scenario: Disable Self Registration                            ?[90m# SelfRegistration.feature:25?[0m
    ?[32mGiven ?[0m?[32mI am logged in as the default administrator?[0m            ?[90m# LoginSteps.logInAsAdministrator()?[0m
    ?[32mWhen ?[0m?[32mI navigate to the System Settings page?[0m                  ?[90m# SystemSettingsSteps.navigateToSystemSettingsPage()?[0m
    ?[32mWhen ?[0m?[32mI set Allow Self Registration checkbox to ?[0m?[32m?[1munchecked?[0m     ?[90m# SystemSettingsSteps.setAllowSelfRegistration(String)?[0m
    ?[32mWhen ?[0m?[32mI submit the changes to System Settings?[0m                 ?[90m# SystemSettingsSteps.submitChanges()?[0m
    ?[32mThen ?[0m?[32mThe changes to System Settings were successfully saved.?[0m ?[90m# SystemSettingsSteps.assertChangesSaved()?[0m
    ?[32mThen ?[0m?[32mThe Allow Self Registration checkbox is ?[0m?[32m?[1munchecked?[0m       ?[90m# SystemSettingsSteps.assertAllowSelfRegistrationIs(String)?[0m
Feature: User updates their password

  Background:                                         ?[90m# UserPasswordUpdate.feature:3?[0m
    ?[32mGiven ?[0m?[32mI am logged in as the default administrator?[0m ?[90m# LoginSteps.logInAsAdministrator()?[0m
    ?[32mAnd ?[0m?[32mI click on the View Profile link?[0m              ?[90m# SystemHomepageSteps.navigateToUserProfilePage()?[0m
    ?[32mAnd ?[0m?[32mI click on the Password Update link?[0m           ?[90m# UserPasswordUpdateSteps.navigateToUserPasswordUpdatePage()?[0m
    ?[32mThen ?[0m?[32mI am on the Password Update page?[0m             ?[90m# UserPasswordUpdateSteps.isOnPasswordUpdatePage()?[0m

  Scenario: Password update successful                                   ?[90m# UserPasswordUpdate.feature:9?[0m
    ?[32mWhen ?[0m?[32mI enter the password "?[0m?[32m?[1mqatest?[0m?[32m" and the confirm password "?[0m?[32m?[1mqatest?[0m?[32m"?[0m ?[90m# UserPasswordUpdateSteps.enterPasswords(String,String)?[0m
    ?[32mThen ?[0m?[32mI see a success message on the User Details page?[0m                ?[90m# UserPasswordUpdateSteps.assertSuccessfulPasswordUpdate()?[0m

  Scenario Outline: User enters an invalid password                                     ?[90m# UserPasswordUpdate.feature:13?[0m
    ?[36mWhen ?[0m?[36mI enter the password "<password>" and the confirm password "<confirmPassword>"?[0m
    ?[36mThen ?[0m?[36mI see the password error message <passwordError>?[0m
    ?[36mAnd ?[0m?[36mI see the confirm password error message <confirmPasswordError>?[0m

    Examples: 

  Background:                                         ?[90m# UserPasswordUpdate.feature:3?[0m
    ?[32mGiven ?[0m?[32mI am logged in as the default administrator?[0m ?[90m# LoginSteps.logInAsAdministrator()?[0m
    ?[32mAnd ?[0m?[32mI click on the View Profile link?[0m              ?[90m# SystemHomepageSteps.navigateToUserProfilePage()?[0m
    ?[32mAnd ?[0m?[32mI click on the Password Update link?[0m           ?[90m# UserPasswordUpdateSteps.navigateToUserPasswordUpdatePage()?[0m
    ?[32mThen ?[0m?[32mI am on the Password Update page?[0m             ?[90m# UserPasswordUpdateSteps.isOnPasswordUpdatePage()?[0m

  Background:                                         ?[90m# UserPasswordUpdate.feature:3?[0m
    ?[32mGiven ?[0m?[32mI am logged in as the default administrator?[0m ?[90m# LoginSteps.logInAsAdministrator()?[0m
    ?[32mAnd ?[0m?[32mI click on the View Profile link?[0m              ?[90m# SystemHomepageSteps.navigateToUserProfilePage()?[0m
    ?[32mAnd ?[0m?[32mI click on the Password Update link?[0m           ?[90m# UserPasswordUpdateSteps.navigateToUserPasswordUpdatePage()?[0m
    ?[32mThen ?[0m?[32mI am on the Password Update page?[0m             ?[90m# UserPasswordUpdateSteps.isOnPasswordUpdatePage()?[0m

  Background:                                         ?[90m# UserPasswordUpdate.feature:3?[0m
    ?[32mGiven ?[0m?[32mI am logged in as the default administrator?[0m ?[90m# LoginSteps.logInAsAdministrator()?[0m
    ?[32mAnd ?[0m?[32mI click on the View Profile link?[0m              ?[90m# SystemHomepageSteps.navigateToUserProfilePage()?[0m
    ?[32mAnd ?[0m?[32mI click on the Password Update link?[0m           ?[90m# UserPasswordUpdateSteps.navigateToUserPasswordUpdatePage()?[0m
    ?[32mThen ?[0m?[32mI am on the Password Update page?[0m             ?[90m# UserPasswordUpdateSteps.isOnPasswordUpdatePage()?[0m

  Scenario Outline: User enters an invalid password                       ?[90m# UserPasswordUpdate.feature:22?[0m
    ?[32mWhen ?[0m?[32mI enter the password "?[0m?[32m?[1mqatest?[0m?[32m" and the confirm password "?[0m?[32m?[1mqatest1?[0m?[32m"?[0m ?[90m# UserPasswordUpdateSteps.enterPasswords(String,String)?[0m
    ?[32mThen ?[0m?[32mI see the password error message ?[0m?[32m?[1mPasswords must match?[0m            ?[90m# UserPasswordUpdateSteps.assertPasswordErrorMessageVisible(String)?[0m
    ?[32mAnd ?[0m?[32mI see the confirm password error message ?[0m?[32m?[1m?[0m                         ?[90m# UserPasswordUpdateSteps.assertConfirmPasswordErrorMessageVisible(String)?[0m
Feature: Exercise the Policies tab of the assignment editor.

  Background:                                                                                      ?[90m# assignment/AssignmentPolicies.feature:3?[0m
    ?[32mGiven ?[0m?[32mI am logged in as the default administrator?[0m                                              ?[90m# LoginSteps.logInAsAdministrator()?[0m
    ?[32mAnd ?[0m?[32mI am on the Content Repository page of ?[0m?[32m?[1mDemonstration Class?[0m                                 ?[90m# ContentRepositorySteps.navigateToContentRepositoryOfClass(String)?[0m
    ?[32mAnd ?[0m?[32mI choose creating new assignment in "?[0m?[32m?[1mStudent Readiness?[0m?[32m" unit from the main dropdown button?[0m ?[90m# ContentRepositorySteps.chooseCreatingNewAssignmentFromMainDropdownButton(String)?[0m
    ?[32mAnd ?[0m?[32mAssignment Editor is opened?[0m                                                                ?[90m# AssignmentEditorDetailsSteps.assertAssignmentEditorPageIsOpened()?[0m

  Background:                                                                                      ?[90m# assignment/AssignmentPolicies.feature:3?[0m
    ?[32mGiven ?[0m?[32mI am logged in as the default administrator?[0m                                              ?[90m# LoginSteps.logInAsAdministrator()?[0m
    ?[32mAnd ?[0m?[32mI am on the Content Repository page of ?[0m?[32m?[1mDemonstration Class?[0m                                 ?[90m# ContentRepositorySteps.navigateToContentRepositoryOfClass(String)?[0m
    ?[32mAnd ?[0m?[32mI choose creating new assignment in "?[0m?[32m?[1mStudent Readiness?[0m?[32m" unit from the main dropdown button?[0m ?[90m# ContentRepositorySteps.chooseCreatingNewAssignmentFromMainDropdownButton(String)?[0m
    ?[32mAnd ?[0m?[32mAssignment Editor is opened?[0m                                                                ?[90m# AssignmentEditorDetailsSteps.assertAssignmentEditorPageIsOpened()?[0m

  Background:                                                                                      ?[90m# assignment/AssignmentPolicies.feature:3?[0m
    ?[32mGiven ?[0m?[32mI am logged in as the default administrator?[0m                                              ?[90m# LoginSteps.logInAsAdministrator()?[0m
    ?[32mAnd ?[0m?[32mI am on the Content Repository page of ?[0m?[32m?[1mDemonstration Class?[0m                                 ?[90m# ContentRepositorySteps.navigateToContentRepositoryOfClass(String)?[0m
    ?[32mAnd ?[0m?[32mI choose creating new assignment in "?[0m?[32m?[1mStudent Readiness?[0m?[32m" unit from the main dropdown button?[0m ?[90m# ContentRepositorySteps.chooseCreatingNewAssignmentFromMainDropdownButton(String)?[0m
    ?[32mAnd ?[0m?[32mAssignment Editor is opened?[0m                                                                ?[90m# AssignmentEditorDetailsSteps.assertAssignmentEditorPageIsOpened()?[0m

  Background:                                                                                      ?[90m# assignment/AssignmentPolicies.feature:3?[0m
    ?[32mGiven ?[0m?[32mI am logged in as the default administrator?[0m                                              ?[90m# LoginSteps.logInAsAdministrator()?[0m
    ?[32mAnd ?[0m?[32mI am on the Content Repository page of ?[0m?[32m?[1mDemonstration Class?[0m                                 ?[90m# ContentRepositorySteps.navigateToContentRepositoryOfClass(String)?[0m
    ?[32mAnd ?[0m?[32mI choose creating new assignment in "?[0m?[32m?[1mStudent Readiness?[0m?[32m" unit from the main dropdown button?[0m ?[90m# ContentRepositorySteps.chooseCreatingNewAssignmentFromMainDropdownButton(String)?[0m
    ?[32mAnd ?[0m?[32mAssignment Editor is opened?[0m                                                                ?[90m# AssignmentEditorDetailsSteps.assertAssignmentEditorPageIsOpened()?[0m

  Background:                                                                                      ?[90m# assignment/AssignmentPolicies.feature:3?[0m
    ?[32mGiven ?[0m?[32mI am logged in as the default administrator?[0m                                              ?[90m# LoginSteps.logInAsAdministrator()?[0m
    ?[32mAnd ?[0m?[32mI am on the Content Repository page of ?[0m?[32m?[1mDemonstration Class?[0m                                 ?[90m# ContentRepositorySteps.navigateToContentRepositoryOfClass(String)?[0m
    ?[32mAnd ?[0m?[32mI choose creating new assignment in "?[0m?[32m?[1mStudent Readiness?[0m?[32m" unit from the main dropdown button?[0m ?[90m# ContentRepositorySteps.chooseCreatingNewAssignmentFromMainDropdownButton(String)?[0m
    ?[32mAnd ?[0m?[32mAssignment Editor is opened?[0m                                                                ?[90m# AssignmentEditorDetailsSteps.assertAssignmentEditorPageIsOpened()?[0m

  Background:                                                                                      ?[90m# assignment/AssignmentPolicies.feature:3?[0m
    ?[32mGiven ?[0m?[32mI am logged in as the default administrator?[0m                                              ?[90m# LoginSteps.logInAsAdministrator()?[0m
    ?[32mAnd ?[0m?[32mI am on the Content Repository page of ?[0m?[32m?[1mDemonstration Class?[0m                                 ?[90m# ContentRepositorySteps.navigateToContentRepositoryOfClass(String)?[0m
    ?[32mAnd ?[0m?[32mI choose creating new assignment in "?[0m?[32m?[1mStudent Readiness?[0m?[32m" unit from the main dropdown button?[0m ?[90m# ContentRepositorySteps.chooseCreatingNewAssignmentFromMainDropdownButton(String)?[0m
    ?[32mAnd ?[0m?[32mAssignment Editor is opened?[0m                                                                ?[90m# AssignmentEditorDetailsSteps.assertAssignmentEditorPageIsOpened()?[0m

  Scenario: Verify that the unchecked Show Launch Page policy gets checked when Proctored Browser is required ?[90m# assignment/AssignmentPolicies.feature:66?[0m
    ?[32mWhen ?[0m?[32mI click on the set policies tab?[0m                                                                      ?[90m# AssignmentEditorPropertiesSteps.clickSetPoliciesTab()?[0m
    ?[32mAnd ?[0m?[32mI set the show launch page checkbox to ?[0m?[32m?[1mfalse?[0m                                                          ?[90m# AssignmentEditorPropertiesSteps.setShowLaunchPageState(boolean)?[0m
    ?[32mAnd ?[0m?[32mI set the Require Proctored Browser checkbox to ?[0m?[32m?[1mtrue?[0m                                                  ?[90m# AssignmentEditorPropertiesSteps.setRequireProctoredBrowserCheckbox(boolean)?[0m
    ?[32mThen ?[0m?[32mI see an alert message stating that the launch page will be enabled?[0m                                  ?[90m# AssignmentEditorPropertiesSteps.assertShowLaunchPageAlertVisible()?[0m
    ?[32mAnd ?[0m?[32mI see that the show launch page checkbox is set to ?[0m?[32m?[1mtrue?[0m                                               ?[90m# AssignmentEditorPropertiesSteps.assertShowLaunchPageState(boolean)?[0m
Feature: Ensure that we can create Units, add Assignments to them.  When exiting an assignment,
  the Class Homepage should display the Unit from which the assignment was started.

  Background:                                                      ?[90m# assignment/AssignmentUnits.feature:4?[0m
    # Should be logged in as qa/qatest
    ?[32mGiven ?[0m?[32mI am logged in as the default administrator?[0m              ?[90m# LoginSteps.logInAsAdministrator()?[0m
    ?[32mAnd ?[0m?[32mI am on the Content Repository page of ?[0m?[32m?[1mDemonstration Class?[0m ?[90m# ContentRepositorySteps.navigateToContentRepositoryOfClass(String)?[0m

  Scenario: Successfully create new units, add assignments and verify that those units are still displayed when the assignments are closed. ?[90m# assignment/AssignmentUnits.feature:9?[0m
    #create Test Unit 1 and create assignment within it
    ?[32mWhen ?[0m?[32mI click the New Unit button?[0m                                                                                                        ?[90m# ContentRepositorySteps.clickNewUnitButton()?[0m
    ?[32mThen ?[0m?[32mI see the "?[0m?[32m?[1mAdd Unit?[0m?[32m" dialog open?[0m                                                                                                   ?[90m# ContentRepositorySteps.assertDialogOpen(String)?[0m
    ?[32mWhen ?[0m?[32mI enter a group name of "?[0m?[32m?[1mTest Unit 1?[0m?[32m"?[0m                                                                                              ?[90m# ContentRepositorySteps.enterGroupName(String)?[0m
    ?[32mAnd ?[0m?[32mI click the "?[0m?[32m?[1mAdd Unit?[0m?[32m" dialog button?[0m                                                                                                ?[90m# ContentRepositorySteps.clickDialogButton(String)?[0m
    ?[32mAnd ?[0m?[32mI see that the "?[0m?[32m?[1mTest Unit 1?[0m?[32m" unit is visible in the "?[0m?[32m?[1mAssignments?[0m?[32m" column?[0m                                                            ?[90m# ContentRepositorySteps.assertUnitIsVisible(String,String)?[0m
    ?[32mThen ?[0m?[32mI click the "?[0m?[32m?[1mTest Unit 1?[0m?[32m" unit in the Lessons and Assignments column?[0m                                                               ?[90m# ContentRepositorySteps.clickUnitInLessonsAndAssignmentsColumn(String)?[0m
    ?[32mThen ?[0m?[32mI choose creating new assignment from dropdown button in "?[0m?[32m?[1mTest Unit 1?[0m?[32m" column?[0m                                                      ?[90m# ContentRepositorySteps.chooseCreatingNewAssignmentFromDropdownButtonInUnit(String)?[0m
    ?[32mThen ?[0m?[32mAssignment Editor is opened?[0m                                                                                                        ?[90m# AssignmentEditorDetailsSteps.assertAssignmentEditorPageIsOpened()?[0m
    ?[32mWhen ?[0m?[32menter Assignment name "?[0m?[32m?[1mTest Unit 1 Assignment?[0m?[32m"?[0m                                                                                     ?[90m# AssignmentEditorDetailsSteps.enterAssignmentName(String)?[0m
    ?[32mWhen ?[0m?[32mI click on the questions tab?[0m                                                                                                       ?[90m# AssignmentEditorDetailsSteps.clickQuestionsTab()?[0m
    ?[32mAnd ?[0m?[32mI click the new question button?[0m                                                                                                     ?[90m# AssignmentEditorQuestionSteps.createQuestion()?[0m
    ?[32mAnd ?[0m?[32mI create question "?[0m?[32m?[1mUnit Test 1 Question?[0m?[32m" with label "?[0m?[32m?[1mUnit Test 1 Question?[0m?[32m"?[0m                                                          ?[90m# AssignmentEditorQuestionSteps.createQuestion(String,String)?[0m
    ?[32mAnd ?[0m?[32mI create a Mathematical Formula response area in the assignment question editor?[0m                                                     ?[90m# AssignmentEditorQuestionSteps.createFormulaQuestionInQuestionEditor()?[0m
    ?[32mAnd ?[0m?[32mI save & close the new question in the assignment editor?[0m                                                                            ?[90m# AssignmentEditorQuestionSteps.saveAndCloseNewQuestion()?[0m
    ?[32mThen ?[0m?[32mverify the question caption text is "?[0m?[32m?[1mUnit Test 1 Question?[0m?[32m"?[0m                                                                         ?[90m# AssignmentEditorQuestionSteps.assertSavedQuestionName(String)?[0m
    ?[32mWhen ?[0m?[32mI save & close the assignment on the questions page?[0m                                                                                ?[90m# AssignmentEditorQuestionSteps.saveAndCloseAssignment()?[0m
    ?[32mThen ?[0m?[32mI see summary of the assignment?[0m                                                                                                    ?[90m# AssignmentEditorDetailsSteps.assertAssignmentSummaryShown()?[0m
    ?[32mWhen ?[0m?[32mI save and close the assignment summary details?[0m                                                                                    ?[90m# AssignmentEditorDetailsSteps.saveAndCloseAssignmentSummary()?[0m
    ?[32mThen ?[0m?[32mthe new assignment "?[0m?[32m?[1mTest Unit 1 Assignment?[0m?[32m" is visible in its own expanded column?[0m                                                  ?[90m# ContentRepositorySteps.assertNamedAssignmentColumnIsExpanded(String)?[0m
    ?[32mAnd ?[0m?[32mit is named as "?[0m?[32m?[1mTest Unit 1 Assignment?[0m?[32m" in "?[0m?[32m?[1mTest Unit 1?[0m?[32m" column?[0m                                                                     ?[90m# ContentRepositorySteps.assertAssignmentIsCreated(String,String)?[0m
    # start assignment, then quit and save and verify unit is visible
    ?[32mWhen ?[0m?[32mI navigate to the System Homepage?[0m                                                                                                  ?[90m# SystemHomepageSteps.navigateToSystemHomepage()?[0m
    ?[32mAnd ?[0m?[32mI am on "Class Homepage" page of "?[0m?[32m?[1mDemonstration Class?[0m?[32m" class?[0m                                                                        ?[90m# ClassHomepageSteps.navigateToClassHomepage(String)?[0m
    ?[32mAnd ?[0m?[32mI launch the "?[0m?[32m?[1mTest Unit 1 Assignment?[0m?[32m" assignment in "?[0m?[32m?[1mTest Unit 1?[0m?[32m" unit?[0m                                                              ?[90m# ClassHomepageSteps.reopenAssignment(String,String)?[0m
    ?[32mThen ?[0m?[32mI save and quit the lesson?[0m                                                                                                         ?[90m# LessonSteps.submitLesson()?[0m
    ?[32mAnd ?[0m?[32mI am back on the "?[0m?[32m?[1mDemonstration Class?[0m?[32m" class homepage window?[0m                                                                        ?[90m# ClassHomepageSteps.switchToClassHomepageWindow(String)?[0m
    ?[32mAnd ?[0m?[32mI assert the unit "?[0m?[32m?[1mTest Unit 1?[0m?[32m" is visible?[0m                                                                                          ?[90m# ClassHomepageSteps.assertUnitTabIsVisible(String)?[0m
    #create Test Unit 2 and create assignment within it
    ?[32mWhen ?[0m?[32mI navigate to the System Homepage?[0m                                                                                                  ?[90m# SystemHomepageSteps.navigateToSystemHomepage()?[0m
    ?[32mAnd ?[0m?[32mI am on the Content Repository page of ?[0m?[32m?[1mDemonstration Class?[0m                                                                          ?[90m# ContentRepositorySteps.navigateToContentRepositoryOfClass(String)?[0m
    ?[32mWhen ?[0m?[32mI click the New Unit button?[0m                                                                                                        ?[90m# ContentRepositorySteps.clickNewUnitButton()?[0m
    ?[32mThen ?[0m?[32mI see the "?[0m?[32m?[1mAdd Unit?[0m?[32m" dialog open?[0m                                                                                                   ?[90m# ContentRepositorySteps.assertDialogOpen(String)?[0m
    ?[32mWhen ?[0m?[32mI enter a group name of "?[0m?[32m?[1mTest Unit 2?[0m?[32m"?[0m                                                                                              ?[90m# ContentRepositorySteps.enterGroupName(String)?[0m
    ?[32mAnd ?[0m?[32mI click the "?[0m?[32m?[1mAdd Unit?[0m?[32m" dialog button?[0m                                                                                                ?[90m# ContentRepositorySteps.clickDialogButton(String)?[0m
    ?[32mAnd ?[0m?[32mI see that the "?[0m?[32m?[1mTest Unit 2?[0m?[32m" unit is visible in the "?[0m?[32m?[1mAssignments?[0m?[32m" column?[0m                                                            ?[90m# ContentRepositorySteps.assertUnitIsVisible(String,String)?[0m
    ?[32mThen ?[0m?[32mI click the "?[0m?[32m?[1mTest Unit 2?[0m?[32m" unit in the Lessons and Assignments column?[0m                                                               ?[90m# ContentRepositorySteps.clickUnitInLessonsAndAssignmentsColumn(String)?[0m
    ?[32mThen ?[0m?[32mI choose creating new assignment from dropdown button in "?[0m?[32m?[1mTest Unit 2?[0m?[32m" column?[0m                                                      ?[90m# ContentRepositorySteps.chooseCreatingNewAssignmentFromDropdownButtonInUnit(String)?[0m
    ?[32mThen ?[0m?[32mAssignment Editor is opened?[0m                                                                                                        ?[90m# AssignmentEditorDetailsSteps.assertAssignmentEditorPageIsOpened()?[0m
    ?[32mWhen ?[0m?[32menter Assignment name "?[0m?[32m?[1mTest Unit 2 Assignment?[0m?[32m"?[0m                                                                                     ?[90m# AssignmentEditorDetailsSteps.enterAssignmentName(String)?[0m
    ?[32mWhen ?[0m?[32mI click on the questions tab?[0m                                                                                                       ?[90m# AssignmentEditorDetailsSteps.clickQuestionsTab()?[0m
    ?[32mAnd ?[0m?[32mI click the new question button?[0m                                                                                                     ?[90m# AssignmentEditorQuestionSteps.createQuestion()?[0m
    ?[32mAnd ?[0m?[32mI create question "?[0m?[32m?[1mUnit Test 2 Question?[0m?[32m" with label "?[0m?[32m?[1mUnit Test 2 Question?[0m?[32m"?[0m                                                          ?[90m# AssignmentEditorQuestionSteps.createQuestion(String,String)?[0m
    ?[32mAnd ?[0m?[32mI create a Mathematical Formula response area in the assignment question editor?[0m                                                     ?[90m# AssignmentEditorQuestionSteps.createFormulaQuestionInQuestionEditor()?[0m
    ?[32mAnd ?[0m?[32mI save & close the new question in the assignment editor?[0m                                                                            ?[90m# AssignmentEditorQuestionSteps.saveAndCloseNewQuestion()?[0m
    ?[32mThen ?[0m?[32mverify the question caption text is "?[0m?[32m?[1mUnit Test 2 Question?[0m?[32m"?[0m                                                                         ?[90m# AssignmentEditorQuestionSteps.assertSavedQuestionName(String)?[0m
    ?[32mWhen ?[0m?[32mI save & close the assignment on the questions page?[0m                                                                                ?[90m# AssignmentEditorQuestionSteps.saveAndCloseAssignment()?[0m
    ?[32mThen ?[0m?[32mI see summary of the assignment?[0m                                                                                                    ?[90m# AssignmentEditorDetailsSteps.assertAssignmentSummaryShown()?[0m
    ?[32mWhen ?[0m?[32mI save and close the assignment summary details?[0m                                                                                    ?[90m# AssignmentEditorDetailsSteps.saveAndCloseAssignmentSummary()?[0m
    ?[32mThen ?[0m?[32mthe new assignment "?[0m?[32m?[1mTest Unit 2 Assignment?[0m?[32m" is visible in its own expanded column?[0m                                                  ?[90m# ContentRepositorySteps.assertNamedAssignmentColumnIsExpanded(String)?[0m
    ?[32mAnd ?[0m?[32mit is named as "?[0m?[32m?[1mTest Unit 2 Assignment?[0m?[32m" in "?[0m?[32m?[1mTest Unit 2?[0m?[32m" column?[0m                                                                     ?[90m# ContentRepositorySteps.assertAssignmentIsCreated(String,String)?[0m
    # start assignment, then cancel at launch page and verify unit is visible
    ?[32mWhen ?[0m?[32mI navigate to the System Homepage?[0m                                                                                                  ?[90m# SystemHomepageSteps.navigateToSystemHomepage()?[0m
    ?[32mAnd ?[0m?[32mI am on "Class Homepage" page of "?[0m?[32m?[1mDemonstration Class?[0m?[32m" class?[0m                                                                        ?[90m# ClassHomepageSteps.navigateToClassHomepage(String)?[0m
    ?[32mAnd ?[0m?[32mI click on the "?[0m?[32m?[1mTest Unit 2 Assignment?[0m?[32m" module in the "?[0m?[32m?[1mTest Unit 2?[0m?[32m" unit?[0m                                                            ?[90m# ClassHomepageSteps.clickOnModuleLink(String,String)?[0m
    ?[32mThen ?[0m?[32mI cancel the Assignment from the Review page?[0m                                                                                       ?[90m# MapleTAAssignmentSteps.clickCancelAssignmentButton()?[0m
    ?[32mAnd ?[0m?[32mI am back on the "?[0m?[32m?[1mDemonstration Class?[0m?[32m" class homepage window?[0m                                                                        ?[90m# ClassHomepageSteps.switchToClassHomepageWindow(String)?[0m
    ?[32mAnd ?[0m?[32mI assert the unit "?[0m?[32m?[1mTest Unit 2?[0m?[32m" is visible?[0m                                                                                          ?[90m# ClassHomepageSteps.assertUnitTabIsVisible(String)?[0m
Feature: Create Assignment with certain types of questions and take the assignment.
  We want to create assignments with some types of questions for a particular testing purpose, 
  take the assignment, navigate through questions.

  Background:                                                           ?[90m# assignment/CreateAndGradeAssignment.feature:5?[0m
    # Should be logged in as qa/qatest
    ?[32mGiven ?[0m?[32mI am logged in as the default administrator?[0m                   ?[90m# LoginSteps.logInAsAdministrator()?[0m
    ?[32mThen ?[0m?[32mI navigate to the System Settings page?[0m                         ?[90m# SystemSettingsSteps.navigateToSystemSettingsPage()?[0m
    ?[32mAnd ?[0m?[32mI change the Math App engine selection to "?[0m?[32m?[1mMapleNet (Math App)?[0m?[32m"?[0m ?[90m# SystemSettingsSteps.selectMathAppEngine(String)?[0m
    ?[32mAnd ?[0m?[32mI submit the changes to System Settings?[0m                         ?[90m# SystemSettingsSteps.submitChanges()?[0m
    ?[32mAnd ?[0m?[32mThe changes to System Settings were successfully saved.?[0m         ?[90m# SystemSettingsSteps.assertChangesSaved()?[0m
    ?[32mThen ?[0m?[32mI navigate to the System Homepage?[0m                              ?[90m# SystemHomepageSteps.navigateToSystemHomepage()?[0m
    ?[32mAnd ?[0m?[32mI am on the Content Repository page of ?[0m?[32m?[1mDemonstration Class?[0m      ?[90m# ContentRepositorySteps.navigateToContentRepositoryOfClass(String)?[0m

  Scenario: Successfully create an assignment with inline MathApp question, take the assignment, and navigate through the questions. ?[90m# assignment/CreateAndGradeAssignment.feature:15?[0m
    ?[32mWhen ?[0m?[32mI choose creating new question/Text from the main dropdown button?[0m                                                           ?[90m# ContentRepositorySteps.chooseCreatingNewQuestionFromMainDropdownButton()?[0m
    ?[32mThen ?[0m?[32mQuestion Designer is opened?[0m                                                                                                 ?[90m# QuestionDesignerSteps.assertQuestionDesignerPageIsOpened()?[0m
    ?[32mWhen ?[0m?[32mI enter valid information for the question name as "?[0m?[32m?[1mA test question with inline MathApp?[0m?[32m"?[0m                                    ?[90m# QuestionDesignerSteps.enterQuestionName(String)?[0m
    ?[32mAnd ?[0m?[32mI click inside the question text editor?[0m                                                                                      ?[90m# QuestionDesignerSteps.clickInsideQuestionTextEditor()?[0m
    ?[32mAnd ?[0m?[32mI click Response Area button to open the dialog and assert that the Choose Question Type page is visible?[0m                     ?[90m# QuestionDesignerSteps.clickInsertResponseAreaButton()?[0m
    ?[32mWhen ?[0m?[32mI choose "?[0m?[32m?[1mNumeric?[0m?[32m" link from the dialog and complete the correct answer?[0m                                                     ?[90m# QuestionDesignerSteps.chooseTypeAndCompleteCorrectAnswer(String)?[0m
    ?[32mAnd ?[0m?[32mI click OK?[0m                                                                                                                   ?[90m# QuestionDesignerSteps.clickResponseDialogOkButton()?[0m
    ?[32mThen ?[0m?[32mI see the "?[0m?[32m?[1mNumeric with Units?[0m?[32m" Question Widget in the question text section?[0m                                                 ?[90m# QuestionDesignerSteps.assertQuestionWidgetIsInserted(String)?[0m
    ?[32mAnd ?[0m?[32mI click Response Area button to open the dialog and assert that the Choose Question Type page is visible?[0m                     ?[90m# QuestionDesignerSteps.clickInsertResponseAreaButton()?[0m
    ?[32mWhen ?[0m?[32mI choose "?[0m?[32m?[1mMath App?[0m?[32m" link from the dialog and complete the correct answer?[0m                                                    ?[90m# QuestionDesignerSteps.chooseTypeAndCompleteCorrectAnswer(String)?[0m
    ?[32mAnd ?[0m?[32mI click OK?[0m                                                                                                                   ?[90m# QuestionDesignerSteps.clickResponseDialogOkButton()?[0m
    ?[32mThen ?[0m?[32mI see the "?[0m?[32m?[1mMath App?[0m?[32m" Question Widget in the question text section?[0m                                                           ?[90m# QuestionDesignerSteps.assertQuestionWidgetIsInserted(String)?[0m
    ?[32mAnd ?[0m?[32mI click the question designer Save & Close button?[0m                                                                            ?[90m# QuestionDesignerSteps.clickSaveAndCloseButton()?[0m
    ?[32mWhen ?[0m?[32mI choose creating new question/Text from the main dropdown button?[0m                                                           ?[90m# ContentRepositorySteps.chooseCreatingNewQuestionFromMainDropdownButton()?[0m
    ?[32mThen ?[0m?[32mQuestion Designer is opened?[0m                                                                                                 ?[90m# QuestionDesignerSteps.assertQuestionDesignerPageIsOpened()?[0m
    ?[32mWhen ?[0m?[32mI enter valid information for the question name as "?[0m?[32m?[1mOne more test question?[0m?[32m"?[0m                                                 ?[90m# QuestionDesignerSteps.enterQuestionName(String)?[0m
    ?[32mAnd ?[0m?[32mI click inside the question text editor?[0m                                                                                      ?[90m# QuestionDesignerSteps.clickInsideQuestionTextEditor()?[0m
    ?[32mAnd ?[0m?[32mI click Response Area button to open the dialog and assert that the Choose Question Type page is visible?[0m                     ?[90m# QuestionDesignerSteps.clickInsertResponseAreaButton()?[0m
    ?[32mWhen ?[0m?[32mI choose "?[0m?[32m?[1mMathematical Formula?[0m?[32m" link from the dialog and complete the correct answer?[0m                                        ?[90m# QuestionDesignerSteps.chooseTypeAndCompleteCorrectAnswer(String)?[0m
    ?[32mAnd ?[0m?[32mI click OK?[0m                                                                                                                   ?[90m# QuestionDesignerSteps.clickResponseDialogOkButton()?[0m
    ?[32mThen ?[0m?[32mI see the "?[0m?[32m?[1mMathematical Formula?[0m?[32m" Question Widget in the question text section?[0m                                               ?[90m# QuestionDesignerSteps.assertQuestionWidgetIsInserted(String)?[0m
    ?[32mAnd ?[0m?[32mI click the question designer Save & Close button?[0m                                                                            ?[90m# QuestionDesignerSteps.clickSaveAndCloseButton()?[0m
    ?[32mWhen ?[0m?[32mI choose creating new assignment in "?[0m?[32m?[1mStudent Readiness?[0m?[32m" unit from the main dropdown button?[0m                                  ?[90m# ContentRepositorySteps.chooseCreatingNewAssignmentFromMainDropdownButton(String)?[0m
    ?[32mThen ?[0m?[32mAssignment Editor is opened?[0m                                                                                                 ?[90m# AssignmentEditorDetailsSteps.assertAssignmentEditorPageIsOpened()?[0m
    ?[32mWhen ?[0m?[32menter Assignment name "?[0m?[32m?[1mTest Assignment with Questions?[0m?[32m"?[0m                                                                      ?[90m# AssignmentEditorDetailsSteps.enterAssignmentName(String)?[0m
    ?[32mAnd ?[0m?[32mI click on the questions tab?[0m                                                                                                 ?[90m# AssignmentEditorDetailsSteps.clickQuestionsTab()?[0m
    ?[32mAnd ?[0m?[32mI click the import question button?[0m                                                                                           ?[90m# AssignmentEditorQuestionSteps.importQuestion()?[0m
    ?[32mWhen ?[0m?[32mI click on "Questions"?[0m                                                                                                      ?[90m# ContentRepositorySteps.clickOnQuestions()?[0m
    ?[32mAnd ?[0m?[32mI select the question "?[0m?[32m?[1mA test question with inline MathApp?[0m?[32m"?[0m                                                                  ?[90m# AssignmentEditorQuestionSteps.selectQuestion(String)?[0m
    ?[32mAnd ?[0m?[32mI click Import Questions in the Import Questions dialog?[0m                                                                      ?[90m# AssignmentEditorQuestionSteps.doImportQuestions()?[0m
    ?[32mWhen ?[0m?[32mI choose to import questions from the Add dropdown button?[0m                                                                   ?[90m# AssignmentEditorQuestionSteps.importQuestionFromAddDropdownButton()?[0m
    ?[32mThen ?[0m?[32mThe import questions dialog appears?[0m                                                                                         ?[90m# AssignmentEditorQuestionSteps.assertImportQuestionsVisible()?[0m
    ?[32mWhen ?[0m?[32mI click on "Questions"?[0m                                                                                                      ?[90m# ContentRepositorySteps.clickOnQuestions()?[0m
    ?[32mAnd ?[0m?[32mI select the question "?[0m?[32m?[1mOne more test question?[0m?[32m"?[0m                                                                               ?[90m# AssignmentEditorQuestionSteps.selectQuestion(String)?[0m
    ?[32mAnd ?[0m?[32mI click Import Questions in the Import Questions dialog?[0m                                                                      ?[90m# AssignmentEditorQuestionSteps.doImportQuestions()?[0m
    ?[32mThen ?[0m?[32mverify the question caption text is "?[0m?[32m?[1mOne more test question?[0m?[32m"?[0m                                                                ?[90m# AssignmentEditorQuestionSteps.assertSavedQuestionName(String)?[0m
    ?[32mWhen ?[0m?[32mI save & close the assignment on the questions page?[0m                                                                         ?[90m# AssignmentEditorQuestionSteps.saveAndCloseAssignment()?[0m
    ?[32mThen ?[0m?[32mI see summary of the assignment?[0m                                                                                             ?[90m# AssignmentEditorDetailsSteps.assertAssignmentSummaryShown()?[0m
    ?[32mWhen ?[0m?[32mI save and close the assignment summary details?[0m                                                                             ?[90m# AssignmentEditorDetailsSteps.saveAndCloseAssignmentSummary()?[0m
    ?[32mThen ?[0m?[32mthe new assignment "?[0m?[32m?[1mTest Assignment with Questions?[0m?[32m" is visible in its own expanded column?[0m                                   ?[90m# ContentRepositorySteps.assertNamedAssignmentColumnIsExpanded(String)?[0m
    ?[32mAnd ?[0m?[32mit is named as "?[0m?[32m?[1mTest Assignment with Questions?[0m?[32m" in "?[0m?[32m?[1mStudent Readiness?[0m?[32m" column?[0m                                                ?[90m# ContentRepositorySteps.assertAssignmentIsCreated(String,String)?[0m
    ?[32mWhen ?[0m?[32mI navigate to the System Homepage?[0m                                                                                           ?[90m# SystemHomepageSteps.navigateToSystemHomepage()?[0m
    ?[32mAnd ?[0m?[32mI navigate to the System Settings page?[0m                                                                                       ?[90m# SystemSettingsSteps.navigateToSystemSettingsPage()?[0m
    ?[32mThen ?[0m?[32mI change the Math App engine selection to "?[0m?[32m?[1mDisable?[0m?[32m"?[0m                                                                         ?[90m# SystemSettingsSteps.selectMathAppEngine(String)?[0m
    ?[32mAnd ?[0m?[32mI submit the changes to System Settings?[0m                                                                                      ?[90m# SystemSettingsSteps.submitChanges()?[0m
    ?[32mAnd ?[0m?[32mThe changes to System Settings were successfully saved.?[0m                                                                      ?[90m# SystemSettingsSteps.assertChangesSaved()?[0m
    ?[32mWhen ?[0m?[32mI navigate to the System Homepage?[0m                                                                                           ?[90m# SystemHomepageSteps.navigateToSystemHomepage()?[0m
    ?[32mAnd ?[0m?[32mI am on "Class Homepage" page of "?[0m?[32m?[1mDemonstration Class?[0m?[32m" class?[0m                                                                 ?[90m# ClassHomepageSteps.navigateToClassHomepage(String)?[0m
    ?[32mAnd ?[0m?[32mI start the "?[0m?[32m?[1mTest Assignment with Questions?[0m?[32m" assignment in "?[0m?[32m?[1mStudent Readiness?[0m?[32m" unit?[0m                                          ?[90m# ClassHomepageSteps.openAssignment(String,String)?[0m
    ?[32mThen ?[0m?[32mI see the error message "?[0m?[32m?[1mUnable to connect to the MapleNet server.?[0m?[32m"?[0m                                                         ?[90m# MapleTAAssignmentSteps.assertErrorMessageVisible(String)?[0m
    ?[32mWhen ?[0m?[32mI use "?[0m?[32m?[1mNext?[0m?[32m" button to navigate to "?[0m?[32m?[1mQuestion 2?[0m?[32m"?[0m                                                                             ?[90m# MapleTAAssignmentSteps.navigateToQuestion(String,String)?[0m
    ?[32mThen ?[0m?[32mI assert that the ?[0m?[32m?[1mMathematical Formula?[0m?[32m question is rendered properly?[0m                                                        ?[90m# QuestionPreviewSteps.assertQuestionRenderedCorrectly(String)?[0m
    ?[32mWhen ?[0m?[32mI use "?[0m?[32m?[1mBack?[0m?[32m" button to navigate to "?[0m?[32m?[1mQuestion 1?[0m?[32m"?[0m                                                                             ?[90m# MapleTAAssignmentSteps.navigateToQuestion(String,String)?[0m
    ?[32mThen ?[0m?[32mI see the error message "?[0m?[32m?[1mUnable to connect to the MapleNet server.?[0m?[32m"?[0m                                                         ?[90m# MapleTAAssignmentSteps.assertErrorMessageVisible(String)?[0m
    ?[32mThen ?[0m?[32mI save and quit the lesson?[0m                                                                                                  ?[90m# LessonSteps.submitLesson()?[0m
    ?[32mAnd ?[0m?[32mI am on the Class Homepage?[0m                                                                                                   ?[90m# ClassHomepageSteps.assertClassHomepage()?[0m
Feature: Create a new Assignment with a question and change its entry mode

  Background:                                                      ?[90m# assignment/CreateAssignmentAndChangeEntryMode.feature:3?[0m
    # Should be logged in as qa/qatest
    ?[32mGiven ?[0m?[32mI am logged in as the default administrator?[0m              ?[90m# LoginSteps.logInAsAdministrator()?[0m
    ?[32mAnd ?[0m?[32mI am on the Content Repository page of ?[0m?[32m?[1mDemonstration Class?[0m ?[90m# ContentRepositorySteps.navigateToContentRepositoryOfClass(String)?[0m

  Background:                                                      ?[90m# assignment/CreateAssignmentAndChangeEntryMode.feature:3?[0m
    # Should be logged in as qa/qatest
    ?[32mGiven ?[0m?[32mI am logged in as the default administrator?[0m              ?[90m# LoginSteps.logInAsAdministrator()?[0m
    ?[32mAnd ?[0m?[32mI am on the Content Repository page of ?[0m?[32m?[1mDemonstration Class?[0m ?[90m# ContentRepositorySteps.navigateToContentRepositoryOfClass(String)?[0m

  Background:                                                      ?[90m# assignment/CreateAssignmentAndChangeEntryMode.feature:3?[0m
    # Should be logged in as qa/qatest
    ?[32mGiven ?[0m?[32mI am logged in as the default administrator?[0m              ?[90m# LoginSteps.logInAsAdministrator()?[0m
    ?[32mAnd ?[0m?[32mI am on the Content Repository page of ?[0m?[32m?[1mDemonstration Class?[0m ?[90m# ContentRepositorySteps.navigateToContentRepositoryOfClass(String)?[0m

  Scenario: Test that switching math entry mode to equation editor doesn't affect text-entry-only Math Formula questions                                     ?[90m# assignment/CreateAssignmentAndChangeEntryMode.feature:65?[0m
    ?[32mWhen ?[0m?[32mI choose creating new assignment in "?[0m?[32m?[1mStudent Readiness?[0m?[32m" unit from the main dropdown button?[0m                                                          ?[90m# ContentRepositorySteps.chooseCreatingNewAssignmentFromMainDropdownButton(String)?[0m
    ?[32mThen ?[0m?[32mAssignment Editor is opened?[0m                                                                                                                         ?[90m# AssignmentEditorDetailsSteps.assertAssignmentEditorPageIsOpened()?[0m
    ?[32mWhen ?[0m?[32menter Assignment name "?[0m?[32m?[1mFormula Entry Mode Assignment?[0m?[32m"?[0m                                                                                               ?[90m# AssignmentEditorDetailsSteps.enterAssignmentName(String)?[0m
    ?[32mAnd ?[0m?[32mI click on the questions tab?[0m                                                                                                                         ?[90m# AssignmentEditorDetailsSteps.clickQuestionsTab()?[0m
    ?[32mAnd ?[0m?[32mI click the new question button?[0m                                                                                                                      ?[90m# AssignmentEditorQuestionSteps.createQuestion()?[0m
    ?[32mAnd ?[0m?[32mI create question "?[0m?[32m?[1mEqe Entry Mode?[0m?[32m" with label "?[0m?[32m?[1mEqe Entry Mode Label?[0m?[32m"?[0m                                                                                 ?[90m# AssignmentEditorQuestionSteps.createQuestion(String,String)?[0m
    ?[32mAnd ?[0m?[32mI create a Mathematical Formula response area in the assignment question editor?[0m                                                                      ?[90m# AssignmentEditorQuestionSteps.createFormulaQuestionInQuestionEditor()?[0m
    ?[32mAnd ?[0m?[32mI save & close the new question in the assignment editor?[0m                                                                                             ?[90m# AssignmentEditorQuestionSteps.saveAndCloseNewQuestion()?[0m
    ?[32mThen ?[0m?[32mverify the question caption text is "?[0m?[32m?[1mEqe Entry Mode Label?[0m?[32m"?[0m                                                                                          ?[90m# AssignmentEditorQuestionSteps.assertSavedQuestionName(String)?[0m
    ?[32mWhen ?[0m?[32mI choose to create a new question from the Add dropdown button?[0m                                                                                      ?[90m# AssignmentEditorQuestionSteps.newQuestionFromAddDropdownButton()?[0m
    ?[32mAnd ?[0m?[32mI create question "?[0m?[32m?[1mText Entry Mode?[0m?[32m" with label "?[0m?[32m?[1mText Entry Mode Label?[0m?[32m"?[0m                                                                               ?[90m# AssignmentEditorQuestionSteps.createQuestion(String,String)?[0m
    ?[32mAnd ?[0m?[32mI create a Mathematical Formula response area in the assignment question editor with the sub-type set to "?[0m?[32m?[1mOrdered lists of formulas - e.g. 2x^3, 4x?[0m?[32m"?[0m ?[90m# AssignmentEditorQuestionSteps.createFormulaQuestionWithSubType(String)?[0m
    ?[32mAnd ?[0m?[32mI save & close the new question in the assignment editor?[0m                                                                                             ?[90m# AssignmentEditorQuestionSteps.saveAndCloseNewQuestion()?[0m
    ?[32mThen ?[0m?[32mverify the question caption text is "?[0m?[32m?[1mText Entry Mode Label?[0m?[32m"?[0m                                                                                         ?[90m# AssignmentEditorQuestionSteps.assertSavedQuestionName(String)?[0m
    ?[32mWhen ?[0m?[32mI save & close the assignment on the questions page?[0m                                                                                                 ?[90m# AssignmentEditorQuestionSteps.saveAndCloseAssignment()?[0m
    ?[32mThen ?[0m?[32mI see summary of the assignment?[0m                                                                                                                     ?[90m# AssignmentEditorDetailsSteps.assertAssignmentSummaryShown()?[0m
    ?[32mWhen ?[0m?[32mI save and close the assignment summary details?[0m                                                                                                     ?[90m# AssignmentEditorDetailsSteps.saveAndCloseAssignmentSummary()?[0m
    ?[32mThen ?[0m?[32mthe new assignment "?[0m?[32m?[1mFormula Entry Mode Assignment?[0m?[32m" is visible in its own expanded column?[0m                                                            ?[90m# ContentRepositorySteps.assertNamedAssignmentColumnIsExpanded(String)?[0m
    ?[32mWhen ?[0m?[32mI navigate to the System Homepage?[0m                                                                                                                   ?[90m# SystemHomepageSteps.navigateToSystemHomepage()?[0m
    ?[32mAnd ?[0m?[32mI am on "Class Homepage" page of "?[0m?[32m?[1mDemonstration Class?[0m?[32m" class?[0m                                                                                         ?[90m# ClassHomepageSteps.navigateToClassHomepage(String)?[0m
    ?[32mAnd ?[0m?[32mI launch the "?[0m?[32m?[1mFormula Entry Mode Assignment?[0m?[32m" assignment in "?[0m?[32m?[1mStudent Readiness?[0m?[32m" unit?[0m                                                                  ?[90m# ClassHomepageSteps.reopenAssignment(String,String)?[0m
    ?[32mWhen ?[0m?[32mI change the Mathematical Formula entry mode to Equation Editor?[0m                                                                                     ?[90m# MathmeticalFormulaElementSteps.changeFormulaEntryModeToEqe()?[0m
    ?[32mThen ?[0m?[32mI assert ?[0m?[32m?[1mtrue?[0m?[32m that the Mathematical Formula entry mode is Equation Editor?[0m                                                                           ?[90m# MathmeticalFormulaElementSteps.assertEntryMode(boolean)?[0m
    ?[32mWhen ?[0m?[32mI use "?[0m?[32m?[1mQuestion Menu?[0m?[32m" button to navigate to "?[0m?[32m?[1mQuestion 2?[0m?[32m"?[0m                                                                                            ?[90m# MapleTAAssignmentSteps.navigateToQuestion(String,String)?[0m
    ?[32mThen ?[0m?[32mI assert ?[0m?[32m?[1mfalse?[0m?[32m that the Mathematical Formula entry mode is Equation Editor?[0m                                                                          ?[90m# MathmeticalFormulaElementSteps.assertEntryMode(boolean)?[0m
    ?[32mWhen ?[0m?[32mI save and quit assignment to clear assignment state?[0m                                                                                                ?[90m# MapleTAAssignmentSteps.clearAssignmentState()?[0m
    ?[32mThen ?[0m?[32mI am on the Class Homepage?[0m                                                                                                                          ?[90m# ClassHomepageSteps.assertClassHomepage()?[0m
@Assignment @LoadingOverlay
Feature: Test assignment page loading

  Scenario: Create assignment with a question that loads slowly, ensure LoadingOverlay and ConfirmDialog shown on taking assignment ?[90m# assignment/PageLoading.feature:11?[0m
    ?[32mGiven ?[0m?[32mI am logged in as the default administrator?[0m                                                                               ?[90m# LoginSteps.logInAsAdministrator()?[0m
    ?[32mAnd ?[0m?[32mI am on the Content Repository page of ?[0m?[32m?[1mDemonstration Class?[0m                                                                  ?[90m# ContentRepositorySteps.navigateToContentRepositoryOfClass(String)?[0m
    #First, create a question that prevents the page from appearing to have finished loading
    ?[32mWhen ?[0m?[32mI choose creating new question/Text from the main dropdown button?[0m                                                          ?[90m# ContentRepositorySteps.chooseCreatingNewQuestionFromMainDropdownButton()?[0m
    ?[32mAnd ?[0m?[32mQuestion Designer is opened?[0m                                                                                                 ?[90m# QuestionDesignerSteps.assertQuestionDesignerPageIsOpened()?[0m
    ?[32mAnd ?[0m?[32mI enter valid information for the question name as "?[0m?[32m?[1mSet pageFullyLoaded to false for 45 seconds?[0m?[32m"?[0m                            ?[90m# QuestionDesignerSteps.enterQuestionName(String)?[0m
    ?[32mAnd ?[0m?[32mI click inside the question text editor?[0m                                                                                     ?[90m# QuestionDesignerSteps.clickInsideQuestionTextEditor()?[0m
    ?[32mAnd ?[0m?[32mI click Response Area button to open the dialog and assert that the Choose Question Type page is visible?[0m                    ?[90m# QuestionDesignerSteps.clickInsertResponseAreaButton()?[0m
    ?[32mAnd ?[0m?[32mI choose "?[0m?[32m?[1mMathematical Formula?[0m?[32m" link from the dialog and complete the correct answer?[0m                                        ?[90m# QuestionDesignerSteps.chooseTypeAndCompleteCorrectAnswer(String)?[0m
    ?[32mAnd ?[0m?[32mI click OK?[0m                                                                                                                  ?[90m# QuestionDesignerSteps.clickResponseDialogOkButton()?[0m
    ?[32mThen ?[0m?[32mI see the "?[0m?[32m?[1mMathematical Formula?[0m?[32m" Question Widget in the question text section?[0m                                              ?[90m# QuestionDesignerSteps.assertQuestionWidgetIsInserted(String)?[0m
    ?[32mWhen ?[0m?[32mI click the Source button?[0m                                                                                                  ?[90m# QuestionDesignerSteps.clickSourceButton()?[0m
    ?[32mAnd ?[0m?[32mI click inside the Source editor?[0m                                                                                            ?[90m# QuestionDesignerSteps.clickInsideSourceEditor()?[0m
    ?[32mAnd ?[0m?[32mI add a script tag that sets pageFullyLoaded to false for "?[0m?[32m?[1m45?[0m?[32m" seconds?[0m                                                      ?[90m# PageLoadingSteps.addDelayScript(String)?[0m
    ?[32mAnd ?[0m?[32mI click the question designer Save & Close button?[0m                                                                           ?[90m# QuestionDesignerSteps.clickSaveAndCloseButton()?[0m
    #Second, create an assignment with this question
    ?[32mWhen ?[0m?[32mI choose creating new assignment in "?[0m?[32m?[1mStudent Readiness?[0m?[32m" unit from the main dropdown button?[0m                                 ?[90m# ContentRepositorySteps.chooseCreatingNewAssignmentFromMainDropdownButton(String)?[0m
    ?[32mThen ?[0m?[32mAssignment Editor is opened?[0m                                                                                                ?[90m# AssignmentEditorDetailsSteps.assertAssignmentEditorPageIsOpened()?[0m
    ?[32mWhen ?[0m?[32menter Assignment name "?[0m?[32m?[1mSlow Loading Assignment?[0m?[32m"?[0m                                                                            ?[90m# AssignmentEditorDetailsSteps.enterAssignmentName(String)?[0m
    ?[32mAnd ?[0m?[32mI click on the questions tab?[0m                                                                                                ?[90m# AssignmentEditorDetailsSteps.clickQuestionsTab()?[0m
    ?[32mAnd ?[0m?[32mI click the import question button?[0m                                                                                          ?[90m# AssignmentEditorQuestionSteps.importQuestion()?[0m
    ?[32mThen ?[0m?[32mThe import questions dialog appears?[0m                                                                                        ?[90m# AssignmentEditorQuestionSteps.assertImportQuestionsVisible()?[0m
    ?[32mWhen ?[0m?[32mI click on "Questions"?[0m                                                                                                     ?[90m# ContentRepositorySteps.clickOnQuestions()?[0m
    ?[32mAnd ?[0m?[32mI select the question "?[0m?[32m?[1mSet pageFullyLoaded to false for 45 seconds?[0m?[32m"?[0m                                                         ?[90m# AssignmentEditorQuestionSteps.selectQuestion(String)?[0m
    ?[32mAnd ?[0m?[32mI click Import Questions in the Import Questions dialog?[0m                                                                     ?[90m# AssignmentEditorQuestionSteps.doImportQuestions()?[0m
    ?[32mAnd ?[0m?[32mI save & close the assignment on the questions page?[0m                                                                         ?[90m# AssignmentEditorQuestionSteps.saveAndCloseAssignment()?[0m
    ?[32mThen ?[0m?[32mI see summary of the assignment?[0m                                                                                            ?[90m# AssignmentEditorDetailsSteps.assertAssignmentSummaryShown()?[0m
    ?[32mAnd ?[0m?[32mI save and close the assignment summary details?[0m                                                                             ?[90m# AssignmentEditorDetailsSteps.saveAndCloseAssignmentSummary()?[0m
    ?[32mWhen ?[0m?[32mI click the breadcrumb to return to the class homepage?[0m                                                                     ?[90m# PageLoadingSteps.returnToClassHomepage()?[0m
    ?[32mAnd ?[0m?[32m"?[0m?[32m?[1mSlow Loading Assignment?[0m?[32m" assignment in "?[0m?[32m?[1mStudent Readiness?[0m?[32m" unit is opened?[0m                                                  ?[90m# ClassHomepageSteps.openAssignment(String,String)?[0m
    ?[32mAnd ?[0m?[32mI wait for "?[0m?[32m?[1m6?[0m?[32m" seconds?[0m                                                                                                      ?[90m# PageLoadingSteps.waitForSpecifiedTime(String)?[0m
    ?[32mThen ?[0m?[32mthe loading overlay is displayed?[0m                                                                                           ?[90m# PageLoadingSteps.assertLoadingOverlayDisplayed()?[0m
    ?[32mWhen ?[0m?[32mI wait for "?[0m?[32m?[1m24?[0m?[32m" seconds?[0m                                                                                                    ?[90m# PageLoadingSteps.waitForSpecifiedTime(String)?[0m
    ?[32mThen ?[0m?[32mthe slow loading page dialog is visible?[0m                                                                                    ?[90m# PageLoadingSteps.assertSlowLoadingDialogVisible()?[0m
Feature: Verify behaviour of the restrict feedback feature

  Background:                                                      ?[90m# assignment/RestrictedFeedback.feature:3?[0m
    # Should be logged in as qa/qatest
    ?[32mGiven ?[0m?[32mI am logged in as the default administrator?[0m              ?[90m# LoginSteps.logInAsAdministrator()?[0m
    ?[32mAnd ?[0m?[32mI am on the Content Repository page of ?[0m?[32m?[1mDemonstration Class?[0m ?[90m# ContentRepositorySteps.navigateToContentRepositoryOfClass(String)?[0m

  Background:                                                      ?[90m# assignment/RestrictedFeedback.feature:3?[0m
    # Should be logged in as qa/qatest
    ?[32mGiven ?[0m?[32mI am logged in as the default administrator?[0m              ?[90m# LoginSteps.logInAsAdministrator()?[0m
    ?[32mAnd ?[0m?[32mI am on the Content Repository page of ?[0m?[32m?[1mDemonstration Class?[0m ?[90m# ContentRepositorySteps.navigateToContentRepositoryOfClass(String)?[0m

  Background:                                                      ?[90m# assignment/RestrictedFeedback.feature:3?[0m
    # Should be logged in as qa/qatest
    ?[32mGiven ?[0m?[32mI am logged in as the default administrator?[0m              ?[90m# LoginSteps.logInAsAdministrator()?[0m
    ?[32mAnd ?[0m?[32mI am on the Content Repository page of ?[0m?[32m?[1mDemonstration Class?[0m ?[90m# ContentRepositorySteps.navigateToContentRepositoryOfClass(String)?[0m

  Scenario: Restrict feedback date is in the future, view details page should forward to error                               ?[90m# assignment/RestrictedFeedback.feature:96?[0m
    # Create an assignment to use
    ?[32mWhen ?[0m?[32mI choose creating new assignment in "?[0m?[32m?[1mStudent Readiness?[0m?[32m" unit from the main dropdown button?[0m                          ?[90m# ContentRepositorySteps.chooseCreatingNewAssignmentFromMainDropdownButton(String)?[0m
    ?[32mThen ?[0m?[32mAssignment Editor is opened?[0m                                                                                         ?[90m# AssignmentEditorDetailsSteps.assertAssignmentEditorPageIsOpened()?[0m
    ?[32mWhen ?[0m?[32menter Assignment name "?[0m?[32m?[1mRestricted Feedback 3?[0m?[32m"?[0m                                                                       ?[90m# AssignmentEditorDetailsSteps.enterAssignmentName(String)?[0m
    ?[32mWhen ?[0m?[32mI click on the questions tab?[0m                                                                                        ?[90m# AssignmentEditorDetailsSteps.clickQuestionsTab()?[0m
    ?[32mAnd ?[0m?[32mI click the new question button?[0m                                                                                      ?[90m# AssignmentEditorQuestionSteps.createQuestion()?[0m
    ?[32mAnd ?[0m?[32mI click Response Area button to open the dialog and assert that the Choose Question Type page is visible?[0m             ?[90m# QuestionDesignerSteps.clickInsertResponseAreaButton()?[0m
    ?[32mWhen ?[0m?[32mI choose "?[0m?[32m?[1mMathematical Formula?[0m?[32m" link from the dialog and complete the correct answer?[0m                                ?[90m# QuestionDesignerSteps.chooseTypeAndCompleteCorrectAnswer(String)?[0m
    ?[32mAnd ?[0m?[32mI click OK?[0m                                                                                                           ?[90m# QuestionDesignerSteps.clickResponseDialogOkButton()?[0m
    ?[32mThen ?[0m?[32mI see the "?[0m?[32m?[1mMathematical Formula?[0m?[32m" Question Widget in the question text section?[0m                                       ?[90m# QuestionDesignerSteps.assertQuestionWidgetIsInserted(String)?[0m
    ?[32mAnd ?[0m?[32mI save & close the new question in the assignment editor?[0m                                                             ?[90m# AssignmentEditorQuestionSteps.saveAndCloseNewQuestion()?[0m
    ?[32mWhen ?[0m?[32mI click on the set policies tab?[0m                                                                                     ?[90m# AssignmentEditorPropertiesSteps.clickSetPoliciesTab()?[0m
    ?[32mThen ?[0m?[32mI am on the Policy Editor?[0m                                                                                           ?[90m# AssignmentEditorPropertiesSteps.assertOnPolicyEditor()?[0m
    ?[32mWhen ?[0m?[32mI click on the calendar icon next to the "?[0m?[32m?[1mRestrict Feedback Until?[0m?[32m" policy?[0m                                           ?[90m# AssignmentEditorPropertiesSteps.clickCalendarIcon(String)?[0m
    ?[32mThen ?[0m?[32mI see the date picker?[0m                                                                                               ?[90m# DatePickerSteps.assertDatePickerVisible()?[0m
    ?[32mWhen ?[0m?[32mI click the next month button?[0m                                                                                       ?[90m# DatePickerSteps.clickNextMonth()?[0m
    ?[32mAnd ?[0m?[32mI click to close the date picker?[0m                                                                                     ?[90m# DatePickerSteps.closeDatePicker()?[0m
    ?[32mThen ?[0m?[32mI see that the Restrict Feedback Until checkbox is set to ?[0m?[32m?[1mtrue?[0m                                                      ?[90m# AssignmentEditorPropertiesSteps.assertRestrictFeedbackUntilState(boolean)?[0m
    ?[32mWhen ?[0m?[32mI save & close the assignment on the policies page?[0m                                                                  ?[90m# AssignmentEditorPropertiesSteps.saveAndCloseAssignment()?[0m
    ?[32mThen ?[0m?[32mI see summary of the assignment?[0m                                                                                     ?[90m# AssignmentEditorDetailsSteps.assertAssignmentSummaryShown()?[0m
    ?[32mWhen ?[0m?[32mI save and close the assignment summary details?[0m                                                                     ?[90m# AssignmentEditorDetailsSteps.saveAndCloseAssignmentSummary()?[0m
    ?[32mThen ?[0m?[32mthe new assignment "?[0m?[32m?[1mRestricted Feedback 3?[0m?[32m" is visible in its own expanded column?[0m                                    ?[90m# ContentRepositorySteps.assertNamedAssignmentColumnIsExpanded(String)?[0m
    # Take the assignment
    ?[32mWhen ?[0m?[32mI navigate to the System Homepage?[0m                                                                                   ?[90m# SystemHomepageSteps.navigateToSystemHomepage()?[0m
    ?[32mAnd ?[0m?[32mI am on "Class Homepage" page of "?[0m?[32m?[1mDemonstration Class?[0m?[32m" class?[0m                                                         ?[90m# ClassHomepageSteps.navigateToClassHomepage(String)?[0m
    ?[32mThen ?[0m?[32mI launch the "?[0m?[32m?[1mRestricted Feedback 3?[0m?[32m" assignment in "?[0m?[32m?[1mStudent Readiness?[0m?[32m" unit?[0m                                         ?[90m# ClassHomepageSteps.reopenAssignment(String,String)?[0m
    ?[32mWhen ?[0m?[32mI submit the assignment?[0m                                                                                             ?[90m# MapleTAAssignmentSteps.submitAssignment()?[0m
    ?[32mThen ?[0m?[32mI see the submission report with warning text "?[0m?[32m?[1mWarning: There appears to be errors in one or more of your answers.?[0m?[32m"?[0m ?[90m# MapleTAAssignmentSteps.assertSubmissionReportWarningMessage(String)?[0m
    ?[32mWhen ?[0m?[32mI submit the assignment again?[0m                                                                                       ?[90m# MapleTAAssignmentSteps.submitAssignment()?[0m
    ?[32mThen ?[0m?[32mmy score ?[0m?[32m?[1m0?[0m?[32m out of ?[0m?[32m?[1m1?[0m?[32m (?[0m?[32m?[1m0?[0m?[32m %) is shown in a grade report?[0m                                                                ?[90m# MapleTAAssignmentSteps.assertScore(String,String,String)?[0m
    ?[32mWhen ?[0m?[32mI change the URL to view the details page?[0m                                                                           ?[90m# MapleTAAssignmentSteps.viewDetailsViaUrl()?[0m
    ?[32mThen ?[0m?[32mI am on the error page?[0m                                                                                              ?[90m# ErrorSteps.asserterrorPage()?[0m
@Assignment @Question @Smoke
Feature: Student Readiness Test Assignment

  Background:                                                                       ?[90m# assignment/StudentReadinessTest.feature:4?[0m
    ?[32mGiven ?[0m?[32mI am logged in as the default administrator?[0m                               ?[90m# LoginSteps.logInAsAdministrator()?[0m
    ?[32mAnd ?[0m?[32mI am on "Class Homepage" page of "?[0m?[32m?[1mDemonstration Class?[0m?[32m" class?[0m                ?[90m# ClassHomepageSteps.navigateToClassHomepage(String)?[0m
    ?[32mAnd ?[0m?[32m"?[0m?[32m?[1mStudent Readiness Test?[0m?[32m" assignment in "?[0m?[32m?[1mStudent Readiness?[0m?[32m" unit is opened?[0m   ?[90m# ClassHomepageSteps.openAssignment(String,String)?[0m
    ?[32mAnd ?[0m?[32mthe content of "?[0m?[32m?[1mQuestion 1?[0m?[32m" with title "?[0m?[32m?[1mAssignment Navigation?[0m?[32m" is displayed?[0m ?[90m# MapleTAAssignmentSteps.assertQuestionTitle(String,String)?[0m

  Background:                                                                       ?[90m# assignment/StudentReadinessTest.feature:4?[0m
    ?[32mGiven ?[0m?[32mI am logged in as the default administrator?[0m                               ?[90m# LoginSteps.logInAsAdministrator()?[0m
    ?[32mAnd ?[0m?[32mI am on "Class Homepage" page of "?[0m?[32m?[1mDemonstration Class?[0m?[32m" class?[0m                ?[90m# ClassHomepageSteps.navigateToClassHomepage(String)?[0m
    ?[32mAnd ?[0m?[32m"?[0m?[32m?[1mStudent Readiness Test?[0m?[32m" assignment in "?[0m?[32m?[1mStudent Readiness?[0m?[32m" unit is opened?[0m   ?[90m# ClassHomepageSteps.openAssignment(String,String)?[0m
    ?[32mAnd ?[0m?[32mthe content of "?[0m?[32m?[1mQuestion 1?[0m?[32m" with title "?[0m?[32m?[1mAssignment Navigation?[0m?[32m" is displayed?[0m ?[90m# MapleTAAssignmentSteps.assertQuestionTitle(String,String)?[0m

  Background:                                                                       ?[90m# assignment/StudentReadinessTest.feature:4?[0m
    ?[32mGiven ?[0m?[32mI am logged in as the default administrator?[0m                               ?[90m# LoginSteps.logInAsAdministrator()?[0m
    ?[32mAnd ?[0m?[32mI am on "Class Homepage" page of "?[0m?[32m?[1mDemonstration Class?[0m?[32m" class?[0m                ?[90m# ClassHomepageSteps.navigateToClassHomepage(String)?[0m
    ?[32mAnd ?[0m?[32m"?[0m?[32m?[1mStudent Readiness Test?[0m?[32m" assignment in "?[0m?[32m?[1mStudent Readiness?[0m?[32m" unit is opened?[0m   ?[90m# ClassHomepageSteps.openAssignment(String,String)?[0m
    ?[32mAnd ?[0m?[32mthe content of "?[0m?[32m?[1mQuestion 1?[0m?[32m" with title "?[0m?[32m?[1mAssignment Navigation?[0m?[32m" is displayed?[0m ?[90m# MapleTAAssignmentSteps.assertQuestionTitle(String,String)?[0m

  Background:                                                                       ?[90m# assignment/StudentReadinessTest.feature:4?[0m
    ?[32mGiven ?[0m?[32mI am logged in as the default administrator?[0m                               ?[90m# LoginSteps.logInAsAdministrator()?[0m
    ?[32mAnd ?[0m?[32mI am on "Class Homepage" page of "?[0m?[32m?[1mDemonstration Class?[0m?[32m" class?[0m                ?[90m# ClassHomepageSteps.navigateToClassHomepage(String)?[0m
    ?[32mAnd ?[0m?[32m"?[0m?[32m?[1mStudent Readiness Test?[0m?[32m" assignment in "?[0m?[32m?[1mStudent Readiness?[0m?[32m" unit is opened?[0m   ?[90m# ClassHomepageSteps.openAssignment(String,String)?[0m
    ?[32mAnd ?[0m?[32mthe content of "?[0m?[32m?[1mQuestion 1?[0m?[32m" with title "?[0m?[32m?[1mAssignment Navigation?[0m?[32m" is displayed?[0m ?[90m# MapleTAAssignmentSteps.assertQuestionTitle(String,String)?[0m

  Background:                                                                       ?[90m# assignment/StudentReadinessTest.feature:4?[0m
    ?[32mGiven ?[0m?[32mI am logged in as the default administrator?[0m                               ?[90m# LoginSteps.logInAsAdministrator()?[0m
    ?[32mAnd ?[0m?[32mI am on "Class Homepage" page of "?[0m?[32m?[1mDemonstration Class?[0m?[32m" class?[0m                ?[90m# ClassHomepageSteps.navigateToClassHomepage(String)?[0m
    ?[32mAnd ?[0m?[32m"?[0m?[32m?[1mStudent Readiness Test?[0m?[32m" assignment in "?[0m?[32m?[1mStudent Readiness?[0m?[32m" unit is opened?[0m   ?[90m# ClassHomepageSteps.openAssignment(String,String)?[0m
    ?[32mAnd ?[0m?[32mthe content of "?[0m?[32m?[1mQuestion 1?[0m?[32m" with title "?[0m?[32m?[1mAssignment Navigation?[0m?[32m" is displayed?[0m ?[90m# MapleTAAssignmentSteps.assertQuestionTitle(String,String)?[0m

  Background:                                                                       ?[90m# assignment/StudentReadinessTest.feature:4?[0m
    ?[32mGiven ?[0m?[32mI am logged in as the default administrator?[0m                               ?[90m# LoginSteps.logInAsAdministrator()?[0m
    ?[32mAnd ?[0m?[32mI am on "Class Homepage" page of "?[0m?[32m?[1mDemonstration Class?[0m?[32m" class?[0m                ?[90m# ClassHomepageSteps.navigateToClassHomepage(String)?[0m
    ?[32mAnd ?[0m?[32m"?[0m?[32m?[1mStudent Readiness Test?[0m?[32m" assignment in "?[0m?[32m?[1mStudent Readiness?[0m?[32m" unit is opened?[0m   ?[90m# ClassHomepageSteps.openAssignment(String,String)?[0m
    ?[32mAnd ?[0m?[32mthe content of "?[0m?[32m?[1mQuestion 1?[0m?[32m" with title "?[0m?[32m?[1mAssignment Navigation?[0m?[32m" is displayed?[0m ?[90m# MapleTAAssignmentSteps.assertQuestionTitle(String,String)?[0m

  @State @Save
  Scenario: State of the questions is saved when the user is re-logged in             ?[90m# assignment/StudentReadinessTest.feature:84?[0m
    ?[32mWhen ?[0m?[32mI give the right responses to questions 6-8?[0m                                  ?[90m# StudentReadinessTestSteps.respondToQuestionsSixToEightCorrectly()?[0m
    ?[32mAnd ?[0m?[32mquit and save the assignment?[0m                                                  ?[90m# MapleTAAssignmentSteps.quitAndSaveAssignment()?[0m
    ?[32mThen ?[0m?[32mI am on the Class Homepage?[0m                                                   ?[90m# ClassHomepageSteps.assertClassHomepage()?[0m
    ?[32mWhen ?[0m?[32mI re-login?[0m                                                                   ?[90m# LoginSteps.reLogIn()?[0m
    ?[32mAnd ?[0m?[32mI am on "Class Homepage" page of "?[0m?[32m?[1mDemonstration Class?[0m?[32m" class?[0m                  ?[90m# ClassHomepageSteps.navigateToClassHomepage(String)?[0m
    ?[32mAnd ?[0m?[32mI re-open the "?[0m?[32m?[1mStudent Readiness Test?[0m?[32m" assignment in "?[0m?[32m?[1mStudent Readiness?[0m?[32m" unit?[0m ?[90m# ClassHomepageSteps.reopenAssignment(String,String)?[0m
    ?[32mThen ?[0m?[32mthe right responses are saved?[0m                                                ?[90m# StudentReadinessTestSteps.assertRightResponsesOfQuestionsSixToEight()?[0m
    ?[32mWhen ?[0m?[32mI modify the given responses to be wrong?[0m                                     ?[90m# StudentReadinessTestSteps.respondToQuestionsSixToEightIncorrectly()?[0m
    ?[32mAnd ?[0m?[32mquit and save the assignment?[0m                                                  ?[90m# MapleTAAssignmentSteps.quitAndSaveAssignment()?[0m
    ?[32mThen ?[0m?[32mI am on the Class Homepage?[0m                                                   ?[90m# ClassHomepageSteps.assertClassHomepage()?[0m
    ?[32mWhen ?[0m?[32mI re-login?[0m                                                                   ?[90m# LoginSteps.reLogIn()?[0m
    ?[32mAnd ?[0m?[32mI am on "Class Homepage" page of "?[0m?[32m?[1mDemonstration Class?[0m?[32m" class?[0m                  ?[90m# ClassHomepageSteps.navigateToClassHomepage(String)?[0m
    ?[32mAnd ?[0m?[32mI re-open the "?[0m?[32m?[1mStudent Readiness Test?[0m?[32m" assignment in "?[0m?[32m?[1mStudent Readiness?[0m?[32m" unit?[0m ?[90m# ClassHomepageSteps.reopenAssignment(String,String)?[0m
    ?[32mThen ?[0m?[32mthe wrong responses are saved?[0m                                                ?[90m# StudentReadinessTestSteps.assertWrongResponsesOfQuestionsSixToEight()?[0m
    ?[32mAnd ?[0m?[32mI save and quit assignment to clear assignment state?[0m                          ?[90m# MapleTAAssignmentSteps.clearAssignmentState()?[0m
    ?[32mAnd ?[0m?[32mI am on the Class Homepage?[0m                                                    ?[90m# ClassHomepageSteps.assertClassHomepage()?[0m
Feature: Test Calendar Features

  Background:                                            ?[90m# calendar/Calendar.feature:2?[0m
    # Should be logged in as qa/qatest
    ?[32mGiven ?[0m?[32mI am logged in as the default administrator?[0m    ?[90m# LoginSteps.logInAsAdministrator()?[0m
    ?[32mAnd ?[0m?[32mI wait until the calendar has been loaded?[0m        ?[90m# CalendarSteps.waitUntilCalendarIsLoaded()?[0m
    ?[32mAnd ?[0m?[32mI clicked the calendar "?[0m?[32m?[1mmonth?[0m?[32m" view button?[0m       ?[90m# CalendarSteps.clickCalendarViewButton(String)?[0m
    ?[32mThen ?[0m?[32mI assert the calendar displays the "?[0m?[32m?[1mmonth?[0m?[32m" view?[0m ?[90m# CalendarSteps.assertCalendarViewIsVisible(String)?[0m

  Background:                                            ?[90m# calendar/Calendar.feature:2?[0m
    # Should be logged in as qa/qatest
    ?[32mGiven ?[0m?[32mI am logged in as the default administrator?[0m    ?[90m# LoginSteps.logInAsAdministrator()?[0m
    ?[32mAnd ?[0m?[32mI wait until the calendar has been loaded?[0m        ?[90m# CalendarSteps.waitUntilCalendarIsLoaded()?[0m
    ?[32mAnd ?[0m?[32mI clicked the calendar "?[0m?[32m?[1mmonth?[0m?[32m" view button?[0m       ?[90m# CalendarSteps.clickCalendarViewButton(String)?[0m
    ?[32mThen ?[0m?[32mI assert the calendar displays the "?[0m?[32m?[1mmonth?[0m?[32m" view?[0m ?[90m# CalendarSteps.assertCalendarViewIsVisible(String)?[0m

  Background:                                            ?[90m# calendar/Calendar.feature:2?[0m
    # Should be logged in as qa/qatest
    ?[32mGiven ?[0m?[32mI am logged in as the default administrator?[0m    ?[90m# LoginSteps.logInAsAdministrator()?[0m
    ?[32mAnd ?[0m?[32mI wait until the calendar has been loaded?[0m        ?[90m# CalendarSteps.waitUntilCalendarIsLoaded()?[0m
    ?[32mAnd ?[0m?[32mI clicked the calendar "?[0m?[32m?[1mmonth?[0m?[32m" view button?[0m       ?[90m# CalendarSteps.clickCalendarViewButton(String)?[0m
    ?[32mThen ?[0m?[32mI assert the calendar displays the "?[0m?[32m?[1mmonth?[0m?[32m" view?[0m ?[90m# CalendarSteps.assertCalendarViewIsVisible(String)?[0m

  Background:                                            ?[90m# calendar/Calendar.feature:2?[0m
    # Should be logged in as qa/qatest
    ?[32mGiven ?[0m?[32mI am logged in as the default administrator?[0m    ?[90m# LoginSteps.logInAsAdministrator()?[0m
    ?[32mAnd ?[0m?[32mI wait until the calendar has been loaded?[0m        ?[90m# CalendarSteps.waitUntilCalendarIsLoaded()?[0m
    ?[32mAnd ?[0m?[32mI clicked the calendar "?[0m?[32m?[1mmonth?[0m?[32m" view button?[0m       ?[90m# CalendarSteps.clickCalendarViewButton(String)?[0m
    ?[32mThen ?[0m?[32mI assert the calendar displays the "?[0m?[32m?[1mmonth?[0m?[32m" view?[0m ?[90m# CalendarSteps.assertCalendarViewIsVisible(String)?[0m

  Background:                                            ?[90m# calendar/Calendar.feature:2?[0m
    # Should be logged in as qa/qatest
    ?[32mGiven ?[0m?[32mI am logged in as the default administrator?[0m    ?[90m# LoginSteps.logInAsAdministrator()?[0m
    ?[32mAnd ?[0m?[32mI wait until the calendar has been loaded?[0m        ?[90m# CalendarSteps.waitUntilCalendarIsLoaded()?[0m
    ?[32mAnd ?[0m?[32mI clicked the calendar "?[0m?[32m?[1mmonth?[0m?[32m" view button?[0m       ?[90m# CalendarSteps.clickCalendarViewButton(String)?[0m
    ?[32mThen ?[0m?[32mI assert the calendar displays the "?[0m?[32m?[1mmonth?[0m?[32m" view?[0m ?[90m# CalendarSteps.assertCalendarViewIsVisible(String)?[0m

  Scenario: Create an event with a cross-site scripting attack                                                                                                  ?[90m# calendar/Calendar.feature:50?[0m
    ?[32mGiven ?[0m?[32mI create an all day private calendar event "?[0m?[32m?[1mchvoy<script>alert(1)</script>umjrce2psz3?[0m?[32m" with a description "?[0m?[32m?[1mchvoy<script>alert(1)</script>umjrce2psz3?[0m?[32m"?[0m ?[90m# CalendarSteps.createPrivateCalendarEventWithDescription(String,String)?[0m
    # Maple TA Action hover is written this step will error upon an alert message
    ?[32mWhen ?[0m?[32mI hover over a calendar event "?[0m?[32m?[1mchvoy?[0m?[32m"?[0m                                                                                                                  ?[90m# CalendarSteps.hoverCalendarEvent(String)?[0m
    ?[32mThen ?[0m?[32mI do not see an alert with message "?[0m?[32m?[1m1?[0m?[32m"?[0m                                                                                                                 ?[90m# CalendarSteps.assertNoAlertMessage(String)?[0m
Feature: Edit a Class
  Edit a class with administrator role

  Background:                                         ?[90m# classes/EditClass.feature:4?[0m
    ?[32mGiven ?[0m?[32mI am logged in as the default administrator?[0m ?[90m# LoginSteps.logInAsAdministrator()?[0m

  # The datepicker for the Class Dates always opens to the current date.
  # We'll only provide a day of month (1-28) and pick days from the current month.
  # This way we can always compare against the current month/year.
  Scenario: Edit the Special Class Dates                              ?[90m# classes/EditClass.feature:10?[0m
    ?[32mWhen ?[0m?[32mI am on "Class Homepage" page of "?[0m?[32m?[1mDemonstration Class?[0m?[32m" class?[0m ?[90m# ClassHomepageSteps.navigateToClassHomepage(String)?[0m
    ?[32mThen ?[0m?[32mI go to the Class Info page?[0m                                  ?[90m# ClassHomepageSteps.navigateToClassInfoPage()?[0m
    ?[32mThen ?[0m?[32mI go to the Class Edit page?[0m                                  ?[90m# ClassInfoSteps.navigateToClassEditPage()?[0m
    ?[32mWhen ?[0m?[32mI choose the day "?[0m?[32m?[1m10?[0m?[32m" for the "?[0m?[32m?[1mClass Start Date?[0m?[32m"?[0m             ?[90m# EditClassInfoSteps.chooseClassDate(String,String)?[0m
    ?[32mThen ?[0m?[32mI assert the "?[0m?[32m?[1mClass Start Date?[0m?[32m" is "?[0m?[32m?[1m10?[0m?[32m"?[0m                      ?[90m# EditClassInfoSteps.assertClassDateCorrect(String,int)?[0m
    ?[32mWhen ?[0m?[32mI choose the day "?[0m?[32m?[1m2?[0m?[32m" for the "?[0m?[32m?[1mClass End Date?[0m?[32m"?[0m                ?[90m# EditClassInfoSteps.chooseClassDate(String,String)?[0m
    ?[32mThen ?[0m?[32mI assert the date error is present for the "?[0m?[32m?[1mClass End Date?[0m?[32m"?[0m  ?[90m# EditClassInfoSteps.assertClassDateError(String)?[0m
    ?[32mWhen ?[0m?[32mI choose the day "?[0m?[32m?[1m20?[0m?[32m" for the "?[0m?[32m?[1mClass End Date?[0m?[32m"?[0m               ?[90m# EditClassInfoSteps.chooseClassDate(String,String)?[0m
    ?[32mThen ?[0m?[32mI assert the "?[0m?[32m?[1mClass End Date?[0m?[32m" is "?[0m?[32m?[1m20?[0m?[32m"?[0m                        ?[90m# EditClassInfoSteps.assertClassDateCorrect(String,int)?[0m
    ?[32mThen ?[0m?[32mI click submit?[0m                                               ?[90m# EditClassInfoSteps.clickSubmit()?[0m
    ?[32mWhen ?[0m?[32mI navigate to the System Homepage?[0m                            ?[90m# SystemHomepageSteps.navigateToSystemHomepage()?[0m
    ?[32mWhen ?[0m?[32mI am on "Class Homepage" page of "?[0m?[32m?[1mDemonstration Class?[0m?[32m" class?[0m ?[90m# ClassHomepageSteps.navigateToClassHomepage(String)?[0m
    ?[32mWhen ?[0m?[32mI wait until the calendar has been loaded?[0m                    ?[90m# CalendarSteps.waitUntilCalendarIsLoaded()?[0m
    ?[32mThen ?[0m?[32mI clicked the calendar "?[0m?[32m?[1mmonth?[0m?[32m" view button?[0m                   ?[90m# CalendarSteps.clickCalendarViewButton(String)?[0m
    ?[32mThen ?[0m?[32mI assert the calendar displays the "?[0m?[32m?[1mmonth?[0m?[32m" view?[0m              ?[90m# CalendarSteps.assertCalendarViewIsVisible(String)?[0m
    ?[32mThen ?[0m?[32mI see a calendar event "?[0m?[32m?[1mClass Start?[0m?[32m"?[0m                         ?[90m# CalendarSteps.assertCalendarEvent(String)?[0m
    ?[32mThen ?[0m?[32mI see a calendar event "?[0m?[32m?[1mClass End?[0m?[32m"?[0m                           ?[90m# CalendarSteps.assertCalendarEvent(String)?[0m
    ?[32mThen ?[0m?[32mI go to the Class Info page?[0m                                  ?[90m# ClassHomepageSteps.navigateToClassInfoPage()?[0m
    ?[32mThen ?[0m?[32mI go to the Class Edit page?[0m                                  ?[90m# ClassInfoSteps.navigateToClassEditPage()?[0m
    ?[32mThen ?[0m?[32mI assert the "?[0m?[32m?[1mClass Start Date?[0m?[32m" is "?[0m?[32m?[1m10?[0m?[32m"?[0m                      ?[90m# EditClassInfoSteps.assertClassDateCorrect(String,int)?[0m
    ?[32mThen ?[0m?[32mI assert the "?[0m?[32m?[1mClass End Date?[0m?[32m" is "?[0m?[32m?[1m20?[0m?[32m"?[0m                        ?[90m# EditClassInfoSteps.assertClassDateCorrect(String,int)?[0m
    ?[32mThen ?[0m?[32mI clear the "?[0m?[32m?[1mClass Start Date?[0m?[32m" field?[0m                         ?[90m# EditClassInfoSteps.clearClassDateField(String)?[0m
    ?[32mThen ?[0m?[32mI assert the "?[0m?[32m?[1mClass Start Date?[0m?[32m" is empty?[0m                     ?[90m# EditClassInfoSteps.assertClassDateHiddenFieldEmpty(String)?[0m
    ?[32mThen ?[0m?[32mI clear the "?[0m?[32m?[1mClass End Date?[0m?[32m" field?[0m                           ?[90m# EditClassInfoSteps.clearClassDateField(String)?[0m
    ?[32mThen ?[0m?[32mI assert the "?[0m?[32m?[1mClass End Date?[0m?[32m" is empty?[0m                       ?[90m# EditClassInfoSteps.assertClassDateHiddenFieldEmpty(String)?[0m
    ?[32mThen ?[0m?[32mI click submit?[0m                                               ?[90m# EditClassInfoSteps.clickSubmit()?[0m
    ?[32mWhen ?[0m?[32mI navigate to the System Homepage?[0m                            ?[90m# SystemHomepageSteps.navigateToSystemHomepage()?[0m
    ?[32mWhen ?[0m?[32mI am on "Class Homepage" page of "?[0m?[32m?[1mDemonstration Class?[0m?[32m" class?[0m ?[90m# ClassHomepageSteps.navigateToClassHomepage(String)?[0m
    ?[32mWhen ?[0m?[32mI wait until the calendar has been loaded?[0m                    ?[90m# CalendarSteps.waitUntilCalendarIsLoaded()?[0m
    ?[32mThen ?[0m?[32mI clicked the calendar "?[0m?[32m?[1mmonth?[0m?[32m" view button?[0m                   ?[90m# CalendarSteps.clickCalendarViewButton(String)?[0m
    ?[32mThen ?[0m?[32mI assert the calendar displays the "?[0m?[32m?[1mmonth?[0m?[32m" view?[0m              ?[90m# CalendarSteps.assertCalendarViewIsVisible(String)?[0m
    ?[32mThen ?[0m?[32mI see no calendar event "?[0m?[32m?[1mClass Start?[0m?[32m"?[0m                        ?[90m# CalendarSteps.assertNoCalendarEvent(String)?[0m
    ?[32mThen ?[0m?[32mI see no calendar event "?[0m?[32m?[1mClass End?[0m?[32m"?[0m                          ?[90m# CalendarSteps.assertNoCalendarEvent(String)?[0m
    ?[32mThen ?[0m?[32mI go to the Class Info page?[0m                                  ?[90m# ClassHomepageSteps.navigateToClassInfoPage()?[0m
    ?[32mThen ?[0m?[32mI go to the Class Edit page?[0m                                  ?[90m# ClassInfoSteps.navigateToClassEditPage()?[0m
    ?[32mThen ?[0m?[32mI assert the "?[0m?[32m?[1mClass Start Date?[0m?[32m" is empty?[0m                     ?[90m# EditClassInfoSteps.assertClassDateHiddenFieldEmpty(String)?[0m
    ?[32mThen ?[0m?[32mI assert the "?[0m?[32m?[1mClass End Date?[0m?[32m" is empty?[0m                       ?[90m# EditClassInfoSteps.assertClassDateHiddenFieldEmpty(String)?[0m
Feature: Manage grades when viewing details of a test record in gradebook

  Background:                                         ?[90m# gradebook/ManageGradebookDetails.feature:3?[0m
    # Should be logged in as qa/qatest
    ?[32mGiven ?[0m?[32mI am logged in as the default administrator?[0m ?[90m# LoginSteps.logInAsAdministrator()?[0m

  Background:                                         ?[90m# gradebook/ManageGradebookDetails.feature:3?[0m
    # Should be logged in as qa/qatest
    ?[32mGiven ?[0m?[32mI am logged in as the default administrator?[0m ?[90m# LoginSteps.logInAsAdministrator()?[0m

  Background:                                         ?[90m# gradebook/ManageGradebookDetails.feature:3?[0m
    # Should be logged in as qa/qatest
    ?[32mGiven ?[0m?[32mI am logged in as the default administrator?[0m ?[90m# LoginSteps.logInAsAdministrator()?[0m

  Scenario: Verify Custom CSS is applied to question text and feedback in the gradebook              ?[90m# gradebook/ManageGradebookDetails.feature:195?[0m
    ?[32mWhen ?[0m?[32mI am on the Content Repository page of ?[0m?[32m?[1mDemonstration Class?[0m                                  ?[90m# ContentRepositorySteps.navigateToContentRepositoryOfClass(String)?[0m
    ?[32mAnd ?[0m?[32mI choose creating new assignment in "?[0m?[32m?[1mStudent Readiness?[0m?[32m" unit from the main dropdown button?[0m   ?[90m# ContentRepositorySteps.chooseCreatingNewAssignmentFromMainDropdownButton(String)?[0m
    ?[32mThen ?[0m?[32mAssignment Editor is opened?[0m                                                                 ?[90m# AssignmentEditorDetailsSteps.assertAssignmentEditorPageIsOpened()?[0m
    ?[32mWhen ?[0m?[32menter Assignment name "?[0m?[32m?[1mAssignment with Question Style 2?[0m?[32m"?[0m                                    ?[90m# AssignmentEditorDetailsSteps.enterAssignmentName(String)?[0m
    ?[32mWhen ?[0m?[32mI click on the questions tab?[0m                                                                ?[90m# AssignmentEditorDetailsSteps.clickQuestionsTab()?[0m
    ?[32mAnd ?[0m?[32mI click the new question button?[0m                                                              ?[90m# AssignmentEditorQuestionSteps.createQuestion()?[0m
    ?[32mAnd ?[0m?[32mI create question "?[0m?[32m?[1mCSS Question?[0m?[32m" with label "?[0m?[32m?[1mCSS Question Label?[0m?[32m"?[0m                             ?[90m# AssignmentEditorQuestionSteps.createQuestion(String,String)?[0m
    ?[32mAnd ?[0m?[32mI create a Mathematical Formula response area in the assignment question editor?[0m              ?[90m# AssignmentEditorQuestionSteps.createFormulaQuestionInQuestionEditor()?[0m
    ?[32mWhen ?[0m?[32mI click the "?[0m?[32m?[1mFeedback?[0m?[32m" button in the toolbar?[0m                                                ?[90m# AssignmentEditorQuestionSteps.clickToolbarButton(String)?[0m
    ?[32mThen ?[0m?[32mI see the feedback editor?[0m                                                                   ?[90m# AssignmentEditorQuestionSteps.assertFeedbackEditorVisible()?[0m
    ?[32mAnd ?[0m?[32mI enter "?[0m?[32m?[1mFeedback?[0m?[32m" in the feedback editor?[0m                                                    ?[90m# AssignmentEditorQuestionSteps.enterTextInFeedbackEditor(String)?[0m
    ?[32mWhen ?[0m?[32mI click the "?[0m?[32m?[1mCustom CSS?[0m?[32m" button in the toolbar?[0m                                              ?[90m# AssignmentEditorQuestionSteps.clickToolbarButton(String)?[0m
    ?[32mThen ?[0m?[32mI see the CSS editor?[0m                                                                        ?[90m# AssignmentEditorQuestionSteps.assertCssEditorVisible()?[0m
    ?[32mAnd ?[0m?[32mI enter "?[0m?[32m?[1mbody { background-color: red; }?[0m?[32m" in the CSS editor?[0m                                  ?[90m# AssignmentEditorQuestionSteps.enterTextInCssEditor(String)?[0m
    ?[32mWhen ?[0m?[32mI save & close the new question in the assignment editor?[0m                                    ?[90m# AssignmentEditorQuestionSteps.saveAndCloseNewQuestion()?[0m
    ?[32mThen ?[0m?[32mverify the question caption text is "?[0m?[32m?[1mCSS Question Label?[0m?[32m"?[0m                                    ?[90m# AssignmentEditorQuestionSteps.assertSavedQuestionName(String)?[0m
    ?[32mWhen ?[0m?[32mI save & close the assignment on the questions page?[0m                                         ?[90m# AssignmentEditorQuestionSteps.saveAndCloseAssignment()?[0m
    ?[32mThen ?[0m?[32mI see summary of the assignment?[0m                                                             ?[90m# AssignmentEditorDetailsSteps.assertAssignmentSummaryShown()?[0m
    ?[32mWhen ?[0m?[32mI save and close the assignment summary details?[0m                                             ?[90m# AssignmentEditorDetailsSteps.saveAndCloseAssignmentSummary()?[0m
    ?[32mThen ?[0m?[32mthe new assignment "?[0m?[32m?[1mAssignment with Question Style 2?[0m?[32m" is visible in its own expanded column?[0m ?[90m# ContentRepositorySteps.assertNamedAssignmentColumnIsExpanded(String)?[0m
    ?[32mWhen ?[0m?[32mI navigate to the System Homepage?[0m                                                           ?[90m# SystemHomepageSteps.navigateToSystemHomepage()?[0m
    ?[32mAnd ?[0m?[32mI am on "Class Homepage" page of "?[0m?[32m?[1mDemonstration Class?[0m?[32m" class?[0m                                 ?[90m# ClassHomepageSteps.navigateToClassHomepage(String)?[0m
    ?[32mWhen ?[0m?[32mI Turn on Mouse Visualization?[0m                                                               ?[90m# MobiusHooks.showMousePointer()?[0m
    ?[32mAnd ?[0m?[32mI launch the "?[0m?[32m?[1mAssignment with Question Style 2?[0m?[32m" assignment in "?[0m?[32m?[1mStudent Readiness?[0m?[32m" unit?[0m       ?[90m# ClassHomepageSteps.reopenAssignment(String,String)?[0m
    ?[32mWhen ?[0m?[32mI submit the assignment?[0m                                                                     ?[90m# MapleTAAssignmentSteps.submitAssignment()?[0m
    ?[32mAnd ?[0m?[32mI confirm to submit the assignment?[0m                                                           ?[90m# MapleTAAssignmentSteps.submitAssignment()?[0m
    ?[32mAnd ?[0m?[32mquit and save the assignment?[0m                                                                 ?[90m# MapleTAAssignmentSteps.quitAndSaveAssignment()?[0m
    ?[32mThen ?[0m?[32mI am on the Class Homepage?[0m                                                                  ?[90m# ClassHomepageSteps.assertClassHomepage()?[0m
    ?[32mWhen ?[0m?[32mI navigate to the "?[0m?[32m?[1mClass Grades?[0m?[32m" in "?[0m?[32m?[1mGradebook?[0m?[32m" of current class?[0m                            ?[90m# ClassHomepageSteps.navigateInClass(String,String)?[0m
    ?[32mThen ?[0m?[32mI am on the Class Grades page?[0m                                                               ?[90m# GradebookClassGradesSteps.waitForClassGradesPage()?[0m
    ?[32mWhen ?[0m?[32mI select in "Assignments" selection list?[0m                                                    ?[90m# GradebookClassGradesSteps.selectAssignments(String>)?[0m
    ?[32mAnd ?[0m?[32mI select "?[0m?[32m?[1mOther users with grades?[0m?[32m" in "List" selection list?[0m                                  ?[90m# GradebookClassGradesSteps.selectUser(String)?[0m
    ?[32mAnd ?[0m?[32mI put "?[0m?[32m?[1mqa?[0m?[32m" in the "User" input box?[0m                                                           ?[90m# GradebookClassGradesSteps.inputUserLogin(String)?[0m
    ?[32mAnd ?[0m?[32mI select "?[0m?[32m?[1mBest?[0m?[32m" in "Results" selection list?[0m                                                  ?[90m# GradebookClassGradesSteps.selectResult(String)?[0m
    ?[32mAnd ?[0m?[32mI select "?[0m?[32m?[1mCompleted?[0m?[32m" in "Progress" selection list?[0m                                            ?[90m# GradebookClassGradesSteps.selectProgress(String)?[0m
    ?[32mThen ?[0m?[32mI click the Search button?[0m                                                                   ?[90m# GradebookClassGradesSteps.clickSearch()?[0m
    ?[32mWhen ?[0m?[32mI click the grade for the selected assignment?[0m                                               ?[90m# GradebookClassGradesSteps.clickGrade()?[0m
    ?[32mThen ?[0m?[32mI see the test record details of "?[0m?[32m?[1mAssignment with Question Style 2?[0m?[32m" for user "?[0m?[32m?[1mqa?[0m?[32m"?[0m           ?[90m# GradebookDetailsSteps.assertAssignmentTitleAndLoginVisible(String,String)?[0m
    ?[32mAnd ?[0m?[32mI see that the question background color is "?[0m?[32m?[1mrgba(255, 0, 0, 1)?[0m?[32m"?[0m                             ?[90m# FeedbackDetailsReportSteps.assertQuestionBackgroundColor(String)?[0m
    ?[32mAnd ?[0m?[32mI see that the feedback background color is "?[0m?[32m?[1mrgba(255, 0, 0, 1)?[0m?[32m"?[0m                             ?[90m# FeedbackDetailsReportSteps.assertFeedbackBackgroundColor(String)?[0m
    ?[32mAnd ?[0m?[32mI do not see that the response background color is "?[0m?[32m?[1mrgba(255, 0, 0, 1)?[0m?[32m"?[0m                      ?[90m# FeedbackDetailsReportSteps.assertNotResponseBackgroundColor(String)?[0m
Feature: Manage improvised test records

  Background:                                                    ?[90m# gradebook/ManageImprovisedTestRecords.feature:3?[0m
    # Should be logged in as qa/qatest
    ?[32mGiven ?[0m?[32mI am logged in as the default administrator?[0m            ?[90m# LoginSteps.logInAsAdministrator()?[0m
    # Create a user for use in scenarios
    ?[32mWhen ?[0m?[32mI open the Search User page?[0m                             ?[90m# SearchUserSteps.navigateToSearchUserPage()?[0m
    ?[32mThen ?[0m?[32mI check if user "?[0m?[32m?[1msam?[0m?[32m" exists, if not, I create the user?[0m ?[90m# SearchUserSteps.createUserIfNotExists(String)?[0m
    # Navigate to the system homepage
    ?[32mWhen ?[0m?[32mI navigate to the System Homepage?[0m                       ?[90m# SystemHomepageSteps.navigateToSystemHomepage()?[0m
    ?[32mThen ?[0m?[32mI am on the System Homepage?[0m                             ?[90m# SystemHomepageSteps.assertSystemHomepage()?[0m

  Background:                                                    ?[90m# gradebook/ManageImprovisedTestRecords.feature:3?[0m
    # Should be logged in as qa/qatest
    ?[32mGiven ?[0m?[32mI am logged in as the default administrator?[0m            ?[90m# LoginSteps.logInAsAdministrator()?[0m
    # Create a user for use in scenarios
    ?[32mWhen ?[0m?[32mI open the Search User page?[0m                             ?[90m# SearchUserSteps.navigateToSearchUserPage()?[0m
    ?[32mThen ?[0m?[32mI check if user "?[0m?[32m?[1msam?[0m?[32m" exists, if not, I create the user?[0m ?[90m# SearchUserSteps.createUserIfNotExists(String)?[0m
    # Navigate to the system homepage
    ?[32mWhen ?[0m?[32mI navigate to the System Homepage?[0m                       ?[90m# SystemHomepageSteps.navigateToSystemHomepage()?[0m
    ?[32mThen ?[0m?[32mI am on the System Homepage?[0m                             ?[90m# SystemHomepageSteps.assertSystemHomepage()?[0m

  Background:                                                    ?[90m# gradebook/ManageImprovisedTestRecords.feature:3?[0m
    # Should be logged in as qa/qatest
    ?[32mGiven ?[0m?[32mI am logged in as the default administrator?[0m            ?[90m# LoginSteps.logInAsAdministrator()?[0m
    # Create a user for use in scenarios
    ?[32mWhen ?[0m?[32mI open the Search User page?[0m                             ?[90m# SearchUserSteps.navigateToSearchUserPage()?[0m
    ?[32mThen ?[0m?[32mI check if user "?[0m?[32m?[1msam?[0m?[32m" exists, if not, I create the user?[0m ?[90m# SearchUserSteps.createUserIfNotExists(String)?[0m
    # Navigate to the system homepage
    ?[32mWhen ?[0m?[32mI navigate to the System Homepage?[0m                       ?[90m# SystemHomepageSteps.navigateToSystemHomepage()?[0m
    ?[32mThen ?[0m?[32mI am on the System Homepage?[0m                             ?[90m# SystemHomepageSteps.assertSystemHomepage()?[0m

  Background:                                                    ?[90m# gradebook/ManageImprovisedTestRecords.feature:3?[0m
    # Should be logged in as qa/qatest
    ?[32mGiven ?[0m?[32mI am logged in as the default administrator?[0m            ?[90m# LoginSteps.logInAsAdministrator()?[0m
    # Create a user for use in scenarios
    ?[32mWhen ?[0m?[32mI open the Search User page?[0m                             ?[90m# SearchUserSteps.navigateToSearchUserPage()?[0m
    ?[32mThen ?[0m?[32mI check if user "?[0m?[32m?[1msam?[0m?[32m" exists, if not, I create the user?[0m ?[90m# SearchUserSteps.createUserIfNotExists(String)?[0m
    # Navigate to the system homepage
    ?[32mWhen ?[0m?[32mI navigate to the System Homepage?[0m                       ?[90m# SystemHomepageSteps.navigateToSystemHomepage()?[0m
    ?[32mThen ?[0m?[32mI am on the System Homepage?[0m                             ?[90m# SystemHomepageSteps.assertSystemHomepage()?[0m

  Background:                                                    ?[90m# gradebook/ManageImprovisedTestRecords.feature:3?[0m
    # Should be logged in as qa/qatest
    ?[32mGiven ?[0m?[32mI am logged in as the default administrator?[0m            ?[90m# LoginSteps.logInAsAdministrator()?[0m
    # Create a user for use in scenarios
    ?[32mWhen ?[0m?[32mI open the Search User page?[0m                             ?[90m# SearchUserSteps.navigateToSearchUserPage()?[0m
    ?[32mThen ?[0m?[32mI check if user "?[0m?[32m?[1msam?[0m?[32m" exists, if not, I create the user?[0m ?[90m# SearchUserSteps.createUserIfNotExists(String)?[0m
    # Navigate to the system homepage
    ?[32mWhen ?[0m?[32mI navigate to the System Homepage?[0m                       ?[90m# SystemHomepageSteps.navigateToSystemHomepage()?[0m
    ?[32mThen ?[0m?[32mI am on the System Homepage?[0m                             ?[90m# SystemHomepageSteps.assertSystemHomepage()?[0m

  Background:                                                    ?[90m# gradebook/ManageImprovisedTestRecords.feature:3?[0m
    # Should be logged in as qa/qatest
    ?[32mGiven ?[0m?[32mI am logged in as the default administrator?[0m            ?[90m# LoginSteps.logInAsAdministrator()?[0m
    # Create a user for use in scenarios
    ?[32mWhen ?[0m?[32mI open the Search User page?[0m                             ?[90m# SearchUserSteps.navigateToSearchUserPage()?[0m
    ?[32mThen ?[0m?[32mI check if user "?[0m?[32m?[1msam?[0m?[32m" exists, if not, I create the user?[0m ?[90m# SearchUserSteps.createUserIfNotExists(String)?[0m
    # Navigate to the system homepage
    ?[32mWhen ?[0m?[32mI navigate to the System Homepage?[0m                       ?[90m# SystemHomepageSteps.navigateToSystemHomepage()?[0m
    ?[32mThen ?[0m?[32mI am on the System Homepage?[0m                             ?[90m# SystemHomepageSteps.assertSystemHomepage()?[0m

  Background:                                                    ?[90m# gradebook/ManageImprovisedTestRecords.feature:3?[0m
    # Should be logged in as qa/qatest
    ?[32mGiven ?[0m?[32mI am logged in as the default administrator?[0m            ?[90m# LoginSteps.logInAsAdministrator()?[0m
    # Create a user for use in scenarios
    ?[32mWhen ?[0m?[32mI open the Search User page?[0m                             ?[90m# SearchUserSteps.navigateToSearchUserPage()?[0m
    ?[32mThen ?[0m?[32mI check if user "?[0m?[32m?[1msam?[0m?[32m" exists, if not, I create the user?[0m ?[90m# SearchUserSteps.createUserIfNotExists(String)?[0m
    # Navigate to the system homepage
    ?[32mWhen ?[0m?[32mI navigate to the System Homepage?[0m                       ?[90m# SystemHomepageSteps.navigateToSystemHomepage()?[0m
    ?[32mThen ?[0m?[32mI am on the System Homepage?[0m                             ?[90m# SystemHomepageSteps.assertSystemHomepage()?[0m

  # MO-2214
  Scenario: Create an improvised test record after connecting through LTI                                                                        ?[90m# gradebook/ManageImprovisedTestRecords.feature:174?[0m
    # Ensure an LTI key/secret pair exist
    ?[32mWhen ?[0m?[32mI set up the LTI consumer key and shared secret if not already done?[0m                                                                     ?[90m# TestHarnessSteps.setUpLti()?[0m
    # Run the LTI request to create a user
    ?[32mWhen ?[0m?[32mI launch random "?[0m?[32m?[1mbasic-lti-launch-request?[0m?[32m" LTI request with role "?[0m?[32m?[1mAdministrator?[0m?[32m" and outcome URL "?[0m?[32m?[1mdefault?[0m?[32m" and document target "?[0m?[32m?[1mwindow?[0m?[32m"?[0m ?[90m# TestHarnessSteps.runLtiRequest(String,String,String,String)?[0m
    ?[32mThen ?[0m?[32mI am on the LTI Mapping Page?[0m                                                                                                            ?[90m# LTIMappingSteps.assertLtiMappingPage()?[0m
    # Create new class
    ?[32mWhen ?[0m?[32mI click the 'New Class' mapping button?[0m                                                                                                  ?[90m# LTIMappingSteps.clickNewClassButton()?[0m
    ?[32mAnd ?[0m?[32mI create new class with random name?[0m                                                                                                      ?[90m# AddMapleTAClassSteps.createNewClassWithRandomName()?[0m
    ?[32mThen ?[0m?[32mI am on the LTI Mapping Page?[0m                                                                                                            ?[90m# LTIMappingSteps.assertLtiMappingPage()?[0m
    # Map to the Class Homepage
    ?[32mWhen ?[0m?[32mI click the 'Class Homepage' mapping button?[0m                                                                                             ?[90m# LTIMappingSteps.clickClassHomepageButton()?[0m
    ?[32mAnd ?[0m?[32mI accept the LTI Mapping Page confirm dialog?[0m                                                                                             ?[90m# LTIMappingSteps.acceptConfirmDialog()?[0m
    ?[32mThen ?[0m?[32mI am on the Class Homepage?[0m                                                                                                              ?[90m# ClassHomepageSteps.assertClassHomepage()?[0m
    ?[32mAnd ?[0m?[32mI navigate to the "?[0m?[32m?[1mContent Repository?[0m?[32m" of current class?[0m                                                                                  ?[90m# ClassHomepageSteps.navigateInClass(String,String)?[0m
    # Create an assignment
    ?[32mWhen ?[0m?[32mI choose creating new assignment in "?[0m?[32m?[1mDefault Unit?[0m?[32m" unit from the main dropdown button?[0m                                                   ?[90m# ContentRepositorySteps.chooseCreatingNewAssignmentFromMainDropdownButton(String)?[0m
    ?[32mThen ?[0m?[32mAssignment Editor is opened?[0m                                                                                                             ?[90m# AssignmentEditorDetailsSteps.assertAssignmentEditorPageIsOpened()?[0m
    ?[32mWhen ?[0m?[32menter Assignment name "?[0m?[32m?[1mImprovised A2?[0m?[32m"?[0m                                                                                                   ?[90m# AssignmentEditorDetailsSteps.enterAssignmentName(String)?[0m
    ?[32mAnd ?[0m?[32mI click on the questions tab?[0m                                                                                                             ?[90m# AssignmentEditorDetailsSteps.clickQuestionsTab()?[0m
    ?[32mAnd ?[0m?[32mI click the new question button?[0m                                                                                                          ?[90m# AssignmentEditorQuestionSteps.createQuestion()?[0m
    ?[32mAnd ?[0m?[32mI create question "?[0m?[32m?[1mFormula Question?[0m?[32m" with label "?[0m?[32m?[1mFormula Question Label?[0m?[32m"?[0m                                                                 ?[90m# AssignmentEditorQuestionSteps.createQuestion(String,String)?[0m
    ?[32mAnd ?[0m?[32mI create a Mathematical Formula response area in the assignment question editor?[0m                                                          ?[90m# AssignmentEditorQuestionSteps.createFormulaQuestionInQuestionEditor()?[0m
    ?[32mAnd ?[0m?[32mI save & close the new question in the assignment editor?[0m                                                                                 ?[90m# AssignmentEditorQuestionSteps.saveAndCloseNewQuestion()?[0m
    ?[32mThen ?[0m?[32mverify the question caption text is "?[0m?[32m?[1mFormula Question Label?[0m?[32m"?[0m                                                                            ?[90m# AssignmentEditorQuestionSteps.assertSavedQuestionName(String)?[0m
    ?[32mWhen ?[0m?[32mI save & close the assignment on the questions page?[0m                                                                                     ?[90m# AssignmentEditorQuestionSteps.saveAndCloseAssignment()?[0m
    ?[32mThen ?[0m?[32mI see summary of the assignment?[0m                                                                                                         ?[90m# AssignmentEditorDetailsSteps.assertAssignmentSummaryShown()?[0m
    ?[32mAnd ?[0m?[32mI save and close the assignment summary details?[0m                                                                                          ?[90m# AssignmentEditorDetailsSteps.saveAndCloseAssignmentSummary()?[0m
    # Register a student in the class
    ?[32mWhen ?[0m?[32mI click the Register Users menu item?[0m                                                                                                    ?[90m# ClassHomepageSteps.navigateToRegisterUsersPage()?[0m
    ?[32mAnd ?[0m?[32mI click the Advanced Search link on the Register Users page?[0m                                                                              ?[90m# RegisterUsersSteps.clickAdvancedSearch()?[0m
    ?[32mAnd ?[0m?[32mI enter "?[0m?[32m?[1msam?[0m?[32m" into the User Login textbox on the Register Users page?[0m                                                                     ?[90m# RegisterUsersSteps.setUserLogin(String)?[0m
    ?[32mAnd ?[0m?[32mI click the Search button on the Register Users page?[0m                                                                                     ?[90m# RegisterUsersSteps.clickSearchButton()?[0m
    ?[32mAnd ?[0m?[32mI select the user "?[0m?[32m?[1msam?[0m?[32m" in the list of users to add?[0m                                                                                      ?[90m# RegisterUsersSteps.selectUser(String)?[0m
    ?[32mAnd ?[0m?[32mI click the Register button on the Register Users page?[0m                                                                                   ?[90m# RegisterUsersSteps.clickRegisterButton()?[0m
    ?[32mThen ?[0m?[32mThe users were successfully registered in the class?[0m                                                                                     ?[90m# RegisterUsersSteps.assertUsersRegistered()?[0m
    # Create an improvised test record for the student and assignment
    ?[32mWhen ?[0m?[32mI navigate to the "?[0m?[32m?[1mClass Grades?[0m?[32m" in "?[0m?[32m?[1mGradebook?[0m?[32m" of current class?[0m                                                                        ?[90m# ClassHomepageSteps.navigateInClass(String,String)?[0m
    ?[32mThen ?[0m?[32mI am on the Class Grades page?[0m                                                                                                           ?[90m# GradebookClassGradesSteps.waitForClassGradesPage()?[0m
    ?[32mAnd ?[0m?[32mI select "?[0m?[32m?[1mImprovised A2 - Homework/Quiz?[0m?[32m" in "Assignments" selection list?[0m                                                                 ?[90m# GradebookClassGradesSteps.selectAssignment(String)?[0m
    ?[32mAnd ?[0m?[32mI put "?[0m?[32m?[1msam?[0m?[32m" in the "User" input box?[0m                                                                                                      ?[90m# GradebookClassGradesSteps.inputUserLogin(String)?[0m
    ?[32mAnd ?[0m?[32mI click the Search button?[0m                                                                                                                ?[90m# GradebookClassGradesSteps.clickSearch()?[0m
    ?[32mWhen ?[0m?[32mI click the grade for the selected assignment?[0m                                                                                           ?[90m# GradebookClassGradesSteps.clickGrade()?[0m
    ?[32mThen ?[0m?[32mI see the test record details of "?[0m?[32m?[1mImprovised A2?[0m?[32m" for user "?[0m?[32m?[1msam?[0m?[32m"?[0m                                                                         ?[90m# GradebookDetailsSteps.assertAssignmentTitleAndLoginVisible(String,String)?[0m
    ?[32mAnd ?[0m?[32mI see my total score "?[0m?[32m?[1m0/1.0?[0m?[32m"?[0m                                                                                                             ?[90m# GradebookDetailsSteps.assertTotalScore(String)?[0m
    ?[32mAnd ?[0m?[32mI see the Delete Record button?[0m                                                                                                           ?[90m# GradebookDetailsSteps.assertDeleteRecordButtonVisible()?[0m
Feature: Manage regrade jobs on the jobs page

  Background:                                                                 ?[90m# gradebook/ManageRegradeJobs.feature:3?[0m
    # Should be logged in as qa/qatest
    ?[32mGiven ?[0m?[32mI set up the LTI consumer key and shared secret if not already done?[0m ?[90m# TestHarnessSteps.setUpLti()?[0m

  Background:                                                                 ?[90m# gradebook/ManageRegradeJobs.feature:3?[0m
    # Should be logged in as qa/qatest
    ?[32mGiven ?[0m?[32mI set up the LTI consumer key and shared secret if not already done?[0m ?[90m# TestHarnessSteps.setUpLti()?[0m

  Background:                                                                 ?[90m# gradebook/ManageRegradeJobs.feature:3?[0m
    # Should be logged in as qa/qatest
    ?[32mGiven ?[0m?[32mI set up the LTI consumer key and shared secret if not already done?[0m ?[90m# TestHarnessSteps.setUpLti()?[0m

  Background:                                                                 ?[90m# gradebook/ManageRegradeJobs.feature:3?[0m
    # Should be logged in as qa/qatest
    ?[32mGiven ?[0m?[32mI set up the LTI consumer key and shared secret if not already done?[0m ?[90m# TestHarnessSteps.setUpLti()?[0m

  Background:                                                                 ?[90m# gradebook/ManageRegradeJobs.feature:3?[0m
    # Should be logged in as qa/qatest
    ?[32mGiven ?[0m?[32mI set up the LTI consumer key and shared secret if not already done?[0m ?[90m# TestHarnessSteps.setUpLti()?[0m

  Background:                                                                 ?[90m# gradebook/ManageRegradeJobs.feature:3?[0m
    # Should be logged in as qa/qatest
    ?[32mGiven ?[0m?[32mI set up the LTI consumer key and shared secret if not already done?[0m ?[90m# TestHarnessSteps.setUpLti()?[0m

  Background:                                                                 ?[90m# gradebook/ManageRegradeJobs.feature:3?[0m
    # Should be logged in as qa/qatest
    ?[32mGiven ?[0m?[32mI set up the LTI consumer key and shared secret if not already done?[0m ?[90m# TestHarnessSteps.setUpLti()?[0m

  Background:                                                                 ?[90m# gradebook/ManageRegradeJobs.feature:3?[0m
    # Should be logged in as qa/qatest
    ?[32mGiven ?[0m?[32mI set up the LTI consumer key and shared secret if not already done?[0m ?[90m# TestHarnessSteps.setUpLti()?[0m

  Background:                                                                 ?[90m# gradebook/ManageRegradeJobs.feature:3?[0m
    # Should be logged in as qa/qatest
    ?[32mGiven ?[0m?[32mI set up the LTI consumer key and shared secret if not already done?[0m ?[90m# TestHarnessSteps.setUpLti()?[0m

  Background:                                                                 ?[90m# gradebook/ManageRegradeJobs.feature:3?[0m
    # Should be logged in as qa/qatest
    ?[32mGiven ?[0m?[32mI set up the LTI consumer key and shared secret if not already done?[0m ?[90m# TestHarnessSteps.setUpLti()?[0m

  Scenario: Verify invalidated jobs are marked as invalid on the jobs page                                                             ?[90m# gradebook/ManageRegradeJobs.feature:673?[0m
    ?[32mWhen ?[0m?[32mI launch random "?[0m?[32m?[1mbasic-lti-launch-request?[0m?[32m" LTI request with role "?[0m?[32m?[1mInstructor?[0m?[32m" and outcome URL "?[0m?[32m?[1m?[0m?[32m" and document target "?[0m?[32m?[1mwindow?[0m?[32m"?[0m ?[90m# TestHarnessSteps.runLtiRequest(String,String,String,String)?[0m
    ?[32mThen ?[0m?[32mI am on the LTI Mapping Page?[0m                                                                                                  ?[90m# LTIMappingSteps.assertLtiMappingPage()?[0m
    ?[32mWhen ?[0m?[32mI click the 'New Class' mapping button?[0m                                                                                        ?[90m# LTIMappingSteps.clickNewClassButton()?[0m
    ?[32mThen ?[0m?[32mI am on a New Class page?[0m                                                                                                      ?[90m# AddMapleTAClassSteps.verifyNewClassPage()?[0m
    ?[32mWhen ?[0m?[32mI create new class with random name?[0m                                                                                           ?[90m# AddMapleTAClassSteps.createNewClassWithRandomName()?[0m
    ?[32mThen ?[0m?[32mI am on the LTI Mapping Page?[0m                                                                                                  ?[90m# LTIMappingSteps.assertLtiMappingPage()?[0m
    ?[32mWhen ?[0m?[32mI click the 'Class Homepage' mapping button?[0m                                                                                   ?[90m# LTIMappingSteps.clickClassHomepageButton()?[0m
    ?[32mThen ?[0m?[32mI am on the Class Homepage?[0m                                                                                                    ?[90m# ClassHomepageSteps.assertClassHomepage()?[0m
    # Create an assignment for the students to take
    ?[32mWhen ?[0m?[32mI navigate to the "?[0m?[32m?[1mContent Repository?[0m?[32m" of current class?[0m                                                                       ?[90m# ClassHomepageSteps.navigateInClass(String,String)?[0m
    ?[32mAnd ?[0m?[32mI choose creating new question/Text from the main dropdown button?[0m                                                              ?[90m# ContentRepositorySteps.chooseCreatingNewQuestionFromMainDropdownButton()?[0m
    ?[32mAnd ?[0m?[32mQuestion Designer is opened?[0m                                                                                                    ?[90m# QuestionDesignerSteps.assertQuestionDesignerPageIsOpened()?[0m
    ?[32mWhen ?[0m?[32mI enter valid information for the question name as "?[0m?[32m?[1mRegrading test question?[0m?[32m"?[0m                                                  ?[90m# QuestionDesignerSteps.enterQuestionName(String)?[0m
    ?[32mAnd ?[0m?[32mI click inside the question text editor?[0m                                                                                        ?[90m# QuestionDesignerSteps.clickInsideQuestionTextEditor()?[0m
    ?[32mAnd ?[0m?[32mI click Response Area button to open the dialog and assert that the Choose Question Type page is visible?[0m                       ?[90m# QuestionDesignerSteps.clickInsertResponseAreaButton()?[0m
    ?[32mWhen ?[0m?[32mI choose "?[0m?[32m?[1mMathematical Formula?[0m?[32m" link from the dialog and complete the correct answer?[0m                                          ?[90m# QuestionDesignerSteps.chooseTypeAndCompleteCorrectAnswer(String)?[0m
    ?[32mAnd ?[0m?[32mI click OK?[0m                                                                                                                     ?[90m# QuestionDesignerSteps.clickResponseDialogOkButton()?[0m
    ?[32mThen ?[0m?[32mI see the "?[0m?[32m?[1mMathematical Formula?[0m?[32m" Question Widget in the question text section?[0m                                                 ?[90m# QuestionDesignerSteps.assertQuestionWidgetIsInserted(String)?[0m
    ?[32mAnd ?[0m?[32mI click the question designer Save & Close button?[0m                                                                              ?[90m# QuestionDesignerSteps.clickSaveAndCloseButton()?[0m
    ?[32mWhen ?[0m?[32mI choose creating new assignment in "?[0m?[32m?[1mDefault Unit?[0m?[32m" unit from the main dropdown button?[0m                                         ?[90m# ContentRepositorySteps.chooseCreatingNewAssignmentFromMainDropdownButton(String)?[0m
    ?[32mThen ?[0m?[32mAssignment Editor is opened?[0m                                                                                                   ?[90m# AssignmentEditorDetailsSteps.assertAssignmentEditorPageIsOpened()?[0m
    ?[32mWhen ?[0m?[32menter Assignment name "?[0m?[32m?[1mRegrading test?[0m?[32m"?[0m                                                                                        ?[90m# AssignmentEditorDetailsSteps.enterAssignmentName(String)?[0m
    ?[32mAnd ?[0m?[32mI click on the questions tab?[0m                                                                                                   ?[90m# AssignmentEditorDetailsSteps.clickQuestionsTab()?[0m
    ?[32mAnd ?[0m?[32mI click the import question button?[0m                                                                                             ?[90m# AssignmentEditorQuestionSteps.importQuestion()?[0m
    ?[32mThen ?[0m?[32mThe import questions dialog appears?[0m                                                                                           ?[90m# AssignmentEditorQuestionSteps.assertImportQuestionsVisible()?[0m
    ?[32mWhen ?[0m?[32mI click on "Questions"?[0m                                                                                                        ?[90m# ContentRepositorySteps.clickOnQuestions()?[0m
    ?[32mAnd ?[0m?[32mI select the question "?[0m?[32m?[1mRegrading test question?[0m?[32m"?[0m                                                                                ?[90m# AssignmentEditorQuestionSteps.selectQuestion(String)?[0m
    ?[32mAnd ?[0m?[32mI click Import Questions in the Import Questions dialog?[0m                                                                        ?[90m# AssignmentEditorQuestionSteps.doImportQuestions()?[0m
    ?[32mThen ?[0m?[32mverify the question caption text is "?[0m?[32m?[1mRegrading test question?[0m?[32m"?[0m                                                                 ?[90m# AssignmentEditorQuestionSteps.assertSavedQuestionName(String)?[0m
    ?[32mWhen ?[0m?[32mI save & close the assignment on the questions page?[0m                                                                           ?[90m# AssignmentEditorQuestionSteps.saveAndCloseAssignment()?[0m
    ?[32mThen ?[0m?[32mI see summary of the assignment?[0m                                                                                               ?[90m# AssignmentEditorDetailsSteps.assertAssignmentSummaryShown()?[0m
    ?[32mWhen ?[0m?[32mI save and close the assignment summary details?[0m                                                                               ?[90m# AssignmentEditorDetailsSteps.saveAndCloseAssignmentSummary()?[0m
    # Take the assignment
    ?[32mThen ?[0m?[32mI am on the Class Homepage?[0m                                                                                                    ?[90m# ClassHomepageSteps.assertClassHomepage()?[0m
    ?[32mAnd ?[0m?[32mI start the "?[0m?[32m?[1mRegrading test?[0m?[32m" assignment in "?[0m?[32m?[1mDefault Unit?[0m?[32m" unit?[0m                                                                 ?[90m# ClassHomepageSteps.openAssignment(String,String)?[0m
    ?[32mAnd ?[0m?[32mI submit the assignment?[0m                                                                                                        ?[90m# MapleTAAssignmentSteps.submitAssignment()?[0m
    ?[32mThen ?[0m?[32mI confirm to submit the assignment?[0m                                                                                            ?[90m# MapleTAAssignmentSteps.submitAssignment()?[0m
    ?[32mAnd ?[0m?[32mquit and save the assignment?[0m                                                                                                   ?[90m# MapleTAAssignmentSteps.quitAndSaveAssignment()?[0m
    # Load assignment in gradebook
    ?[32mWhen ?[0m?[32mI am on the Class Homepage?[0m                                                                                                    ?[90m# ClassHomepageSteps.assertClassHomepage()?[0m
    ?[32mThen ?[0m?[32mI navigate to the "?[0m?[32m?[1mClass Grades?[0m?[32m" in "?[0m?[32m?[1mGradebook?[0m?[32m" of current class?[0m                                                              ?[90m# ClassHomepageSteps.navigateInClass(String,String)?[0m
    ?[32mWhen ?[0m?[32mI am on the Class Grades page?[0m                                                                                                 ?[90m# GradebookClassGradesSteps.waitForClassGradesPage()?[0m
    ?[32mThen ?[0m?[32mI select "?[0m?[32m?[1mRegrading test - Homework/Quiz?[0m?[32m" in "Assignments" selection list?[0m                                                     ?[90m# GradebookClassGradesSteps.selectAssignment(String)?[0m
    ?[32mAnd ?[0m?[32mI select "?[0m?[32m?[1mOther users with grades?[0m?[32m" in "List" selection list?[0m                                                                    ?[90m# GradebookClassGradesSteps.selectUser(String)?[0m
    ?[32mAnd ?[0m?[32mI select "?[0m?[32m?[1mMost Recent?[0m?[32m" in "Results" selection list?[0m                                                                             ?[90m# GradebookClassGradesSteps.selectResult(String)?[0m
    ?[32mAnd ?[0m?[32mI select "?[0m?[32m?[1mCompleted?[0m?[32m" in "Progress" selection list?[0m                                                                              ?[90m# GradebookClassGradesSteps.selectProgress(String)?[0m
    ?[32mThen ?[0m?[32mI click the Search button?[0m                                                                                                     ?[90m# GradebookClassGradesSteps.clickSearch()?[0m
    # Start a regrading job for the question and wait until it finishes
    ?[32mWhen ?[0m?[32mI click "?[0m?[32m?[1mRegrading test?[0m?[32m" in the Class Grades table?[0m                                                                            ?[90m# GradebookClassGradesSteps.clickAssignmentHeaderInTable(String)?[0m
    ?[32mAnd ?[0m?[32mI click "?[0m?[32m?[1mQ1?[0m?[32m" for the selected assignment?[0m                                                                                       ?[90m# GradebookClassGradesSteps.clickQuestionInTable(String)?[0m
    ?[32mThen ?[0m?[32mI see the grade details of question "?[0m?[32m?[1mRegrading test question?[0m?[32m"?[0m                                                                 ?[90m# GradebookDetailsSteps.assertQuestionTitleVisible(String)?[0m
    ?[32mWhen ?[0m?[32mI click the Regrade Question button?[0m                                                                                           ?[90m# GradebookDetailsSteps.clickRegradeQuestionButton()?[0m
    ?[32mThen ?[0m?[32mI am on the Regrading page?[0m                                                                                                    ?[90m# GradebookRegradingSteps.waitForRegradingPage()?[0m
    ?[32mAnd ?[0m?[32mI wait until regrading is complete?[0m                                                                                             ?[90m# GradebookRegradingSteps.waitUntilRegradingComplete()?[0m
    # Regrade same question a second time
    ?[32mThen ?[0m?[32mI navigate to the "?[0m?[32m?[1mClass Grades?[0m?[32m" in "?[0m?[32m?[1mGradebook?[0m?[32m" of current class?[0m                                                              ?[90m# ClassHomepageSteps.navigateInClass(String,String)?[0m
    ?[32mWhen ?[0m?[32mI am on the Class Grades page?[0m                                                                                                 ?[90m# GradebookClassGradesSteps.waitForClassGradesPage()?[0m
    ?[32mThen ?[0m?[32mI select "?[0m?[32m?[1mRegrading test - Homework/Quiz?[0m?[32m" in "Assignments" selection list?[0m                                                     ?[90m# GradebookClassGradesSteps.selectAssignment(String)?[0m
    ?[32mAnd ?[0m?[32mI select "?[0m?[32m?[1mOther users with grades?[0m?[32m" in "List" selection list?[0m                                                                    ?[90m# GradebookClassGradesSteps.selectUser(String)?[0m
    ?[32mAnd ?[0m?[32mI select "?[0m?[32m?[1mMost Recent?[0m?[32m" in "Results" selection list?[0m                                                                             ?[90m# GradebookClassGradesSteps.selectResult(String)?[0m
    ?[32mAnd ?[0m?[32mI select "?[0m?[32m?[1mCompleted?[0m?[32m" in "Progress" selection list?[0m                                                                              ?[90m# GradebookClassGradesSteps.selectProgress(String)?[0m
    ?[32mThen ?[0m?[32mI click the Search button?[0m                                                                                                     ?[90m# GradebookClassGradesSteps.clickSearch()?[0m
    ?[32mWhen ?[0m?[32mI click "?[0m?[32m?[1mRegrading test?[0m?[32m" in the Class Grades table?[0m                                                                            ?[90m# GradebookClassGradesSteps.clickAssignmentHeaderInTable(String)?[0m
    ?[32mAnd ?[0m?[32mI click "?[0m?[32m?[1mQ1?[0m?[32m" for the selected assignment?[0m                                                                                       ?[90m# GradebookClassGradesSteps.clickQuestionInTable(String)?[0m
    ?[32mThen ?[0m?[32mI see the grade details of question "?[0m?[32m?[1mRegrading test question?[0m?[32m"?[0m                                                                 ?[90m# GradebookDetailsSteps.assertQuestionTitleVisible(String)?[0m
    ?[32mWhen ?[0m?[32mI click the Regrade Question button?[0m                                                                                           ?[90m# GradebookDetailsSteps.clickRegradeQuestionButton()?[0m
    ?[32mThen ?[0m?[32mI am on the Regrading page?[0m                                                                                                    ?[90m# GradebookRegradingSteps.waitForRegradingPage()?[0m
    ?[32mAnd ?[0m?[32mI wait until regrading is complete?[0m                                                                                             ?[90m# GradebookRegradingSteps.waitUntilRegradingComplete()?[0m
    # Submit this job
    ?[32mWhen ?[0m?[32mI select revision number ?[0m?[32m?[1m1?[0m                                                                                                    ?[90m# GradebookRegradingSteps.clickRevisionCheckbox(int)?[0m
    ?[32mThen ?[0m?[32mI see that the submit new grades button is enabled?[0m                                                                            ?[90m# GradebookRegradingSteps.assertNewGradesButtonEnabled()?[0m
    ?[32mWhen ?[0m?[32mI submit all selected grades?[0m                                                                                                  ?[90m# GradebookRegradingSteps.submitSelectedGrades()?[0m
    ?[32mThen ?[0m?[32mI see the grade details of question "?[0m?[32m?[1mRegrading test question?[0m?[32m"?[0m                                                                 ?[90m# GradebookDetailsSteps.assertQuestionTitleVisible(String)?[0m
    # Navigate to jobs page and verify the invalid job is there
    ?[32mWhen ?[0m?[32mI wait for the details page to be fully loaded?[0m                                                                                ?[90m# GradebookDetailsSteps.waitUntilFullyLoaded()?[0m
    ?[32mWhen ?[0m?[32mI navigate to the "?[0m?[32m?[1mRegrade Jobs?[0m?[32m" in "?[0m?[32m?[1mGradebook?[0m?[32m" of current class?[0m                                                              ?[90m# ClassHomepageSteps.navigateInClass(String,String)?[0m
    ?[32mThen ?[0m?[32mI am on the Regrade Jobs page?[0m                                                                                                 ?[90m# RegradeJobsSteps.waitForRegradeJobsPage()?[0m
    ?[32mAnd ?[0m?[32mI see ?[0m?[32m?[1m1?[0m?[32m regrade jobs?[0m                                                                                                           ?[90m# RegradeJobsSteps.assertNumberOfJobs(int)?[0m
    ?[32mAnd ?[0m?[32mI see that job number ?[0m?[32m?[1m1?[0m?[32m is invalid?[0m                                                                                             ?[90m# RegradeJobsSteps.assertJobInvalid(int)?[0m
Feature: Manage regrading when viewing details in gradebook

  Background:                                                                 ?[90m# gradebook/ManageRegrading.feature:3?[0m
    # Should be logged in as qa/qatest
    ?[32mGiven ?[0m?[32mI set up the LTI consumer key and shared secret if not already done?[0m ?[90m# TestHarnessSteps.setUpLti()?[0m

  Background:                                                                 ?[90m# gradebook/ManageRegrading.feature:3?[0m
    # Should be logged in as qa/qatest
    ?[32mGiven ?[0m?[32mI set up the LTI consumer key and shared secret if not already done?[0m ?[90m# TestHarnessSteps.setUpLti()?[0m

  Background:                                                                 ?[90m# gradebook/ManageRegrading.feature:3?[0m
    # Should be logged in as qa/qatest
    ?[32mGiven ?[0m?[32mI set up the LTI consumer key and shared secret if not already done?[0m ?[90m# TestHarnessSteps.setUpLti()?[0m

  Background:                                                                 ?[90m# gradebook/ManageRegrading.feature:3?[0m
    # Should be logged in as qa/qatest
    ?[32mGiven ?[0m?[32mI set up the LTI consumer key and shared secret if not already done?[0m ?[90m# TestHarnessSteps.setUpLti()?[0m

  Background:                                                                 ?[90m# gradebook/ManageRegrading.feature:3?[0m
    # Should be logged in as qa/qatest
    ?[32mGiven ?[0m?[32mI set up the LTI consumer key and shared secret if not already done?[0m ?[90m# TestHarnessSteps.setUpLti()?[0m

  Background:                                                                 ?[90m# gradebook/ManageRegrading.feature:3?[0m
    # Should be logged in as qa/qatest
    ?[32mGiven ?[0m?[32mI set up the LTI consumer key and shared secret if not already done?[0m ?[90m# TestHarnessSteps.setUpLti()?[0m

  Background:                                                                 ?[90m# gradebook/ManageRegrading.feature:3?[0m
    # Should be logged in as qa/qatest
    ?[32mGiven ?[0m?[32mI set up the LTI consumer key and shared secret if not already done?[0m ?[90m# TestHarnessSteps.setUpLti()?[0m

  Background:                                                                 ?[90m# gradebook/ManageRegrading.feature:3?[0m
    # Should be logged in as qa/qatest
    ?[32mGiven ?[0m?[32mI set up the LTI consumer key and shared secret if not already done?[0m ?[90m# TestHarnessSteps.setUpLti()?[0m

  Background:                                                                 ?[90m# gradebook/ManageRegrading.feature:3?[0m
    # Should be logged in as qa/qatest
    ?[32mGiven ?[0m?[32mI set up the LTI consumer key and shared secret if not already done?[0m ?[90m# TestHarnessSteps.setUpLti()?[0m

  Background:                                                                 ?[90m# gradebook/ManageRegrading.feature:3?[0m
    # Should be logged in as qa/qatest
    ?[32mGiven ?[0m?[32mI set up the LTI consumer key and shared secret if not already done?[0m ?[90m# TestHarnessSteps.setUpLti()?[0m

  Background:                                                                 ?[90m# gradebook/ManageRegrading.feature:3?[0m
    # Should be logged in as qa/qatest
    ?[32mGiven ?[0m?[32mI set up the LTI consumer key and shared secret if not already done?[0m ?[90m# TestHarnessSteps.setUpLti()?[0m

  Background:                                                                 ?[90m# gradebook/ManageRegrading.feature:3?[0m
    # Should be logged in as qa/qatest
    ?[32mGiven ?[0m?[32mI set up the LTI consumer key and shared secret if not already done?[0m ?[90m# TestHarnessSteps.setUpLti()?[0m

  Background:                                                                 ?[90m# gradebook/ManageRegrading.feature:3?[0m
    # Should be logged in as qa/qatest
    ?[32mGiven ?[0m?[32mI set up the LTI consumer key and shared secret if not already done?[0m ?[90m# TestHarnessSteps.setUpLti()?[0m

  Background:                                                                 ?[90m# gradebook/ManageRegrading.feature:3?[0m
    # Should be logged in as qa/qatest
    ?[32mGiven ?[0m?[32mI set up the LTI consumer key and shared secret if not already done?[0m ?[90m# TestHarnessSteps.setUpLti()?[0m

  Background:                                                                 ?[90m# gradebook/ManageRegrading.feature:3?[0m
    # Should be logged in as qa/qatest
    ?[32mGiven ?[0m?[32mI set up the LTI consumer key and shared secret if not already done?[0m ?[90m# TestHarnessSteps.setUpLti()?[0m

  Background:                                                                 ?[90m# gradebook/ManageRegrading.feature:3?[0m
    # Should be logged in as qa/qatest
    ?[32mGiven ?[0m?[32mI set up the LTI consumer key and shared secret if not already done?[0m ?[90m# TestHarnessSteps.setUpLti()?[0m

  Background:                                                                 ?[90m# gradebook/ManageRegrading.feature:3?[0m
    # Should be logged in as qa/qatest
    ?[32mGiven ?[0m?[32mI set up the LTI consumer key and shared secret if not already done?[0m ?[90m# TestHarnessSteps.setUpLti()?[0m

  Background:                                                                 ?[90m# gradebook/ManageRegrading.feature:3?[0m
    # Should be logged in as qa/qatest
    ?[32mGiven ?[0m?[32mI set up the LTI consumer key and shared secret if not already done?[0m ?[90m# TestHarnessSteps.setUpLti()?[0m

  Background:                                                                 ?[90m# gradebook/ManageRegrading.feature:3?[0m
    # Should be logged in as qa/qatest
    ?[32mGiven ?[0m?[32mI set up the LTI consumer key and shared secret if not already done?[0m ?[90m# TestHarnessSteps.setUpLti()?[0m

  Scenario: Verify that regrading is disabled for gradable mathapp questions                                                              ?[90m# gradebook/ManageRegrading.feature:1464?[0m
    # Ensure math apps are enabled
    ?[32mWhen ?[0m?[32mI launch random "?[0m?[32m?[1mbasic-lti-launch-request?[0m?[32m" LTI request with role "?[0m?[32m?[1mAdministrator?[0m?[32m" and outcome URL "?[0m?[32m?[1m?[0m?[32m" and document target "?[0m?[32m?[1mwindow?[0m?[32m"?[0m ?[90m# TestHarnessSteps.runLtiRequest(String,String,String,String)?[0m
    ?[32mThen ?[0m?[32mI am on the LTI Mapping Page?[0m                                                                                                     ?[90m# LTIMappingSteps.assertLtiMappingPage()?[0m
    ?[32mWhen ?[0m?[32mI click the 'System Homepage' mapping button?[0m                                                                                     ?[90m# LTIMappingSteps.clickSystemHomepageButton()?[0m
    ?[32mThen ?[0m?[32mI am on the System Homepage?[0m                                                                                                      ?[90m# SystemHomepageSteps.assertSystemHomepage()?[0m
    ?[32mAnd ?[0m?[32mI navigate to the System Settings page?[0m                                                                                            ?[90m# SystemSettingsSteps.navigateToSystemSettingsPage()?[0m
    ?[32mAnd ?[0m?[32mI change the Math App engine selection to "?[0m?[32m?[1mMapleNet (Math App)?[0m?[32m"?[0m                                                                   ?[90m# SystemSettingsSteps.selectMathAppEngine(String)?[0m
    ?[32mAnd ?[0m?[32mI submit the changes to System Settings?[0m                                                                                           ?[90m# SystemSettingsSteps.submitChanges()?[0m
    ?[32mAnd ?[0m?[32mThe changes to System Settings were successfully saved.?[0m                                                                           ?[90m# SystemSettingsSteps.assertChangesSaved()?[0m
    ?[32mAnd ?[0m?[32mI directly log out?[0m                                                                                                                ?[90m# LoginSteps.directlyLogOut()?[0m
    ?[32mAnd ?[0m?[32mI close the LTI Test Harness leftover windows?[0m                                                                                     ?[90m# TestHarnessSteps.closeLeftoverWindows()?[0m
    ?[32mWhen ?[0m?[32mI launch random "?[0m?[32m?[1mbasic-lti-launch-request?[0m?[32m" LTI request with role "?[0m?[32m?[1mInstructor?[0m?[32m" and outcome URL "?[0m?[32m?[1m?[0m?[32m" and document target "?[0m?[32m?[1mwindow?[0m?[32m"?[0m    ?[90m# TestHarnessSteps.runLtiRequest(String,String,String,String)?[0m
    ?[32mThen ?[0m?[32mI am on the LTI Mapping Page?[0m                                                                                                     ?[90m# LTIMappingSteps.assertLtiMappingPage()?[0m
    ?[32mWhen ?[0m?[32mI click the 'New Class' mapping button?[0m                                                                                           ?[90m# LTIMappingSteps.clickNewClassButton()?[0m
    ?[32mThen ?[0m?[32mI am on a New Class page?[0m                                                                                                         ?[90m# AddMapleTAClassSteps.verifyNewClassPage()?[0m
    ?[32mWhen ?[0m?[32mI create new class with random name?[0m                                                                                              ?[90m# AddMapleTAClassSteps.createNewClassWithRandomName()?[0m
    ?[32mThen ?[0m?[32mI am on the LTI Mapping Page?[0m                                                                                                     ?[90m# LTIMappingSteps.assertLtiMappingPage()?[0m
    ?[32mWhen ?[0m?[32mI click the 'Class Homepage' mapping button?[0m                                                                                      ?[90m# LTIMappingSteps.clickClassHomepageButton()?[0m
    ?[32mThen ?[0m?[32mI am on the Class Homepage?[0m                                                                                                       ?[90m# ClassHomepageSteps.assertClassHomepage()?[0m
    # Create an assignment with a gradable math app
    ?[32mWhen ?[0m?[32mI navigate to the "?[0m?[32m?[1mContent Repository?[0m?[32m" of current class?[0m                                                                          ?[90m# ClassHomepageSteps.navigateInClass(String,String)?[0m
    ?[32mAnd ?[0m?[32mI choose creating new assignment in "?[0m?[32m?[1mDefault Unit?[0m?[32m" unit from the main dropdown button?[0m                                             ?[90m# ContentRepositorySteps.chooseCreatingNewAssignmentFromMainDropdownButton(String)?[0m
    ?[32mThen ?[0m?[32mAssignment Editor is opened?[0m                                                                                                      ?[90m# AssignmentEditorDetailsSteps.assertAssignmentEditorPageIsOpened()?[0m
    ?[32mWhen ?[0m?[32menter Assignment name "?[0m?[32m?[1mMath App Assignment?[0m?[32m"?[0m                                                                                      ?[90m# AssignmentEditorDetailsSteps.enterAssignmentName(String)?[0m
    ?[32mWhen ?[0m?[32mI click on the questions tab?[0m                                                                                                     ?[90m# AssignmentEditorDetailsSteps.clickQuestionsTab()?[0m
    ?[32mAnd ?[0m?[32mI click the new question button?[0m                                                                                                   ?[90m# AssignmentEditorQuestionSteps.createQuestion()?[0m
    ?[32mAnd ?[0m?[32mI create question "?[0m?[32m?[1mMath App?[0m?[32m" with label "?[0m?[32m?[1mMath App?[0m?[32m"?[0m                                                                                ?[90m# AssignmentEditorQuestionSteps.createQuestion(String,String)?[0m
    ?[32mAnd ?[0m?[32mI click Response Area button to open the dialog and assert that the Choose Question Type page is visible?[0m                          ?[90m# QuestionDesignerSteps.clickInsertResponseAreaButton()?[0m
    # Math App defaults to gradable, so no need to change anything here
    ?[32mWhen ?[0m?[32mI choose "?[0m?[32m?[1mMath App?[0m?[32m" link from the dialog?[0m                                                                                         ?[90m# QuestionDesignerSteps.chooseQuestionType(String)?[0m
    ?[32mAnd ?[0m?[32mI click OK?[0m                                                                                                                        ?[90m# QuestionDesignerSteps.clickResponseDialogOkButton()?[0m
    ?[32mThen ?[0m?[32mI see the "?[0m?[32m?[1mMath App?[0m?[32m" Question Widget in the question text section?[0m                                                                ?[90m# QuestionDesignerSteps.assertQuestionWidgetIsInserted(String)?[0m
    ?[32mAnd ?[0m?[32mI save & close the new question in the assignment editor?[0m                                                                          ?[90m# AssignmentEditorQuestionSteps.saveAndCloseNewQuestion()?[0m
    ?[32mWhen ?[0m?[32mI save & close the assignment on the questions page?[0m                                                                              ?[90m# AssignmentEditorQuestionSteps.saveAndCloseAssignment()?[0m
    ?[32mThen ?[0m?[32mI see summary of the assignment?[0m                                                                                                  ?[90m# AssignmentEditorDetailsSteps.assertAssignmentSummaryShown()?[0m
    ?[32mWhen ?[0m?[32mI save and close the assignment summary details?[0m                                                                                  ?[90m# AssignmentEditorDetailsSteps.saveAndCloseAssignmentSummary()?[0m
    # Take the assignment
    ?[32mThen ?[0m?[32mI am on the Class Homepage?[0m                                                                                                       ?[90m# ClassHomepageSteps.assertClassHomepage()?[0m
    ?[32mAnd ?[0m?[32mI start the "?[0m?[32m?[1mMath App Assignment?[0m?[32m" assignment in "?[0m?[32m?[1mDefault Unit?[0m?[32m" unit?[0m                                                               ?[90m# ClassHomepageSteps.openAssignment(String,String)?[0m
    ?[32mAnd ?[0m?[32mI submit the assignment?[0m                                                                                                           ?[90m# MapleTAAssignmentSteps.submitAssignment()?[0m
    ?[32mAnd ?[0m?[32mquit and save the assignment?[0m                                                                                                      ?[90m# MapleTAAssignmentSteps.quitAndSaveAssignment()?[0m
    # Load assignment in gradebook
    ?[32mWhen ?[0m?[32mI am on the Class Homepage?[0m                                                                                                       ?[90m# ClassHomepageSteps.assertClassHomepage()?[0m
    ?[32mThen ?[0m?[32mI navigate to the "?[0m?[32m?[1mClass Grades?[0m?[32m" in "?[0m?[32m?[1mGradebook?[0m?[32m" of current class?[0m                                                                 ?[90m# ClassHomepageSteps.navigateInClass(String,String)?[0m
    ?[32mWhen ?[0m?[32mI am on the Class Grades page?[0m                                                                                                    ?[90m# GradebookClassGradesSteps.waitForClassGradesPage()?[0m
    ?[32mThen ?[0m?[32mI select "?[0m?[32m?[1mMath App Assignment - Homework/Quiz?[0m?[32m" in "Assignments" selection list?[0m                                                   ?[90m# GradebookClassGradesSteps.selectAssignment(String)?[0m
    ?[32mAnd ?[0m?[32mI select "?[0m?[32m?[1mOther users with grades?[0m?[32m" in "List" selection list?[0m                                                                       ?[90m# GradebookClassGradesSteps.selectUser(String)?[0m
    ?[32mAnd ?[0m?[32mI select "?[0m?[32m?[1mMost Recent?[0m?[32m" in "Results" selection list?[0m                                                                                ?[90m# GradebookClassGradesSteps.selectResult(String)?[0m
    ?[32mAnd ?[0m?[32mI select "?[0m?[32m?[1mCompleted?[0m?[32m" in "Progress" selection list?[0m                                                                                 ?[90m# GradebookClassGradesSteps.selectProgress(String)?[0m
    ?[32mThen ?[0m?[32mI click the Search button?[0m                                                                                                        ?[90m# GradebookClassGradesSteps.clickSearch()?[0m
    # Navigate to the details of a question
    ?[32mWhen ?[0m?[32mI click "?[0m?[32m?[1mMath App Assignment?[0m?[32m" in the Class Grades table?[0m                                                                          ?[90m# GradebookClassGradesSteps.clickAssignmentHeaderInTable(String)?[0m
    ?[32mAnd ?[0m?[32mI click "?[0m?[32m?[1mQ1?[0m?[32m" for the selected assignment?[0m                                                                                          ?[90m# GradebookClassGradesSteps.clickQuestionInTable(String)?[0m
    ?[32mThen ?[0m?[32mI see the grade details of question "?[0m?[32m?[1mMath App?[0m?[32m"?[0m                                                                                   ?[90m# GradebookDetailsSteps.assertQuestionTitleVisible(String)?[0m
    ?[32mAnd ?[0m?[32mI see that the regrade button for question ?[0m?[32m?[1m1?[0m?[32m is ?[0m?[32m?[1mdisabled?[0m                                                                          ?[90m# GradebookDetailsSteps.assertRegradeQuestionButtonDisabled(int,String)?[0m
Feature: Students view grade details in the profile gradebook

  Background:                                         ?[90m# gradebook/StudentGradebook.feature:3?[0m
    ?[32mGiven ?[0m?[32mI am logged in as the default administrator?[0m ?[90m# LoginSteps.logInAsAdministrator()?[0m

  Background:                                         ?[90m# gradebook/StudentGradebook.feature:3?[0m
    ?[32mGiven ?[0m?[32mI am logged in as the default administrator?[0m ?[90m# LoginSteps.logInAsAdministrator()?[0m

  Scenario: Ensure that feedback is not restricted if the assignment has an end date               ?[90m# gradebook/StudentGradebook.feature:55?[0m
    # Create an assignment with feedback restricted to a date in the future
    ?[32mWhen ?[0m?[32mI am on the Content Repository page of ?[0m?[32m?[1mDemonstration Class?[0m                                ?[90m# ContentRepositorySteps.navigateToContentRepositoryOfClass(String)?[0m
    ?[32mAnd ?[0m?[32mI choose creating new assignment in "?[0m?[32m?[1mStudent Readiness?[0m?[32m" unit from the main dropdown button?[0m ?[90m# ContentRepositorySteps.chooseCreatingNewAssignmentFromMainDropdownButton(String)?[0m
    ?[32mThen ?[0m?[32mAssignment Editor is opened?[0m                                                               ?[90m# AssignmentEditorDetailsSteps.assertAssignmentEditorPageIsOpened()?[0m
    ?[32mWhen ?[0m?[32menter Assignment name "?[0m?[32m?[1mGrade Details Restricted?[0m?[32m"?[0m                                          ?[90m# AssignmentEditorDetailsSteps.enterAssignmentName(String)?[0m
    ?[32mAnd ?[0m?[32mI click on the questions tab?[0m                                                               ?[90m# AssignmentEditorDetailsSteps.clickQuestionsTab()?[0m
    ?[32mAnd ?[0m?[32mI click the import question button?[0m                                                         ?[90m# AssignmentEditorQuestionSteps.importQuestion()?[0m
    ?[32mThen ?[0m?[32mThe import questions dialog appears?[0m                                                       ?[90m# AssignmentEditorQuestionSteps.assertImportQuestionsVisible()?[0m
    ?[32mWhen ?[0m?[32mI click on "Questions"?[0m                                                                    ?[90m# ContentRepositorySteps.clickOnQuestions()?[0m
    ?[32mAnd ?[0m?[32mI select the question "?[0m?[32m?[1mTest Question?[0m?[32m"?[0m                                                      ?[90m# AssignmentEditorQuestionSteps.selectQuestion(String)?[0m
    ?[32mAnd ?[0m?[32mI click Import Questions in the Import Questions dialog?[0m                                    ?[90m# AssignmentEditorQuestionSteps.doImportQuestions()?[0m
    ?[32mThen ?[0m?[32mverify the question caption text is "?[0m?[32m?[1mTest Question?[0m?[32m"?[0m                                       ?[90m# AssignmentEditorQuestionSteps.assertSavedQuestionName(String)?[0m
    ?[32mWhen ?[0m?[32mI click on the set policies tab?[0m                                                           ?[90m# AssignmentEditorPropertiesSteps.clickSetPoliciesTab()?[0m
    ?[32mAnd ?[0m?[32mI click on the calendar icon next to the "?[0m?[32m?[1mRestrict Feedback Until?[0m?[32m" policy?[0m                  ?[90m# AssignmentEditorPropertiesSteps.clickCalendarIcon(String)?[0m
    ?[32mThen ?[0m?[32mI see the date picker?[0m                                                                     ?[90m# DatePickerSteps.assertDatePickerVisible()?[0m
    ?[32mWhen ?[0m?[32mI click the next month button?[0m                                                             ?[90m# DatePickerSteps.clickNextMonth()?[0m
    ?[32mAnd ?[0m?[32mI click to close the date picker?[0m                                                           ?[90m# DatePickerSteps.closeDatePicker()?[0m
    ?[32mThen ?[0m?[32mI see that the Restrict Feedback Until checkbox is set to ?[0m?[32m?[1mtrue?[0m                            ?[90m# AssignmentEditorPropertiesSteps.assertRestrictFeedbackUntilState(boolean)?[0m
    ?[32mWhen ?[0m?[32mI save & close the assignment on the policies page?[0m                                        ?[90m# AssignmentEditorPropertiesSteps.saveAndCloseAssignment()?[0m
    ?[32mThen ?[0m?[32mI see summary of the assignment?[0m                                                           ?[90m# AssignmentEditorDetailsSteps.assertAssignmentSummaryShown()?[0m
    ?[32mWhen ?[0m?[32mI save and close the assignment summary details?[0m                                           ?[90m# AssignmentEditorDetailsSteps.saveAndCloseAssignmentSummary()?[0m
    ?[32mThen ?[0m?[32mthe new assignment "?[0m?[32m?[1mGrade Details Restricted?[0m?[32m" is visible in its own expanded column?[0m       ?[90m# ContentRepositorySteps.assertNamedAssignmentColumnIsExpanded(String)?[0m
    # Log in as student and take the assignment
    ?[32mWhen ?[0m?[32mI navigate to the Maple TA login page?[0m                                                     ?[90m# LoginSteps.navigateToLoginPage()?[0m
    ?[32mAnd ?[0m?[32mI enter valid credentials for user ?[0m?[32m?[1msally?[0m                                                   ?[90m# LoginSteps.enterValidCredentials(String)?[0m
    ?[32mAnd ?[0m?[32mI am on "Class Homepage" page of "?[0m?[32m?[1mDemonstration Class?[0m?[32m" class?[0m                               ?[90m# ClassHomepageSteps.navigateToClassHomepage(String)?[0m
    ?[32mAnd ?[0m?[32mI start the "?[0m?[32m?[1mGrade Details Restricted?[0m?[32m" assignment in "?[0m?[32m?[1mStudent Readiness?[0m?[32m" unit?[0m              ?[90m# ClassHomepageSteps.openAssignment(String,String)?[0m
    ?[32mAnd ?[0m?[32mI submit the assignment?[0m                                                                    ?[90m# MapleTAAssignmentSteps.submitAssignment()?[0m
    ?[32mThen ?[0m?[32mI confirm to submit the assignment?[0m                                                        ?[90m# MapleTAAssignmentSteps.submitAssignment()?[0m
    ?[32mAnd ?[0m?[32mquit and save the assignment?[0m                                                               ?[90m# MapleTAAssignmentSteps.quitAndSaveAssignment()?[0m
    ?[32mWhen ?[0m?[32mI am on the Class Homepage?[0m                                                                ?[90m# ClassHomepageSteps.assertClassHomepage()?[0m
    # Attempt to view assignment details in the gradebook
    ?[32mThen ?[0m?[32mI navigate to the "?[0m?[32m?[1mView Past Results?[0m?[32m" in "?[0m?[32m?[1mGradebook?[0m?[32m" of current class?[0m                     ?[90m# ClassHomepageSteps.navigateInClass(String,String)?[0m
    ?[32mThen ?[0m?[32mI am in the Gradebook?[0m                                                                     ?[90m# GradebookSteps.verifyGradebookPage()?[0m
    ?[32mAnd ?[0m?[32mI see a lock icon in the Details column for the "?[0m?[32m?[1mGrade Details Restricted?[0m?[32m" module?[0m          ?[90m# GradebookSteps.assertLockIconVisible(String)?[0m
Feature: Clone Unit

  Background:                                                                 ?[90m# lti/CloneUnit.feature:3?[0m
    ?[32mGiven ?[0m?[32mI set up the LTI consumer key and shared secret if not already done?[0m ?[90m# TestHarnessSteps.setUpLti()?[0m

  Scenario: Connect via LTI and clone unit from one class to another                                                                             ?[90m# lti/CloneUnit.feature:6?[0m
    ?[32mWhen ?[0m?[32mI launch random "?[0m?[32m?[1mbasic-lti-launch-request?[0m?[32m" LTI request with role "?[0m?[32m?[1mAdministrator?[0m?[32m" and outcome URL "?[0m?[32m?[1mdefault?[0m?[32m" and document target "?[0m?[32m?[1mwindow?[0m?[32m"?[0m ?[90m# TestHarnessSteps.runLtiRequest(String,String,String,String)?[0m
    ?[32mThen ?[0m?[32mI am on the LTI Mapping Page?[0m                                                                                                            ?[90m# LTIMappingSteps.assertLtiMappingPage()?[0m
    # Create new class
    ?[32mWhen ?[0m?[32mI click the 'New Class' mapping button?[0m                                                                                                  ?[90m# LTIMappingSteps.clickNewClassButton()?[0m
    ?[32mAnd ?[0m?[32mI create new class with random name?[0m                                                                                                      ?[90m# AddMapleTAClassSteps.createNewClassWithRandomName()?[0m
    ?[32mThen ?[0m?[32mI am on the LTI Mapping Page?[0m                                                                                                            ?[90m# LTIMappingSteps.assertLtiMappingPage()?[0m
    # Map to the Class Homepage
    ?[32mWhen ?[0m?[32mI click the 'Class Homepage' mapping button?[0m                                                                                             ?[90m# LTIMappingSteps.clickClassHomepageButton()?[0m
    ?[32mAnd ?[0m?[32mI accept the LTI Mapping Page confirm dialog?[0m                                                                                             ?[90m# LTIMappingSteps.acceptConfirmDialog()?[0m
    ?[32mThen ?[0m?[32mI am on the Class Homepage?[0m                                                                                                              ?[90m# ClassHomepageSteps.assertClassHomepage()?[0m
    ?[32mAnd ?[0m?[32mI navigate to the "?[0m?[32m?[1mContent Repository?[0m?[32m" of current class?[0m                                                                                  ?[90m# ClassHomepageSteps.navigateInClass(String,String)?[0m
    # Clone a unit from another class
    ?[32mWhen ?[0m?[32mI click "?[0m?[32m?[1mAll of my classes?[0m?[32m" in the "?[0m?[32m?[1mSources?[0m?[32m" column?[0m                                                                                     ?[90m# ContentRepositorySteps.clickLinkInParentColumn(String,String)?[0m
    ?[32mThen ?[0m?[32mI am on the Content Repository page with the "?[0m?[32m?[1mAll of my classes?[0m?[32m" column open?[0m                                                            ?[90m# ContentRepositorySteps.assertContentRepository(String)?[0m
    ?[32mWhen ?[0m?[32mI click "?[0m?[32m?[1mSchools?[0m?[32m" in the "?[0m?[32m?[1mAll of my classes?[0m?[32m" column?[0m                                                                                     ?[90m# ContentRepositorySteps.clickLinkInParentColumn(String,String)?[0m
    ?[32mThen ?[0m?[32mI am on the Content Repository page with the "?[0m?[32m?[1mSchools?[0m?[32m" column open?[0m                                                                      ?[90m# ContentRepositorySteps.assertContentRepository(String)?[0m
    ?[32mWhen ?[0m?[32mI click "?[0m?[32m?[1mDigitalEd?[0m?[32m" in the "?[0m?[32m?[1mSchools?[0m?[32m" column?[0m                                                                                             ?[90m# ContentRepositorySteps.clickLinkInParentColumn(String,String)?[0m
    ?[32mThen ?[0m?[32mI am on the Content Repository page with the "?[0m?[32m?[1mDigitalEd?[0m?[32m" column open?[0m                                                                    ?[90m# ContentRepositorySteps.assertContentRepository(String)?[0m
    ?[32mWhen ?[0m?[32mI click "?[0m?[32m?[1mQuestions?[0m?[32m" in the "?[0m?[32m?[1mDigitalEd?[0m?[32m" column?[0m                                                                                           ?[90m# ContentRepositorySteps.clickLinkInParentColumn(String,String)?[0m
    ?[32mThen ?[0m?[32mI am on the Content Repository page with the "?[0m?[32m?[1mQuestions?[0m?[32m" column open?[0m                                                                    ?[90m# ContentRepositorySteps.assertContentRepository(String)?[0m
    ?[32mWhen ?[0m?[32mI click "?[0m?[32m?[1mLast Question?[0m?[32m" in the "?[0m?[32m?[1mQuestions?[0m?[32m" column?[0m                                                                                       ?[90m# ContentRepositorySteps.clickLinkInParentColumn(String,String)?[0m
    ?[32mThen ?[0m?[32mI click the "?[0m?[32m?[1mClone into my class?[0m?[32m" button in the "?[0m?[32m?[1mLast Question?[0m?[32m" column?[0m                                                                  ?[90m# ContentRepositorySteps.clickColumnButton(String,String)?[0m
    ?[32mAnd ?[0m?[32mI see the "?[0m?[32m?[1mClone Complete?[0m?[32m" dialog open?[0m                                                                                                   ?[90m# ContentRepositorySteps.assertDialogOpen(String)?[0m
    ?[32mAnd ?[0m?[32mI click the "?[0m?[32m?[1mDone?[0m?[32m" dialog button?[0m                                                                                                         ?[90m# ContentRepositorySteps.clickDialogButton(String)?[0m
Feature: Create class and access as student

  Background:                                                                 ?[90m# lti/CreateClassAccessAsStudent.feature:3?[0m
    ?[32mGiven ?[0m?[32mI set up the LTI consumer key and shared secret if not already done?[0m ?[90m# TestHarnessSteps.setUpLti()?[0m

  Scenario: Create a class as an instructor, verify a student is able to access it via LTI class homepage link                         ?[90m# lti/CreateClassAccessAsStudent.feature:6?[0m
    ?[32mWhen ?[0m?[32mI launch random "?[0m?[32m?[1mbasic-lti-launch-request?[0m?[32m" LTI request with role "?[0m?[32m?[1mInstructor?[0m?[32m" and outcome URL "?[0m?[32m?[1m?[0m?[32m" and document target "?[0m?[32m?[1mwindow?[0m?[32m"?[0m ?[90m# TestHarnessSteps.runLtiRequest(String,String,String,String)?[0m
    ?[32mThen ?[0m?[32mI am on the LTI Mapping Page?[0m                                                                                                  ?[90m# LTIMappingSteps.assertLtiMappingPage()?[0m
    ?[32mWhen ?[0m?[32mI click the 'New Class' mapping button?[0m                                                                                        ?[90m# LTIMappingSteps.clickNewClassButton()?[0m
    ?[32mThen ?[0m?[32mI am on a New Class page?[0m                                                                                                      ?[90m# AddMapleTAClassSteps.verifyNewClassPage()?[0m
    ?[32mWhen ?[0m?[32mI create new class with random name?[0m                                                                                           ?[90m# AddMapleTAClassSteps.createNewClassWithRandomName()?[0m
    ?[32mThen ?[0m?[32mI am on the LTI Mapping Page?[0m                                                                                                  ?[90m# LTIMappingSteps.assertLtiMappingPage()?[0m
    ?[32mWhen ?[0m?[32mI click the 'Class Homepage' mapping button?[0m                                                                                   ?[90m# LTIMappingSteps.clickClassHomepageButton()?[0m
    ?[32mThen ?[0m?[32mI am on the Class Homepage?[0m                                                                                                    ?[90m# ClassHomepageSteps.assertClassHomepage()?[0m
    # As a student, use LTI to access homepage for class created above
    ?[32mWhen ?[0m?[32mI go to the LTI Test Harness page and fill in the current class id?[0m                                                            ?[90m# TestHarnessSteps.goToTestHarnessFillClassId()?[0m
    ?[32mAnd ?[0m?[32mI fill the LTI Test Harness form with random data?[0m                                                                              ?[90m# TestHarnessSteps.fillTheFormWithRandomData()?[0m
    ?[32mAnd ?[0m?[32mI set the "?[0m?[32m?[1mcustom_mapleta_launch_id?[0m?[32m" drop-down field to "?[0m?[32m?[1mClass home page?[0m?[32m"?[0m                                                      ?[90m# TestHarnessSteps.setDropDownField(String,String)?[0m
    ?[32mAnd ?[0m?[32mI launch prepared "?[0m?[32m?[1mbasic-lti-launch-request?[0m?[32m" LTI request with role "?[0m?[32m?[1mStudent?[0m?[32m" and outcome URL "?[0m?[32m?[1m?[0m?[32m" and document target "?[0m?[32m?[1mwindow?[0m?[32m"?[0m   ?[90m# TestHarnessSteps.submitLtiRequest(String,String,String,String)?[0m
    ?[32mThen ?[0m?[32mI am on the Class Homepage?[0m                                                                                                    ?[90m# ClassHomepageSteps.assertClassHomepage()?[0m
Feature: Create LTI mapping privilege

  Background:                                                                 ?[90m# lti/CreateLtiMappingPrivilegeTest.feature:3?[0m
    # Should be logged in as qa/qatest
    ?[32mGiven ?[0m?[32mI set up the LTI consumer key and shared secret if not already done?[0m ?[90m# TestHarnessSteps.setUpLti()?[0m
    ?[32mAnd ?[0m?[32mI am logged in as the default administrator?[0m                           ?[90m# LoginSteps.logInAsAdministrator()?[0m

  Background:                                                                 ?[90m# lti/CreateLtiMappingPrivilegeTest.feature:3?[0m
    # Should be logged in as qa/qatest
    ?[32mGiven ?[0m?[32mI set up the LTI consumer key and shared secret if not already done?[0m ?[90m# TestHarnessSteps.setUpLti()?[0m
    ?[32mAnd ?[0m?[32mI am logged in as the default administrator?[0m                           ?[90m# LoginSteps.logInAsAdministrator()?[0m

  Background:                                                                 ?[90m# lti/CreateLtiMappingPrivilegeTest.feature:3?[0m
    # Should be logged in as qa/qatest
    ?[32mGiven ?[0m?[32mI set up the LTI consumer key and shared secret if not already done?[0m ?[90m# TestHarnessSteps.setUpLti()?[0m
    ?[32mAnd ?[0m?[32mI am logged in as the default administrator?[0m                           ?[90m# LoginSteps.logInAsAdministrator()?[0m

  Scenario: Check if LTI Mapping page can be accessed if Create LTI Mapping privilege is set to true                                          ?[90m# lti/CreateLtiMappingPrivilegeTest.feature:31?[0m
    ?[32mWhen ?[0m?[32mI go to the Role Manager page?[0m                                                                                                        ?[90m# RoleManagerSteps.navigateToAddUserPage()?[0m
    ?[32mAnd ?[0m?[32mI click to edit the "?[0m?[32m?[1mInstructor?[0m?[32m" role?[0m                                                                                                 ?[90m# RoleManagerSteps.clickRoleToEdit(String)?[0m
    ?[32mThen ?[0m?[32mI am on the Role Editor page?[0m                                                                                                         ?[90m# RoleEditorSteps.assertOnRoleEditorPage()?[0m
    ?[32mThen ?[0m?[32mI set Create Class privilege to "?[0m?[32m?[1mtrue?[0m?[32m"?[0m                                                                                               ?[90m# RoleEditorSteps.setCreateClass(boolean)?[0m
    ?[32mThen ?[0m?[32mI set the Create LTI Mapping privilege to "?[0m?[32m?[1mtrue?[0m?[32m"?[0m                                                                                     ?[90m# RoleEditorSteps.setCreateLtiMapping(boolean)?[0m
    ?[32mThen ?[0m?[32mI click Submit?[0m                                                                                                                       ?[90m# RoleEditorSteps.clickSubmit()?[0m
    ?[32mAnd ?[0m?[32mI directly log out?[0m                                                                                                                    ?[90m# LoginSteps.directlyLogOut()?[0m
    ?[32mWhen ?[0m?[32mI launch random "?[0m?[32m?[1mbasic-lti-launch-request?[0m?[32m" LTI request with role "?[0m?[32m?[1mInstructor?[0m?[32m" and outcome URL "?[0m?[32m?[1mdefault?[0m?[32m" and document target "?[0m?[32m?[1mwindow?[0m?[32m"?[0m ?[90m# TestHarnessSteps.runLtiRequest(String,String,String,String)?[0m
    ?[32mThen ?[0m?[32mI am on the LTI Mapping Page?[0m                                                                                                         ?[90m# LTIMappingSteps.assertLtiMappingPage()?[0m
    ?[32mAnd ?[0m?[32mCreate Class button visibility is set to "?[0m?[32m?[1mtrue?[0m?[32m"?[0m                                                                                       ?[90m# LTIMappingSteps.assertCreateClassButtonVisibility(boolean)?[0m
Feature: LTI Field Mapping

  Background:                                                                                                                             ?[90m# lti/FieldMapping.feature:3?[0m
    ?[32mGiven ?[0m?[32mI set up the LTI consumer key and shared secret if not already done?[0m                                                             ?[90m# TestHarnessSteps.setUpLti()?[0m
    ?[32mAnd ?[0m?[32mI am logged in as the default administrator?[0m                                                                                       ?[90m# LoginSteps.logInAsAdministrator()?[0m
    ?[32mAnd ?[0m?[32mI create custom field mappings?[0m                                                                                                    ?[90m# FieldMappingSteps.createCustomFieldMappings()?[0m
    ?[32mAnd ?[0m?[32mI directly log out?[0m                                                                                                                ?[90m# LoginSteps.directlyLogOut()?[0m
    # Run the LTI request once to create a user with field-mapped information
    ?[32mWhen ?[0m?[32mI launch random "?[0m?[32m?[1mbasic-lti-launch-request?[0m?[32m" LTI request with role "?[0m?[32m?[1mAdministrator?[0m?[32m" and outcome URL "?[0m?[32m?[1m?[0m?[32m" and document target "?[0m?[32m?[1mwindow?[0m?[32m"?[0m ?[90m# TestHarnessSteps.runLtiRequest(String,String,String,String)?[0m
    ?[32mThen ?[0m?[32mI am on the LTI Mapping Page?[0m                                                                                                     ?[90m# LTIMappingSteps.assertLtiMappingPage()?[0m
    ?[32mWhen ?[0m?[32mI click the 'System Homepage' mapping button?[0m                                                                                     ?[90m# LTIMappingSteps.clickSystemHomepageButton()?[0m
    ?[32mThen ?[0m?[32mI am on the System Homepage?[0m                                                                                                      ?[90m# SystemHomepageSteps.assertSystemHomepage()?[0m
    ?[32mWhen ?[0m?[32mI open the Search User page?[0m                                                                                                      ?[90m# SearchUserSteps.navigateToSearchUserPage()?[0m
    ?[32mThen ?[0m?[32mI search for and validate LTI user?[0m                                                                                               ?[90m# TestHarnessSteps.searchForUser()?[0m
    ?[32mAnd ?[0m?[32mI verify and close the LTI Page window?[0m                                                                                            ?[90m# LTIPageSteps.verifyAndCloseWindow()?[0m
    ?[32mThen ?[0m?[32mI am on the Test Harness page?[0m                                                                                                    ?[90m# TestHarnessSteps.verifyTestHarnessPage()?[0m

  Background:                                                                                                                             ?[90m# lti/FieldMapping.feature:3?[0m
    ?[32mGiven ?[0m?[32mI set up the LTI consumer key and shared secret if not already done?[0m                                                             ?[90m# TestHarnessSteps.setUpLti()?[0m
    ?[32mAnd ?[0m?[32mI am logged in as the default administrator?[0m                                                                                       ?[90m# LoginSteps.logInAsAdministrator()?[0m
    ?[32mAnd ?[0m?[32mI create custom field mappings?[0m                                                                                                    ?[90m# FieldMappingSteps.createCustomFieldMappings()?[0m
    ?[32mAnd ?[0m?[32mI directly log out?[0m                                                                                                                ?[90m# LoginSteps.directlyLogOut()?[0m
    # Run the LTI request once to create a user with field-mapped information
    ?[32mWhen ?[0m?[32mI launch random "?[0m?[32m?[1mbasic-lti-launch-request?[0m?[32m" LTI request with role "?[0m?[32m?[1mAdministrator?[0m?[32m" and outcome URL "?[0m?[32m?[1m?[0m?[32m" and document target "?[0m?[32m?[1mwindow?[0m?[32m"?[0m ?[90m# TestHarnessSteps.runLtiRequest(String,String,String,String)?[0m
    ?[32mThen ?[0m?[32mI am on the LTI Mapping Page?[0m                                                                                                     ?[90m# LTIMappingSteps.assertLtiMappingPage()?[0m
    ?[32mWhen ?[0m?[32mI click the 'System Homepage' mapping button?[0m                                                                                     ?[90m# LTIMappingSteps.clickSystemHomepageButton()?[0m
    ?[32mThen ?[0m?[32mI am on the System Homepage?[0m                                                                                                      ?[90m# SystemHomepageSteps.assertSystemHomepage()?[0m
    ?[32mWhen ?[0m?[32mI open the Search User page?[0m                                                                                                      ?[90m# SearchUserSteps.navigateToSearchUserPage()?[0m
    ?[32mThen ?[0m?[32mI search for and validate LTI user?[0m                                                                                               ?[90m# TestHarnessSteps.searchForUser()?[0m
    ?[32mAnd ?[0m?[32mI verify and close the LTI Page window?[0m                                                                                            ?[90m# LTIPageSteps.verifyAndCloseWindow()?[0m
    ?[32mThen ?[0m?[32mI am on the Test Harness page?[0m                                                                                                    ?[90m# TestHarnessSteps.verifyTestHarnessPage()?[0m

  Background:                                                                                                                             ?[90m# lti/FieldMapping.feature:3?[0m
    ?[32mGiven ?[0m?[32mI set up the LTI consumer key and shared secret if not already done?[0m                                                             ?[90m# TestHarnessSteps.setUpLti()?[0m
    ?[32mAnd ?[0m?[32mI am logged in as the default administrator?[0m                                                                                       ?[90m# LoginSteps.logInAsAdministrator()?[0m
    ?[32mAnd ?[0m?[32mI create custom field mappings?[0m                                                                                                    ?[90m# FieldMappingSteps.createCustomFieldMappings()?[0m
    ?[32mAnd ?[0m?[32mI directly log out?[0m                                                                                                                ?[90m# LoginSteps.directlyLogOut()?[0m
    # Run the LTI request once to create a user with field-mapped information
    ?[32mWhen ?[0m?[32mI launch random "?[0m?[32m?[1mbasic-lti-launch-request?[0m?[32m" LTI request with role "?[0m?[32m?[1mAdministrator?[0m?[32m" and outcome URL "?[0m?[32m?[1m?[0m?[32m" and document target "?[0m?[32m?[1mwindow?[0m?[32m"?[0m ?[90m# TestHarnessSteps.runLtiRequest(String,String,String,String)?[0m
    ?[32mThen ?[0m?[32mI am on the LTI Mapping Page?[0m                                                                                                     ?[90m# LTIMappingSteps.assertLtiMappingPage()?[0m
    ?[32mWhen ?[0m?[32mI click the 'System Homepage' mapping button?[0m                                                                                     ?[90m# LTIMappingSteps.clickSystemHomepageButton()?[0m
    ?[32mThen ?[0m?[32mI am on the System Homepage?[0m                                                                                                      ?[90m# SystemHomepageSteps.assertSystemHomepage()?[0m
    ?[32mWhen ?[0m?[32mI open the Search User page?[0m                                                                                                      ?[90m# SearchUserSteps.navigateToSearchUserPage()?[0m
    ?[32mThen ?[0m?[32mI search for and validate LTI user?[0m                                                                                               ?[90m# TestHarnessSteps.searchForUser()?[0m
    ?[32mAnd ?[0m?[32mI verify and close the LTI Page window?[0m                                                                                            ?[90m# LTIPageSteps.verifyAndCloseWindow()?[0m
    ?[32mThen ?[0m?[32mI am on the Test Harness page?[0m                                                                                                    ?[90m# TestHarnessSteps.verifyTestHarnessPage()?[0m

  Scenario: Test STUDENT_ID mapping.                                                                                                     ?[90m# lti/FieldMapping.feature:63?[0m
    # Change mapped user information but keep the custom student ID
    ?[32mWhen ?[0m?[32mI restore the launched LTI Test Harness form?[0m                                                                                    ?[90m# TestHarnessSteps.restoreLaunchedTestHarnessForm()?[0m
    ?[32mAnd ?[0m?[32mI update LTI user fields?[0m                                                                                                         ?[90m# TestHarnessSteps.updateUserFields()?[0m
    ?[32mAnd ?[0m?[32mI set random value for "?[0m?[32m?[1mcustom_mapped_login?[0m?[32m" field?[0m                                                                               ?[90m# TestHarnessSteps.setRandomValueForTextField(String)?[0m
    ?[32mAnd ?[0m?[32mI set random value for "?[0m?[32m?[1mcustom_mapped_email?[0m?[32m" email field?[0m                                                                         ?[90m# TestHarnessSteps.setRandomValueForEmailField(String)?[0m
    ?[32mWhen ?[0m?[32mI launch prepared "?[0m?[32m?[1mbasic-lti-launch-request?[0m?[32m" LTI request with role "?[0m?[32m?[1mInstructor?[0m?[32m" and outcome URL "?[0m?[32m?[1m?[0m?[32m" and document target "?[0m?[32m?[1mwindow?[0m?[32m"?[0m ?[90m# TestHarnessSteps.submitLtiRequest(String,String,String,String)?[0m
    ?[32mThen ?[0m?[32mI am on the System Homepage?[0m                                                                                                     ?[90m# SystemHomepageSteps.assertSystemHomepage()?[0m
    ?[32mWhen ?[0m?[32mI open the Search User page?[0m                                                                                                     ?[90m# SearchUserSteps.navigateToSearchUserPage()?[0m
    ?[32mThen ?[0m?[32mI search for and validate LTI user?[0m                                                                                              ?[90m# TestHarnessSteps.searchForUser()?[0m
    ?[32mAnd ?[0m?[32mI verify and close the LTI Page window?[0m                                                                                           ?[90m# LTIPageSteps.verifyAndCloseWindow()?[0m
    ?[32mThen ?[0m?[32mI am on the Test Harness page?[0m                                                                                                   ?[90m# TestHarnessSteps.verifyTestHarnessPage()?[0m
    # Cleanup. Normal post-test logout doesn't work for LTI users, so we have to do it here.
    ?[32mWhen ?[0m?[32mI close the LTI Test Harness leftover windows?[0m                                                                                   ?[90m# TestHarnessSteps.closeLeftoverWindows()?[0m
    ?[32mAnd ?[0m?[32mI directly log out?[0m                                                                                                               ?[90m# LoginSteps.directlyLogOut()?[0m
    ?[32mAnd ?[0m?[32mI am logged in as the default administrator?[0m                                                                                      ?[90m# LoginSteps.logInAsAdministrator()?[0m
    ?[32mAnd ?[0m?[32mI am on the Field Mapping page?[0m                                                                                                   ?[90m# FieldMappingSteps.navigateToFieldMappingPage()?[0m
    ?[32mThen ?[0m?[32mI delete all LTI field mappings.?[0m                                                                                                ?[90m# FieldMappingSteps.deleteAllMappings()?[0m
Feature: LTI Mapping

  Background:                                                                 ?[90m# lti/LTIMapping.feature:3?[0m
    ?[32mGiven ?[0m?[32mI set up the LTI consumer key and shared secret if not already done?[0m ?[90m# TestHarnessSteps.setUpLti()?[0m

  Background:                                                                 ?[90m# lti/LTIMapping.feature:3?[0m
    ?[32mGiven ?[0m?[32mI set up the LTI consumer key and shared secret if not already done?[0m ?[90m# TestHarnessSteps.setUpLti()?[0m

  Background:                                                                 ?[90m# lti/LTIMapping.feature:3?[0m
    ?[32mGiven ?[0m?[32mI set up the LTI consumer key and shared secret if not already done?[0m ?[90m# TestHarnessSteps.setUpLti()?[0m

  Background:                                                                 ?[90m# lti/LTIMapping.feature:3?[0m
    ?[32mGiven ?[0m?[32mI set up the LTI consumer key and shared secret if not already done?[0m ?[90m# TestHarnessSteps.setUpLti()?[0m

  Background:                                                                 ?[90m# lti/LTIMapping.feature:3?[0m
    ?[32mGiven ?[0m?[32mI set up the LTI consumer key and shared secret if not already done?[0m ?[90m# TestHarnessSteps.setUpLti()?[0m

  Background:                                                                 ?[90m# lti/LTIMapping.feature:3?[0m
    ?[32mGiven ?[0m?[32mI set up the LTI consumer key and shared secret if not already done?[0m ?[90m# TestHarnessSteps.setUpLti()?[0m

  Background:                                                                 ?[90m# lti/LTIMapping.feature:3?[0m
    ?[32mGiven ?[0m?[32mI set up the LTI consumer key and shared secret if not already done?[0m ?[90m# TestHarnessSteps.setUpLti()?[0m

  Background:                                                                 ?[90m# lti/LTIMapping.feature:3?[0m
    ?[32mGiven ?[0m?[32mI set up the LTI consumer key and shared secret if not already done?[0m ?[90m# TestHarnessSteps.setUpLti()?[0m

  Background:                                                                 ?[90m# lti/LTIMapping.feature:3?[0m
    ?[32mGiven ?[0m?[32mI set up the LTI consumer key and shared secret if not already done?[0m ?[90m# TestHarnessSteps.setUpLti()?[0m

  Background:                                                                 ?[90m# lti/LTIMapping.feature:3?[0m
    ?[32mGiven ?[0m?[32mI set up the LTI consumer key and shared secret if not already done?[0m ?[90m# TestHarnessSteps.setUpLti()?[0m

  Background:                                                                 ?[90m# lti/LTIMapping.feature:3?[0m
    ?[32mGiven ?[0m?[32mI set up the LTI consumer key and shared secret if not already done?[0m ?[90m# TestHarnessSteps.setUpLti()?[0m

  Background:                                                                 ?[90m# lti/LTIMapping.feature:3?[0m
    ?[32mGiven ?[0m?[32mI set up the LTI consumer key and shared secret if not already done?[0m ?[90m# TestHarnessSteps.setUpLti()?[0m

  Background:                                                                 ?[90m# lti/LTIMapping.feature:3?[0m
    ?[32mGiven ?[0m?[32mI set up the LTI consumer key and shared secret if not already done?[0m ?[90m# TestHarnessSteps.setUpLti()?[0m

  Scenario: Create a link to Class Homepage that requires licensing and passes a redemption code to it as a student                      ?[90m# lti/LTIMapping.feature:219?[0m
    ?[32mGiven ?[0m?[32mI am logged in as the default administrator?[0m                                                                                    ?[90m# LoginSteps.logInAsAdministrator()?[0m
    # Enable Student Licensing if not already
    ?[32mWhen ?[0m?[32mI navigate to the System Settings page?[0m                                                                                          ?[90m# SystemSettingsSteps.navigateToSystemSettingsPage()?[0m
    ?[32mAnd ?[0m?[32mI set Enable Student Licensing to ?[0m?[32m?[1mtrue?[0m                                                                                           ?[90m# SystemSettingsSteps.setEnableStudentLicensing(boolean)?[0m
    ?[32mAnd ?[0m?[32mI submit the changes to System Settings?[0m                                                                                          ?[90m# SystemSettingsSteps.submitChanges()?[0m
    ?[32mThen ?[0m?[32mThe changes to System Settings were successfully saved.?[0m                                                                         ?[90m# SystemSettingsSteps.assertChangesSaved()?[0m
    # Create a new Administrator role that can edit student licensing
    ?[32mWhen ?[0m?[32mI go to the Role Manager page?[0m                                                                                                   ?[90m# RoleManagerSteps.navigateToAddUserPage()?[0m
    ?[32mAnd ?[0m?[32mI click to clone the "?[0m?[32m?[1mAdministrator?[0m?[32m" role?[0m                                                                                        ?[90m# RoleManagerSteps.clickCloneLink(String)?[0m
    ?[32mThen ?[0m?[32mI am on the Role Editor page?[0m                                                                                                    ?[90m# RoleEditorSteps.assertOnRoleEditorPage()?[0m
    ?[32mWhen ?[0m?[32mI fill in the role name "?[0m?[32m?[1mAdministrator + Student Licensing?[0m?[32m"?[0m                                                                     ?[90m# RoleEditorSteps.enterRoleName(String)?[0m
    ?[32mAnd ?[0m?[32mI set the Edit Student License privilege to "?[0m?[32m?[1mtrue?[0m?[32m"?[0m                                                                               ?[90m# RoleEditorSteps.setEditStudentLicense(boolean)?[0m
    ?[32mAnd ?[0m?[32mI click Submit?[0m                                                                                                                   ?[90m# RoleEditorSteps.clickSubmit()?[0m
    ?[32mThen ?[0m?[32mI am on the Role Manager page?[0m                                                                                                   ?[90m# RoleManagerSteps.assertOnRoleManagerPage()?[0m
    # Edit Administrator LTI Role Mapping to the new role
    ?[32mWhen ?[0m?[32mI go to the Edit LTI Role Mappings page?[0m                                                                                         ?[90m# RoleMappingSteps.navigateToAddUserPage()?[0m
    ?[32mAnd ?[0m?[32mI click to edit the "?[0m?[32m?[1mAdministrator?[0m?[32m" role mapping?[0m                                                                                 ?[90m# RoleMappingSteps.editRoleMapping(String)?[0m
    ?[32mAnd ?[0m?[32mI set the Möbius Role to "?[0m?[32m?[1mAdministrator + Student Licensing?[0m?[32m"?[0m                                                                     ?[90m# RoleMappingSteps.setMöbiusRole(String)?[0m
    ?[32mAnd ?[0m?[32mI click Submit?[0m                                                                                                                   ?[90m# RoleEditorSteps.clickSubmit()?[0m
    ?[32mThen ?[0m?[32mthe "?[0m?[32m?[1mAdministrator?[0m?[32m" role is mapped to "?[0m?[32m?[1mAdministrator + Student Licensing?[0m?[32m"?[0m                                                       ?[90m# RoleMappingSteps.assertMapping(String,String)?[0m
    ?[32mAnd ?[0m?[32mI directly log out?[0m                                                                                                               ?[90m# LoginSteps.directlyLogOut()?[0m
    # Create a new class with Student Licensing enabled and map to it
    ?[32mAnd ?[0m?[32mI launch random "?[0m?[32m?[1mbasic-lti-launch-request?[0m?[32m" LTI request with role "?[0m?[32m?[1mAdministrator?[0m?[32m" and outcome URL "?[0m?[32m?[1m?[0m?[32m" and document target "?[0m?[32m?[1mwindow?[0m?[32m"?[0m ?[90m# TestHarnessSteps.runLtiRequest(String,String,String,String)?[0m
    ?[32mThen ?[0m?[32mI am on the LTI Mapping Page?[0m                                                                                                    ?[90m# LTIMappingSteps.assertLtiMappingPage()?[0m
    ?[32mWhen ?[0m?[32mI click the 'New Class' mapping button?[0m                                                                                          ?[90m# LTIMappingSteps.clickNewClassButton()?[0m
    ?[32mThen ?[0m?[32mI am on a New Class page?[0m                                                                                                        ?[90m# AddMapleTAClassSteps.verifyNewClassPage()?[0m
    ?[32mWhen ?[0m?[32mI set the Require Student Class License checkbox to "?[0m?[32m?[1mtrue?[0m?[32m"?[0m                                                                      ?[90m# AddMapleTAClassSteps.setRequireStudentClassLicense(boolean)?[0m
    ?[32mAnd ?[0m?[32mI create new class with random name?[0m                                                                                              ?[90m# AddMapleTAClassSteps.createNewClassWithRandomName()?[0m
    ?[32mThen ?[0m?[32mI am on the LTI Mapping Page?[0m                                                                                                    ?[90m# LTIMappingSteps.assertLtiMappingPage()?[0m
    ?[32mWhen ?[0m?[32mI click the 'Class Homepage' mapping button?[0m                                                                                     ?[90m# LTIMappingSteps.clickClassHomepageButton()?[0m
    ?[32mThen ?[0m?[32mI am on the Class Homepage?[0m                                                                                                      ?[90m# ClassHomepageSteps.assertClassHomepage()?[0m
    ?[32mAnd ?[0m?[32mI close the LTI Test Harness leftover windows?[0m                                                                                    ?[90m# TestHarnessSteps.closeLeftoverWindows()?[0m
    # Check LTI class homepage launch with custom_redemption_code passed
    ?[32mWhen ?[0m?[32mI go to the LTI Test Harness page?[0m                                                                                               ?[90m# TestHarnessSteps.navigateToTestHarnessPage()?[0m
    ?[32mAnd ?[0m?[32mI restore the launched LTI Test Harness form?[0m                                                                                     ?[90m# TestHarnessSteps.restoreLaunchedTestHarnessForm()?[0m
    ?[32mAnd ?[0m?[32mI update LTI user fields?[0m                                                                                                         ?[90m# TestHarnessSteps.updateUserFields()?[0m
    ?[32mAnd ?[0m?[32mI toggle the visibility of the optional fields?[0m                                                                                   ?[90m# TestHarnessSteps.toggleOptionalFieldVisibility()?[0m
    ?[32mAnd ?[0m?[32mI set the "?[0m?[32m?[1mcustom_custom_redemption_code?[0m?[32m" field to "?[0m?[32m?[1mTEST?[0m?[32m"?[0m                                                                        ?[90m# TestHarnessSteps.setTextField(String,String)?[0m
    ?[32mAnd ?[0m?[32mI launch prepared "?[0m?[32m?[1mbasic-lti-launch-request?[0m?[32m" LTI request with role "?[0m?[32m?[1mStudent?[0m?[32m" and outcome URL "?[0m?[32m?[1m?[0m?[32m" and document target "?[0m?[32m?[1mwindow?[0m?[32m"?[0m     ?[90m# TestHarnessSteps.submitLtiRequest(String,String,String,String)?[0m
    ?[32mThen ?[0m?[32mI am on the User License Required page?[0m                                                                                          ?[90m# UserLicenseRequiredSteps.assertOnUserLicenseRequiredPage()?[0m
    ?[32mAnd ?[0m?[32mI see the redemption code "?[0m?[32m?[1mTEST?[0m?[32m" in the URL?[0m                                                                                      ?[90m# UserLicenseRequiredSteps.assertRedemptionCodeInURL(String)?[0m
    ?[32mThen ?[0m?[32mI close the LTI Test Harness leftover windows?[0m                                                                                   ?[90m# TestHarnessSteps.closeLeftoverWindows()?[0m
Feature: LTI Shared Secret

  Background:                                         ?[90m# lti/SharedSecret.feature:3?[0m
    # Should be logged in as qa/qatest
    ?[32mGiven ?[0m?[32mI am logged in as the default administrator?[0m ?[90m# LoginSteps.logInAsAdministrator()?[0m
    ?[32mAnd ?[0m?[32mI navigate to the Shared Secret page?[0m          ?[90m# SharedSecretSteps.navigateToSharedSecretPage()?[0m
    ?[32mThen ?[0m?[32mI verify I am on the Shared Secret page?[0m      ?[90m# SharedSecretSteps.assertSharedSecretPage()?[0m

  Scenario: Successfully create a new shared secret ?[90m# lti/SharedSecret.feature:9?[0m
    ?[32mWhen ?[0m?[32mI click the Add Pair Button?[0m                ?[90m# SharedSecretSteps.addPair()?[0m
    ?[32mThen ?[0m?[32ma Shared Secret exists?[0m                     ?[90m# SharedSecretSteps.assertSharedSecretExists()?[0m
    ?[32mAnd ?[0m?[32ma Consumer Key exists?[0m                       ?[90m# SharedSecretSteps.assertConsumerKeyExists()?[0m
Feature: Create class and access as student

  Background:                                                                 ?[90m# lti/TakeAssignmentThroughLTI.feature:3?[0m
    ?[32mGiven ?[0m?[32mI set up the LTI consumer key and shared secret if not already done?[0m ?[90m# TestHarnessSteps.setUpLti()?[0m

  Scenario: Create a class as an instructor, verify a student is able to access it via LTI class homepage link                         ?[90m# lti/TakeAssignmentThroughLTI.feature:6?[0m
    ?[32mWhen ?[0m?[32mI launch random "?[0m?[32m?[1mbasic-lti-launch-request?[0m?[32m" LTI request with role "?[0m?[32m?[1mInstructor?[0m?[32m" and outcome URL "?[0m?[32m?[1m?[0m?[32m" and document target "?[0m?[32m?[1mwindow?[0m?[32m"?[0m ?[90m# TestHarnessSteps.runLtiRequest(String,String,String,String)?[0m
    ?[32mThen ?[0m?[32mI am on the LTI Mapping Page?[0m                                                                                                  ?[90m# LTIMappingSteps.assertLtiMappingPage()?[0m
    ?[32mWhen ?[0m?[32mI click the 'New Class' mapping button?[0m                                                                                        ?[90m# LTIMappingSteps.clickNewClassButton()?[0m
    ?[32mThen ?[0m?[32mI am on a New Class page?[0m                                                                                                      ?[90m# AddMapleTAClassSteps.verifyNewClassPage()?[0m
    ?[32mWhen ?[0m?[32mI create new class with random name?[0m                                                                                           ?[90m# AddMapleTAClassSteps.createNewClassWithRandomName()?[0m
    ?[32mThen ?[0m?[32mI am on the LTI Mapping Page?[0m                                                                                                  ?[90m# LTIMappingSteps.assertLtiMappingPage()?[0m
    ?[32mWhen ?[0m?[32mI click the 'Class Homepage' mapping button?[0m                                                                                   ?[90m# LTIMappingSteps.clickClassHomepageButton()?[0m
    ?[32mThen ?[0m?[32mI am on the Class Homepage?[0m                                                                                                    ?[90m# ClassHomepageSteps.assertClassHomepage()?[0m
    # Create an assignment for the students to take
    ?[32mWhen ?[0m?[32mI navigate to the "?[0m?[32m?[1mContent Repository?[0m?[32m" of current class?[0m                                                                       ?[90m# ClassHomepageSteps.navigateInClass(String,String)?[0m
    ?[32mAnd ?[0m?[32mI choose creating new assignment in "?[0m?[32m?[1mDefault Unit?[0m?[32m" unit from the main dropdown button?[0m                                          ?[90m# ContentRepositorySteps.chooseCreatingNewAssignmentFromMainDropdownButton(String)?[0m
    ?[32mThen ?[0m?[32mAssignment Editor is opened?[0m                                                                                                   ?[90m# AssignmentEditorDetailsSteps.assertAssignmentEditorPageIsOpened()?[0m
    ?[32mWhen ?[0m?[32menter Assignment name "?[0m?[32m?[1mAssignment 1?[0m?[32m"?[0m                                                                                          ?[90m# AssignmentEditorDetailsSteps.enterAssignmentName(String)?[0m
    ?[32mWhen ?[0m?[32mI click on the questions tab?[0m                                                                                                  ?[90m# AssignmentEditorDetailsSteps.clickQuestionsTab()?[0m
    ?[32mAnd ?[0m?[32mI click the new question button?[0m                                                                                                ?[90m# AssignmentEditorQuestionSteps.createQuestion()?[0m
    ?[32mAnd ?[0m?[32mI click Response Area button to open the dialog and assert that the Choose Question Type page is visible?[0m                       ?[90m# QuestionDesignerSteps.clickInsertResponseAreaButton()?[0m
    ?[32mWhen ?[0m?[32mI choose "?[0m?[32m?[1mMathematical Formula?[0m?[32m" link from the dialog and complete the correct answer?[0m                                          ?[90m# QuestionDesignerSteps.chooseTypeAndCompleteCorrectAnswer(String)?[0m
    ?[32mAnd ?[0m?[32mI click OK?[0m                                                                                                                     ?[90m# QuestionDesignerSteps.clickResponseDialogOkButton()?[0m
    ?[32mThen ?[0m?[32mI see the "?[0m?[32m?[1mMathematical Formula?[0m?[32m" Question Widget in the question text section?[0m                                                 ?[90m# QuestionDesignerSteps.assertQuestionWidgetIsInserted(String)?[0m
    ?[32mAnd ?[0m?[32mI save & close the new question in the assignment editor?[0m                                                                       ?[90m# AssignmentEditorQuestionSteps.saveAndCloseNewQuestion()?[0m
    ?[32mWhen ?[0m?[32mI save & close the assignment on the questions page?[0m                                                                           ?[90m# AssignmentEditorQuestionSteps.saveAndCloseAssignment()?[0m
    ?[32mThen ?[0m?[32mI see summary of the assignment?[0m                                                                                               ?[90m# AssignmentEditorDetailsSteps.assertAssignmentSummaryShown()?[0m
    ?[32mWhen ?[0m?[32mI save and close the assignment summary details?[0m                                                                               ?[90m# AssignmentEditorDetailsSteps.saveAndCloseAssignmentSummary()?[0m
    ?[32mThen ?[0m?[32mI am on the Class Homepage?[0m                                                                                                    ?[90m# ClassHomepageSteps.assertClassHomepage()?[0m
    # As a student, use LTI to access homepage for class created above
    ?[32mWhen ?[0m?[32mI go to the LTI Test Harness page and fill in the current class id?[0m                                                            ?[90m# TestHarnessSteps.goToTestHarnessFillClassId()?[0m
    ?[32mAnd ?[0m?[32mI fill the LTI Test Harness form with random data?[0m                                                                              ?[90m# TestHarnessSteps.fillTheFormWithRandomData()?[0m
    ?[32mAnd ?[0m?[32mI set the "?[0m?[32m?[1mcustom_mapleta_launch_id?[0m?[32m" drop-down field to "?[0m?[32m?[1mClass home page?[0m?[32m"?[0m                                                      ?[90m# TestHarnessSteps.setDropDownField(String,String)?[0m
    ?[32mAnd ?[0m?[32mI launch prepared "?[0m?[32m?[1mbasic-lti-launch-request?[0m?[32m" LTI request with role "?[0m?[32m?[1mStudent?[0m?[32m" and outcome URL "?[0m?[32m?[1m?[0m?[32m" and document target "?[0m?[32m?[1mwindow?[0m?[32m"?[0m   ?[90m# TestHarnessSteps.submitLtiRequest(String,String,String,String)?[0m
    ?[32mThen ?[0m?[32mI am on the Class Homepage?[0m                                                                                                    ?[90m# ClassHomepageSteps.assertClassHomepage()?[0m
    ?[32mAnd ?[0m?[32mI start the "?[0m?[32m?[1mAssignment 1?[0m?[32m" assignment in "?[0m?[32m?[1mDefault Unit?[0m?[32m" unit?[0m                                                                   ?[90m# ClassHomepageSteps.openAssignment(String,String)?[0m
    ?[32mWhen ?[0m?[32mI submit the assignment?[0m                                                                                                       ?[90m# MapleTAAssignmentSteps.submitAssignment()?[0m
    ?[32mThen ?[0m?[32mI see the submission report with warning text "?[0m?[32m?[1mWarning: There appears to be errors in one or more of your answers.?[0m?[32m"?[0m           ?[90m# MapleTAAssignmentSteps.assertSubmissionReportWarningMessage(String)?[0m
    ?[32mWhen ?[0m?[32mI submit the assignment again?[0m                                                                                                 ?[90m# MapleTAAssignmentSteps.submitAssignment()?[0m
    ?[32mThen ?[0m?[32mmy score ?[0m?[32m?[1m0?[0m?[32m out of ?[0m?[32m?[1m1?[0m?[32m (?[0m?[32m?[1m0?[0m?[32m %) is shown in a grade report?[0m                                                                          ?[90m# MapleTAAssignmentSteps.assertScore(String,String,String)?[0m
    ?[32mAnd ?[0m?[32mquit and save the assignment?[0m                                                                                                   ?[90m# MapleTAAssignmentSteps.quitAndSaveAssignment()?[0m
    ?[32mAnd ?[0m?[32mI am on the Class Homepage?[0m                                                                                                     ?[90m# ClassHomepageSteps.assertClassHomepage()?[0m
Feature: Privacy Policy not required

  Background:                                         ?[90m# privacyPolicy/PrivacyPolicyDisabled.feature:3?[0m
    ?[32mGiven ?[0m?[32mI am logged in as the default administrator?[0m ?[90m# LoginSteps.logInAsAdministrator()?[0m

  # ---------------------------------------------------------------------------------------------
  Scenario: Visit the privacy policy page when it's not required.            ?[90m# privacyPolicy/PrivacyPolicyDisabled.feature:7?[0m
    # When a redirect is specified, we should end up on that page.
    ?[32mWhen ?[0m?[32mI navigate to the Privacy Policy page with redirect to ?[0m?[32m?[1m/1/gradebook?[0m ?[90m# PrivacyPolicySteps.navigateToPrivacyPolicyPage(String)?[0m
    ?[32mThen ?[0m?[32mI am in the Gradebook?[0m                                               ?[90m# GradebookSteps.verifyGradebookPage()?[0m
    # When no redirect is specified, we should return to system homepage.
    ?[32mWhen ?[0m?[32mI navigate to the Privacy Policy page?[0m                               ?[90m# PrivacyPolicySteps.navigateToPrivacyPolicyPage()?[0m
    ?[32mThen ?[0m?[32mI am on the System Homepage?[0m                                         ?[90m# SystemHomepageSteps.assertSystemHomepage()?[0m
Feature: Privacy Policy required

  Background: Ensure that the privacy policy is enabled.    ?[90m# privacyPolicy/PrivacyPolicyEnabled.feature:3?[0m
    ?[32mGiven ?[0m?[32mI am logged in as the default administrator?[0m       ?[90m# LoginSteps.logInAsAdministrator()?[0m
    ?[32mAnd ?[0m?[32mI enable Privacy Policy Required with the dummy URL?[0m ?[90m# SystemSettingsSteps.enablePrivacyPolicy()?[0m
    ?[32mGiven ?[0m?[32mI refresh the System Settings page?[0m                ?[90m# SystemSettingsSteps.refreshChanges()?[0m
    ?[32mAnd ?[0m?[32mI accept the privacy policy if necessary?[0m            ?[90m# PrivacyPolicySteps.acceptPolicyIfNecessary()?[0m

  Background: Ensure that the privacy policy is enabled.    ?[90m# privacyPolicy/PrivacyPolicyEnabled.feature:3?[0m
    ?[32mGiven ?[0m?[32mI am logged in as the default administrator?[0m       ?[90m# LoginSteps.logInAsAdministrator()?[0m
    ?[32mAnd ?[0m?[32mI enable Privacy Policy Required with the dummy URL?[0m ?[90m# SystemSettingsSteps.enablePrivacyPolicy()?[0m
    ?[32mGiven ?[0m?[32mI refresh the System Settings page?[0m                ?[90m# SystemSettingsSteps.refreshChanges()?[0m
    ?[32mAnd ?[0m?[32mI accept the privacy policy if necessary?[0m            ?[90m# PrivacyPolicySteps.acceptPolicyIfNecessary()?[0m

  Background: Ensure that the privacy policy is enabled.    ?[90m# privacyPolicy/PrivacyPolicyEnabled.feature:3?[0m
    ?[32mGiven ?[0m?[32mI am logged in as the default administrator?[0m       ?[90m# LoginSteps.logInAsAdministrator()?[0m
    ?[32mAnd ?[0m?[32mI enable Privacy Policy Required with the dummy URL?[0m ?[90m# SystemSettingsSteps.enablePrivacyPolicy()?[0m
    ?[32mGiven ?[0m?[32mI refresh the System Settings page?[0m                ?[90m# SystemSettingsSteps.refreshChanges()?[0m
    ?[32mAnd ?[0m?[32mI accept the privacy policy if necessary?[0m            ?[90m# PrivacyPolicySteps.acceptPolicyIfNecessary()?[0m

  # ---------------------------------------------------------------------------------------------
  Scenario: Privacy Policy Link                                  ?[90m# privacyPolicy/PrivacyPolicyEnabled.feature:99?[0m
    # Link should show when Privacy Policy is required.
    ?[32mWhen ?[0m?[32mI verify the Privacy Policy link is visible?[0m             ?[90m# PrivacyPolicySteps.assertPrivacyPolicyLinkIsVisible()?[0m
    ?[32mAnd ?[0m?[32mI click the Privacy Policy link?[0m                          ?[90m# PrivacyPolicySteps.clickPrivacyPolicyLink()?[0m
    ?[32mThen ?[0m?[32mI am on the Privacy Policy page?[0m                         ?[90m# PrivacyPolicySteps.assertPrivacyPolicyPage()?[0m
    # Link should not show when Privacy Policy is not required.
    ?[32mGiven ?[0m?[32mI navigate to the System Settings page?[0m                 ?[90m# SystemSettingsSteps.navigateToSystemSettingsPage()?[0m
    ?[32mAnd ?[0m?[32mI set Privacy Policy Required to ?[0m?[32m?[1mfalse?[0m                   ?[90m# SystemSettingsSteps.setPrivacyPolicyRequired(boolean)?[0m
    ?[32mAnd ?[0m?[32mI set the Privacy Policy URL to "?[0m?[32m?[1m?[0m?[32m"?[0m                       ?[90m# SystemSettingsSteps.setPrivacyPolicyUrl(String)?[0m
    ?[32mAnd ?[0m?[32mI submit the changes to System Settings?[0m                  ?[90m# SystemSettingsSteps.submitChanges()?[0m
    ?[32mThen ?[0m?[32mThe changes to System Settings were successfully saved.?[0m ?[90m# SystemSettingsSteps.assertChangesSaved()?[0m
    ?[32mAnd ?[0m?[32mThe Privacy Policy Required is ?[0m?[32m?[1mfalse?[0m                     ?[90m# SystemSettingsSteps.assertPrivacyPolicyRequiredIs(boolean)?[0m
    ?[32mAnd ?[0m?[32mI verify the Privacy Policy link is not visible?[0m          ?[90m# PrivacyPolicySteps.assertPrivacyPolicyLinkIsNotVisible()?[0m
    #link does not show when Policy Page is not required but page is given
    ?[32mAnd ?[0m?[32mI set Privacy Policy Required to ?[0m?[32m?[1mfalse?[0m                   ?[90m# SystemSettingsSteps.setPrivacyPolicyRequired(boolean)?[0m
    ?[32mWhen ?[0m?[32mI set the Privacy Policy URL to be the dummy page?[0m       ?[90m# SystemSettingsSteps.setDummyPrivacyPolicyUrl()?[0m
    ?[32mAnd ?[0m?[32mI submit the changes to System Settings?[0m                  ?[90m# SystemSettingsSteps.submitChanges()?[0m
    ?[32mThen ?[0m?[32mThe changes to System Settings were successfully saved.?[0m ?[90m# SystemSettingsSteps.assertChangesSaved()?[0m
    ?[32mAnd ?[0m?[32mThe Privacy Policy Required is ?[0m?[32m?[1mfalse?[0m                     ?[90m# SystemSettingsSteps.assertPrivacyPolicyRequiredIs(boolean)?[0m
    ?[32mAnd ?[0m?[32mI verify the Privacy Policy link is not visible?[0m          ?[90m# PrivacyPolicySteps.assertPrivacyPolicyLinkIsNotVisible()?[0m
Feature: Privacy Policy required with LTI

  Background:                                                                  ?[90m# privacyPolicy/PrivacyPolicyLTI.feature:3?[0m
    ?[32mGiven ?[0m?[32mI am logged in as the default administrator?[0m                          ?[90m# LoginSteps.logInAsAdministrator()?[0m
    ?[32mAnd ?[0m?[32mI enable Privacy Policy Required with the dummy URL?[0m                    ?[90m# SystemSettingsSteps.enablePrivacyPolicy()?[0m
    ?[32mThen ?[0m?[32mI navigate to the Shared Secret page?[0m                                  ?[90m# SharedSecretSteps.navigateToSharedSecretPage()?[0m
    ?[32mAnd ?[0m?[32mI check if Consumer Key and Shared Secret exist, if not, I create them?[0m ?[90m# TestHarnessSteps.rememberCreatedLtiSetup()?[0m

  Background:                                                                  ?[90m# privacyPolicy/PrivacyPolicyLTI.feature:3?[0m
    ?[32mGiven ?[0m?[32mI am logged in as the default administrator?[0m                          ?[90m# LoginSteps.logInAsAdministrator()?[0m
    ?[32mAnd ?[0m?[32mI enable Privacy Policy Required with the dummy URL?[0m                    ?[90m# SystemSettingsSteps.enablePrivacyPolicy()?[0m
    ?[32mThen ?[0m?[32mI navigate to the Shared Secret page?[0m                                  ?[90m# SharedSecretSteps.navigateToSharedSecretPage()?[0m
    ?[32mAnd ?[0m?[32mI check if Consumer Key and Shared Secret exist, if not, I create them?[0m ?[90m# TestHarnessSteps.rememberCreatedLtiSetup()?[0m

  Background:                                                                  ?[90m# privacyPolicy/PrivacyPolicyLTI.feature:3?[0m
    ?[32mGiven ?[0m?[32mI am logged in as the default administrator?[0m                          ?[90m# LoginSteps.logInAsAdministrator()?[0m
    ?[32mAnd ?[0m?[32mI enable Privacy Policy Required with the dummy URL?[0m                    ?[90m# SystemSettingsSteps.enablePrivacyPolicy()?[0m
    ?[32mThen ?[0m?[32mI navigate to the Shared Secret page?[0m                                  ?[90m# SharedSecretSteps.navigateToSharedSecretPage()?[0m
    ?[32mAnd ?[0m?[32mI check if Consumer Key and Shared Secret exist, if not, I create them?[0m ?[90m# TestHarnessSteps.rememberCreatedLtiSetup()?[0m

  Background:                                                                  ?[90m# privacyPolicy/PrivacyPolicyLTI.feature:3?[0m
    ?[32mGiven ?[0m?[32mI am logged in as the default administrator?[0m                          ?[90m# LoginSteps.logInAsAdministrator()?[0m
    ?[32mAnd ?[0m?[32mI enable Privacy Policy Required with the dummy URL?[0m                    ?[90m# SystemSettingsSteps.enablePrivacyPolicy()?[0m
    ?[32mThen ?[0m?[32mI navigate to the Shared Secret page?[0m                                  ?[90m# SharedSecretSteps.navigateToSharedSecretPage()?[0m
    ?[32mAnd ?[0m?[32mI check if Consumer Key and Shared Secret exist, if not, I create them?[0m ?[90m# TestHarnessSteps.rememberCreatedLtiSetup()?[0m

  # ---------------------------------------------------------------------------------------------
  Scenario: Privacy policy with Assignment LTI launch.                                                                                        ?[90m# privacyPolicy/PrivacyPolicyLTI.feature:113?[0m
    ?[32mWhen ?[0m?[32mI launch random "?[0m?[32m?[1mbasic-lti-launch-request?[0m?[32m" LTI request with role "?[0m?[32m?[1mInstructor?[0m?[32m" and outcome URL "?[0m?[32m?[1mdefault?[0m?[32m" and document target "?[0m?[32m?[1mwindow?[0m?[32m"?[0m ?[90m# TestHarnessSteps.runLtiRequest(String,String,String,String)?[0m
    ?[32mThen ?[0m?[32mI am on the Privacy Policy page?[0m                                                                                                      ?[90m# PrivacyPolicySteps.assertPrivacyPolicyPage()?[0m
    ?[32mAnd ?[0m?[32mThe Accept Privacy Policy button is visible?[0m                                                                                           ?[90m# PrivacyPolicySteps.assertAcceptButtonVisible()?[0m
    ?[32mWhen ?[0m?[32mI accept the Privacy Policy?[0m                                                                                                          ?[90m# PrivacyPolicySteps.clickAcceptButton()?[0m
    ?[32mThen ?[0m?[32mI am on the LTI Mapping Page?[0m                                                                                                         ?[90m# LTIMappingSteps.assertLtiMappingPage()?[0m
    # Create new class
    ?[32mWhen ?[0m?[32mI click the 'New Class' mapping button?[0m                                                                                               ?[90m# LTIMappingSteps.clickNewClassButton()?[0m
    ?[32mAnd ?[0m?[32mI create new class with random name?[0m                                                                                                   ?[90m# AddMapleTAClassSteps.createNewClassWithRandomName()?[0m
    ?[32mThen ?[0m?[32mI am on the LTI Mapping Page?[0m                                                                                                         ?[90m# LTIMappingSteps.assertLtiMappingPage()?[0m
    # Create new assignment
    ?[32mWhen ?[0m?[32mI click the 'New Assignment' mapping button?[0m                                                                                          ?[90m# LTIMappingSteps.clickNewAssignmentButton()?[0m
    ?[32mAnd ?[0m?[32mI create empty assignment with random name?[0m                                                                                            ?[90m# AssignmentEditorDetailsSteps.createEmptyAssignmentWithRandomName()?[0m
    ?[32mThen ?[0m?[32mI am on the LTI Mapping Page?[0m                                                                                                         ?[90m# LTIMappingSteps.assertLtiMappingPage()?[0m
    # Map to the Assignment
    ?[32mWhen ?[0m?[32mI click the 'Assignment' mapping button?[0m                                                                                              ?[90m# LTIMappingSteps.clickAssignmentButton()?[0m
    ?[32mThen ?[0m?[32mI am on the Assignment Review Page?[0m                                                                                                   ?[90m# AssignmentLaunchPageSteps.assertAssignmentReviewPage()?[0m
    ?[32mAnd ?[0m?[32mI close the LTI Test Harness leftover windows?[0m                                                                                         ?[90m# TestHarnessSteps.closeLeftoverWindows()?[0m
    ?[32mWhen ?[0m?[32mI go to the LTI Test Harness page?[0m                                                                                                    ?[90m# TestHarnessSteps.navigateToTestHarnessPage()?[0m
    ?[32mAnd ?[0m?[32mI restore the launched LTI Test Harness form?[0m                                                                                          ?[90m# TestHarnessSteps.restoreLaunchedTestHarnessForm()?[0m
    ?[32mAnd ?[0m?[32mI update LTI user fields?[0m                                                                                                              ?[90m# TestHarnessSteps.updateUserFields()?[0m
    ?[32mAnd ?[0m?[32mI launch prepared "?[0m?[32m?[1mbasic-lti-launch-request?[0m?[32m" LTI request with role "?[0m?[32m?[1mStudent?[0m?[32m" and outcome URL "?[0m?[32m?[1mdefault?[0m?[32m" and document target "?[0m?[32m?[1mwindow?[0m?[32m"?[0m   ?[90m# TestHarnessSteps.submitLtiRequest(String,String,String,String)?[0m
    ?[32mThen ?[0m?[32mI am on the Privacy Policy page?[0m                                                                                                      ?[90m# PrivacyPolicySteps.assertPrivacyPolicyPage()?[0m
    ?[32mAnd ?[0m?[32mThe Accept Privacy Policy button is visible?[0m                                                                                           ?[90m# PrivacyPolicySteps.assertAcceptButtonVisible()?[0m
    ?[32mWhen ?[0m?[32mI accept the Privacy Policy?[0m                                                                                                          ?[90m# PrivacyPolicySteps.clickAcceptButton()?[0m
    ?[32mThen ?[0m?[32mI am on the Assignment Review Page?[0m                                                                                                   ?[90m# AssignmentLaunchPageSteps.assertAssignmentReviewPage()?[0m
    ?[32mAnd ?[0m?[32mI close the LTI Test Harness leftover windows?[0m                                                                                         ?[90m# TestHarnessSteps.closeLeftoverWindows()?[0m
    ?[32mThen ?[0m?[32mI directly log out?[0m                                                                                                                   ?[90m# LoginSteps.directlyLogOut()?[0m
    ?[32mAnd ?[0m?[32mI am logged in as the default administrator?[0m                                                                                           ?[90m# LoginSteps.logInAsAdministrator()?[0m
    # Disable privacy policy to avoid interfering with other tests.
    ?[32mGiven ?[0m?[32mI navigate to the System Settings page?[0m                                                                                              ?[90m# SystemSettingsSteps.navigateToSystemSettingsPage()?[0m
    ?[32mAnd ?[0m?[32mI set Privacy Policy Required to ?[0m?[32m?[1mfalse?[0m                                                                                                ?[90m# SystemSettingsSteps.setPrivacyPolicyRequired(boolean)?[0m
    ?[32mAnd ?[0m?[32mI set the Privacy Policy URL to "?[0m?[32m?[1m?[0m?[32m"?[0m                                                                                                    ?[90m# SystemSettingsSteps.setPrivacyPolicyUrl(String)?[0m
    ?[32mAnd ?[0m?[32mI submit the changes to System Settings?[0m                                                                                               ?[90m# SystemSettingsSteps.submitChanges()?[0m
    ?[32mThen ?[0m?[32mThe changes to System Settings were successfully saved.?[0m                                                                              ?[90m# SystemSettingsSteps.assertChangesSaved()?[0m
    ?[32mAnd ?[0m?[32mThe Privacy Policy Required is ?[0m?[32m?[1mfalse?[0m                                                                                                  ?[90m# SystemSettingsSteps.assertPrivacyPolicyRequiredIs(boolean)?[0m
Feature: Add Algorithm to question

  Background:                                                             ?[90m# question/AddAlgorithm.feature:3?[0m
    # Should be logged in as qa/qatest
    ?[32mGiven ?[0m?[32mI am logged in as the default administrator?[0m                     ?[90m# LoginSteps.logInAsAdministrator()?[0m
    ?[32mAnd ?[0m?[32mI am on the Content Repository page of ?[0m?[32m?[1mDemonstration Class?[0m        ?[90m# ContentRepositorySteps.navigateToContentRepositoryOfClass(String)?[0m
    ?[32mAnd ?[0m?[32mI choose creating new question/Text from the main dropdown button?[0m ?[90m# ContentRepositorySteps.chooseCreatingNewQuestionFromMainDropdownButton()?[0m
    ?[32mAnd ?[0m?[32mQuestion Designer is opened?[0m                                       ?[90m# QuestionDesignerSteps.assertQuestionDesignerPageIsOpened()?[0m

  Background:                                                             ?[90m# question/AddAlgorithm.feature:3?[0m
    # Should be logged in as qa/qatest
    ?[32mGiven ?[0m?[32mI am logged in as the default administrator?[0m                     ?[90m# LoginSteps.logInAsAdministrator()?[0m
    ?[32mAnd ?[0m?[32mI am on the Content Repository page of ?[0m?[32m?[1mDemonstration Class?[0m        ?[90m# ContentRepositorySteps.navigateToContentRepositoryOfClass(String)?[0m
    ?[32mAnd ?[0m?[32mI choose creating new question/Text from the main dropdown button?[0m ?[90m# ContentRepositorySteps.chooseCreatingNewQuestionFromMainDropdownButton()?[0m
    ?[32mAnd ?[0m?[32mQuestion Designer is opened?[0m                                       ?[90m# QuestionDesignerSteps.assertQuestionDesignerPageIsOpened()?[0m

  Background:                                                             ?[90m# question/AddAlgorithm.feature:3?[0m
    # Should be logged in as qa/qatest
    ?[32mGiven ?[0m?[32mI am logged in as the default administrator?[0m                     ?[90m# LoginSteps.logInAsAdministrator()?[0m
    ?[32mAnd ?[0m?[32mI am on the Content Repository page of ?[0m?[32m?[1mDemonstration Class?[0m        ?[90m# ContentRepositorySteps.navigateToContentRepositoryOfClass(String)?[0m
    ?[32mAnd ?[0m?[32mI choose creating new question/Text from the main dropdown button?[0m ?[90m# ContentRepositorySteps.chooseCreatingNewQuestionFromMainDropdownButton()?[0m
    ?[32mAnd ?[0m?[32mQuestion Designer is opened?[0m                                       ?[90m# QuestionDesignerSteps.assertQuestionDesignerPageIsOpened()?[0m

  Scenario:                                                                                   ?[90m# question/AddAlgorithm.feature:20?[0m
    ?[32mWhen ?[0m?[32mI enter in the Algorithm Editor "?[0m?[32m?[1masdfasdasdsadf?[0m?[32m"?[0m                                     ?[90m# QuestionDesignerSteps.enterAlgorithmText(String)?[0m
    ?[32mAnd ?[0m?[32mI click Preview and see the error message "?[0m?[32m?[1mRandomization identities must contain "="?[0m?[32m"?[0m ?[90m# QuestionDesignerSteps.assertPreviewError(String)?[0m
    ?[32mThen ?[0m?[32mI see the Algorithm error message "?[0m?[32m?[1mRandomization identities must contain "="?[0m?[32m"?[0m        ?[90m# QuestionDesignerSteps.assertAlgorithmError(String)?[0m
Feature: Syntax Checking in Math Questions

  Background:                                                                                                    ?[90m# question/MathQuestionSyntaxChecker.feature:3?[0m
    ?[32mGiven ?[0m?[32mI am logged in as the default administrator?[0m                                                            ?[90m# LoginSteps.logInAsAdministrator()?[0m
    ?[32mAnd ?[0m?[32mI am on the Content Repository page of ?[0m?[32m?[1mDemonstration Class?[0m                                               ?[90m# ContentRepositorySteps.navigateToContentRepositoryOfClass(String)?[0m
    ?[32mAnd ?[0m?[32mI choose creating new question/Text from the main dropdown button?[0m                                        ?[90m# ContentRepositorySteps.chooseCreatingNewQuestionFromMainDropdownButton()?[0m
    ?[32mAnd ?[0m?[32mQuestion Designer is opened?[0m                                                                              ?[90m# QuestionDesignerSteps.assertQuestionDesignerPageIsOpened()?[0m
    ?[32mAnd ?[0m?[32mI click inside the question text editor?[0m                                                                  ?[90m# QuestionDesignerSteps.clickInsideQuestionTextEditor()?[0m
    ?[32mAnd ?[0m?[32mI click Response Area button to open the dialog and assert that the Choose Question Type page is visible?[0m ?[90m# QuestionDesignerSteps.clickInsertResponseAreaButton()?[0m

  Background:                                                                                                    ?[90m# question/MathQuestionSyntaxChecker.feature:3?[0m
    ?[32mGiven ?[0m?[32mI am logged in as the default administrator?[0m                                                            ?[90m# LoginSteps.logInAsAdministrator()?[0m
    ?[32mAnd ?[0m?[32mI am on the Content Repository page of ?[0m?[32m?[1mDemonstration Class?[0m                                               ?[90m# ContentRepositorySteps.navigateToContentRepositoryOfClass(String)?[0m
    ?[32mAnd ?[0m?[32mI choose creating new question/Text from the main dropdown button?[0m                                        ?[90m# ContentRepositorySteps.chooseCreatingNewQuestionFromMainDropdownButton()?[0m
    ?[32mAnd ?[0m?[32mQuestion Designer is opened?[0m                                                                              ?[90m# QuestionDesignerSteps.assertQuestionDesignerPageIsOpened()?[0m
    ?[32mAnd ?[0m?[32mI click inside the question text editor?[0m                                                                  ?[90m# QuestionDesignerSteps.clickInsideQuestionTextEditor()?[0m
    ?[32mAnd ?[0m?[32mI click Response Area button to open the dialog and assert that the Choose Question Type page is visible?[0m ?[90m# QuestionDesignerSteps.clickInsertResponseAreaButton()?[0m

  Background:                                                                                                    ?[90m# question/MathQuestionSyntaxChecker.feature:3?[0m
    ?[32mGiven ?[0m?[32mI am logged in as the default administrator?[0m                                                            ?[90m# LoginSteps.logInAsAdministrator()?[0m
    ?[32mAnd ?[0m?[32mI am on the Content Repository page of ?[0m?[32m?[1mDemonstration Class?[0m                                               ?[90m# ContentRepositorySteps.navigateToContentRepositoryOfClass(String)?[0m
    ?[32mAnd ?[0m?[32mI choose creating new question/Text from the main dropdown button?[0m                                        ?[90m# ContentRepositorySteps.chooseCreatingNewQuestionFromMainDropdownButton()?[0m
    ?[32mAnd ?[0m?[32mQuestion Designer is opened?[0m                                                                              ?[90m# QuestionDesignerSteps.assertQuestionDesignerPageIsOpened()?[0m
    ?[32mAnd ?[0m?[32mI click inside the question text editor?[0m                                                                  ?[90m# QuestionDesignerSteps.clickInsideQuestionTextEditor()?[0m
    ?[32mAnd ?[0m?[32mI click Response Area button to open the dialog and assert that the Choose Question Type page is visible?[0m ?[90m# QuestionDesignerSteps.clickInsertResponseAreaButton()?[0m

  Scenario: Default highlight rule for Maple-graded questions with Maple syntax                  ?[90m# question/MathQuestionSyntaxChecker.feature:40?[0m
    ?[32mWhen ?[0m?[32mI choose "?[0m?[32m?[1mMaple-graded?[0m?[32m" link from the dialog and complete the correct answer?[0m            ?[90m# QuestionDesignerSteps.chooseTypeAndCompleteCorrectAnswer(String)?[0m
    ?[32mAnd ?[0m?[32mI set question fields: '?[0m?[32m?[1m{"responseType":"maple","textOrSymbolic":"Symbolic entry only"}?[0m?[32m'?[0m ?[90m# QuestionDesignerSteps.setQuestionFields(String)?[0m
    ?[32mAnd ?[0m?[32mI click OK?[0m                                                                               ?[90m# QuestionDesignerSteps.clickResponseDialogOkButton()?[0m
    ?[32mThen ?[0m?[32mI see the "?[0m?[32m?[1mMaple?[0m?[32m" Question Widget in the question text section?[0m                          ?[90m# QuestionDesignerSteps.assertQuestionWidgetIsInserted(String)?[0m
    ?[32mWhen ?[0m?[32mI click the Preview button?[0m                                                              ?[90m# QuestionDesignerSteps.clickPreviewButton()?[0m
    ?[32mThen ?[0m?[32mI see the math editor?[0m                                                                   ?[90m# MathEditorComponentSteps.assertMathEditorVisible()?[0m
    ?[32mWhen ?[0m?[32mI enter "?[0m?[32m?[1msinh?[0m?[32m" in the math editor?[0m                                                       ?[90m# MathEditorComponentSteps.typeText(String)?[0m
    ?[32mThen ?[0m?[32mI do not see the expression "?[0m?[32m?[1msinh?[0m?[32m" highlighted in the math editor?[0m                       ?[90m# MathEditorComponentSteps.assertTextNotHighlighted(String)?[0m
    ?[32mWhen ?[0m?[32mI remove all text in the math editor?[0m                                                    ?[90m# MathEditorComponentSteps.removeText()?[0m
    ?[32mAnd ?[0m?[32mI enter "?[0m?[32m?[1masin?[0m?[32m" in the math editor?[0m                                                        ?[90m# MathEditorComponentSteps.typeText(String)?[0m
    ?[32mThen ?[0m?[32mI see the expression "?[0m?[32m?[1masin?[0m?[32m" highlighted in the math editor?[0m                              ?[90m# MathEditorComponentSteps.assertTextHighlighted(String)?[0m
Feature: Creating and answering different question types

  Scenario Outline: Answer a select list drop down with different values                                         ?[90m# question/QuestionTypes.feature:10?[0m
    # Create List Drop-down on an assignment
    ?[36mWhen ?[0m?[36mI enter valid information for the assignment "Different Types of Questions Test"?[0m
    ?[36mAnd ?[0m?[36mI click on the questions tab?[0m
    ?[36mAnd ?[0m?[36mI click the new question button?[0m
    ?[36mAnd ?[0m?[36mI enter valid information for the question name as "Test List Question"?[0m
    ?[36mAnd ?[0m?[36mI see the ckeditor?[0m
    ?[36mAnd ?[0m?[36mI click inside the question text editor?[0m
    ?[36mAnd ?[0m?[36mI click Response Area button to open the dialog and assert that the Choose Question Type page is visible?[0m
    ?[36mAnd ?[0m?[36mI choose "List" link from the dialog?[0m
    ?[36mAnd ?[0m?[36mI click the drop down menu radio button for a list question?[0m
    ?[36mAnd ?[0m?[36mI set the value to "0" for list response "1"?[0m
    ?[36mAnd ?[0m?[36mI set the weight to "1.0" for list response "1"?[0m
    ?[36mAnd ?[0m?[36mI set the value to "@" for list response "2"?[0m
    ?[36mAnd ?[0m?[36mI set the weight to "0.0" for list response "2"?[0m
    ?[36mAnd ?[0m?[36mI set the value to "−∞" for list response "3"?[0m
    ?[36mAnd ?[0m?[36mI set the weight to "0.0" for list response "3"?[0m
    ?[36mAnd ?[0m?[36mI click OK?[0m
    ?[36mAnd ?[0m?[36mI save & close the new question in the assignment editor?[0m
    # Add another question so can click next button
    ?[36mAnd ?[0m?[36mI choose to create a new question from the Add dropdown button?[0m
    ?[36mAnd ?[0m?[36mI enter valid information for the question name as "Test Random Question"?[0m
    ?[36mAnd ?[0m?[36mI see the ckeditor?[0m
    ?[36mAnd ?[0m?[36mI save & close the new question in the assignment editor?[0m
    # save the assignment
    ?[36mAnd ?[0m?[36mI save & close the assignment on the questions page?[0m
    ?[36mAnd ?[0m?[36mI see summary of the assignment?[0m
    ?[36mAnd ?[0m?[36mI save and close the assignment summary details?[0m
    ?[36mThen ?[0m?[36mthe new assignment "Different Types of Questions Test" is visible in its own expanded column?[0m
    # start the assignment
    ?[36mWhen ?[0m?[36mI navigate to the System Homepage?[0m
    ?[36mAnd ?[0m?[36mI am on "Class Homepage" page of "Demonstration Class" class?[0m
    ?[36mAnd ?[0m?[36mI launch the "Different Types of Questions Test" assignment in "Student Readiness" unit?[0m
    # select different values and make sure that are stored correctly
    ?[36mWhen ?[0m?[36mI select the "<value>" value for list question "0"?[0m
    ?[36mAnd ?[0m?[36mI use "Next" button to navigate to "Question 2"?[0m
    ?[36mAnd ?[0m?[36mI use "Back" button to navigate to "Question 1"?[0m
    ?[36mThen ?[0m?[36mI see the "<value>" value is selected for list question "0"?[0m
    ?[36mWhen ?[0m?[36mI submit the assignment?[0m
    ?[36mThen ?[0m?[36mmy score <myPoints> out of 1 (<percentSuccess> %) is shown in a grade report?[0m

    Examples: 

  Background:                                                                                      ?[90m# question/QuestionTypes.feature:3?[0m
    # Should be logged in as qa/qatest
    ?[32mGiven ?[0m?[32mI am logged in as the default administrator?[0m                                              ?[90m# LoginSteps.logInAsAdministrator()?[0m
    ?[32mAnd ?[0m?[32mI am on the Content Repository page of ?[0m?[32m?[1mDemonstration Class?[0m                                 ?[90m# ContentRepositorySteps.navigateToContentRepositoryOfClass(String)?[0m
    ?[32mAnd ?[0m?[32mI choose creating new assignment in "?[0m?[32m?[1mStudent Readiness?[0m?[32m" unit from the main dropdown button?[0m ?[90m# ContentRepositorySteps.chooseCreatingNewAssignmentFromMainDropdownButton(String)?[0m
    ?[32mAnd ?[0m?[32mAssignment Editor is opened?[0m                                                                ?[90m# AssignmentEditorDetailsSteps.assertAssignmentEditorPageIsOpened()?[0m

  Background:                                                                                      ?[90m# question/QuestionTypes.feature:3?[0m
    # Should be logged in as qa/qatest
    ?[32mGiven ?[0m?[32mI am logged in as the default administrator?[0m                                              ?[90m# LoginSteps.logInAsAdministrator()?[0m
    ?[32mAnd ?[0m?[32mI am on the Content Repository page of ?[0m?[32m?[1mDemonstration Class?[0m                                 ?[90m# ContentRepositorySteps.navigateToContentRepositoryOfClass(String)?[0m
    ?[32mAnd ?[0m?[32mI choose creating new assignment in "?[0m?[32m?[1mStudent Readiness?[0m?[32m" unit from the main dropdown button?[0m ?[90m# ContentRepositorySteps.chooseCreatingNewAssignmentFromMainDropdownButton(String)?[0m
    ?[32mAnd ?[0m?[32mAssignment Editor is opened?[0m                                                                ?[90m# AssignmentEditorDetailsSteps.assertAssignmentEditorPageIsOpened()?[0m

  Background:                                                                                      ?[90m# question/QuestionTypes.feature:3?[0m
    # Should be logged in as qa/qatest
    ?[32mGiven ?[0m?[32mI am logged in as the default administrator?[0m                                              ?[90m# LoginSteps.logInAsAdministrator()?[0m
    ?[32mAnd ?[0m?[32mI am on the Content Repository page of ?[0m?[32m?[1mDemonstration Class?[0m                                 ?[90m# ContentRepositorySteps.navigateToContentRepositoryOfClass(String)?[0m
    ?[32mAnd ?[0m?[32mI choose creating new assignment in "?[0m?[32m?[1mStudent Readiness?[0m?[32m" unit from the main dropdown button?[0m ?[90m# ContentRepositorySteps.chooseCreatingNewAssignmentFromMainDropdownButton(String)?[0m
    ?[32mAnd ?[0m?[32mAssignment Editor is opened?[0m                                                                ?[90m# AssignmentEditorDetailsSteps.assertAssignmentEditorPageIsOpened()?[0m

  Scenario Outline: Answer a select list drop down with different values                                         ?[90m# question/QuestionTypes.feature:59?[0m
    # Create List Drop-down on an assignment
    ?[32mWhen ?[0m?[32mI enter valid information for the assignment "?[0m?[32m?[1mDifferent Types of Questions Test?[0m?[32m"?[0m                        ?[90m# AssignmentEditorDetailsSteps.enterAssignmentNameAndDescription(String)?[0m
    ?[32mAnd ?[0m?[32mI click on the questions tab?[0m                                                                             ?[90m# AssignmentEditorDetailsSteps.clickQuestionsTab()?[0m
    ?[32mAnd ?[0m?[32mI click the new question button?[0m                                                                          ?[90m# AssignmentEditorQuestionSteps.createQuestion()?[0m
    ?[32mAnd ?[0m?[32mI enter valid information for the question name as "?[0m?[32m?[1mTest List Question?[0m?[32m"?[0m                                  ?[90m# QuestionDesignerSteps.enterQuestionName(String)?[0m
    ?[32mAnd ?[0m?[32mI see the ckeditor?[0m                                                                                       ?[90m# AddSlideshowSteps.assertCKEditorVisible()?[0m
    ?[32mAnd ?[0m?[32mI click inside the question text editor?[0m                                                                  ?[90m# QuestionDesignerSteps.clickInsideQuestionTextEditor()?[0m
    ?[32mAnd ?[0m?[32mI click Response Area button to open the dialog and assert that the Choose Question Type page is visible?[0m ?[90m# QuestionDesignerSteps.clickInsertResponseAreaButton()?[0m
    ?[32mAnd ?[0m?[32mI choose "?[0m?[32m?[1mList?[0m?[32m" link from the dialog?[0m                                                                     ?[90m# QuestionDesignerSteps.chooseQuestionType(String)?[0m
    ?[32mAnd ?[0m?[32mI click the drop down menu radio button for a list question?[0m                                              ?[90m# ListResponseQuestionSteps.clickRadioDropDownButton()?[0m
    ?[32mAnd ?[0m?[32mI set the value to "?[0m?[32m?[1m0?[0m?[32m" for list response "?[0m?[32m?[1m1?[0m?[32m"?[0m                                                             ?[90m# ListResponseQuestionSteps.setValue(String,int)?[0m
    ?[32mAnd ?[0m?[32mI set the weight to "?[0m?[32m?[1m1.0?[0m?[32m" for list response "?[0m?[32m?[1m1?[0m?[32m"?[0m                                                          ?[90m# ListResponseQuestionSteps.setWeight(String,int)?[0m
    ?[32mAnd ?[0m?[32mI set the value to "?[0m?[32m?[1m@?[0m?[32m" for list response "?[0m?[32m?[1m2?[0m?[32m"?[0m                                                             ?[90m# ListResponseQuestionSteps.setValue(String,int)?[0m
    ?[32mAnd ?[0m?[32mI set the weight to "?[0m?[32m?[1m0.0?[0m?[32m" for list response "?[0m?[32m?[1m2?[0m?[32m"?[0m                                                          ?[90m# ListResponseQuestionSteps.setWeight(String,int)?[0m
    ?[32mAnd ?[0m?[32mI set the value to "?[0m?[32m?[1m−∞?[0m?[32m" for list response "?[0m?[32m?[1m3?[0m?[32m"?[0m                                                            ?[90m# ListResponseQuestionSteps.setValue(String,int)?[0m
    ?[32mAnd ?[0m?[32mI set the weight to "?[0m?[32m?[1m0.0?[0m?[32m" for list response "?[0m?[32m?[1m3?[0m?[32m"?[0m                                                          ?[90m# ListResponseQuestionSteps.setWeight(String,int)?[0m
    ?[32mAnd ?[0m?[32mI click OK?[0m                                                                                               ?[90m# QuestionDesignerSteps.clickResponseDialogOkButton()?[0m
    ?[32mAnd ?[0m?[32mI save & close the new question in the assignment editor?[0m                                                 ?[90m# AssignmentEditorQuestionSteps.saveAndCloseNewQuestion()?[0m
    # Add another question so can click next button
    ?[32mAnd ?[0m?[32mI choose to create a new question from the Add dropdown button?[0m                                           ?[90m# AssignmentEditorQuestionSteps.newQuestionFromAddDropdownButton()?[0m
    ?[32mAnd ?[0m?[32mI enter valid information for the question name as "?[0m?[32m?[1mTest Random Question?[0m?[32m"?[0m                                ?[90m# QuestionDesignerSteps.enterQuestionName(String)?[0m
    ?[32mAnd ?[0m?[32mI see the ckeditor?[0m                                                                                       ?[90m# AddSlideshowSteps.assertCKEditorVisible()?[0m
    ?[32mAnd ?[0m?[32mI save & close the new question in the assignment editor?[0m                                                 ?[90m# AssignmentEditorQuestionSteps.saveAndCloseNewQuestion()?[0m
    # save the assignment
    ?[32mAnd ?[0m?[32mI save & close the assignment on the questions page?[0m                                                      ?[90m# AssignmentEditorQuestionSteps.saveAndCloseAssignment()?[0m
    ?[32mAnd ?[0m?[32mI see summary of the assignment?[0m                                                                          ?[90m# AssignmentEditorDetailsSteps.assertAssignmentSummaryShown()?[0m
    ?[32mAnd ?[0m?[32mI save and close the assignment summary details?[0m                                                          ?[90m# AssignmentEditorDetailsSteps.saveAndCloseAssignmentSummary()?[0m
    ?[32mThen ?[0m?[32mthe new assignment "?[0m?[32m?[1mDifferent Types of Questions Test?[0m?[32m" is visible in its own expanded column?[0m            ?[90m# ContentRepositorySteps.assertNamedAssignmentColumnIsExpanded(String)?[0m
    # start the assignment
    ?[32mWhen ?[0m?[32mI navigate to the System Homepage?[0m                                                                       ?[90m# SystemHomepageSteps.navigateToSystemHomepage()?[0m
    ?[32mAnd ?[0m?[32mI am on "Class Homepage" page of "?[0m?[32m?[1mDemonstration Class?[0m?[32m" class?[0m                                             ?[90m# ClassHomepageSteps.navigateToClassHomepage(String)?[0m
    ?[32mAnd ?[0m?[32mI launch the "?[0m?[32m?[1mDifferent Types of Questions Test?[0m?[32m" assignment in "?[0m?[32m?[1mStudent Readiness?[0m?[32m" unit?[0m                  ?[90m# ClassHomepageSteps.reopenAssignment(String,String)?[0m
    # select different values and make sure that are stored correctly
    ?[32mWhen ?[0m?[32mI select the "?[0m?[32m?[1m−∞?[0m?[32m" value for list question "?[0m?[32m?[1m0?[0m?[32m"?[0m                                                           ?[90m# ListQuestionsSteps.setSelectValue(String,String)?[0m
    ?[32mAnd ?[0m?[32mI use "?[0m?[32m?[1mNext?[0m?[32m" button to navigate to "?[0m?[32m?[1mQuestion 2?[0m?[32m"?[0m                                                          ?[90m# MapleTAAssignmentSteps.navigateToQuestion(String,String)?[0m
    ?[32mAnd ?[0m?[32mI use "?[0m?[32m?[1mBack?[0m?[32m" button to navigate to "?[0m?[32m?[1mQuestion 1?[0m?[32m"?[0m                                                          ?[90m# MapleTAAssignmentSteps.navigateToQuestion(String,String)?[0m
    ?[32mThen ?[0m?[32mI see the "?[0m?[32m?[1m−∞?[0m?[32m" value is selected for list question "?[0m?[32m?[1m0?[0m?[32m"?[0m                                                  ?[90m# ListQuestionsSteps.assertSelectValue(String,String)?[0m
    ?[32mWhen ?[0m?[32mI submit the assignment?[0m                                                                                 ?[90m# MapleTAAssignmentSteps.submitAssignment()?[0m
    ?[32mThen ?[0m?[32mmy score ?[0m?[32m?[1m0?[0m?[32m out of ?[0m?[32m?[1m1?[0m?[32m (?[0m?[32m?[1m0?[0m?[32m %) is shown in a grade report?[0m                                                    ?[90m# MapleTAAssignmentSteps.assertScore(String,String,String)?[0m
Feature: Test playback of audio in Slideshow

  Background:                                                         ?[90m# question/slideshow/TestAudioPlayback.feature:3?[0m
    # Should be logged in as qa/qatest
    ?[32mGiven ?[0m?[32mI am logged in as the default administrator?[0m                 ?[90m# LoginSteps.logInAsAdministrator()?[0m
    ?[32mAnd ?[0m?[32mI am on the Content Repository page of ?[0m?[32m?[1mDemonstration Class?[0m    ?[90m# ContentRepositorySteps.navigateToContentRepositoryOfClass(String)?[0m
    ?[32mAnd ?[0m?[32mI choose creating new Slideshow from the main dropdown button?[0m ?[90m# ContentRepositorySteps.chooseCreatingNewSlidehowFromMainDropdownButton()?[0m
    ?[32mAnd ?[0m?[32mSlideshow Designer is opened?[0m                                  ?[90m# AddSlideshowSteps.assertQuestionDesignerPageIsOpened()?[0m

  Background:                                                         ?[90m# question/slideshow/TestAudioPlayback.feature:3?[0m
    # Should be logged in as qa/qatest
    ?[32mGiven ?[0m?[32mI am logged in as the default administrator?[0m                 ?[90m# LoginSteps.logInAsAdministrator()?[0m
    ?[32mAnd ?[0m?[32mI am on the Content Repository page of ?[0m?[32m?[1mDemonstration Class?[0m    ?[90m# ContentRepositorySteps.navigateToContentRepositoryOfClass(String)?[0m
    ?[32mAnd ?[0m?[32mI choose creating new Slideshow from the main dropdown button?[0m ?[90m# ContentRepositorySteps.chooseCreatingNewSlidehowFromMainDropdownButton()?[0m
    ?[32mAnd ?[0m?[32mSlideshow Designer is opened?[0m                                  ?[90m# AddSlideshowSteps.assertQuestionDesignerPageIsOpened()?[0m

  Background:                                                         ?[90m# question/slideshow/TestAudioPlayback.feature:3?[0m
    # Should be logged in as qa/qatest
    ?[32mGiven ?[0m?[32mI am logged in as the default administrator?[0m                 ?[90m# LoginSteps.logInAsAdministrator()?[0m
    ?[32mAnd ?[0m?[32mI am on the Content Repository page of ?[0m?[32m?[1mDemonstration Class?[0m    ?[90m# ContentRepositorySteps.navigateToContentRepositoryOfClass(String)?[0m
    ?[32mAnd ?[0m?[32mI choose creating new Slideshow from the main dropdown button?[0m ?[90m# ContentRepositorySteps.chooseCreatingNewSlidehowFromMainDropdownButton()?[0m
    ?[32mAnd ?[0m?[32mSlideshow Designer is opened?[0m                                  ?[90m# AddSlideshowSteps.assertQuestionDesignerPageIsOpened()?[0m

  Background:                                                         ?[90m# question/slideshow/TestAudioPlayback.feature:3?[0m
    # Should be logged in as qa/qatest
    ?[32mGiven ?[0m?[32mI am logged in as the default administrator?[0m                 ?[90m# LoginSteps.logInAsAdministrator()?[0m
    ?[32mAnd ?[0m?[32mI am on the Content Repository page of ?[0m?[32m?[1mDemonstration Class?[0m    ?[90m# ContentRepositorySteps.navigateToContentRepositoryOfClass(String)?[0m
    ?[32mAnd ?[0m?[32mI choose creating new Slideshow from the main dropdown button?[0m ?[90m# ContentRepositorySteps.chooseCreatingNewSlidehowFromMainDropdownButton()?[0m
    ?[32mAnd ?[0m?[32mSlideshow Designer is opened?[0m                                  ?[90m# AddSlideshowSteps.assertQuestionDesignerPageIsOpened()?[0m

  Scenario: Ensure Audio Playback works when previewing a slide from Slidehow Question with mp3 ?[90m# question/slideshow/TestAudioPlayback.feature:41?[0m
    ?[32mWhen ?[0m?[32mI enter valid information for the question name as "?[0m?[32m?[1mNew Question 4?[0m?[32m"?[0m                    ?[90m# QuestionDesignerSteps.enterQuestionName(String)?[0m
    ?[32mWhen ?[0m?[32mI click the Slideshow Audio File Manager button?[0m                                        ?[90m# AddSlideshowSteps.clickAudioFileManagerButton()?[0m
    ?[32mThen ?[0m?[32mI click the audio file named "?[0m?[32m?[1mAudio_Test.mp3?[0m?[32m"?[0m                                          ?[90m# AddSlideshowSteps.clickOnAudioFile(String)?[0m
    ?[32mWhen ?[0m?[32mI click to Preview the Slide?[0m                                                           ?[90m# AddSlideshowSteps.clickPreviewSlideButton()?[0m
    ?[32mThen ?[0m?[32mI am previewing the Slideshow?[0m                                                          ?[90m# AddSlideshowSteps.assertSlideshowPreviewPage()?[0m
    ?[32mWhen ?[0m?[32mI begin playback of the Slideshow?[0m                                                      ?[90m# AddSlideshowSteps.beginPlayback()?[0m
    ?[32mAnd ?[0m?[32mI pause playback of the Slideshow?[0m                                                       ?[90m# AddSlideshowSteps.pauseSlideshow()?[0m
    ?[32mWhen ?[0m?[32mcurrent playback time is greater than 0?[0m                                                ?[90m# AddSlideshowSteps.assertSlideshowPlayed()?[0m
    ?[32mThen ?[0m?[32mI close the question preview window?[0m                                                    ?[90m# QuestionPreviewSteps.closeQuestionPreviewWindow()?[0m
Feature: Test events that occur during a Slideshow

  Background:                                                                                  ?[90m# question/slideshow/TestEventsOnSlideshow.feature:3?[0m
    # Should be logged in as qa/qatest
    ?[32mGiven ?[0m?[32mI am logged in as the default administrator?[0m                                          ?[90m# LoginSteps.logInAsAdministrator()?[0m
    ?[32mAnd ?[0m?[32mI am on the Content Repository page of ?[0m?[32m?[1mDemonstration Class?[0m                             ?[90m# ContentRepositorySteps.navigateToContentRepositoryOfClass(String)?[0m
    # create the lesson
    ?[32mAnd ?[0m?[32mI choose creating new lesson in "?[0m?[32m?[1mStudent Readiness?[0m?[32m" unit from the main dropdown button?[0m ?[90m# ContentRepositorySteps.chooseCreatingNewLessonFromMainDropdownButton(String)?[0m
    ?[32mAnd ?[0m?[32mLesson Editor is opened?[0m                                                                ?[90m# LessonEditorSteps.assertLessonEditorPageIsOpened()?[0m
    ?[32mAnd ?[0m?[32mI enter valid information for the lesson "?[0m?[32m?[1mLesson Test?[0m?[32m"?[0m                                 ?[90m# LessonEditorSteps.enterLessonName(String)?[0m
    # add a slideshow to the lesson
    ?[32mAnd ?[0m?[32mI click the new slideshow button on the lesson design page?[0m                             ?[90m# LessonEditorSteps.clickNewSlideshowButton()?[0m
    ?[32mAnd ?[0m?[32mI enter valid information for the question name as "?[0m?[32m?[1mLesson Test Slideshow?[0m?[32m"?[0m             ?[90m# QuestionDesignerSteps.enterQuestionName(String)?[0m
    ?[32mAnd ?[0m?[32mI see the ckeditor?[0m                                                                     ?[90m# AddSlideshowSteps.assertCKEditorVisible()?[0m
    ?[32mAnd ?[0m?[32mI set the duration to "?[0m?[32m?[1m20?[0m?[32m" seconds?[0m                                                     ?[90m# AddSlideshowSteps.clickAndSetDuration(String)?[0m
    ?[32mAnd ?[0m?[32mI save & close the slideshow on the design page?[0m                                        ?[90m# AddSlideshowSteps.clickSaveSlideshowButton()?[0m
    # save the lesson
    ?[32mAnd ?[0m?[32mI save & close the lesson on the design page?[0m                                           ?[90m# LessonEditorSteps.saveAndCloseLesson()?[0m
    ?[32mAnd ?[0m?[32mI see summary of the lesson?[0m                                                            ?[90m# AssignmentEditorDetailsSteps.assertAssignmentSummaryShown()?[0m
    ?[32mAnd ?[0m?[32mI save and close the lesson summary details?[0m                                            ?[90m# AssignmentEditorDetailsSteps.saveAndCloseAssignmentSummary()?[0m
    # Start the lesson
    ?[32mAnd ?[0m?[32mI navigate to the System Homepage?[0m                                                      ?[90m# SystemHomepageSteps.navigateToSystemHomepage()?[0m
    ?[32mAnd ?[0m?[32mI am on "Class Homepage" page of "?[0m?[32m?[1mDemonstration Class?[0m?[32m" class?[0m                           ?[90m# ClassHomepageSteps.navigateToClassHomepage(String)?[0m
    ?[32mAnd ?[0m?[32mI click on the "?[0m?[32m?[1mLesson Test?[0m?[32m" module in the "?[0m?[32m?[1mStudent Readiness?[0m?[32m" unit?[0m                    ?[90m# ClassHomepageSteps.clickOnModuleLink(String,String)?[0m
    ?[32mThen ?[0m?[32mthe module "?[0m?[32m?[1mLesson Test?[0m?[32m" is opened without launch page?[0m                                ?[90m# ClassHomepageSteps.switchToModulePage(String)?[0m
    # the test is only concerned with console logs created by interaction with the slideshow
    # can ignore previous console errors
    ?[32mAnd ?[0m?[32mI clear the console logs?[0m                                                               ?[90m# ConsoleSteps.clearLogs()?[0m

  Scenario: Successfully record analytics for a Pause/Resume event on a slideshow ?[90m# question/slideshow/TestEventsOnSlideshow.feature:35?[0m
    ?[32mWhen ?[0m?[32mI begin playback of the Slideshow?[0m                                        ?[90m# AddSlideshowSteps.beginPlayback()?[0m
    ?[32mThen ?[0m?[32mI see no errors in the console?[0m                                           ?[90m# ConsoleSteps.assertNoErrorsInConsoleLog()?[0m
    ?[32mWhen ?[0m?[32mI pause playback of the Slideshow?[0m                                        ?[90m# AddSlideshowSteps.pauseSlideshow()?[0m
    ?[32mThen ?[0m?[32mI see no errors in the console?[0m                                           ?[90m# ConsoleSteps.assertNoErrorsInConsoleLog()?[0m
    ?[32mWhen ?[0m?[32mI resume playback of the Slideshow?[0m                                       ?[90m# AddSlideshowSteps.resumeSlideshow()?[0m
    ?[32mThen ?[0m?[32mI see no errors in the console?[0m                                           ?[90m# ConsoleSteps.assertNoErrorsInConsoleLog()?[0m
Feature: Testing recording audio in a slideshow

  Background:                                                         ?[90m# question/slideshow/TestRecordAudio.feature:3?[0m
    # Should be logged in as qa/qatest
    ?[32mGiven ?[0m?[32mI am logged in as the default administrator?[0m                 ?[90m# LoginSteps.logInAsAdministrator()?[0m
    ?[32mAnd ?[0m?[32mI am on the Content Repository page of ?[0m?[32m?[1mDemonstration Class?[0m    ?[90m# ContentRepositorySteps.navigateToContentRepositoryOfClass(String)?[0m
    ?[32mAnd ?[0m?[32mI choose creating new Slideshow from the main dropdown button?[0m ?[90m# ContentRepositorySteps.chooseCreatingNewSlidehowFromMainDropdownButton()?[0m
    ?[32mAnd ?[0m?[32mSlideshow Designer is opened?[0m                                  ?[90m# AddSlideshowSteps.assertQuestionDesignerPageIsOpened()?[0m

  Scenario: Test that the Slideshow Audio Record Page Opens Up ?[90m# question/slideshow/TestRecordAudio.feature:10?[0m
    ?[32mWhen ?[0m?[32mI click slideshow audio record button?[0m                 ?[90m# AddSlideshowSteps.clickAudioRecordButton()?[0m
    ?[32mThen ?[0m?[32mSlideshow Audio Record Page is opened?[0m                 ?[90m# AddSlideshowSteps.assertSlideshowAudioRecordPageIsOpened()?[0m
Feature: Test different button interactions on a slide.

  Background:                                                         ?[90m# question/slideshow/TestSlideButtons.feature:3?[0m
    # Should be logged in as qa/qatest
    ?[32mGiven ?[0m?[32mI am logged in as the default administrator?[0m                 ?[90m# LoginSteps.logInAsAdministrator()?[0m
    ?[32mAnd ?[0m?[32mI am on the Content Repository page of ?[0m?[32m?[1mDemonstration Class?[0m    ?[90m# ContentRepositorySteps.navigateToContentRepositoryOfClass(String)?[0m
    ?[32mAnd ?[0m?[32mI choose creating new Slideshow from the main dropdown button?[0m ?[90m# ContentRepositorySteps.chooseCreatingNewSlidehowFromMainDropdownButton()?[0m
    ?[32mAnd ?[0m?[32mSlideshow Designer is opened?[0m                                  ?[90m# AddSlideshowSteps.assertQuestionDesignerPageIsOpened()?[0m

  Background:                                                         ?[90m# question/slideshow/TestSlideButtons.feature:3?[0m
    # Should be logged in as qa/qatest
    ?[32mGiven ?[0m?[32mI am logged in as the default administrator?[0m                 ?[90m# LoginSteps.logInAsAdministrator()?[0m
    ?[32mAnd ?[0m?[32mI am on the Content Repository page of ?[0m?[32m?[1mDemonstration Class?[0m    ?[90m# ContentRepositorySteps.navigateToContentRepositoryOfClass(String)?[0m
    ?[32mAnd ?[0m?[32mI choose creating new Slideshow from the main dropdown button?[0m ?[90m# ContentRepositorySteps.chooseCreatingNewSlidehowFromMainDropdownButton()?[0m
    ?[32mAnd ?[0m?[32mSlideshow Designer is opened?[0m                                  ?[90m# AddSlideshowSteps.assertQuestionDesignerPageIsOpened()?[0m

  Background:                                                         ?[90m# question/slideshow/TestSlideButtons.feature:3?[0m
    # Should be logged in as qa/qatest
    ?[32mGiven ?[0m?[32mI am logged in as the default administrator?[0m                 ?[90m# LoginSteps.logInAsAdministrator()?[0m
    ?[32mAnd ?[0m?[32mI am on the Content Repository page of ?[0m?[32m?[1mDemonstration Class?[0m    ?[90m# ContentRepositorySteps.navigateToContentRepositoryOfClass(String)?[0m
    ?[32mAnd ?[0m?[32mI choose creating new Slideshow from the main dropdown button?[0m ?[90m# ContentRepositorySteps.chooseCreatingNewSlidehowFromMainDropdownButton()?[0m
    ?[32mAnd ?[0m?[32mSlideshow Designer is opened?[0m                                  ?[90m# AddSlideshowSteps.assertQuestionDesignerPageIsOpened()?[0m

  Scenario: Test slide transitions with response areas                                                           ?[90m# question/slideshow/TestSlideButtons.feature:66?[0m
    ?[32mWhen ?[0m?[32mI click inside the slideshow content in the editor?[0m                                                      ?[90m# AddSlideshowSteps.clickSlideshowContentArea()?[0m
    ?[32mAnd ?[0m?[32mI click Response Area button to open the dialog and assert that the Choose Question Type page is visible?[0m ?[90m# QuestionDesignerSteps.clickInsertResponseAreaButton()?[0m
    ?[32mWhen ?[0m?[32mI choose "?[0m?[32m?[1mMathematical Formula?[0m?[32m" link from the dialog and complete the correct answer?[0m                    ?[90m# QuestionDesignerSteps.chooseTypeAndCompleteCorrectAnswer(String)?[0m
    ?[32mAnd ?[0m?[32mI click OK?[0m                                                                                               ?[90m# QuestionDesignerSteps.clickResponseDialogOkButton()?[0m
    ?[32mThen ?[0m?[32mI see the "?[0m?[32m?[1mMathematical Formula?[0m?[32m" Question Widget in the question text section?[0m                           ?[90m# QuestionDesignerSteps.assertQuestionWidgetIsInserted(String)?[0m
    ?[32mWhen ?[0m?[32mI click on the "?[0m?[32m?[1mMathematical Formula?[0m?[32m" Question Widget in the question editor?[0m                            ?[90m# QuestionDesignerSteps.clickQuestionWidget(String)?[0m
    ?[32mAnd ?[0m?[32mI drag the Element-In marker ?[0m?[32m?[1m400?[0m?[32m pixels right?[0m                                                            ?[90m# AddSlideshowSteps.dragElementInMarker(int)?[0m
    ?[32mWhen ?[0m?[32mI click to Preview the Slideshow?[0m                                                                        ?[90m# AddSlideshowSteps.clickPreviewButton()?[0m
    ?[32mThen ?[0m?[32mI am previewing the Slideshow?[0m                                                                           ?[90m# AddSlideshowSteps.assertSlideshowPreviewPage()?[0m
    ?[32mWhen ?[0m?[32mI begin playback of the Slideshow?[0m                                                                       ?[90m# AddSlideshowSteps.beginPlayback()?[0m
    ?[32mThen ?[0m?[32mI don't see the Mathematical Formula response area?[0m                                                      ?[90m# MathmeticalFormulaElementSteps.assertMathFormulaQuestionNotVisible()?[0m
    ?[32mWhen ?[0m?[32mI click the Next slide button?[0m                                                                           ?[90m# AddSlideshowSteps.clickNextButton()?[0m
    ?[32mThen ?[0m?[32mI see the Mathematical Formula response area?[0m                                                            ?[90m# MathmeticalFormulaElementSteps.assertSlideMathFormulaQuestionVisible()?[0m
    ?[32mAnd ?[0m?[32mI close the question preview window?[0m                                                                      ?[90m# QuestionPreviewSteps.closeQuestionPreviewWindow()?[0m
Feature: Test that correct elements are displayed on a slide.

  Background:                                                         ?[90m# question/slideshow/TestSlidePreview.feature:3?[0m
    # Should be logged in as qa/qatest
    ?[32mGiven ?[0m?[32mI am logged in as the default administrator?[0m                 ?[90m# LoginSteps.logInAsAdministrator()?[0m
    ?[32mAnd ?[0m?[32mI am on the Content Repository page of ?[0m?[32m?[1mDemonstration Class?[0m    ?[90m# ContentRepositorySteps.navigateToContentRepositoryOfClass(String)?[0m
    ?[32mAnd ?[0m?[32mI choose creating new Slideshow from the main dropdown button?[0m ?[90m# ContentRepositorySteps.chooseCreatingNewSlidehowFromMainDropdownButton()?[0m
    ?[32mAnd ?[0m?[32mSlideshow Designer is opened?[0m                                  ?[90m# AddSlideshowSteps.assertQuestionDesignerPageIsOpened()?[0m

  Scenario: Test 2D math previews on slide after a cut/paste in editor                                                                                                         ?[90m# question/slideshow/TestSlidePreview.feature:10?[0m
    ?[32mWhen ?[0m?[32mI click the Source button?[0m                                                                                                                                             ?[90m# QuestionDesignerSteps.clickSourceButton()?[0m
    ?[32mAnd ?[0m?[32mI click inside the Source editor?[0m                                                                                                                                       ?[90m# QuestionDesignerSteps.clickInsideSourceEditor()?[0m
    ?[32mAnd ?[0m?[32mI clear the contents of the Source editor?[0m                                                                                                                              ?[90m# QuestionDesignerSteps.clearSourceEditor()?[0m
    ?[32mAnd ?[0m?[32mI enter '?[0m?[32m?[1m<div class="mSlide-slide" data-noline="1"><h1 class="mSlide-title"></h1><p id="cut">Title</p><p>text \(\frac{a}{b}\) text</p></div>?[0m?[32m' inside the Source editor?[0m ?[90m# QuestionDesignerSteps.enterTextInSourceEditor(String)?[0m
    ?[32mAnd ?[0m?[32mI click the Source button?[0m                                                                                                                                              ?[90m# QuestionDesignerSteps.clickSourceButton()?[0m
    ?[32mThen ?[0m?[32mI see the "?[0m?[32m?[1ma/b?[0m?[32m" Math Widget in the question text section?[0m                                                                                                              ?[90m# QuestionDesignerSteps.assertMathWidgetIsInserted(String)?[0m
    ?[32mWhen ?[0m?[32mI highlight the text in the element with id "?[0m?[32m?[1mcut?[0m?[32m"?[0m                                                                                                                     ?[90m# QuestionDesignerSteps.highlightTextInElement(String)?[0m
    ?[32mAnd ?[0m?[32mI enter the control key combination "?[0m?[32m?[1mx?[0m?[32m"?[0m                                                                                                                                ?[90m# QuestionDesignerSteps.enterControlKey(String)?[0m
    ?[32mAnd ?[0m?[32mI hit the delete key?[0m                                                                                                                                                   ?[90m# QuestionDesignerSteps.hitDeleteKey()?[0m
    ?[32mAnd ?[0m?[32mI click the element with class "?[0m?[32m?[1mmSlide-title?[0m?[32m"?[0m                                                                                                                          ?[90m# QuestionDesignerSteps.clickElementWithClass(String)?[0m
    ?[32mAnd ?[0m?[32mI enter the control key combination "?[0m?[32m?[1mv?[0m?[32m"?[0m                                                                                                                                ?[90m# QuestionDesignerSteps.enterControlKey(String)?[0m
    ?[32mThen ?[0m?[32mI see the "?[0m?[32m?[1ma/b?[0m?[32m" Math Widget in the question text section?[0m                                                                                                              ?[90m# QuestionDesignerSteps.assertMathWidgetIsInserted(String)?[0m
    ?[32mWhen ?[0m?[32mI click to Preview the Slideshow?[0m                                                                                                                                      ?[90m# AddSlideshowSteps.clickPreviewButton()?[0m
    ?[32mThen ?[0m?[32mI am previewing the Slideshow?[0m                                                                                                                                         ?[90m# AddSlideshowSteps.assertSlideshowPreviewPage()?[0m
    ?[32mWhen ?[0m?[32mI begin playback of the Slideshow?[0m                                                                                                                                     ?[90m# AddSlideshowSteps.beginPlayback()?[0m
    ?[32mThen ?[0m?[32mI see 2D math displayed on the slide?[0m                                                                                                                                  ?[90m# AddSlideshowSteps.checkMathDisplayed()?[0m
Feature: Test behavior when editing details of a questions in content repository

  Background:                                                      ?[90m# respository/QuestionEditDetails.feature:3?[0m
    # Should be logged in as qa/qatest
    ?[32mGiven ?[0m?[32mI am logged in as the default administrator?[0m              ?[90m# LoginSteps.logInAsAdministrator()?[0m
    ?[32mAnd ?[0m?[32mI am on the Content Repository page of ?[0m?[32m?[1mDemonstration Class?[0m ?[90m# ContentRepositorySteps.navigateToContentRepositoryOfClass(String)?[0m

  Scenario: Roots groups is not displayed                                   ?[90m# respository/QuestionEditDetails.feature:8?[0m
    ?[32mWhen ?[0m?[32mI click "?[0m?[32m?[1mAll Content Types?[0m?[32m" in the "?[0m?[32m?[1mCurrent Class?[0m?[32m" column?[0m          ?[90m# ContentRepositorySteps.clickLinkInParentColumn(String,String)?[0m
    ?[32mAnd ?[0m?[32mI click "?[0m?[32m?[1mStudent Readiness?[0m?[32m" in the "?[0m?[32m?[1mAll Content Types?[0m?[32m" column?[0m       ?[90m# ContentRepositorySteps.clickLinkInParentColumn(String,String)?[0m
    ?[32mThen ?[0m?[32mI see "?[0m?[32m?[1mNavigation?[0m?[32m" is visible in the "?[0m?[32m?[1mStudent Readiness?[0m?[32m" column?[0m    ?[90m# ContentRepositorySteps.assertQuestionVisible(String,String)?[0m
    ?[32mWhen ?[0m?[32mI click on "?[0m?[32m?[1mNavigation?[0m?[32m" in the "?[0m?[32m?[1mStudent Readiness?[0m?[32m" column?[0m          ?[90m# ContentRepositorySteps.clickOnAssignmQuestionGroupInQuestionsColumn(String,String)?[0m
    ?[32mThen ?[0m?[32mI see the Edit Details button is visible?[0m                           ?[90m# ContentRepositorySteps.assertEditDetailsButtonIsVisible()?[0m
    ?[32mWhen ?[0m?[32mI click the Edit Details button?[0m                                    ?[90m# ContentRepositorySteps.clickEditDetailsButton()?[0m
    ?[32mThen ?[0m?[32mI see the Edit Details Modal is visible?[0m                            ?[90m# ContentRepositorySteps.assertEditDetailsModalIsVisible()?[0m
    ?[32mAnd ?[0m?[32mI do not see "?[0m?[32m?[1mRoot Group?[0m?[32m" Group in the Edit Details Modal Groups?[0m    ?[90m# ContentRepositorySteps.assertEditDetailsModalGroupInvisible(String)?[0m
    ?[32mAnd ?[0m?[32mI do see "?[0m?[32m?[1mStudent Readiness?[0m?[32m" Group in the Edit Details Modal Groups?[0m ?[90m# ContentRepositorySteps.assertEditDetailsModalGroupVisible(String)?[0m
Feature: Anti-CSRF protection.

  Background:                                         ?[90m# security/AntiCSRF.feature:3?[0m
    ?[32mGiven ?[0m?[32mI am logged in as the default administrator?[0m ?[90m# LoginSteps.logInAsAdministrator()?[0m

  Scenario: A standard CSRF attack is foiled. ?[90m# security/AntiCSRF.feature:6?[0m
    ?[32mWhen ?[0m?[32mI attempt a CSRF attack?[0m              ?[90m# SecuritySteps.attemptCsrfAttack()?[0m
    ?[32mThen ?[0m?[32mI get a 403 error?[0m                    ?[90m# SecuritySteps.assert403Error()?[0m
Feature: Testing various parts of the snapshot editor

  Background:                                                      ?[90m# snapshot/SnapshotEditor.feature:3?[0m
    ?[32mGiven ?[0m?[32mI am logged in as the default administrator?[0m              ?[90m# LoginSteps.logInAsAdministrator()?[0m
    ?[32mThen ?[0m?[32mI navigate to the System Homepage?[0m                         ?[90m# SystemHomepageSteps.navigateToSystemHomepage()?[0m
    ?[32mAnd ?[0m?[32mI am on the Content Repository page of ?[0m?[32m?[1mDemonstration Class?[0m ?[90m# ContentRepositorySteps.navigateToContentRepositoryOfClass(String)?[0m

  Background:                                                      ?[90m# snapshot/SnapshotEditor.feature:3?[0m
    ?[32mGiven ?[0m?[32mI am logged in as the default administrator?[0m              ?[90m# LoginSteps.logInAsAdministrator()?[0m
    ?[32mThen ?[0m?[32mI navigate to the System Homepage?[0m                         ?[90m# SystemHomepageSteps.navigateToSystemHomepage()?[0m
    ?[32mAnd ?[0m?[32mI am on the Content Repository page of ?[0m?[32m?[1mDemonstration Class?[0m ?[90m# ContentRepositorySteps.navigateToContentRepositoryOfClass(String)?[0m

  Background:                                                      ?[90m# snapshot/SnapshotEditor.feature:3?[0m
    ?[32mGiven ?[0m?[32mI am logged in as the default administrator?[0m              ?[90m# LoginSteps.logInAsAdministrator()?[0m
    ?[32mThen ?[0m?[32mI navigate to the System Homepage?[0m                         ?[90m# SystemHomepageSteps.navigateToSystemHomepage()?[0m
    ?[32mAnd ?[0m?[32mI am on the Content Repository page of ?[0m?[32m?[1mDemonstration Class?[0m ?[90m# ContentRepositorySteps.navigateToContentRepositoryOfClass(String)?[0m

  Background:                                                      ?[90m# snapshot/SnapshotEditor.feature:3?[0m
    ?[32mGiven ?[0m?[32mI am logged in as the default administrator?[0m              ?[90m# LoginSteps.logInAsAdministrator()?[0m
    ?[32mThen ?[0m?[32mI navigate to the System Homepage?[0m                         ?[90m# SystemHomepageSteps.navigateToSystemHomepage()?[0m
    ?[32mAnd ?[0m?[32mI am on the Content Repository page of ?[0m?[32m?[1mDemonstration Class?[0m ?[90m# ContentRepositorySteps.navigateToContentRepositoryOfClass(String)?[0m

  Background:                                                      ?[90m# snapshot/SnapshotEditor.feature:3?[0m
    ?[32mGiven ?[0m?[32mI am logged in as the default administrator?[0m              ?[90m# LoginSteps.logInAsAdministrator()?[0m
    ?[32mThen ?[0m?[32mI navigate to the System Homepage?[0m                         ?[90m# SystemHomepageSteps.navigateToSystemHomepage()?[0m
    ?[32mAnd ?[0m?[32mI am on the Content Repository page of ?[0m?[32m?[1mDemonstration Class?[0m ?[90m# ContentRepositorySteps.navigateToContentRepositoryOfClass(String)?[0m

  # MO-3491
  Scenario: Check that XSS is stopped                                                        ?[90m# snapshot/SnapshotEditor.feature:59?[0m
    ?[32mWhen ?[0m?[32mI navigate to the "?[0m?[32m?[1mGrade Reports?[0m?[32m" in "?[0m?[32m?[1mGradebook?[0m?[32m" of current class?[0m                   ?[90m# ClassHomepageSteps.navigateInClass(String,String)?[0m
    ?[32mAnd ?[0m?[32mI click the new snapshot button?[0m                                                      ?[90m# SnapshotHomepageSteps.clickNewButton()?[0m
    ?[32mAnd ?[0m?[32mI set the snapshot name to "?[0m?[32m?[1mchvoy<script>alert(1)</script>umjrce2psz3?[0m?[32m"?[0m               ?[90m# SnapshotEditorSteps.setSnapshotName(String)?[0m
    ?[32mAnd ?[0m?[32mI click the "?[0m?[32m?[1mAdd Group?[0m?[32m" button in the snapshot editor?[0m                                ?[90m# SnapshotEditorSteps.clickButton(String)?[0m
    ?[32mThen ?[0m?[32mI do not see an alert with message "?[0m?[32m?[1m1?[0m?[32m"?[0m                                              ?[90m# CalendarSteps.assertNoAlertMessage(String)?[0m
    ?[32mWhen ?[0m?[32mI set the "?[0m?[32m?[1mGroup Name?[0m?[32m" textbox input to "?[0m?[32m?[1mchvoy<script>alert(1)</script>umjrce2psz3?[0m?[32m"?[0m ?[90m# SnapshotGroupSteps.setTextbox(String,String)?[0m
    ?[32mAnd ?[0m?[32mI set the "?[0m?[32m?[1mWeight?[0m?[32m" textbox input to "?[0m?[32m?[1m100?[0m?[32m"?[0m                                            ?[90m# SnapshotGroupSteps.setTextbox(String,String)?[0m
    ?[32mAnd ?[0m?[32mI ?[0m?[32m?[1mcheck?[0m?[32m assignment "?[0m?[32m?[1mStudent Readiness Test?[0m?[32m"?[0m                                          ?[90m# SnapshotGroupSteps.selectAssignment(String,String)?[0m
    ?[32mThen ?[0m?[32mI click the save group button?[0m                                                       ?[90m# SnapshotGroupSteps.clickSaveGroup()?[0m
    ?[32mAnd ?[0m?[32mI do not see an alert with message "?[0m?[32m?[1m1?[0m?[32m"?[0m                                               ?[90m# CalendarSteps.assertNoAlertMessage(String)?[0m
    ?[32mWhen ?[0m?[32mI click the "?[0m?[32m?[1mSave?[0m?[32m" button in the snapshot editor?[0m                                    ?[90m# SnapshotEditorSteps.clickButton(String)?[0m
    ?[32mThen ?[0m?[32mI am on the Snapshot Homepage?[0m                                                       ?[90m# SnapshotHomepageSteps.assertOnPage()?[0m
    ?[32mAnd ?[0m?[32mI see "?[0m?[32m?[1mchvoyumjrce2psz3?[0m?[32m" in the list of snapshots?[0m                                    ?[90m# SnapshotHomepageSteps.assertSnapshotInList(String)?[0m
Feature: Test use CDN settings

  Background:                                         ?[90m# systemSettings/CDNSettings.feature:3?[0m
    # Should be logged in as qa/qatest
    ?[32mGiven ?[0m?[32mI am logged in as the default administrator?[0m ?[90m# LoginSteps.logInAsAdministrator()?[0m

  Background:                                         ?[90m# systemSettings/CDNSettings.feature:3?[0m
    # Should be logged in as qa/qatest
    ?[32mGiven ?[0m?[32mI am logged in as the default administrator?[0m ?[90m# LoginSteps.logInAsAdministrator()?[0m

  Scenario: Load EQE from CDN                                                                                           ?[90m# systemSettings/CDNSettings.feature:22?[0m
    ?[32mWhen ?[0m?[32mI navigate to the System Settings page?[0m                                                                         ?[90m# SystemSettingsSteps.navigateToSystemSettingsPage()?[0m
    ?[32mAnd ?[0m?[32mI set Use CDN to ?[0m?[32m?[1mtrue?[0m                                                                                           ?[90m# SystemSettingsSteps.setUseCdn(boolean)?[0m
    ?[32mAnd ?[0m?[32mThe Use CDN checkbox is ?[0m?[32m?[1mtrue?[0m                                                                                    ?[90m# SystemSettingsSteps.assertUseCdnIs(boolean)?[0m
    ?[32mAnd ?[0m?[32mI submit the changes to System Settings?[0m                                                                         ?[90m# SystemSettingsSteps.submitChanges()?[0m
    ?[32mThen ?[0m?[32mThe changes to System Settings were successfully saved.?[0m                                                        ?[90m# SystemSettingsSteps.assertChangesSaved()?[0m
    ?[32mThen ?[0m?[32mI navigate to the System Homepage?[0m                                                                              ?[90m# SystemHomepageSteps.navigateToSystemHomepage()?[0m
    ?[32mThen ?[0m?[32mI am on the Content Repository page of ?[0m?[32m?[1mDemonstration Class?[0m                                                     ?[90m# ContentRepositorySteps.navigateToContentRepositoryOfClass(String)?[0m
    ?[32mWhen ?[0m?[32mI choose creating new question/Text from the main dropdown button?[0m                                              ?[90m# ContentRepositorySteps.chooseCreatingNewQuestionFromMainDropdownButton()?[0m
    ?[32mAnd ?[0m?[32mQuestion Designer is opened?[0m                                                                                     ?[90m# QuestionDesignerSteps.assertQuestionDesignerPageIsOpened()?[0m
    ?[32mAnd ?[0m?[32mI click inside the question text editor?[0m                                                                         ?[90m# QuestionDesignerSteps.clickInsideQuestionTextEditor()?[0m
    ?[32mAnd ?[0m?[32mI click Equation Editor button to open the Math Editor dialog and assert that the Math Editor dialog is visible?[0m ?[90m# QuestionDesignerSteps.clickMathEditorButton()?[0m
    ?[32mThen ?[0m?[32mI click Done in the Math Editor dialog?[0m                                                                         ?[90m# MathEditorDialogSteps.submitDialog()?[0m
Feature: Ensure XSS errors are not generated when editing Custom head/footer HTML.

  Background:                                        ?[90m# systemSettings/CustomHtmlXss.feature:3?[0m
    ?[32mWhen ?[0m?[32mI am logged in as the default administrator?[0m ?[90m# LoginSteps.logInAsAdministrator()?[0m

  Scenario: Add JavaScript to Custom head/footer HTML fields            ?[90m# systemSettings/CustomHtmlXss.feature:6?[0m
    ?[32mWhen ?[0m?[32mI navigate to the System Settings page?[0m                         ?[90m# SystemSettingsSteps.navigateToSystemSettingsPage()?[0m
    ?[32mAnd ?[0m?[32mI enter "?[0m?[32m?[1m<script>hi</script>?[0m?[32m" into the Custom ?[0m?[32m?[1mhead?[0m?[32m HTML field?[0m   ?[90m# SystemSettingsSteps.setCustomHtml(String,String)?[0m
    ?[32mAnd ?[0m?[32mI enter "?[0m?[32m?[1m<script>hi</script>?[0m?[32m" into the Custom ?[0m?[32m?[1mfooter?[0m?[32m HTML field?[0m ?[90m# SystemSettingsSteps.setCustomHtml(String,String)?[0m
    ?[32mAnd ?[0m?[32mI submit the changes to System Settings?[0m                         ?[90m# SystemSettingsSteps.submitChanges()?[0m
    ?[32mThen ?[0m?[32mI am on the System Settings page?[0m                               ?[90m# SystemSettingsSteps.assertOnSystemSettingsPage()?[0m
    ?[32mWhen ?[0m?[32mI enter "?[0m?[32m?[1m?[0m?[32m" into the Custom ?[0m?[32m?[1mhead?[0m?[32m HTML field?[0m                     ?[90m# SystemSettingsSteps.setCustomHtml(String,String)?[0m
    ?[32mAnd ?[0m?[32mI enter "?[0m?[32m?[1m?[0m?[32m" into the Custom ?[0m?[32m?[1mfooter?[0m?[32m HTML field?[0m                    ?[90m# SystemSettingsSteps.setCustomHtml(String,String)?[0m
    ?[32mAnd ?[0m?[32mI submit the changes to System Settings?[0m                         ?[90m# SystemSettingsSteps.submitChanges()?[0m
    ?[32mThen ?[0m?[32mI am on the System Settings page?[0m                               ?[90m# SystemSettingsSteps.assertOnSystemSettingsPage()?[0m
Feature: System settings validation for Privacy Policy URL.

  Background:                                         ?[90m# systemSettings/PrivacyPolicyURL.feature:3?[0m
    ?[32mGiven ?[0m?[32mI am logged in as the default administrator?[0m ?[90m# LoginSteps.logInAsAdministrator()?[0m

  # ---------------------------------------------------------------------------------------------
  Scenario: Test the validation of Privacy Policy URL on System Settings page.      ?[90m# systemSettings/PrivacyPolicyURL.feature:7?[0m
    ?[32mWhen ?[0m?[32mI navigate to the System Settings page?[0m                                     ?[90m# SystemSettingsSteps.navigateToSystemSettingsPage()?[0m
    ?[32mThen ?[0m?[32mThe Privacy Policy Required is ?[0m?[32m?[1mfalse?[0m                                       ?[90m# SystemSettingsSteps.assertPrivacyPolicyRequiredIs(boolean)?[0m
    # HTTP URLs are acceptable.
    ?[32mWhen ?[0m?[32mI set the Privacy Policy URL to "?[0m?[32m?[1mhttp://www.example.com/some_page?[0m?[32m"?[0m         ?[90m# SystemSettingsSteps.setPrivacyPolicyUrl(String)?[0m
    ?[32mAnd ?[0m?[32mI submit the changes to System Settings?[0m                                     ?[90m# SystemSettingsSteps.submitChanges()?[0m
    ?[32mThen ?[0m?[32mThe changes to System Settings were successfully saved.?[0m                    ?[90m# SystemSettingsSteps.assertChangesSaved()?[0m
    ?[32mAnd ?[0m?[32mThe Privacy Policy URL is "?[0m?[32m?[1mhttp://www.example.com/some_page?[0m?[32m"?[0m                ?[90m# SystemSettingsSteps.assertPrivacyPolicyUrlEquals(String)?[0m
    # HTTPS URLs are acceptable.
    ?[32mWhen ?[0m?[32mI set the Privacy Policy URL to "?[0m?[32m?[1mhttps://www.example.com/some_page?[0m?[32m"?[0m        ?[90m# SystemSettingsSteps.setPrivacyPolicyUrl(String)?[0m
    ?[32mAnd ?[0m?[32mI submit the changes to System Settings?[0m                                     ?[90m# SystemSettingsSteps.submitChanges()?[0m
    ?[32mThen ?[0m?[32mThe changes to System Settings were successfully saved.?[0m                    ?[90m# SystemSettingsSteps.assertChangesSaved()?[0m
    ?[32mAnd ?[0m?[32mThe Privacy Policy URL is "?[0m?[32m?[1mhttps://www.example.com/some_page?[0m?[32m"?[0m               ?[90m# SystemSettingsSteps.assertPrivacyPolicyUrlEquals(String)?[0m
    # Protocol-relative URLs are acceptable.
    ?[32mWhen ?[0m?[32mI set the Privacy Policy URL to "?[0m?[32m?[1m//www.example.com/some_page?[0m?[32m"?[0m              ?[90m# SystemSettingsSteps.setPrivacyPolicyUrl(String)?[0m
    ?[32mAnd ?[0m?[32mI submit the changes to System Settings?[0m                                     ?[90m# SystemSettingsSteps.submitChanges()?[0m
    ?[32mThen ?[0m?[32mThe changes to System Settings were successfully saved.?[0m                    ?[90m# SystemSettingsSteps.assertChangesSaved()?[0m
    ?[32mAnd ?[0m?[32mThe Privacy Policy URL is "?[0m?[32m?[1m//www.example.com/some_page?[0m?[32m"?[0m                     ?[90m# SystemSettingsSteps.assertPrivacyPolicyUrlEquals(String)?[0m
    # Invalid URLs are unacceptable.
    ?[32mWhen ?[0m?[32mI set the Privacy Policy URL to "?[0m?[32m?[1mthisisnotavalidurl?[0m?[32m"?[0m                       ?[90m# SystemSettingsSteps.setPrivacyPolicyUrl(String)?[0m
    ?[32mAnd ?[0m?[32mI submit the changes to System Settings?[0m                                     ?[90m# SystemSettingsSteps.submitChanges()?[0m
    ?[32mThen ?[0m?[32mThe following System Settings error is visible: ?[0m?[32m?[1mInvalid Privacy Policy URL?[0m ?[90m# SystemSettingsSteps.assertError(String)?[0m
    # A blank URL is unacceptable when Privacy Policy is required.
    ?[32mWhen ?[0m?[32mI set Privacy Policy Required to ?[0m?[32m?[1mtrue?[0m                                      ?[90m# SystemSettingsSteps.setPrivacyPolicyRequired(boolean)?[0m
    ?[32mWhen ?[0m?[32mI set the Privacy Policy URL to "?[0m?[32m?[1m?[0m?[32m"?[0m                                         ?[90m# SystemSettingsSteps.setPrivacyPolicyUrl(String)?[0m
    ?[32mAnd ?[0m?[32mI submit the changes to System Settings?[0m                                     ?[90m# SystemSettingsSteps.submitChanges()?[0m
    ?[32mThen ?[0m?[32mThe following System Settings error is visible: ?[0m?[32m?[1mInvalid Privacy Policy URL?[0m ?[90m# SystemSettingsSteps.assertError(String)?[0m
    ?[32mWhen ?[0m?[32mI navigate to the System Settings page?[0m                                     ?[90m# SystemSettingsSteps.navigateToSystemSettingsPage()?[0m
    ?[32mThen ?[0m?[32mThe Privacy Policy Required is ?[0m?[32m?[1mfalse?[0m                                       ?[90m# SystemSettingsSteps.assertPrivacyPolicyRequiredIs(boolean)?[0m
Feature: Exercise settings on the System Settings page.

  Background:                                        ?[90m# systemSettings/SystemSettings.feature:3?[0m
    ?[32mWhen ?[0m?[32mI am logged in as the default administrator?[0m ?[90m# LoginSteps.logInAsAdministrator()?[0m
    ?[32mAnd ?[0m?[32mI navigate to the System Settings page?[0m       ?[90m# SystemSettingsSteps.navigateToSystemSettingsPage()?[0m

  Scenario: Ensure the Max Users setting is persisted and validated.                   ?[90m# systemSettings/SystemSettings.feature:33?[0m
    ?[32mThen ?[0m?[32mThe Max Users setting is ?[0m?[32m?[1mdefault?[0m                                              ?[90m# SystemSettingsSteps.assertMaxUsersEquals(String)?[0m
    ?[32mWhen ?[0m?[32mI set the Max Users value to ?[0m?[32m?[1m0?[0m                                                ?[90m# SystemSettingsSteps.setMaxUsers(String)?[0m
    ?[32mAnd ?[0m?[32mI submit the changes to System Settings?[0m                                        ?[90m# SystemSettingsSteps.submitChanges()?[0m
    ?[32mThen ?[0m?[32mThe changes to System Settings were successfully saved.?[0m                       ?[90m# SystemSettingsSteps.assertChangesSaved()?[0m
    ?[32mAnd ?[0m?[32mThe Max Users setting is ?[0m?[32m?[1m0?[0m                                                     ?[90m# SystemSettingsSteps.assertMaxUsersEquals(String)?[0m
    ?[32mWhen ?[0m?[32mI set the Max Users value to ?[0m?[32m?[1m200?[0m                                              ?[90m# SystemSettingsSteps.setMaxUsers(String)?[0m
    ?[32mAnd ?[0m?[32mI submit the changes to System Settings?[0m                                        ?[90m# SystemSettingsSteps.submitChanges()?[0m
    ?[32mThen ?[0m?[32mThe changes to System Settings were successfully saved.?[0m                       ?[90m# SystemSettingsSteps.assertChangesSaved()?[0m
    ?[32mAnd ?[0m?[32mThe Max Users setting is ?[0m?[32m?[1m200?[0m                                                   ?[90m# SystemSettingsSteps.assertMaxUsersEquals(String)?[0m
    ?[32mWhen ?[0m?[32mI clear the Max Users field?[0m                                                   ?[90m# SystemSettingsSteps.clearMaxUsers()?[0m
    ?[32mAnd ?[0m?[32mI submit the changes to System Settings?[0m                                        ?[90m# SystemSettingsSteps.submitChanges()?[0m
    ?[32mThen ?[0m?[32mThe following System Settings error is visible: ?[0m?[32m?[1mMax Users is required.?[0m        ?[90m# SystemSettingsSteps.assertError(String)?[0m
    ?[32mWhen ?[0m?[32mI set the Max Users value to ?[0m?[32m?[1muser?[0m                                             ?[90m# SystemSettingsSteps.setMaxUsers(String)?[0m
    ?[32mAnd ?[0m?[32mI submit the changes to System Settings?[0m                                        ?[90m# SystemSettingsSteps.submitChanges()?[0m
    ?[32mThen ?[0m?[32mThe following System Settings error is visible: ?[0m?[32m?[1mMax Users must be an integer.?[0m ?[90m# SystemSettingsSteps.assertError(String)?[0m
    ?[32mWhen ?[0m?[32mI set the Max Users value to ?[0m?[32m?[1m-5?[0m                                               ?[90m# SystemSettingsSteps.setMaxUsers(String)?[0m
    ?[32mAnd ?[0m?[32mI submit the changes to System Settings?[0m                                        ?[90m# SystemSettingsSteps.submitChanges()?[0m
    ?[32mThen ?[0m?[32mThe following System Settings error is visible: ?[0m?[32m?[1mMust be integer >= 0?[0m          ?[90m# SystemSettingsSteps.assertError(String)?[0m
    ?[32mWhen ?[0m?[32mI set the Max Users value to ?[0m?[32m?[1m5.5?[0m                                              ?[90m# SystemSettingsSteps.setMaxUsers(String)?[0m
    ?[32mAnd ?[0m?[32mI submit the changes to System Settings?[0m                                        ?[90m# SystemSettingsSteps.submitChanges()?[0m
    ?[32mThen ?[0m?[32mThe following System Settings error is visible: ?[0m?[32m?[1mMax Users must be an integer.?[0m ?[90m# SystemSettingsSteps.assertError(String)?[0m
    ?[32mWhen ?[0m?[32mI navigate to the System Settings page?[0m                                        ?[90m# SystemSettingsSteps.navigateToSystemSettingsPage()?[0m
    ?[32mThen ?[0m?[32mThe Max Users setting is ?[0m?[32m?[1m200?[0m                                                  ?[90m# SystemSettingsSteps.assertMaxUsersEquals(String)?[0m
Feature: Exercise Time Zone settings on the System Settings page.

  Background:                                        ?[90m# systemSettings/TimeZoneSettings.feature:3?[0m
    ?[32mWhen ?[0m?[32mI am logged in as the default administrator?[0m ?[90m# LoginSteps.logInAsAdministrator()?[0m

  Scenario: Change the Timezone                                        ?[90m# systemSettings/TimeZoneSettings.feature:6?[0m
    ?[32mThen ?[0m?[32mI click on the View Profile link?[0m                              ?[90m# SystemHomepageSteps.navigateToUserProfilePage()?[0m
    ?[32mAnd ?[0m?[32mI retrieve the creation date?[0m                                   ?[90m# TimeZoneSteps.getCreationDate()?[0m
    ?[32mWhen ?[0m?[32mI navigate to the System Settings page?[0m                        ?[90m# SystemSettingsSteps.navigateToSystemSettingsPage()?[0m
    ?[32mThen ?[0m?[32mI set the Time Zone to "?[0m?[32m?[1mPST?[0m?[32m"?[0m                                  ?[90m# SystemSettingsSteps.selectTimeZone(String)?[0m
    ?[32mAnd ?[0m?[32mI submit the changes to System Settings?[0m                        ?[90m# SystemSettingsSteps.submitChanges()?[0m
    ?[32mThen ?[0m?[32mThe changes to System Settings were successfully saved.?[0m       ?[90m# SystemSettingsSteps.assertChangesSaved()?[0m
    ?[32mAnd ?[0m?[32mThe Time Zone is set to "?[0m?[32m?[1mPST?[0m?[32m"?[0m                                  ?[90m# SystemSettingsSteps.assertTimeZoneSet(String)?[0m
    ?[32mThen ?[0m?[32mI click on the View Profile link?[0m                              ?[90m# SystemHomepageSteps.navigateToUserProfilePage()?[0m
    ?[32mAnd ?[0m?[32mI verify that the creation date has changed with the Time Zone?[0m ?[90m# TimeZoneSteps.assertTimeZoneChanged()?[0m
    ?[32mWhen ?[0m?[32mI navigate to the System Settings page?[0m                        ?[90m# SystemSettingsSteps.navigateToSystemSettingsPage()?[0m
    ?[32mThen ?[0m?[32mI set the Time Zone to "?[0m?[32m?[1mEST?[0m?[32m"?[0m                                  ?[90m# SystemSettingsSteps.selectTimeZone(String)?[0m
    ?[32mAnd ?[0m?[32mI submit the changes to System Settings?[0m                        ?[90m# SystemSettingsSteps.submitChanges()?[0m
    ?[32mThen ?[0m?[32mThe changes to System Settings were successfully saved.?[0m       ?[90m# SystemSettingsSteps.assertChangesSaved()?[0m
    ?[32mAnd ?[0m?[32mThe Time Zone is set to "?[0m?[32m?[1mEST?[0m?[32m"?[0m                                  ?[90m# SystemSettingsSteps.assertTimeZoneSet(String)?[0m
    ?[32mThen ?[0m?[32mI click on the View Profile link?[0m                              ?[90m# SystemHomepageSteps.navigateToUserProfilePage()?[0m
    ?[32mAnd ?[0m?[32mI verify that the creation date has changed with the Time Zone?[0m ?[90m# TimeZoneSteps.assertTimeZoneChanged()?[0m
@timeline
Feature: Test Timeline Features

  Background:                                                                                  ?[90m# timeline/Timeline.feature:3?[0m
    # should be logged in as qa/qatest
    ?[32mGiven ?[0m?[32mI am logged in as the default administrator?[0m                                          ?[90m# LoginSteps.logInAsAdministrator()?[0m
    ?[32mAnd ?[0m?[32mThere exists a class called "?[0m?[32m?[1mTimelineClass?[0m?[32m"?[0m                                            ?[90m# SystemHomepageSteps.createClassIfNeeded(String)?[0m
    ?[32mAnd ?[0m?[32mThere exists a unit called "?[0m?[32m?[1mUnit 1?[0m?[32m" for class "?[0m?[32m?[1mTimelineClass?[0m?[32m"?[0m                          ?[90m# SystemHomepageSteps.createUnitIfNeeded(String,String)?[0m
    ?[32mAnd ?[0m?[32mThere exists a unit called "?[0m?[32m?[1mUnit 2?[0m?[32m" for class "?[0m?[32m?[1mTimelineClass?[0m?[32m"?[0m                          ?[90m# SystemHomepageSteps.createUnitIfNeeded(String,String)?[0m
    ?[32mAnd ?[0m?[32mThere exists an assignment called "?[0m?[32m?[1mAs1?[0m?[32m" in unit "?[0m?[32m?[1mUnit 1?[0m?[32m" part of class "?[0m?[32m?[1mTimelineClass?[0m?[32m"?[0m ?[90m# SystemHomepageSteps.createAssignment(String,String,String)?[0m
    ?[32mAnd ?[0m?[32mThere exists an assignment called "?[0m?[32m?[1mAs2?[0m?[32m" in unit "?[0m?[32m?[1mUnit 1?[0m?[32m" part of class "?[0m?[32m?[1mTimelineClass?[0m?[32m"?[0m ?[90m# SystemHomepageSteps.createAssignment(String,String,String)?[0m
    ?[32mAnd ?[0m?[32mThere exists an assignment called "?[0m?[32m?[1mEx1?[0m?[32m" in unit "?[0m?[32m?[1mUnit 2?[0m?[32m" part of class "?[0m?[32m?[1mTimelineClass?[0m?[32m"?[0m ?[90m# SystemHomepageSteps.createAssignment(String,String,String)?[0m
    ?[32mAnd ?[0m?[32mThere exists an assignment called "?[0m?[32m?[1mEx2?[0m?[32m" in unit "?[0m?[32m?[1mUnit 2?[0m?[32m" part of class "?[0m?[32m?[1mTimelineClass?[0m?[32m"?[0m ?[90m# SystemHomepageSteps.createAssignment(String,String,String)?[0m

  Background:                                                                                  ?[90m# timeline/Timeline.feature:3?[0m
    # should be logged in as qa/qatest
    ?[32mGiven ?[0m?[32mI am logged in as the default administrator?[0m                                          ?[90m# LoginSteps.logInAsAdministrator()?[0m
    ?[32mAnd ?[0m?[32mThere exists a class called "?[0m?[32m?[1mTimelineClass?[0m?[32m"?[0m                                            ?[90m# SystemHomepageSteps.createClassIfNeeded(String)?[0m
    ?[32mAnd ?[0m?[32mThere exists a unit called "?[0m?[32m?[1mUnit 1?[0m?[32m" for class "?[0m?[32m?[1mTimelineClass?[0m?[32m"?[0m                          ?[90m# SystemHomepageSteps.createUnitIfNeeded(String,String)?[0m
    ?[32mAnd ?[0m?[32mThere exists a unit called "?[0m?[32m?[1mUnit 2?[0m?[32m" for class "?[0m?[32m?[1mTimelineClass?[0m?[32m"?[0m                          ?[90m# SystemHomepageSteps.createUnitIfNeeded(String,String)?[0m
    ?[32mAnd ?[0m?[32mThere exists an assignment called "?[0m?[32m?[1mAs1?[0m?[32m" in unit "?[0m?[32m?[1mUnit 1?[0m?[32m" part of class "?[0m?[32m?[1mTimelineClass?[0m?[32m"?[0m ?[90m# SystemHomepageSteps.createAssignment(String,String,String)?[0m
    ?[32mAnd ?[0m?[32mThere exists an assignment called "?[0m?[32m?[1mAs2?[0m?[32m" in unit "?[0m?[32m?[1mUnit 1?[0m?[32m" part of class "?[0m?[32m?[1mTimelineClass?[0m?[32m"?[0m ?[90m# SystemHomepageSteps.createAssignment(String,String,String)?[0m
    ?[32mAnd ?[0m?[32mThere exists an assignment called "?[0m?[32m?[1mEx1?[0m?[32m" in unit "?[0m?[32m?[1mUnit 2?[0m?[32m" part of class "?[0m?[32m?[1mTimelineClass?[0m?[32m"?[0m ?[90m# SystemHomepageSteps.createAssignment(String,String,String)?[0m
    ?[32mAnd ?[0m?[32mThere exists an assignment called "?[0m?[32m?[1mEx2?[0m?[32m" in unit "?[0m?[32m?[1mUnit 2?[0m?[32m" part of class "?[0m?[32m?[1mTimelineClass?[0m?[32m"?[0m ?[90m# SystemHomepageSteps.createAssignment(String,String,String)?[0m

  Background:                                                                                  ?[90m# timeline/Timeline.feature:3?[0m
    # should be logged in as qa/qatest
    ?[32mGiven ?[0m?[32mI am logged in as the default administrator?[0m                                          ?[90m# LoginSteps.logInAsAdministrator()?[0m
    ?[32mAnd ?[0m?[32mThere exists a class called "?[0m?[32m?[1mTimelineClass?[0m?[32m"?[0m                                            ?[90m# SystemHomepageSteps.createClassIfNeeded(String)?[0m
    ?[32mAnd ?[0m?[32mThere exists a unit called "?[0m?[32m?[1mUnit 1?[0m?[32m" for class "?[0m?[32m?[1mTimelineClass?[0m?[32m"?[0m                          ?[90m# SystemHomepageSteps.createUnitIfNeeded(String,String)?[0m
    ?[32mAnd ?[0m?[32mThere exists a unit called "?[0m?[32m?[1mUnit 2?[0m?[32m" for class "?[0m?[32m?[1mTimelineClass?[0m?[32m"?[0m                          ?[90m# SystemHomepageSteps.createUnitIfNeeded(String,String)?[0m
    ?[32mAnd ?[0m?[32mThere exists an assignment called "?[0m?[32m?[1mAs1?[0m?[32m" in unit "?[0m?[32m?[1mUnit 1?[0m?[32m" part of class "?[0m?[32m?[1mTimelineClass?[0m?[32m"?[0m ?[90m# SystemHomepageSteps.createAssignment(String,String,String)?[0m
    ?[32mAnd ?[0m?[32mThere exists an assignment called "?[0m?[32m?[1mAs2?[0m?[32m" in unit "?[0m?[32m?[1mUnit 1?[0m?[32m" part of class "?[0m?[32m?[1mTimelineClass?[0m?[32m"?[0m ?[90m# SystemHomepageSteps.createAssignment(String,String,String)?[0m
    ?[32mAnd ?[0m?[32mThere exists an assignment called "?[0m?[32m?[1mEx1?[0m?[32m" in unit "?[0m?[32m?[1mUnit 2?[0m?[32m" part of class "?[0m?[32m?[1mTimelineClass?[0m?[32m"?[0m ?[90m# SystemHomepageSteps.createAssignment(String,String,String)?[0m
    ?[32mAnd ?[0m?[32mThere exists an assignment called "?[0m?[32m?[1mEx2?[0m?[32m" in unit "?[0m?[32m?[1mUnit 2?[0m?[32m" part of class "?[0m?[32m?[1mTimelineClass?[0m?[32m"?[0m ?[90m# SystemHomepageSteps.createAssignment(String,String,String)?[0m

  Background:                                                                                  ?[90m# timeline/Timeline.feature:3?[0m
    # should be logged in as qa/qatest
    ?[32mGiven ?[0m?[32mI am logged in as the default administrator?[0m                                          ?[90m# LoginSteps.logInAsAdministrator()?[0m
    ?[32mAnd ?[0m?[32mThere exists a class called "?[0m?[32m?[1mTimelineClass?[0m?[32m"?[0m                                            ?[90m# SystemHomepageSteps.createClassIfNeeded(String)?[0m
    ?[32mAnd ?[0m?[32mThere exists a unit called "?[0m?[32m?[1mUnit 1?[0m?[32m" for class "?[0m?[32m?[1mTimelineClass?[0m?[32m"?[0m                          ?[90m# SystemHomepageSteps.createUnitIfNeeded(String,String)?[0m
    ?[32mAnd ?[0m?[32mThere exists a unit called "?[0m?[32m?[1mUnit 2?[0m?[32m" for class "?[0m?[32m?[1mTimelineClass?[0m?[32m"?[0m                          ?[90m# SystemHomepageSteps.createUnitIfNeeded(String,String)?[0m
    ?[32mAnd ?[0m?[32mThere exists an assignment called "?[0m?[32m?[1mAs1?[0m?[32m" in unit "?[0m?[32m?[1mUnit 1?[0m?[32m" part of class "?[0m?[32m?[1mTimelineClass?[0m?[32m"?[0m ?[90m# SystemHomepageSteps.createAssignment(String,String,String)?[0m
    ?[32mAnd ?[0m?[32mThere exists an assignment called "?[0m?[32m?[1mAs2?[0m?[32m" in unit "?[0m?[32m?[1mUnit 1?[0m?[32m" part of class "?[0m?[32m?[1mTimelineClass?[0m?[32m"?[0m ?[90m# SystemHomepageSteps.createAssignment(String,String,String)?[0m
    ?[32mAnd ?[0m?[32mThere exists an assignment called "?[0m?[32m?[1mEx1?[0m?[32m" in unit "?[0m?[32m?[1mUnit 2?[0m?[32m" part of class "?[0m?[32m?[1mTimelineClass?[0m?[32m"?[0m ?[90m# SystemHomepageSteps.createAssignment(String,String,String)?[0m
    ?[32mAnd ?[0m?[32mThere exists an assignment called "?[0m?[32m?[1mEx2?[0m?[32m" in unit "?[0m?[32m?[1mUnit 2?[0m?[32m" part of class "?[0m?[32m?[1mTimelineClass?[0m?[32m"?[0m ?[90m# SystemHomepageSteps.createAssignment(String,String,String)?[0m

  Background:                                                                                  ?[90m# timeline/Timeline.feature:3?[0m
    # should be logged in as qa/qatest
    ?[32mGiven ?[0m?[32mI am logged in as the default administrator?[0m                                          ?[90m# LoginSteps.logInAsAdministrator()?[0m
    ?[32mAnd ?[0m?[32mThere exists a class called "?[0m?[32m?[1mTimelineClass?[0m?[32m"?[0m                                            ?[90m# SystemHomepageSteps.createClassIfNeeded(String)?[0m
    ?[32mAnd ?[0m?[32mThere exists a unit called "?[0m?[32m?[1mUnit 1?[0m?[32m" for class "?[0m?[32m?[1mTimelineClass?[0m?[32m"?[0m                          ?[90m# SystemHomepageSteps.createUnitIfNeeded(String,String)?[0m
    ?[32mAnd ?[0m?[32mThere exists a unit called "?[0m?[32m?[1mUnit 2?[0m?[32m" for class "?[0m?[32m?[1mTimelineClass?[0m?[32m"?[0m                          ?[90m# SystemHomepageSteps.createUnitIfNeeded(String,String)?[0m
    ?[32mAnd ?[0m?[32mThere exists an assignment called "?[0m?[32m?[1mAs1?[0m?[32m" in unit "?[0m?[32m?[1mUnit 1?[0m?[32m" part of class "?[0m?[32m?[1mTimelineClass?[0m?[32m"?[0m ?[90m# SystemHomepageSteps.createAssignment(String,String,String)?[0m
    ?[32mAnd ?[0m?[32mThere exists an assignment called "?[0m?[32m?[1mAs2?[0m?[32m" in unit "?[0m?[32m?[1mUnit 1?[0m?[32m" part of class "?[0m?[32m?[1mTimelineClass?[0m?[32m"?[0m ?[90m# SystemHomepageSteps.createAssignment(String,String,String)?[0m
    ?[32mAnd ?[0m?[32mThere exists an assignment called "?[0m?[32m?[1mEx1?[0m?[32m" in unit "?[0m?[32m?[1mUnit 2?[0m?[32m" part of class "?[0m?[32m?[1mTimelineClass?[0m?[32m"?[0m ?[90m# SystemHomepageSteps.createAssignment(String,String,String)?[0m
    ?[32mAnd ?[0m?[32mThere exists an assignment called "?[0m?[32m?[1mEx2?[0m?[32m" in unit "?[0m?[32m?[1mUnit 2?[0m?[32m" part of class "?[0m?[32m?[1mTimelineClass?[0m?[32m"?[0m ?[90m# SystemHomepageSteps.createAssignment(String,String,String)?[0m

  Scenario: Class schedule unable to redo action in previous sequence of actions                                                   ?[90m# timeline/Timeline.feature:159?[0m
    ?[32mGiven ?[0m?[32mI change the assignment "?[0m?[32m?[1mAs1?[0m?[32m" in the unit "?[0m?[32m?[1mUnit 1?[0m?[32m" part of the "?[0m?[32m?[1mTimelineClass?[0m?[32m" class to start "?[0m?[32m?[1mtoday?[0m?[32m" and end "?[0m?[32m?[1mtomorrow?[0m?[32m"?[0m ?[90m# AssignmentEditorPropertiesSteps.changeAssignmentStartAndEndDateStep(String,String,String,String,String)?[0m
    ?[32mAnd ?[0m?[32mI am on "Class Homepage" page of "?[0m?[32m?[1mTimelineClass?[0m?[32m" class?[0m                                                                     ?[90m# ClassHomepageSteps.navigateToClassHomepage(String)?[0m
    ?[32mAnd ?[0m?[32mI go to the Edit Class Schedule page?[0m                                                                                       ?[90m# ClassHomepageSteps.navigateToEditClassSchedulePage()?[0m
    ?[32mAnd ?[0m?[32mI see a timeline is rendered?[0m                                                                                               ?[90m# TimelineSteps.assertTimelineRendered()?[0m
    ?[32mWhen ?[0m?[32mI select the following modules "?[0m?[32m?[1mAs1?[0m?[32m" on the timeline?[0m                                                                      ?[90m# TimelineSteps.selectItems(String)?[0m
    ?[32mAnd ?[0m?[32mI move the selected modules "?[0m?[32m?[1mforward?[0m?[32m" one day on the timeline?[0m                                                              ?[90m# TimelineSteps.moveSelectedTimelineModules(String)?[0m
    ?[32mAnd ?[0m?[32mI move the selected modules "?[0m?[32m?[1mforward?[0m?[32m" one day on the timeline?[0m                                                              ?[90m# TimelineSteps.moveSelectedTimelineModules(String)?[0m
    ?[32mAnd ?[0m?[32mI move the selected modules "?[0m?[32m?[1mbackward?[0m?[32m" one day on the timeline?[0m                                                             ?[90m# TimelineSteps.moveSelectedTimelineModules(String)?[0m
    ?[32mAnd ?[0m?[32mI click the undo button?[0m                                                                                                    ?[90m# TimelineSteps.clickUndoButton()?[0m
    ?[32mAnd ?[0m?[32mI move the selected modules "?[0m?[32m?[1mforward?[0m?[32m" one day on the timeline?[0m                                                              ?[90m# TimelineSteps.moveSelectedTimelineModules(String)?[0m
    ?[32mThen ?[0m?[32mI see the ?[0m?[32m?[1mredo?[0m?[32m button is ?[0m?[32m?[1mdisabled?[0m?[32m on the timeline?[0m                                                                         ?[90m# TimelineSteps.assertRedoButton(String,String)?[0m
@timeline
Feature: Test different controls of a class timeline

  Background:                                                        ?[90m# timeline/TimelineControls.feature:3?[0m
    # should be logged in as qa/qatest
    ?[32mGiven ?[0m?[32mI am logged in as the default administrator?[0m                ?[90m# LoginSteps.logInAsAdministrator()?[0m
    ?[32mAnd ?[0m?[32mI am on "Class Homepage" page of "?[0m?[32m?[1mDemonstration Class?[0m?[32m" class?[0m ?[90m# ClassHomepageSteps.navigateToClassHomepage(String)?[0m
    ?[32mAnd ?[0m?[32mI go to the Edit Class Schedule page?[0m                         ?[90m# ClassHomepageSteps.navigateToEditClassSchedulePage()?[0m
    ?[32mAnd ?[0m?[32mI see a timeline is rendered?[0m                                 ?[90m# TimelineSteps.assertTimelineRendered()?[0m

  Scenario: Test the timeline component renders properly and basic functionality ?[90m# timeline/TimelineControls.feature:10?[0m
    # set the dates of the various assignments
    ?[32mWhen ?[0m?[32mI use the jump to button to jump to "?[0m?[32m?[1m365 days ago?[0m?[32m"?[0m                      ?[90m# TimelineSteps.useJumpToButton(String)?[0m
    ?[32mThen ?[0m?[32mI see the timeline is viewing the ?[0m?[32m?[1mlast?[0m?[32m year?[0m                             ?[90m# TimelineSteps.assertYearOfTimeline(String)?[0m
Feature: Editing built-in roles

  Background:                                         ?[90m# usermanager/EditBuiltInRole.feature:3?[0m
    ?[32mGiven ?[0m?[32mI am logged in as the default administrator?[0m ?[90m# LoginSteps.logInAsAdministrator()?[0m
    ?[32mAnd ?[0m?[32mI go to the Role Manager page?[0m                 ?[90m# RoleManagerSteps.navigateToAddUserPage()?[0m

  Background:                                         ?[90m# usermanager/EditBuiltInRole.feature:3?[0m
    ?[32mGiven ?[0m?[32mI am logged in as the default administrator?[0m ?[90m# LoginSteps.logInAsAdministrator()?[0m
    ?[32mAnd ?[0m?[32mI go to the Role Manager page?[0m                 ?[90m# RoleManagerSteps.navigateToAddUserPage()?[0m

  Background:                                         ?[90m# usermanager/EditBuiltInRole.feature:3?[0m
    ?[32mGiven ?[0m?[32mI am logged in as the default administrator?[0m ?[90m# LoginSteps.logInAsAdministrator()?[0m
    ?[32mAnd ?[0m?[32mI go to the Role Manager page?[0m                 ?[90m# RoleManagerSteps.navigateToAddUserPage()?[0m

  Background:                                         ?[90m# usermanager/EditBuiltInRole.feature:3?[0m
    ?[32mGiven ?[0m?[32mI am logged in as the default administrator?[0m ?[90m# LoginSteps.logInAsAdministrator()?[0m
    ?[32mAnd ?[0m?[32mI go to the Role Manager page?[0m                 ?[90m# RoleManagerSteps.navigateToAddUserPage()?[0m

  Scenario: Choose to restore the Instructor role and submit the change ?[90m# usermanager/EditBuiltInRole.feature:40?[0m
    ?[32mWhen ?[0m?[32mI click to edit the "?[0m?[32m?[1mInstructor Test?[0m?[32m" role?[0m                     ?[90m# RoleManagerSteps.clickRoleToEdit(String)?[0m
    ?[32mThen ?[0m?[32mI am on the Role Editor page?[0m                                   ?[90m# RoleEditorSteps.assertOnRoleEditorPage()?[0m
    ?[32mWhen ?[0m?[32mI click the "?[0m?[32m?[1mRestore to Default?[0m?[32m" button in the Role Editor?[0m     ?[90m# RoleEditorSteps.clickRoleEditorButton(String)?[0m
    ?[32mThen ?[0m?[32mI am on the Role Editor page?[0m                                   ?[90m# RoleEditorSteps.assertOnRoleEditorPage()?[0m
    ?[32mAnd ?[0m?[32mI see the role name is "?[0m?[32m?[1mInstructor?[0m?[32m"?[0m                             ?[90m# RoleEditorSteps.assertRoleNameInForm(String)?[0m
    ?[32mAnd ?[0m?[32mI do not see the Edit Student License privilege checked?[0m         ?[90m# RoleEditorSteps.assertEditStudentLicenseNotChecked()?[0m
    ?[32mWhen ?[0m?[32mI click the "?[0m?[32m?[1mSubmit?[0m?[32m" button in the Role Editor?[0m                 ?[90m# RoleEditorSteps.clickRoleEditorButton(String)?[0m
    ?[32mThen ?[0m?[32mI am on the Role Manager page?[0m                                  ?[90m# RoleManagerSteps.assertOnRoleManagerPage()?[0m
    ?[32mAnd ?[0m?[32mI see the "?[0m?[32m?[1mInstructor?[0m?[32m" role in the list?[0m                         ?[90m# RoleManagerSteps.assertRoleInList(String)?[0m
    ?[32mAnd ?[0m?[32mI do not see the "?[0m?[32m?[1mInstructor Test?[0m?[32m" role in the list?[0m             ?[90m# RoleManagerSteps.assertRoleNotInList(String)?[0m
Feature: Managing Roles

  Background:                                         ?[90m# usermanager/ManageRole.feature:3?[0m
    ?[32mGiven ?[0m?[32mI am logged in as the default administrator?[0m ?[90m# LoginSteps.logInAsAdministrator()?[0m
    ?[32mAnd ?[0m?[32mI go to the Role Manager page?[0m                 ?[90m# RoleManagerSteps.navigateToAddUserPage()?[0m

  Background:                                         ?[90m# usermanager/ManageRole.feature:3?[0m
    ?[32mGiven ?[0m?[32mI am logged in as the default administrator?[0m ?[90m# LoginSteps.logInAsAdministrator()?[0m
    ?[32mAnd ?[0m?[32mI go to the Role Manager page?[0m                 ?[90m# RoleManagerSteps.navigateToAddUserPage()?[0m

  Background:                                         ?[90m# usermanager/ManageRole.feature:3?[0m
    ?[32mGiven ?[0m?[32mI am logged in as the default administrator?[0m ?[90m# LoginSteps.logInAsAdministrator()?[0m
    ?[32mAnd ?[0m?[32mI go to the Role Manager page?[0m                 ?[90m# RoleManagerSteps.navigateToAddUserPage()?[0m

  Background:                                         ?[90m# usermanager/ManageRole.feature:3?[0m
    ?[32mGiven ?[0m?[32mI am logged in as the default administrator?[0m ?[90m# LoginSteps.logInAsAdministrator()?[0m
    ?[32mAnd ?[0m?[32mI go to the Role Manager page?[0m                 ?[90m# RoleManagerSteps.navigateToAddUserPage()?[0m

  Scenario: Delete the test roles                        ?[90m# usermanager/ManageRole.feature:35?[0m
    ?[32mWhen ?[0m?[32mI click to delete the "?[0m?[32m?[1mTest - clone?[0m?[32m" role?[0m       ?[90m# RoleManagerSteps.clickDeleteLink(String)?[0m
    ?[32mThen ?[0m?[32mI am on the Role Manager page?[0m                   ?[90m# RoleManagerSteps.assertOnRoleManagerPage()?[0m
    ?[32mAnd ?[0m?[32mI do not see the "?[0m?[32m?[1mTest - clone?[0m?[32m" role in the list?[0m ?[90m# RoleManagerSteps.assertRoleNotInList(String)?[0m
    ?[32mWhen ?[0m?[32mI click to delete the "?[0m?[32m?[1mTest?[0m?[32m" role?[0m               ?[90m# RoleManagerSteps.clickDeleteLink(String)?[0m
    ?[32mThen ?[0m?[32mI am on the Role Manager page?[0m                   ?[90m# RoleManagerSteps.assertOnRoleManagerPage()?[0m
    ?[32mAnd ?[0m?[32mI do not see the "?[0m?[32m?[1mTest?[0m?[32m" role in the list?[0m         ?[90m# RoleManagerSteps.assertRoleNotInList(String)?[0m
Feature: Exercise User Tours.

  Background:                                                   ?[90m# usertours/UserTour.feature:3?[0m
    ?[32mGiven ?[0m?[32mI am logged in as the default administrator?[0m           ?[90m# LoginSteps.logInAsAdministrator()?[0m
    ?[32mThen ?[0m?[32mI am on the System Homepage?[0m                            ?[90m# SystemHomepageSteps.assertSystemHomepage()?[0m
    ?[32mThen ?[0m?[32mI navigate to the System Settings page?[0m                 ?[90m# SystemSettingsSteps.navigateToSystemSettingsPage()?[0m
    ?[32mAnd ?[0m?[32mI set the Enable User Tours checkbox state to ?[0m?[32m?[1mtrue?[0m      ?[90m# SystemSettingsSteps.setEnableUserTours(boolean)?[0m
    ?[32mAnd ?[0m?[32mI submit the changes to System Settings?[0m                 ?[90m# SystemSettingsSteps.submitChanges()?[0m
    ?[32mAnd ?[0m?[32mThe changes to System Settings were successfully saved.?[0m ?[90m# SystemSettingsSteps.assertChangesSaved()?[0m
    ?[32mThen ?[0m?[32mI click on the View Profile link?[0m                       ?[90m# SystemHomepageSteps.navigateToUserProfilePage()?[0m
    ?[32mAnd ?[0m?[32mI reset completed user-tours?[0m                            ?[90m# UserDetailsSteps.resetCompletedUserTours()?[0m
    ?[32mThen ?[0m?[32mI navigate to the System Homepage?[0m                      ?[90m# SystemHomepageSteps.navigateToSystemHomepage()?[0m

  Background:                                                   ?[90m# usertours/UserTour.feature:3?[0m
    ?[32mGiven ?[0m?[32mI am logged in as the default administrator?[0m           ?[90m# LoginSteps.logInAsAdministrator()?[0m
    ?[32mThen ?[0m?[32mI am on the System Homepage?[0m                            ?[90m# SystemHomepageSteps.assertSystemHomepage()?[0m
    ?[32mThen ?[0m?[32mI navigate to the System Settings page?[0m                 ?[90m# SystemSettingsSteps.navigateToSystemSettingsPage()?[0m
    ?[32mAnd ?[0m?[32mI set the Enable User Tours checkbox state to ?[0m?[32m?[1mtrue?[0m      ?[90m# SystemSettingsSteps.setEnableUserTours(boolean)?[0m
    ?[32mAnd ?[0m?[32mI submit the changes to System Settings?[0m                 ?[90m# SystemSettingsSteps.submitChanges()?[0m
    ?[32mAnd ?[0m?[32mThe changes to System Settings were successfully saved.?[0m ?[90m# SystemSettingsSteps.assertChangesSaved()?[0m
    ?[32mThen ?[0m?[32mI click on the View Profile link?[0m                       ?[90m# SystemHomepageSteps.navigateToUserProfilePage()?[0m
    ?[32mAnd ?[0m?[32mI reset completed user-tours?[0m                            ?[90m# UserDetailsSteps.resetCompletedUserTours()?[0m
    ?[32mThen ?[0m?[32mI navigate to the System Homepage?[0m                      ?[90m# SystemHomepageSteps.navigateToSystemHomepage()?[0m

  Background:                                                   ?[90m# usertours/UserTour.feature:3?[0m
    ?[32mGiven ?[0m?[32mI am logged in as the default administrator?[0m           ?[90m# LoginSteps.logInAsAdministrator()?[0m
    ?[32mThen ?[0m?[32mI am on the System Homepage?[0m                            ?[90m# SystemHomepageSteps.assertSystemHomepage()?[0m
    ?[32mThen ?[0m?[32mI navigate to the System Settings page?[0m                 ?[90m# SystemSettingsSteps.navigateToSystemSettingsPage()?[0m
    ?[32mAnd ?[0m?[32mI set the Enable User Tours checkbox state to ?[0m?[32m?[1mtrue?[0m      ?[90m# SystemSettingsSteps.setEnableUserTours(boolean)?[0m
    ?[32mAnd ?[0m?[32mI submit the changes to System Settings?[0m                 ?[90m# SystemSettingsSteps.submitChanges()?[0m
    ?[32mAnd ?[0m?[32mThe changes to System Settings were successfully saved.?[0m ?[90m# SystemSettingsSteps.assertChangesSaved()?[0m
    ?[32mThen ?[0m?[32mI click on the View Profile link?[0m                       ?[90m# SystemHomepageSteps.navigateToUserProfilePage()?[0m
    ?[32mAnd ?[0m?[32mI reset completed user-tours?[0m                            ?[90m# UserDetailsSteps.resetCompletedUserTours()?[0m
    ?[32mThen ?[0m?[32mI navigate to the System Homepage?[0m                      ?[90m# SystemHomepageSteps.navigateToSystemHomepage()?[0m

  Background:                                                   ?[90m# usertours/UserTour.feature:3?[0m
    ?[32mGiven ?[0m?[32mI am logged in as the default administrator?[0m           ?[90m# LoginSteps.logInAsAdministrator()?[0m
    ?[32mThen ?[0m?[32mI am on the System Homepage?[0m                            ?[90m# SystemHomepageSteps.assertSystemHomepage()?[0m
    ?[32mThen ?[0m?[32mI navigate to the System Settings page?[0m                 ?[90m# SystemSettingsSteps.navigateToSystemSettingsPage()?[0m
    ?[32mAnd ?[0m?[32mI set the Enable User Tours checkbox state to ?[0m?[32m?[1mtrue?[0m      ?[90m# SystemSettingsSteps.setEnableUserTours(boolean)?[0m
    ?[32mAnd ?[0m?[32mI submit the changes to System Settings?[0m                 ?[90m# SystemSettingsSteps.submitChanges()?[0m
    ?[32mAnd ?[0m?[32mThe changes to System Settings were successfully saved.?[0m ?[90m# SystemSettingsSteps.assertChangesSaved()?[0m
    ?[32mThen ?[0m?[32mI click on the View Profile link?[0m                       ?[90m# SystemHomepageSteps.navigateToUserProfilePage()?[0m
    ?[32mAnd ?[0m?[32mI reset completed user-tours?[0m                            ?[90m# UserDetailsSteps.resetCompletedUserTours()?[0m
    ?[32mThen ?[0m?[32mI navigate to the System Homepage?[0m                      ?[90m# SystemHomepageSteps.navigateToSystemHomepage()?[0m

  Scenario: Verify that reset completed user-tours button works      ?[90m# usertours/UserTour.feature:44?[0m
    ?[32mWhen ?[0m?[32mI click on the View Profile link?[0m                            ?[90m# SystemHomepageSteps.navigateToUserProfilePage()?[0m
    ?[32mAnd ?[0m?[32mI reset completed user-tours?[0m                                 ?[90m# UserDetailsSteps.resetCompletedUserTours()?[0m
    ?[32mThen ?[0m?[32mI navigate to the System Homepage?[0m                           ?[90m# SystemHomepageSteps.navigateToSystemHomepage()?[0m
    ?[32mAnd ?[0m?[32mI am on "Class Homepage" page of "?[0m?[32m?[1mDemonstration Class?[0m?[32m" class?[0m ?[90m# ClassHomepageSteps.navigateToClassHomepage(String)?[0m
    ?[32mThen ?[0m?[32mThe user tour is present on page?[0m                            ?[90m# UserTourSteps.assertUserTourPresent()?[0m
    ?[32mAnd ?[0m?[32mI end the user-tour?[0m                                          ?[90m# UserTourSteps.endUserTour()?[0m
    ?[32mThen ?[0m?[32mI click on the View Profile link?[0m                            ?[90m# SystemHomepageSteps.navigateToUserProfilePage()?[0m
    ?[32mAnd ?[0m?[32mI reset completed user-tours?[0m                                 ?[90m# UserDetailsSteps.resetCompletedUserTours()?[0m
    ?[32mThen ?[0m?[32mI navigate to the System Settings page?[0m                      ?[90m# SystemSettingsSteps.navigateToSystemSettingsPage()?[0m
    ?[32mAnd ?[0m?[32mI set the Enable User Tours checkbox state to ?[0m?[32m?[1mfalse?[0m          ?[90m# SystemSettingsSteps.setEnableUserTours(boolean)?[0m
    ?[32mAnd ?[0m?[32mI submit the changes to System Settings?[0m                      ?[90m# SystemSettingsSteps.submitChanges()?[0m
    ?[32mThen ?[0m?[32mThe changes to System Settings were successfully saved.?[0m     ?[90m# SystemSettingsSteps.assertChangesSaved()?[0m
    ?[32mAnd ?[0m?[32mThe Enable User Tours checkbox state is ?[0m?[32m?[1mfalse?[0m                ?[90m# SystemSettingsSteps.assertEnableUserToursEquals(boolean)?[0m
    ?[32mThen ?[0m?[32mI navigate to the System Homepage?[0m                           ?[90m# SystemHomepageSteps.navigateToSystemHomepage()?[0m
    ?[32mAnd ?[0m?[32mI am on "Class Homepage" page of "?[0m?[32m?[1mDemonstration Class?[0m?[32m" class?[0m ?[90m# ClassHomepageSteps.navigateToClassHomepage(String)?[0m
    ?[32mThen ?[0m?[32mThe user tour is not present on page?[0m                        ?[90m# UserTourSteps.assertUserTourNotPresent()?[0m

270 Scenarios (?[32m270 passed?[0m)
6048 Steps (?[32m6048 passed?[0m)
73m19.503s

]]></system-out>
  <system-err><![CDATA[[1563553067.789][SEVERE]: Unable to receive message from renderer
[1563553079.397][SEVERE]: Unable to receive message from renderer
[1563553094.521][SEVERE]: Unable to receive message from renderer
[1563553106.165][SEVERE]: Unable to receive message from renderer
[1563553168.609][SEVERE]: Unable to receive message from renderer
[1563553222.450][SEVERE]: Unable to receive message from renderer
[1563553360.254][SEVERE]: Unable to receive message from renderer
[1563553407.407][SEVERE]: Unable to receive message from renderer
[1563553525.514][SEVERE]: Unable to receive message from renderer
[1563553561.524][SEVERE]: Unable to receive message from renderer
[1563553563.898][SEVERE]: Unable to receive message from renderer
[1563553984.790][SEVERE]: Unable to receive message from renderer
[1563556060.358][SEVERE]: Unable to receive message from renderer
[1563556082.806][SEVERE]: Unable to receive message from renderer
[1563556089.700][SEVERE]: Unable to receive message from renderer
[1563556169.893][SEVERE]: Unable to receive message from renderer
[1563556177.224][SEVERE]: Unable to receive message from renderer
[1563556472.550][SEVERE]: Unable to receive message from renderer
[1563556476.491][SEVERE]: Unable to receive message from renderer
[1563556485.865][SEVERE]: Unable to receive message from renderer
[1563556492.009][SEVERE]: Unable to receive message from renderer
[1563556550.325][SEVERE]: Unable to receive message from renderer
Jul 19, 2019 5:16:08 PM org.openqa.selenium.interactions.Actions moveToElement
INFO: When using the W3C Action commands, offsets are from the center of element
]]></system-err>
</testsuite>
