<?xml version="1.0" encoding="UTF-8"?>
<testsuite name="|  |  | Value is required. | Confirm Password is required. |" tests="8" skipped="0" failures="0" errors="0" timestamp="2019-07-19T16:36:09" hostname="mo-acceptance-test-driver-182622c" time="1.918">
  <properties/>
  <testcase name="Given I am logged in as the default administrator" classname="|  |  | Value is required. | Confirm Password is required. |" time="0.0"/>
  <testcase name="And I click on the View Profile link" classname="|  |  | Value is required. | Confirm Password is required. |" time="0.0"/>
  <testcase name="And I click on the Password Update link" classname="|  |  | Value is required. | Confirm Password is required. |" time="0.0"/>
  <testcase name="Then I am on the Password Update page" classname="|  |  | Value is required. | Confirm Password is required. |" time="0.0"/>
  <testcase name="When I enter the password &quot;&quot; and the confirm password &quot;&quot;" classname="|  |  | Value is required. | Confirm Password is required. |" time="0.001"/>
  <testcase name="Then I see the password error message Value is required." classname="|  |  | Value is required. | Confirm Password is required. |" time="0.0"/>
  <testcase name="And I see the confirm password error message Confirm Password is required." classname="|  |  | Value is required. | Confirm Password is required. |" time="0.0"/>
  <testcase name="classMethod" classname="|  |  | Value is required. | Confirm Password is required. |" time="2.93"/>
  <system-out><![CDATA[]]></system-out>
  <system-err><![CDATA[]]></system-err>
</testsuite>
