<?xml version="1.0" encoding="UTF-8"?>
<testsuite name="Scenario: Create CIM link to System Homepage" tests="9" skipped="0" failures="0" errors="0" timestamp="2019-07-19T17:09:12" hostname="mo-acceptance-test-driver-182622c" time="5.856">
  <properties/>
  <testcase name="Given I set up the LTI consumer key and shared secret if not already done" classname="Scenario: Create CIM link to System Homepage" time="0.0"/>
  <testcase name="When I launch random &quot;ContentItemSelectionRequest&quot; LTI request with role &quot;Administrator&quot; and outcome URL &quot;&quot; and document target &quot;frame&quot;" classname="Scenario: Create CIM link to System Homepage" time="0.0"/>
  <testcase name="Then I am on the LTI Mapping Page" classname="Scenario: Create CIM link to System Homepage" time="0.0"/>
  <testcase name="When I click the 'System Homepage' mapping button" classname="Scenario: Create CIM link to System Homepage" time="0.0"/>
  <testcase name="And I am on the Test Harness page" classname="Scenario: Create CIM link to System Homepage" time="0.0"/>
  <testcase name="And I launch prepared &quot;basic-lti-launch-request&quot; LTI request with role &quot;Administrator&quot; and outcome URL &quot;&quot; and document target &quot;window&quot;" classname="Scenario: Create CIM link to System Homepage" time="0.0"/>
  <testcase name="Then I am on the System Homepage" classname="Scenario: Create CIM link to System Homepage" time="0.0"/>
  <testcase name="And I close the LTI Test Harness leftover windows" classname="Scenario: Create CIM link to System Homepage" time="0.0"/>
  <testcase name="classMethod" classname="Scenario: Create CIM link to System Homepage" time="5.966"/>
  <system-out><![CDATA[
  Scenario: Create link to Assignment                                                                                                            ?[90m# lti/LTIMapping.feature:113?[0m
    ?[32mWhen ?[0m?[32mI launch random "?[0m?[32m?[1mbasic-lti-launch-request?[0m?[32m" LTI request with role "?[0m?[32m?[1mAdministrator?[0m?[32m" and outcome URL "?[0m?[32m?[1mdefault?[0m?[32m" and document target "?[0m?[32m?[1mwindow?[0m?[32m"?[0m ?[90m# TestHarnessSteps.runLtiRequest(String,String,String,String)?[0m
    ?[32mThen ?[0m?[32mI am on the LTI Mapping Page?[0m                                                                                                            ?[90m# LTIMappingSteps.assertLtiMappingPage()?[0m
    # Create new class
    ?[32mWhen ?[0m?[32mI click the 'New Class' mapping button?[0m                                                                                                  ?[90m# LTIMappingSteps.clickNewClassButton()?[0m
    ?[32mAnd ?[0m?[32mI create new class with random name?[0m                                                                                                      ?[90m# AddMapleTAClassSteps.createNewClassWithRandomName()?[0m
    ?[32mThen ?[0m?[32mI am on the LTI Mapping Page?[0m                                                                                                            ?[90m# LTIMappingSteps.assertLtiMappingPage()?[0m
    # Create new assignment
    ?[32mWhen ?[0m?[32mI click the 'New Assignment' mapping button?[0m                                                                                             ?[90m# LTIMappingSteps.clickNewAssignmentButton()?[0m
    ?[32mAnd ?[0m?[32mI create empty assignment with random name?[0m                                                                                               ?[90m# AssignmentEditorDetailsSteps.createEmptyAssignmentWithRandomName()?[0m
    ?[32mThen ?[0m?[32mI am on the LTI Mapping Page?[0m                                                                                                            ?[90m# LTIMappingSteps.assertLtiMappingPage()?[0m
    # Map to the Assignment
    ?[32mWhen ?[0m?[32mI click the 'Assignment' mapping button?[0m                                                                                                 ?[90m# LTIMappingSteps.clickAssignmentButton()?[0m
    ?[32mThen ?[0m?[32mI am on the Assignment Review Page?[0m                                                                                                      ?[90m# AssignmentLaunchPageSteps.assertAssignmentReviewPage()?[0m
    ?[32mAnd ?[0m?[32mI close the LTI Test Harness leftover windows?[0m                                                                                            ?[90m# TestHarnessSteps.closeLeftoverWindows()?[0m
    # Resend the same values to ensure we are now taken directly to the Assignment
    ?[32mWhen ?[0m?[32mI re-launch "?[0m?[32m?[1mbasic-lti-launch-request?[0m?[32m" LTI request with role "?[0m?[32m?[1mAdministrator?[0m?[32m" and outcome URL "?[0m?[32m?[1mdefault?[0m?[32m" and document target "?[0m?[32m?[1mwindow?[0m?[32m"?[0m     ?[90m# TestHarnessSteps.reRunLtiRequest(String,String,String,String)?[0m
    ?[32mThen ?[0m?[32mI am on the Assignment Review Page?[0m                                                                                                      ?[90m# AssignmentLaunchPageSteps.assertAssignmentReviewPage()?[0m
    ?[32mAnd ?[0m?[32mI close the LTI Test Harness leftover windows?[0m                                                                                            ?[90m# TestHarnessSteps.closeLeftoverWindows()?[0m
]]></system-out>
  <system-err><![CDATA[]]></system-err>
</testsuite>
