<?xml version="1.0" encoding="UTF-8"?>
<testsuite name="Scenario: Visit Self Registration Page and Check User Details" tests="12" skipped="0" failures="0" errors="0" timestamp="2019-07-19T16:35:57" hostname="mo-acceptance-test-driver-182622c" time="4.741">
  <properties/>
  <testcase name="Given I navigate to the Maple TA login page" classname="Scenario: Visit Self Registration Page and Check User Details" time="0.0"/>
  <testcase name="When I click the Create an Account link" classname="Scenario: Visit Self Registration Page and Check User Details" time="0.0"/>
  <testcase name="Then I am on the Register page" classname="Scenario: Visit Self Registration Page and Check User Details" time="0.0"/>
  <testcase name="Given I fill out the Register form for user mario" classname="Scenario: Visit Self Registration Page and Check User Details" time="0.0"/>
  <testcase name="And I submit the register form" classname="Scenario: Visit Self Registration Page and Check User Details" time="0.0"/>
  <testcase name="Then I am on the Maple TA login page" classname="Scenario: Visit Self Registration Page and Check User Details" time="0.0"/>
  <testcase name="And The successful registration message is shown" classname="Scenario: Visit Self Registration Page and Check User Details" time="0.0"/>
  <testcase name="When I click the Login button" classname="Scenario: Visit Self Registration Page and Check User Details" time="0.0"/>
  <testcase name="Then I am on the System Homepage" classname="Scenario: Visit Self Registration Page and Check User Details" time="0.001"/>
  <testcase name="When I click on the View Profile link" classname="Scenario: Visit Self Registration Page and Check User Details" time="0.0"/>
  <testcase name="Then I check that the user details for user mario are correct" classname="Scenario: Visit Self Registration Page and Check User Details" time="0.0"/>
  <testcase name="classMethod" classname="Scenario: Visit Self Registration Page and Check User Details" time="4.755"/>
  <system-out><![CDATA[
  Scenario: Enable Self Registration                             ?[90m# SelfRegistration.feature:4?[0m
    ?[32mGiven ?[0m?[32mI am logged in as the default administrator?[0m            ?[90m# LoginSteps.logInAsAdministrator()?[0m
    ?[32mWhen ?[0m?[32mI navigate to the System Settings page?[0m                  ?[90m# SystemSettingsSteps.navigateToSystemSettingsPage()?[0m
    ?[32mWhen ?[0m?[32mI set Allow Self Registration checkbox to ?[0m?[32m?[1mchecked?[0m       ?[90m# SystemSettingsSteps.setAllowSelfRegistration(String)?[0m
    ?[32mWhen ?[0m?[32mI submit the changes to System Settings?[0m                 ?[90m# SystemSettingsSteps.submitChanges()?[0m
    ?[32mThen ?[0m?[32mThe changes to System Settings were successfully saved.?[0m ?[90m# SystemSettingsSteps.assertChangesSaved()?[0m
    ?[32mThen ?[0m?[32mThe Allow Self Registration checkbox is ?[0m?[32m?[1mchecked?[0m         ?[90m# SystemSettingsSteps.assertAllowSelfRegistrationIs(String)?[0m
]]></system-out>
  <system-err><![CDATA[]]></system-err>
</testsuite>
