<?xml version="1.0" encoding="UTF-8"?>
<testsuite name="Scenario: Successfully access the Regrading page from question details page in gradebook" tests="60" skipped="0" failures="0" errors="0" timestamp="2019-07-19T16:54:16" hostname="mo-acceptance-test-driver-182622c" time="31.967">
  <properties/>
  <testcase name="Given I set up the LTI consumer key and shared secret if not already done" classname="Scenario: Successfully access the Regrading page from question details page in gradebook" time="0.0"/>
  <testcase name="When I launch random &quot;basic-lti-launch-request&quot; LTI request with role &quot;Instructor&quot; and outcome URL &quot;&quot; and document target &quot;window&quot;" classname="Scenario: Successfully access the Regrading page from question details page in gradebook" time="0.0"/>
  <testcase name="Then I am on the LTI Mapping Page" classname="Scenario: Successfully access the Regrading page from question details page in gradebook" time="0.0"/>
  <testcase name="When I click the 'New Class' mapping button" classname="Scenario: Successfully access the Regrading page from question details page in gradebook" time="0.0"/>
  <testcase name="Then I am on a New Class page" classname="Scenario: Successfully access the Regrading page from question details page in gradebook" time="0.0"/>
  <testcase name="When I create new class with random name" classname="Scenario: Successfully access the Regrading page from question details page in gradebook" time="0.0"/>
  <testcase name="Then I am on the LTI Mapping Page" classname="Scenario: Successfully access the Regrading page from question details page in gradebook" time="0.0"/>
  <testcase name="When I click the 'Class Homepage' mapping button" classname="Scenario: Successfully access the Regrading page from question details page in gradebook" time="0.0"/>
  <testcase name="Then I am on the Class Homepage" classname="Scenario: Successfully access the Regrading page from question details page in gradebook" time="0.0"/>
  <testcase name="When I navigate to the &quot;Content Repository&quot; of current class" classname="Scenario: Successfully access the Regrading page from question details page in gradebook" time="0.0"/>
  <testcase name="And I choose creating new question/Text from the main dropdown button" classname="Scenario: Successfully access the Regrading page from question details page in gradebook" time="0.0"/>
  <testcase name="And Question Designer is opened" classname="Scenario: Successfully access the Regrading page from question details page in gradebook" time="0.0"/>
  <testcase name="When I enter valid information for the question name as &quot;Regrading test question&quot;" classname="Scenario: Successfully access the Regrading page from question details page in gradebook" time="0.0"/>
  <testcase name="And I click inside the question text editor" classname="Scenario: Successfully access the Regrading page from question details page in gradebook" time="0.0"/>
  <testcase name="And I click Response Area button to open the dialog and assert that the Choose Question Type page is visible" classname="Scenario: Successfully access the Regrading page from question details page in gradebook" time="0.0"/>
  <testcase name="When I choose &quot;Mathematical Formula&quot; link from the dialog and complete the correct answer" classname="Scenario: Successfully access the Regrading page from question details page in gradebook" time="0.0"/>
  <testcase name="And I click OK" classname="Scenario: Successfully access the Regrading page from question details page in gradebook" time="0.0"/>
  <testcase name="Then I see the &quot;Mathematical Formula&quot; Question Widget in the question text section" classname="Scenario: Successfully access the Regrading page from question details page in gradebook" time="0.0"/>
  <testcase name="And I click the question designer Save &amp; Close button" classname="Scenario: Successfully access the Regrading page from question details page in gradebook" time="0.0"/>
  <testcase name="When I choose creating new assignment in &quot;Default Unit&quot; unit from the main dropdown button" classname="Scenario: Successfully access the Regrading page from question details page in gradebook" time="0.0"/>
  <testcase name="Then Assignment Editor is opened" classname="Scenario: Successfully access the Regrading page from question details page in gradebook" time="0.0"/>
  <testcase name="When enter Assignment name &quot;Regrading test&quot;" classname="Scenario: Successfully access the Regrading page from question details page in gradebook" time="0.0"/>
  <testcase name="And I click on the questions tab" classname="Scenario: Successfully access the Regrading page from question details page in gradebook" time="0.0"/>
  <testcase name="And I click the import question button" classname="Scenario: Successfully access the Regrading page from question details page in gradebook" time="0.0"/>
  <testcase name="Then The import questions dialog appears" classname="Scenario: Successfully access the Regrading page from question details page in gradebook" time="0.0"/>
  <testcase name="When I click on &quot;Questions&quot;" classname="Scenario: Successfully access the Regrading page from question details page in gradebook" time="0.0"/>
  <testcase name="And I select the question &quot;Regrading test question&quot;" classname="Scenario: Successfully access the Regrading page from question details page in gradebook" time="0.0"/>
  <testcase name="And I click Import Questions in the Import Questions dialog" classname="Scenario: Successfully access the Regrading page from question details page in gradebook" time="0.0"/>
  <testcase name="Then verify the question caption text is &quot;Regrading test question&quot;" classname="Scenario: Successfully access the Regrading page from question details page in gradebook" time="0.0"/>
  <testcase name="When I save &amp; close the assignment on the questions page" classname="Scenario: Successfully access the Regrading page from question details page in gradebook" time="0.0"/>
  <testcase name="Then I see summary of the assignment" classname="Scenario: Successfully access the Regrading page from question details page in gradebook" time="0.0"/>
  <testcase name="When I save and close the assignment summary details" classname="Scenario: Successfully access the Regrading page from question details page in gradebook" time="0.0"/>
  <testcase name="Then I am on the Class Homepage" classname="Scenario: Successfully access the Regrading page from question details page in gradebook" time="0.0"/>
  <testcase name="And I start the &quot;Regrading test&quot; assignment in &quot;Default Unit&quot; unit" classname="Scenario: Successfully access the Regrading page from question details page in gradebook" time="0.0"/>
  <testcase name="And I submit the assignment" classname="Scenario: Successfully access the Regrading page from question details page in gradebook" time="0.0"/>
  <testcase name="Then I confirm to submit the assignment" classname="Scenario: Successfully access the Regrading page from question details page in gradebook" time="0.0"/>
  <testcase name="And quit and save the assignment" classname="Scenario: Successfully access the Regrading page from question details page in gradebook" time="0.0"/>
  <testcase name="When I am on the Class Homepage" classname="Scenario: Successfully access the Regrading page from question details page in gradebook" time="0.0"/>
  <testcase name="Then I navigate to the &quot;Class Grades&quot; in &quot;Gradebook&quot; of current class" classname="Scenario: Successfully access the Regrading page from question details page in gradebook" time="0.0"/>
  <testcase name="When I am on the Class Grades page" classname="Scenario: Successfully access the Regrading page from question details page in gradebook" time="0.0"/>
  <testcase name="Then I select &quot;Regrading test - Homework/Quiz&quot; in &quot;Assignments&quot; selection list" classname="Scenario: Successfully access the Regrading page from question details page in gradebook" time="0.0"/>
  <testcase name="And I select &quot;Other users with grades&quot; in &quot;List&quot; selection list" classname="Scenario: Successfully access the Regrading page from question details page in gradebook" time="0.0"/>
  <testcase name="And I select &quot;Most Recent&quot; in &quot;Results&quot; selection list" classname="Scenario: Successfully access the Regrading page from question details page in gradebook" time="0.0"/>
  <testcase name="And I select &quot;Completed&quot; in &quot;Progress&quot; selection list" classname="Scenario: Successfully access the Regrading page from question details page in gradebook" time="0.0"/>
  <testcase name="Then I click the Search button" classname="Scenario: Successfully access the Regrading page from question details page in gradebook" time="0.0"/>
  <testcase name="When I click &quot;Regrading test&quot; in the Class Grades table" classname="Scenario: Successfully access the Regrading page from question details page in gradebook" time="0.001"/>
  <testcase name="And I click &quot;Q1&quot; for the selected assignment" classname="Scenario: Successfully access the Regrading page from question details page in gradebook" time="0.0"/>
  <testcase name="Then I see the grade details of question &quot;Regrading test question&quot;" classname="Scenario: Successfully access the Regrading page from question details page in gradebook" time="0.0"/>
  <testcase name="Then I click the Regrade Question button" classname="Scenario: Successfully access the Regrading page from question details page in gradebook" time="0.0"/>
  <testcase name="Then I am on the Regrading page" classname="Scenario: Successfully access the Regrading page from question details page in gradebook" time="0.0"/>
  <testcase name="And I assert that the class column is not visible on the regrade page" classname="Scenario: Successfully access the Regrading page from question details page in gradebook" time="0.0"/>
  <testcase name="And I verify the timestamps are in the correct format" classname="Scenario: Successfully access the Regrading page from question details page in gradebook" time="0.0"/>
  <testcase name="And I see the regrading in progress spinner" classname="Scenario: Successfully access the Regrading page from question details page in gradebook" time="0.0"/>
  <testcase name="And I wait until regrading is complete" classname="Scenario: Successfully access the Regrading page from question details page in gradebook" time="0.0"/>
  <testcase name="And I see that the submit new grades button is disabled" classname="Scenario: Successfully access the Regrading page from question details page in gradebook" time="0.0"/>
  <testcase name="When I select revision number 1" classname="Scenario: Successfully access the Regrading page from question details page in gradebook" time="0.0"/>
  <testcase name="Then I see that the submit new grades button is enabled" classname="Scenario: Successfully access the Regrading page from question details page in gradebook" time="0.0"/>
  <testcase name="When I submit all selected grades" classname="Scenario: Successfully access the Regrading page from question details page in gradebook" time="0.0"/>
  <testcase name="Then I see the grade details of question &quot;Regrading test question&quot;" classname="Scenario: Successfully access the Regrading page from question details page in gradebook" time="0.0"/>
  <testcase name="classMethod" classname="Scenario: Successfully access the Regrading page from question details page in gradebook" time="32.079"/>
  <system-out><![CDATA[]]></system-out>
  <system-err><![CDATA[]]></system-err>
</testsuite>
