<?xml version="1.0" encoding="UTF-8"?>
<testsuite name="Scenario: Create and delete private calendar event" tests="10" skipped="0" failures="0" errors="0" timestamp="2019-07-19T16:43:32" hostname="mo-acceptance-test-driver-182622c" time="5.553">
  <properties/>
  <testcase name="Given I am logged in as the default administrator" classname="Scenario: Create and delete private calendar event" time="0.0"/>
  <testcase name="And I wait until the calendar has been loaded" classname="Scenario: Create and delete private calendar event" time="0.0"/>
  <testcase name="And I clicked the calendar &quot;month&quot; view button" classname="Scenario: Create and delete private calendar event" time="0.0"/>
  <testcase name="Then I assert the calendar displays the &quot;month&quot; view" classname="Scenario: Create and delete private calendar event" time="0.0"/>
  <testcase name="When I create a private calendar event &quot;TestDeletePrivateEvent&quot; that starts &quot;today at 12:00&quot; and ends &quot;tomorrow at 13:00&quot;" classname="Scenario: Create and delete private calendar event" time="0.0"/>
  <testcase name="Then I see a calendar event &quot;TestDeletePrivateEvent&quot;" classname="Scenario: Create and delete private calendar event" time="0.001"/>
  <testcase name="And I see the organizer of the calendar event &quot;TestDeletePrivateEvent&quot; is &quot;System&quot;" classname="Scenario: Create and delete private calendar event" time="0.0"/>
  <testcase name="When I delete the calendar event &quot;TestDeletePrivateEvent&quot;" classname="Scenario: Create and delete private calendar event" time="0.0"/>
  <testcase name="Then I see no calendar event &quot;TestDeletePrivateEvent&quot;" classname="Scenario: Create and delete private calendar event" time="0.0"/>
  <testcase name="classMethod" classname="Scenario: Create and delete private calendar event" time="6.654"/>
  <system-out><![CDATA[]]></system-out>
  <system-err><![CDATA[]]></system-err>
</testsuite>
