<?xml version="1.0" encoding="UTF-8"?>
<testsuite name="| patty | Administrator |" tests="7" skipped="0" failures="0" errors="0" timestamp="2019-07-19T16:28:09" hostname="mo-acceptance-test-driver-182622c" time="3.309">
  <properties/>
  <testcase name="Given I am logged in as the default administrator" classname="| patty | Administrator |" time="0.0"/>
  <testcase name="And There exists a user called patty" classname="| patty | Administrator |" time="0.0"/>
  <testcase name="And I go to the system login page" classname="| patty | Administrator |" time="0.0"/>
  <testcase name="When I enter valid credentials for user patty" classname="| patty | Administrator |" time="0.0"/>
  <testcase name="Then I see the System Homepage" classname="| patty | Administrator |" time="0.0"/>
  <testcase name="And I am logged in the role of Administrator" classname="| patty | Administrator |" time="0.0"/>
  <testcase name="classMethod" classname="| patty | Administrator |" time="4.276"/>
  <system-out><![CDATA[]]></system-out>
  <system-err><![CDATA[]]></system-err>
</testsuite>
