<?xml version="1.0" encoding="UTF-8"?>
<testsuite name="Scenario: Default highlight rule for Mathematical Formula questions" tests="19" skipped="0" failures="0" errors="0" timestamp="2019-07-19T17:12:31" hostname="mo-acceptance-test-driver-182622c" time="9.702">
  <properties/>
  <testcase name="Given I am logged in as the default administrator" classname="Scenario: Default highlight rule for Mathematical Formula questions" time="0.0"/>
  <testcase name="And I am on the Content Repository page of Demonstration Class" classname="Scenario: Default highlight rule for Mathematical Formula questions" time="0.0"/>
  <testcase name="And I choose creating new question/Text from the main dropdown button" classname="Scenario: Default highlight rule for Mathematical Formula questions" time="0.0"/>
  <testcase name="And Question Designer is opened" classname="Scenario: Default highlight rule for Mathematical Formula questions" time="0.0"/>
  <testcase name="And I click inside the question text editor" classname="Scenario: Default highlight rule for Mathematical Formula questions" time="0.0"/>
  <testcase name="And I click Response Area button to open the dialog and assert that the Choose Question Type page is visible" classname="Scenario: Default highlight rule for Mathematical Formula questions" time="0.0"/>
  <testcase name="When I choose &quot;Mathematical Formula&quot; link from the dialog and complete the correct answer" classname="Scenario: Default highlight rule for Mathematical Formula questions" time="0.0"/>
  <testcase name="And I click OK" classname="Scenario: Default highlight rule for Mathematical Formula questions" time="0.0"/>
  <testcase name="Then I see the &quot;Mathematical Formula&quot; Question Widget in the question text section" classname="Scenario: Default highlight rule for Mathematical Formula questions" time="0.0"/>
  <testcase name="When I click the Preview button" classname="Scenario: Default highlight rule for Mathematical Formula questions" time="0.0"/>
  <testcase name="Then I assert that the Mathematical Formula question is rendered properly on the Question Preview page" classname="Scenario: Default highlight rule for Mathematical Formula questions" time="0.0"/>
  <testcase name="When I change the Mathematical Formula entry mode to Equation Editor" classname="Scenario: Default highlight rule for Mathematical Formula questions" time="0.0"/>
  <testcase name="Then I see the math editor" classname="Scenario: Default highlight rule for Mathematical Formula questions" time="0.0"/>
  <testcase name="When I enter &quot;sinh&quot; in the math editor" classname="Scenario: Default highlight rule for Mathematical Formula questions" time="0.0"/>
  <testcase name="Then I see the expression &quot;sinh&quot; highlighted in the math editor" classname="Scenario: Default highlight rule for Mathematical Formula questions" time="0.0"/>
  <testcase name="When I remove all text in the math editor" classname="Scenario: Default highlight rule for Mathematical Formula questions" time="0.0"/>
  <testcase name="And I enter &quot;asin&quot; in the math editor" classname="Scenario: Default highlight rule for Mathematical Formula questions" time="0.0"/>
  <testcase name="Then I do not see the expression &quot;asin&quot; highlighted in the math editor" classname="Scenario: Default highlight rule for Mathematical Formula questions" time="0.0"/>
  <testcase name="classMethod" classname="Scenario: Default highlight rule for Mathematical Formula questions" time="10.728"/>
  <system-out><![CDATA[]]></system-out>
  <system-err><![CDATA[]]></system-err>
</testsuite>
