<?xml version="1.0" encoding="UTF-8"?>
<testsuite name="Scenario: Create link to System Homepage with outcome URL" tests="11" skipped="0" failures="0" errors="0" timestamp="2019-07-19T17:08:13" hostname="mo-acceptance-test-driver-182622c" time="7.654">
  <properties/>
  <testcase name="Given I set up the LTI consumer key and shared secret if not already done" classname="Scenario: Create link to System Homepage with outcome URL" time="0.0"/>
  <testcase name="When I launch random &quot;basic-lti-launch-request&quot; LTI request with role &quot;Administrator&quot; and outcome URL &quot;default&quot; and document target &quot;window&quot;" classname="Scenario: Create link to System Homepage with outcome URL" time="0.001"/>
  <testcase name="Then I am on the LTI Mapping Page" classname="Scenario: Create link to System Homepage with outcome URL" time="0.0"/>
  <testcase name="When I click the 'System Homepage' mapping button" classname="Scenario: Create link to System Homepage with outcome URL" time="0.0"/>
  <testcase name="And I accept the LTI Mapping Page confirm dialog" classname="Scenario: Create link to System Homepage with outcome URL" time="0.0"/>
  <testcase name="Then I am on the System Homepage" classname="Scenario: Create link to System Homepage with outcome URL" time="0.0"/>
  <testcase name="And I close the LTI Test Harness leftover windows" classname="Scenario: Create link to System Homepage with outcome URL" time="0.0"/>
  <testcase name="When I re-launch &quot;basic-lti-launch-request&quot; LTI request with role &quot;Administrator&quot; and outcome URL &quot;default&quot; and document target &quot;window&quot;" classname="Scenario: Create link to System Homepage with outcome URL" time="0.0"/>
  <testcase name="Then I am on the System Homepage" classname="Scenario: Create link to System Homepage with outcome URL" time="0.0"/>
  <testcase name="And I close the LTI Test Harness leftover windows" classname="Scenario: Create link to System Homepage with outcome URL" time="0.0"/>
  <testcase name="classMethod" classname="Scenario: Create link to System Homepage with outcome URL" time="7.766"/>
  <system-out><![CDATA[]]></system-out>
  <system-err><![CDATA[]]></system-err>
</testsuite>
