<?xml version="1.0" encoding="UTF-8"?>
<testsuite name="Scenario: Restrict feedback date is in the future, view details page should forward to error" tests="33" skipped="0" failures="0" errors="0" timestamp="2019-07-19T16:41:27" hostname="mo-acceptance-test-driver-182622c" time="19.658">
  <properties/>
  <testcase name="Given I am logged in as the default administrator" classname="Scenario: Restrict feedback date is in the future, view details page should forward to error" time="0.0"/>
  <testcase name="And I am on the Content Repository page of Demonstration Class" classname="Scenario: Restrict feedback date is in the future, view details page should forward to error" time="0.0"/>
  <testcase name="When I choose creating new assignment in &quot;Student Readiness&quot; unit from the main dropdown button" classname="Scenario: Restrict feedback date is in the future, view details page should forward to error" time="0.0"/>
  <testcase name="Then Assignment Editor is opened" classname="Scenario: Restrict feedback date is in the future, view details page should forward to error" time="0.0"/>
  <testcase name="When enter Assignment name &quot;Restricted Feedback 3&quot;" classname="Scenario: Restrict feedback date is in the future, view details page should forward to error" time="0.0"/>
  <testcase name="When I click on the questions tab" classname="Scenario: Restrict feedback date is in the future, view details page should forward to error" time="0.0"/>
  <testcase name="And I click the new question button" classname="Scenario: Restrict feedback date is in the future, view details page should forward to error" time="0.0"/>
  <testcase name="And I click Response Area button to open the dialog and assert that the Choose Question Type page is visible" classname="Scenario: Restrict feedback date is in the future, view details page should forward to error" time="0.0"/>
  <testcase name="When I choose &quot;Mathematical Formula&quot; link from the dialog and complete the correct answer" classname="Scenario: Restrict feedback date is in the future, view details page should forward to error" time="0.0"/>
  <testcase name="And I click OK" classname="Scenario: Restrict feedback date is in the future, view details page should forward to error" time="0.0"/>
  <testcase name="Then I see the &quot;Mathematical Formula&quot; Question Widget in the question text section" classname="Scenario: Restrict feedback date is in the future, view details page should forward to error" time="0.0"/>
  <testcase name="And I save &amp; close the new question in the assignment editor" classname="Scenario: Restrict feedback date is in the future, view details page should forward to error" time="0.0"/>
  <testcase name="When I click on the set policies tab" classname="Scenario: Restrict feedback date is in the future, view details page should forward to error" time="0.0"/>
  <testcase name="Then I am on the Policy Editor" classname="Scenario: Restrict feedback date is in the future, view details page should forward to error" time="0.0"/>
  <testcase name="When I click on the calendar icon next to the &quot;Restrict Feedback Until&quot; policy" classname="Scenario: Restrict feedback date is in the future, view details page should forward to error" time="0.0"/>
  <testcase name="Then I see the date picker" classname="Scenario: Restrict feedback date is in the future, view details page should forward to error" time="0.0"/>
  <testcase name="When I click the next month button" classname="Scenario: Restrict feedback date is in the future, view details page should forward to error" time="0.0"/>
  <testcase name="And I click to close the date picker" classname="Scenario: Restrict feedback date is in the future, view details page should forward to error" time="0.0"/>
  <testcase name="Then I see that the Restrict Feedback Until checkbox is set to true" classname="Scenario: Restrict feedback date is in the future, view details page should forward to error" time="0.0"/>
  <testcase name="When I save &amp; close the assignment on the policies page" classname="Scenario: Restrict feedback date is in the future, view details page should forward to error" time="0.0"/>
  <testcase name="Then I see summary of the assignment" classname="Scenario: Restrict feedback date is in the future, view details page should forward to error" time="0.0"/>
  <testcase name="When I save and close the assignment summary details" classname="Scenario: Restrict feedback date is in the future, view details page should forward to error" time="0.0"/>
  <testcase name="Then the new assignment &quot;Restricted Feedback 3&quot; is visible in its own expanded column" classname="Scenario: Restrict feedback date is in the future, view details page should forward to error" time="0.0"/>
  <testcase name="When I navigate to the System Homepage" classname="Scenario: Restrict feedback date is in the future, view details page should forward to error" time="0.0"/>
  <testcase name="And I am on &quot;Class Homepage&quot; page of &quot;Demonstration Class&quot; class" classname="Scenario: Restrict feedback date is in the future, view details page should forward to error" time="0.001"/>
  <testcase name="Then I launch the &quot;Restricted Feedback 3&quot; assignment in &quot;Student Readiness&quot; unit" classname="Scenario: Restrict feedback date is in the future, view details page should forward to error" time="0.0"/>
  <testcase name="When I submit the assignment" classname="Scenario: Restrict feedback date is in the future, view details page should forward to error" time="0.001"/>
  <testcase name="Then I see the submission report with warning text &quot;Warning: There appears to be errors in one or more of your answers.&quot;" classname="Scenario: Restrict feedback date is in the future, view details page should forward to error" time="0.0"/>
  <testcase name="When I submit the assignment again" classname="Scenario: Restrict feedback date is in the future, view details page should forward to error" time="0.0"/>
  <testcase name="Then my score 0 out of 1 (0 %) is shown in a grade report" classname="Scenario: Restrict feedback date is in the future, view details page should forward to error" time="0.0"/>
  <testcase name="When I change the URL to view the details page" classname="Scenario: Restrict feedback date is in the future, view details page should forward to error" time="0.0"/>
  <testcase name="Then I am on the error page" classname="Scenario: Restrict feedback date is in the future, view details page should forward to error" time="0.0"/>
  <testcase name="classMethod" classname="Scenario: Restrict feedback date is in the future, view details page should forward to error" time="20.689"/>
  <system-out><![CDATA[
  Scenario: Restrict feedback date is in the future, view details button should be disabled                                  ?[90m# assignment/RestrictedFeedback.feature:51?[0m
    # Create an assignment to use
    ?[32mWhen ?[0m?[32mI choose creating new assignment in "?[0m?[32m?[1mStudent Readiness?[0m?[32m" unit from the main dropdown button?[0m                          ?[90m# ContentRepositorySteps.chooseCreatingNewAssignmentFromMainDropdownButton(String)?[0m
    ?[32mThen ?[0m?[32mAssignment Editor is opened?[0m                                                                                         ?[90m# AssignmentEditorDetailsSteps.assertAssignmentEditorPageIsOpened()?[0m
    ?[32mWhen ?[0m?[32menter Assignment name "?[0m?[32m?[1mRestricted Feedback 2?[0m?[32m"?[0m                                                                       ?[90m# AssignmentEditorDetailsSteps.enterAssignmentName(String)?[0m
    ?[32mWhen ?[0m?[32mI click on the questions tab?[0m                                                                                        ?[90m# AssignmentEditorDetailsSteps.clickQuestionsTab()?[0m
    ?[32mAnd ?[0m?[32mI click the new question button?[0m                                                                                      ?[90m# AssignmentEditorQuestionSteps.createQuestion()?[0m
    ?[32mAnd ?[0m?[32mI click Response Area button to open the dialog and assert that the Choose Question Type page is visible?[0m             ?[90m# QuestionDesignerSteps.clickInsertResponseAreaButton()?[0m
    ?[32mWhen ?[0m?[32mI choose "?[0m?[32m?[1mMathematical Formula?[0m?[32m" link from the dialog and complete the correct answer?[0m                                ?[90m# QuestionDesignerSteps.chooseTypeAndCompleteCorrectAnswer(String)?[0m
    ?[32mAnd ?[0m?[32mI click OK?[0m                                                                                                           ?[90m# QuestionDesignerSteps.clickResponseDialogOkButton()?[0m
    ?[32mThen ?[0m?[32mI see the "?[0m?[32m?[1mMathematical Formula?[0m?[32m" Question Widget in the question text section?[0m                                       ?[90m# QuestionDesignerSteps.assertQuestionWidgetIsInserted(String)?[0m
    ?[32mAnd ?[0m?[32mI save & close the new question in the assignment editor?[0m                                                             ?[90m# AssignmentEditorQuestionSteps.saveAndCloseNewQuestion()?[0m
    ?[32mWhen ?[0m?[32mI click on the set policies tab?[0m                                                                                     ?[90m# AssignmentEditorPropertiesSteps.clickSetPoliciesTab()?[0m
    ?[32mThen ?[0m?[32mI am on the Policy Editor?[0m                                                                                           ?[90m# AssignmentEditorPropertiesSteps.assertOnPolicyEditor()?[0m
    ?[32mWhen ?[0m?[32mI click on the calendar icon next to the "?[0m?[32m?[1mRestrict Feedback Until?[0m?[32m" policy?[0m                                           ?[90m# AssignmentEditorPropertiesSteps.clickCalendarIcon(String)?[0m
    ?[32mThen ?[0m?[32mI see the date picker?[0m                                                                                               ?[90m# DatePickerSteps.assertDatePickerVisible()?[0m
    ?[32mWhen ?[0m?[32mI click the next month button?[0m                                                                                       ?[90m# DatePickerSteps.clickNextMonth()?[0m
    ?[32mAnd ?[0m?[32mI click to close the date picker?[0m                                                                                     ?[90m# DatePickerSteps.closeDatePicker()?[0m
    ?[32mThen ?[0m?[32mI see that the Restrict Feedback Until checkbox is set to ?[0m?[32m?[1mtrue?[0m                                                      ?[90m# AssignmentEditorPropertiesSteps.assertRestrictFeedbackUntilState(boolean)?[0m
    ?[32mWhen ?[0m?[32mI save & close the assignment on the policies page?[0m                                                                  ?[90m# AssignmentEditorPropertiesSteps.saveAndCloseAssignment()?[0m
    ?[32mThen ?[0m?[32mI see summary of the assignment?[0m                                                                                     ?[90m# AssignmentEditorDetailsSteps.assertAssignmentSummaryShown()?[0m
    ?[32mWhen ?[0m?[32mI save and close the assignment summary details?[0m                                                                     ?[90m# AssignmentEditorDetailsSteps.saveAndCloseAssignmentSummary()?[0m
    ?[32mThen ?[0m?[32mthe new assignment "?[0m?[32m?[1mRestricted Feedback 2?[0m?[32m" is visible in its own expanded column?[0m                                    ?[90m# ContentRepositorySteps.assertNamedAssignmentColumnIsExpanded(String)?[0m
    # Take the assignment
    ?[32mWhen ?[0m?[32mI navigate to the System Homepage?[0m                                                                                   ?[90m# SystemHomepageSteps.navigateToSystemHomepage()?[0m
    ?[32mAnd ?[0m?[32mI am on "Class Homepage" page of "?[0m?[32m?[1mDemonstration Class?[0m?[32m" class?[0m                                                         ?[90m# ClassHomepageSteps.navigateToClassHomepage(String)?[0m
    ?[32mThen ?[0m?[32mI launch the "?[0m?[32m?[1mRestricted Feedback 2?[0m?[32m" assignment in "?[0m?[32m?[1mStudent Readiness?[0m?[32m" unit?[0m                                         ?[90m# ClassHomepageSteps.reopenAssignment(String,String)?[0m
    ?[32mWhen ?[0m?[32mI submit the assignment?[0m                                                                                             ?[90m# MapleTAAssignmentSteps.submitAssignment()?[0m
    ?[32mThen ?[0m?[32mI see the submission report with warning text "?[0m?[32m?[1mWarning: There appears to be errors in one or more of your answers.?[0m?[32m"?[0m ?[90m# MapleTAAssignmentSteps.assertSubmissionReportWarningMessage(String)?[0m
    ?[32mWhen ?[0m?[32mI submit the assignment again?[0m                                                                                       ?[90m# MapleTAAssignmentSteps.submitAssignment()?[0m
    ?[32mThen ?[0m?[32mmy score ?[0m?[32m?[1m0?[0m?[32m out of ?[0m?[32m?[1m1?[0m?[32m (?[0m?[32m?[1m0?[0m?[32m %) is shown in a grade report?[0m                                                                ?[90m# MapleTAAssignmentSteps.assertScore(String,String,String)?[0m
    ?[32mAnd ?[0m?[32mI see the view details button is disabled?[0m                                                                            ?[90m# MapleTAAssignmentSteps.assertViewDetailsDisabled()?[0m
]]></system-out>
  <system-err><![CDATA[]]></system-err>
</testsuite>
