<?xml version="1.0" encoding="UTF-8"?>
<testsuite name="Scenario: Clone a role" tests="8" skipped="0" failures="0" errors="0" timestamp="2019-07-19T17:25:19" hostname="mo-acceptance-test-driver-182622c" time="2.515">
  <properties/>
  <testcase name="Given I am logged in as the default administrator" classname="Scenario: Clone a role" time="0.0"/>
  <testcase name="And I go to the Role Manager page" classname="Scenario: Clone a role" time="0.0"/>
  <testcase name="When I click to clone the &quot;Test&quot; role" classname="Scenario: Clone a role" time="0.0"/>
  <testcase name="Then I am on the Role Editor page" classname="Scenario: Clone a role" time="0.0"/>
  <testcase name="When I click Submit" classname="Scenario: Clone a role" time="0.0"/>
  <testcase name="Then I am on the Role Manager page" classname="Scenario: Clone a role" time="0.0"/>
  <testcase name="And I see the &quot;Test - clone&quot; role in the list" classname="Scenario: Clone a role" time="0.0"/>
  <testcase name="classMethod" classname="Scenario: Clone a role" time="3.666"/>
  <system-out><![CDATA[
  Scenario: Edit existing role and check that the changes persisted ?[90m# usermanager/ManageRole.feature:15?[0m
    ?[32mWhen ?[0m?[32mI click to edit the "?[0m?[32m?[1mtest?[0m?[32m" role?[0m                            ?[90m# RoleManagerSteps.clickRoleToEdit(String)?[0m
    ?[32mThen ?[0m?[32mI am on the Role Editor page?[0m                               ?[90m# RoleEditorSteps.assertOnRoleEditorPage()?[0m
    ?[32mWhen ?[0m?[32mI fill in the role name "?[0m?[32m?[1mTest?[0m?[32m"?[0m                             ?[90m# RoleEditorSteps.enterRoleName(String)?[0m
    ?[32mAnd ?[0m?[32mI set the Edit Student License privilege to "?[0m?[32m?[1mtrue?[0m?[32m"?[0m          ?[90m# RoleEditorSteps.setEditStudentLicense(boolean)?[0m
    ?[32mAnd ?[0m?[32mI click Submit?[0m                                              ?[90m# RoleEditorSteps.clickSubmit()?[0m
    ?[32mThen ?[0m?[32mI am on the Role Manager page?[0m                              ?[90m# RoleManagerSteps.assertOnRoleManagerPage()?[0m
    ?[32mAnd ?[0m?[32mI see the "?[0m?[32m?[1mTest?[0m?[32m" role in the list?[0m                           ?[90m# RoleManagerSteps.assertRoleInList(String)?[0m
    ?[32mAnd ?[0m?[32mI do not see the "?[0m?[32m?[1mtest?[0m?[32m" role in the list?[0m                    ?[90m# RoleManagerSteps.assertRoleNotInList(String)?[0m
    ?[32mWhen ?[0m?[32mI click to edit the "?[0m?[32m?[1mTest?[0m?[32m" role?[0m                            ?[90m# RoleManagerSteps.clickRoleToEdit(String)?[0m
    ?[32mThen ?[0m?[32mI am on the Role Editor page?[0m                               ?[90m# RoleEditorSteps.assertOnRoleEditorPage()?[0m
    ?[32mAnd ?[0m?[32mI see the Edit Student License privilege checked?[0m            ?[90m# RoleEditorSteps.assertEditStudentLicenseChecked()?[0m
]]></system-out>
  <system-err><![CDATA[]]></system-err>
</testsuite>
