<?xml version="1.0" encoding="UTF-8"?>
<testsuite name="Scenario: Create a class as an instructor, verify a student is able to access it via LTI class homepage link" tests="52" skipped="0" failures="0" errors="0" timestamp="2019-07-19T17:06:33" hostname="mo-acceptance-test-driver-182622c" time="234.895">
  <properties/>
  <testcase name="Given I set up the LTI consumer key and shared secret if not already done" classname="Scenario: Create a class as an instructor, verify a student is able to access it via LTI class homepage link" time="0.0"/>
  <testcase name="When I launch random &quot;basic-lti-launch-request&quot; LTI request with role &quot;Instructor&quot; and outcome URL &quot;&quot; and document target &quot;window&quot;" classname="Scenario: Create a class as an instructor, verify a student is able to access it via LTI class homepage link" time="0.0"/>
  <testcase name="Then I am on the LTI Mapping Page" classname="Scenario: Create a class as an instructor, verify a student is able to access it via LTI class homepage link" time="0.0"/>
  <testcase name="When I click the 'New Class' mapping button" classname="Scenario: Create a class as an instructor, verify a student is able to access it via LTI class homepage link" time="0.0"/>
  <testcase name="Then I am on a New Class page" classname="Scenario: Create a class as an instructor, verify a student is able to access it via LTI class homepage link" time="0.0"/>
  <testcase name="When I create new class with random name" classname="Scenario: Create a class as an instructor, verify a student is able to access it via LTI class homepage link" time="0.0"/>
  <testcase name="Then I am on the LTI Mapping Page" classname="Scenario: Create a class as an instructor, verify a student is able to access it via LTI class homepage link" time="0.0"/>
  <testcase name="When I click the 'Class Homepage' mapping button" classname="Scenario: Create a class as an instructor, verify a student is able to access it via LTI class homepage link" time="0.0"/>
  <testcase name="Then I am on the Class Homepage" classname="Scenario: Create a class as an instructor, verify a student is able to access it via LTI class homepage link" time="0.0"/>
  <testcase name="When I go to the LTI Test Harness page and fill in the current class id" classname="Scenario: Create a class as an instructor, verify a student is able to access it via LTI class homepage link" time="0.0"/>
  <testcase name="And I fill the LTI Test Harness form with random data" classname="Scenario: Create a class as an instructor, verify a student is able to access it via LTI class homepage link" time="0.0"/>
  <testcase name="And I set the &quot;custom_mapleta_launch_id&quot; drop-down field to &quot;Class home page&quot;" classname="Scenario: Create a class as an instructor, verify a student is able to access it via LTI class homepage link" time="0.0"/>
  <testcase name="And I launch prepared &quot;basic-lti-launch-request&quot; LTI request with role &quot;Student&quot; and outcome URL &quot;&quot; and document target &quot;window&quot;" classname="Scenario: Create a class as an instructor, verify a student is able to access it via LTI class homepage link" time="0.0"/>
  <testcase name="Then I am on the Class Homepage" classname="Scenario: Create a class as an instructor, verify a student is able to access it via LTI class homepage link" time="0.0"/>
  <testcase name="classMethod" classname="Scenario: Create a class as an instructor, verify a student is able to access it via LTI class homepage link" time="9.472"/>
  <testcase name="Given I set up the LTI consumer key and shared secret if not already done" classname="Scenario: Create a class as an instructor, verify a student is able to access it via LTI class homepage link" time="0.0"/>
  <testcase name="When I launch random &quot;basic-lti-launch-request&quot; LTI request with role &quot;Instructor&quot; and outcome URL &quot;&quot; and document target &quot;window&quot;" classname="Scenario: Create a class as an instructor, verify a student is able to access it via LTI class homepage link" time="0.0"/>
  <testcase name="Then I am on the LTI Mapping Page" classname="Scenario: Create a class as an instructor, verify a student is able to access it via LTI class homepage link" time="0.0"/>
  <testcase name="When I click the 'New Class' mapping button" classname="Scenario: Create a class as an instructor, verify a student is able to access it via LTI class homepage link" time="0.0"/>
  <testcase name="Then I am on a New Class page" classname="Scenario: Create a class as an instructor, verify a student is able to access it via LTI class homepage link" time="0.0"/>
  <testcase name="When I create new class with random name" classname="Scenario: Create a class as an instructor, verify a student is able to access it via LTI class homepage link" time="0.0"/>
  <testcase name="Then I am on the LTI Mapping Page" classname="Scenario: Create a class as an instructor, verify a student is able to access it via LTI class homepage link" time="0.0"/>
  <testcase name="When I click the 'Class Homepage' mapping button" classname="Scenario: Create a class as an instructor, verify a student is able to access it via LTI class homepage link" time="0.0"/>
  <testcase name="Then I am on the Class Homepage" classname="Scenario: Create a class as an instructor, verify a student is able to access it via LTI class homepage link" time="0.0"/>
  <testcase name="When I navigate to the &quot;Content Repository&quot; of current class" classname="Scenario: Create a class as an instructor, verify a student is able to access it via LTI class homepage link" time="0.0"/>
  <testcase name="And I choose creating new assignment in &quot;Default Unit&quot; unit from the main dropdown button" classname="Scenario: Create a class as an instructor, verify a student is able to access it via LTI class homepage link" time="0.0"/>
  <testcase name="Then Assignment Editor is opened" classname="Scenario: Create a class as an instructor, verify a student is able to access it via LTI class homepage link" time="0.0"/>
  <testcase name="When enter Assignment name &quot;Assignment 1&quot;" classname="Scenario: Create a class as an instructor, verify a student is able to access it via LTI class homepage link" time="0.0"/>
  <testcase name="When I click on the questions tab" classname="Scenario: Create a class as an instructor, verify a student is able to access it via LTI class homepage link" time="0.0"/>
  <testcase name="And I click the new question button" classname="Scenario: Create a class as an instructor, verify a student is able to access it via LTI class homepage link" time="0.0"/>
  <testcase name="And I click Response Area button to open the dialog and assert that the Choose Question Type page is visible" classname="Scenario: Create a class as an instructor, verify a student is able to access it via LTI class homepage link" time="0.0"/>
  <testcase name="When I choose &quot;Mathematical Formula&quot; link from the dialog and complete the correct answer" classname="Scenario: Create a class as an instructor, verify a student is able to access it via LTI class homepage link" time="0.0"/>
  <testcase name="And I click OK" classname="Scenario: Create a class as an instructor, verify a student is able to access it via LTI class homepage link" time="0.0"/>
  <testcase name="Then I see the &quot;Mathematical Formula&quot; Question Widget in the question text section" classname="Scenario: Create a class as an instructor, verify a student is able to access it via LTI class homepage link" time="0.0"/>
  <testcase name="And I save &amp; close the new question in the assignment editor" classname="Scenario: Create a class as an instructor, verify a student is able to access it via LTI class homepage link" time="0.0"/>
  <testcase name="When I save &amp; close the assignment on the questions page" classname="Scenario: Create a class as an instructor, verify a student is able to access it via LTI class homepage link" time="0.0"/>
  <testcase name="Then I see summary of the assignment" classname="Scenario: Create a class as an instructor, verify a student is able to access it via LTI class homepage link" time="0.0"/>
  <testcase name="When I save and close the assignment summary details" classname="Scenario: Create a class as an instructor, verify a student is able to access it via LTI class homepage link" time="0.0"/>
  <testcase name="Then I am on the Class Homepage" classname="Scenario: Create a class as an instructor, verify a student is able to access it via LTI class homepage link" time="0.0"/>
  <testcase name="When I go to the LTI Test Harness page and fill in the current class id" classname="Scenario: Create a class as an instructor, verify a student is able to access it via LTI class homepage link" time="0.0"/>
  <testcase name="And I fill the LTI Test Harness form with random data" classname="Scenario: Create a class as an instructor, verify a student is able to access it via LTI class homepage link" time="0.0"/>
  <testcase name="And I set the &quot;custom_mapleta_launch_id&quot; drop-down field to &quot;Class home page&quot;" classname="Scenario: Create a class as an instructor, verify a student is able to access it via LTI class homepage link" time="0.0"/>
  <testcase name="And I launch prepared &quot;basic-lti-launch-request&quot; LTI request with role &quot;Student&quot; and outcome URL &quot;&quot; and document target &quot;window&quot;" classname="Scenario: Create a class as an instructor, verify a student is able to access it via LTI class homepage link" time="0.0"/>
  <testcase name="Then I am on the Class Homepage" classname="Scenario: Create a class as an instructor, verify a student is able to access it via LTI class homepage link" time="0.0"/>
  <testcase name="And I start the &quot;Assignment 1&quot; assignment in &quot;Default Unit&quot; unit" classname="Scenario: Create a class as an instructor, verify a student is able to access it via LTI class homepage link" time="0.0"/>
  <testcase name="When I submit the assignment" classname="Scenario: Create a class as an instructor, verify a student is able to access it via LTI class homepage link" time="0.0"/>
  <testcase name="Then I see the submission report with warning text &quot;Warning: There appears to be errors in one or more of your answers.&quot;" classname="Scenario: Create a class as an instructor, verify a student is able to access it via LTI class homepage link" time="0.0"/>
  <testcase name="When I submit the assignment again" classname="Scenario: Create a class as an instructor, verify a student is able to access it via LTI class homepage link" time="0.001"/>
  <testcase name="Then my score 0 out of 1 (0 %) is shown in a grade report" classname="Scenario: Create a class as an instructor, verify a student is able to access it via LTI class homepage link" time="0.0"/>
  <testcase name="And quit and save the assignment" classname="Scenario: Create a class as an instructor, verify a student is able to access it via LTI class homepage link" time="0.0"/>
  <testcase name="And I am on the Class Homepage" classname="Scenario: Create a class as an instructor, verify a student is able to access it via LTI class homepage link" time="0.0"/>
  <testcase name="classMethod" classname="Scenario: Create a class as an instructor, verify a student is able to access it via LTI class homepage link" time="23.069"/>
  <system-out><![CDATA[]]></system-out>
  <system-err><![CDATA[]]></system-err>
</testsuite>
