<?xml version="1.0" encoding="UTF-8"?>
<testsuite name="| WRONG_USER | qapatty | Login unsuccessful: Invalid user login and/or password. |" tests="5" skipped="0" failures="0" errors="0" timestamp="2019-07-19T16:28:26" hostname="mo-acceptance-test-driver-182622c" time="3.002">
  <properties/>
  <testcase name="Given I am logged in as the default administrator" classname="| WRONG_USER | qapatty | Login unsuccessful: Invalid user login and/or password. |" time="0.0"/>
  <testcase name="And There exists a user called patty" classname="| WRONG_USER | qapatty | Login unsuccessful: Invalid user login and/or password. |" time="0.0"/>
  <testcase name="When I log in as the user WRONG_USER and password qapatty" classname="| WRONG_USER | qapatty | Login unsuccessful: Invalid user login and/or password. |" time="0.0"/>
  <testcase name="Then I see an error message Login unsuccessful: Invalid user login and/or password. on the login page" classname="| WRONG_USER | qapatty | Login unsuccessful: Invalid user login and/or password. |" time="0.0"/>
  <testcase name="classMethod" classname="| WRONG_USER | qapatty | Login unsuccessful: Invalid user login and/or password. |" time="3.936"/>
  <system-out><![CDATA[]]></system-out>
  <system-err><![CDATA[]]></system-err>
</testsuite>
