<?xml version="1.0" encoding="UTF-8"?>
<testsuite name="Scenario: Create new role" tests="9" skipped="0" failures="0" errors="0" timestamp="2019-07-19T17:25:10" hostname="mo-acceptance-test-driver-182622c" time="2.781">
  <properties/>
  <testcase name="Given I am logged in as the default administrator" classname="Scenario: Create new role" time="0.0"/>
  <testcase name="And I go to the Role Manager page" classname="Scenario: Create new role" time="0.0"/>
  <testcase name="When I click to create a class role" classname="Scenario: Create new role" time="0.0"/>
  <testcase name="Then I am on the Role Editor page" classname="Scenario: Create new role" time="0.0"/>
  <testcase name="When I fill in the role name &quot;test&quot;" classname="Scenario: Create new role" time="0.0"/>
  <testcase name="And I click Submit" classname="Scenario: Create new role" time="0.0"/>
  <testcase name="Then I am on the Role Manager page" classname="Scenario: Create new role" time="0.0"/>
  <testcase name="And I see the &quot;test&quot; role in the list" classname="Scenario: Create new role" time="0.0"/>
  <testcase name="classMethod" classname="Scenario: Create new role" time="3.845"/>
  <system-out><![CDATA[]]></system-out>
  <system-err><![CDATA[]]></system-err>
</testsuite>
