<?xml version="1.0" encoding="UTF-8"?>
<testsuite name="| 1 | 1 | Value can not be less than 5 characters. |  |" tests="8" skipped="0" failures="0" errors="0" timestamp="2019-07-19T16:36:12" hostname="mo-acceptance-test-driver-182622c" time="1.982">
  <properties/>
  <testcase name="Given I am logged in as the default administrator" classname="| 1 | 1 | Value can not be less than 5 characters. |  |" time="0.0"/>
  <testcase name="And I click on the View Profile link" classname="| 1 | 1 | Value can not be less than 5 characters. |  |" time="0.0"/>
  <testcase name="And I click on the Password Update link" classname="| 1 | 1 | Value can not be less than 5 characters. |  |" time="0.0"/>
  <testcase name="Then I am on the Password Update page" classname="| 1 | 1 | Value can not be less than 5 characters. |  |" time="0.0"/>
  <testcase name="When I enter the password &quot;1&quot; and the confirm password &quot;1&quot;" classname="| 1 | 1 | Value can not be less than 5 characters. |  |" time="0.0"/>
  <testcase name="Then I see the password error message Value can not be less than 5 characters." classname="| 1 | 1 | Value can not be less than 5 characters. |  |" time="0.0"/>
  <testcase name="And I see the confirm password error message " classname="| 1 | 1 | Value can not be less than 5 characters. |  |" time="0.0"/>
  <testcase name="classMethod" classname="| 1 | 1 | Value can not be less than 5 characters. |  |" time="3.007"/>
  <system-out><![CDATA[
  Scenario Outline: User enters an invalid password                            ?[90m# UserPasswordUpdate.feature:20?[0m
    ?[32mWhen ?[0m?[32mI enter the password "?[0m?[32m?[1m?[0m?[32m" and the confirm password "?[0m?[32m?[1m?[0m?[32m"?[0m                   ?[90m# UserPasswordUpdateSteps.enterPasswords(String,String)?[0m
    ?[32mThen ?[0m?[32mI see the password error message ?[0m?[32m?[1mValue is required.?[0m                   ?[90m# UserPasswordUpdateSteps.assertPasswordErrorMessageVisible(String)?[0m
    ?[32mAnd ?[0m?[32mI see the confirm password error message ?[0m?[32m?[1mConfirm Password is required.?[0m ?[90m# UserPasswordUpdateSteps.assertConfirmPasswordErrorMessageVisible(String)?[0m
]]></system-out>
  <system-err><![CDATA[]]></system-err>
</testsuite>
