<?xml version="1.0" encoding="UTF-8"?>
<testsuite name="Scenario: Create a new Multiple Choice question with Shuffling Choices and an option checked as fixed" tests="24" skipped="0" failures="0" errors="0" timestamp="2019-07-19T16:23:46" hostname="mo-acceptance-test-driver-182622c" time="16.099">
  <properties/>
  <testcase name="Given I am logged in as the default administrator" classname="Scenario: Create a new Multiple Choice question with Shuffling Choices and an option checked as fixed" time="0.0"/>
  <testcase name="And I am on the Content Repository page of Demonstration Class" classname="Scenario: Create a new Multiple Choice question with Shuffling Choices and an option checked as fixed" time="0.0"/>
  <testcase name="And I choose creating new question/Text from the main dropdown button" classname="Scenario: Create a new Multiple Choice question with Shuffling Choices and an option checked as fixed" time="0.0"/>
  <testcase name="And Question Designer is opened" classname="Scenario: Create a new Multiple Choice question with Shuffling Choices and an option checked as fixed" time="0.0"/>
  <testcase name="When I enter valid information for the question name as &quot;Multiple Choice Question - Shuffling Choices&quot;" classname="Scenario: Create a new Multiple Choice question with Shuffling Choices and an option checked as fixed" time="0.001"/>
  <testcase name="And I click inside the question text editor" classname="Scenario: Create a new Multiple Choice question with Shuffling Choices and an option checked as fixed" time="0.0"/>
  <testcase name="When I click Response Area button to open the dialog and assert that the Choose Question Type page is visible" classname="Scenario: Create a new Multiple Choice question with Shuffling Choices and an option checked as fixed" time="0.0"/>
  <testcase name="When I choose &quot;Multiple Choice&quot; link from the dialog" classname="Scenario: Create a new Multiple Choice question with Shuffling Choices and an option checked as fixed" time="0.0"/>
  <testcase name="And I select the Shuffle Choices radio button" classname="Scenario: Create a new Multiple Choice question with Shuffling Choices and an option checked as fixed" time="0.0"/>
  <testcase name="And I complete the correct answer" classname="Scenario: Create a new Multiple Choice question with Shuffling Choices and an option checked as fixed" time="0.0"/>
  <testcase name="And I check the fixed checkbox for the correct answer" classname="Scenario: Create a new Multiple Choice question with Shuffling Choices and an option checked as fixed" time="0.0"/>
  <testcase name="And I click OK" classname="Scenario: Create a new Multiple Choice question with Shuffling Choices and an option checked as fixed" time="0.0"/>
  <testcase name="Then I see the &quot;Multiple Choice&quot; Question Widget in the question text section" classname="Scenario: Create a new Multiple Choice question with Shuffling Choices and an option checked as fixed" time="0.0"/>
  <testcase name="When I double click the &quot;Multiple Choice&quot; Question Widget" classname="Scenario: Create a new Multiple Choice question with Shuffling Choices and an option checked as fixed" time="0.0"/>
  <testcase name="Then I see the Response Area editor opened" classname="Scenario: Create a new Multiple Choice question with Shuffling Choices and an option checked as fixed" time="0.0"/>
  <testcase name="When I click OK" classname="Scenario: Create a new Multiple Choice question with Shuffling Choices and an option checked as fixed" time="0.0"/>
  <testcase name="Then I see the fixed checkbox checked for the correct answer" classname="Scenario: Create a new Multiple Choice question with Shuffling Choices and an option checked as fixed" time="0.0"/>
  <testcase name="And I click OK" classname="Scenario: Create a new Multiple Choice question with Shuffling Choices and an option checked as fixed" time="0.0"/>
  <testcase name="When I click the Preview button" classname="Scenario: Create a new Multiple Choice question with Shuffling Choices and an option checked as fixed" time="0.0"/>
  <testcase name="And I assert that the Multiple Choice question is rendered properly on the Question Preview page" classname="Scenario: Create a new Multiple Choice question with Shuffling Choices and an option checked as fixed" time="0.0"/>
  <testcase name="Then I close the question preview window" classname="Scenario: Create a new Multiple Choice question with Shuffling Choices and an option checked as fixed" time="0.0"/>
  <testcase name="Then I click the question designer Save &amp; Close button" classname="Scenario: Create a new Multiple Choice question with Shuffling Choices and an option checked as fixed" time="0.0"/>
  <testcase name="Then I see that I am on the Content Repository page" classname="Scenario: Create a new Multiple Choice question with Shuffling Choices and an option checked as fixed" time="0.0"/>
  <testcase name="classMethod" classname="Scenario: Create a new Multiple Choice question with Shuffling Choices and an option checked as fixed" time="17.155"/>
  <system-out><![CDATA[
  Scenario: Create a new Multiple Choice question after first neglecting to enter any answers, preview it and save it ?[90m# CreateQuestion.feature:341?[0m
    ?[32mWhen ?[0m?[32mI enter valid information for the question name as "?[0m?[32m?[1mMultiple Choice Question - Message about no answers set?[0m?[32m"?[0m ?[90m# QuestionDesignerSteps.enterQuestionName(String)?[0m
    ?[32mAnd ?[0m?[32mI click inside the question text editor?[0m                                                                       ?[90m# QuestionDesignerSteps.clickInsideQuestionTextEditor()?[0m
    ?[32mWhen ?[0m?[32mI click Response Area button to open the dialog and assert that the Choose Question Type page is visible?[0m     ?[90m# QuestionDesignerSteps.clickInsertResponseAreaButton()?[0m
    ?[32mWhen ?[0m?[32mI choose "?[0m?[32m?[1mMultiple Choice?[0m?[32m" link from the dialog?[0m                                                              ?[90m# QuestionDesignerSteps.chooseQuestionType(String)?[0m
    ?[32mAnd ?[0m?[32mI click OK?[0m                                                                                                    ?[90m# QuestionDesignerSteps.clickResponseDialogOkButton()?[0m
    ?[32mThen ?[0m?[32mI assert the enter-an-answer message is visible?[0m                                                              ?[90m# QuestionDesignerSteps.assertEnterAnAnswerMessageVisible()?[0m
    ?[32mThen ?[0m?[32mI complete the correct answer?[0m                                                                                ?[90m# QuestionDesignerSteps.completeCorrectAnswer()?[0m
    ?[32mAnd ?[0m?[32mI click OK?[0m                                                                                                    ?[90m# QuestionDesignerSteps.clickResponseDialogOkButton()?[0m
    ?[32mThen ?[0m?[32mI see the "?[0m?[32m?[1mMultiple Choice?[0m?[32m" Question Widget in the question text section?[0m                                     ?[90m# QuestionDesignerSteps.assertQuestionWidgetIsInserted(String)?[0m
    ?[32mThen ?[0m?[32mI click the Preview button?[0m                                                                                   ?[90m# QuestionDesignerSteps.clickPreviewButton()?[0m
    ?[32mAnd ?[0m?[32mI assert that the ?[0m?[32m?[1mMultiple Choice?[0m?[32m question is rendered properly on the Question Preview page?[0m                  ?[90m# QuestionPreviewSteps.assertQuestionRenderedCorrectly(String)?[0m
    ?[32mThen ?[0m?[32mI close the question preview window?[0m                                                                          ?[90m# QuestionPreviewSteps.closeQuestionPreviewWindow()?[0m
    ?[32mThen ?[0m?[32mI click the question designer Save & Close button?[0m                                                            ?[90m# QuestionDesignerSteps.clickSaveAndCloseButton()?[0m
    ?[32mThen ?[0m?[32mI see that I am on the Content Repository page?[0m                                                               ?[90m# ContentRepositorySteps.assertOnRepositoryPage()?[0m
]]></system-out>
  <system-err><![CDATA[]]></system-err>
</testsuite>
