<?xml version="1.0" encoding="UTF-8"?>
<testsuite name="Scenario: Verify the Show Launch Page policy checkbox is disabled when the assignment has advanced policies" tests="14" skipped="0" failures="0" errors="0" timestamp="2019-07-19T16:36:44" hostname="mo-acceptance-test-driver-182622c" time="6.499">
  <properties/>
  <testcase name="Given I am logged in as the default administrator" classname="Scenario: Verify the Show Launch Page policy checkbox is disabled when the assignment has advanced policies" time="0.0"/>
  <testcase name="And I am on the Content Repository page of Demonstration Class" classname="Scenario: Verify the Show Launch Page policy checkbox is disabled when the assignment has advanced policies" time="0.0"/>
  <testcase name="And I choose creating new assignment in &quot;Student Readiness&quot; unit from the main dropdown button" classname="Scenario: Verify the Show Launch Page policy checkbox is disabled when the assignment has advanced policies" time="0.0"/>
  <testcase name="And Assignment Editor is opened" classname="Scenario: Verify the Show Launch Page policy checkbox is disabled when the assignment has advanced policies" time="0.0"/>
  <testcase name="When I click on the set policies tab" classname="Scenario: Verify the Show Launch Page policy checkbox is disabled when the assignment has advanced policies" time="0.0"/>
  <testcase name="And I click the Advanced Policies button" classname="Scenario: Verify the Show Launch Page policy checkbox is disabled when the assignment has advanced policies" time="0.0"/>
  <testcase name="Then I am on the Advanced Policies Editor page" classname="Scenario: Verify the Show Launch Page policy checkbox is disabled when the assignment has advanced policies" time="0.0"/>
  <testcase name="When I click the Design button" classname="Scenario: Verify the Show Launch Page policy checkbox is disabled when the assignment has advanced policies" time="0.0"/>
  <testcase name="Then I see the Remove Criterion button" classname="Scenario: Verify the Show Launch Page policy checkbox is disabled when the assignment has advanced policies" time="0.0"/>
  <testcase name="When I click the Back button" classname="Scenario: Verify the Show Launch Page policy checkbox is disabled when the assignment has advanced policies" time="0.0"/>
  <testcase name="Then I am on the Policy Editor" classname="Scenario: Verify the Show Launch Page policy checkbox is disabled when the assignment has advanced policies" time="0.0"/>
  <testcase name="And I see that the show launch page checkbox is set to true" classname="Scenario: Verify the Show Launch Page policy checkbox is disabled when the assignment has advanced policies" time="0.0"/>
  <testcase name="And I see that the show launch page checkbox is disabled" classname="Scenario: Verify the Show Launch Page policy checkbox is disabled when the assignment has advanced policies" time="0.0"/>
  <testcase name="classMethod" classname="Scenario: Verify the Show Launch Page policy checkbox is disabled when the assignment has advanced policies" time="7.528"/>
  <system-out><![CDATA[
  Scenario: Verify the Show Launch Page policy cannot be unchecked when the Proctored Browser is required ?[90m# assignment/AssignmentPolicies.feature:39?[0m
    ?[32mWhen ?[0m?[32mI click on the set policies tab?[0m                                                                  ?[90m# AssignmentEditorPropertiesSteps.clickSetPoliciesTab()?[0m
    ?[32mThen ?[0m?[32mI see that the show launch page checkbox is set to ?[0m?[32m?[1mtrue?[0m                                          ?[90m# AssignmentEditorPropertiesSteps.assertShowLaunchPageState(boolean)?[0m
    ?[32mWhen ?[0m?[32mI set the Require Proctored Browser checkbox to ?[0m?[32m?[1mtrue?[0m                                             ?[90m# AssignmentEditorPropertiesSteps.setRequireProctoredBrowserCheckbox(boolean)?[0m
    ?[32mAnd ?[0m?[32mI set the proctor sign-in checkbox to ?[0m?[32m?[1mfalse?[0m                                                       ?[90m# AssignmentEditorPropertiesSteps.setProctorSignInState(boolean)?[0m
    ?[32mAnd ?[0m?[32mI set the show launch page checkbox to ?[0m?[32m?[1mfalse?[0m                                                      ?[90m# AssignmentEditorPropertiesSteps.setShowLaunchPageState(boolean)?[0m
    ?[32mThen ?[0m?[32mI see an alert message stating that the launch page must be displayed with proctored browser?[0m     ?[90m# AssignmentEditorPropertiesSteps.assertProctoredBrowserAlertVisible()?[0m
    ?[32mAnd ?[0m?[32mI see that the show launch page checkbox is set to ?[0m?[32m?[1mtrue?[0m                                           ?[90m# AssignmentEditorPropertiesSteps.assertShowLaunchPageState(boolean)?[0m
]]></system-out>
  <system-err><![CDATA[]]></system-err>
</testsuite>
