<?xml version="1.0" encoding="UTF-8"?>
<testsuite name="Scenario: Test that the nav menu is collapsible" tests="26" skipped="0" failures="0" errors="0" timestamp="2019-07-19T16:29:30" hostname="mo-acceptance-test-driver-182622c" time="16.619">
  <properties/>
  <testcase name="Given I am logged in as the default administrator" classname="Scenario: Test that the nav menu is collapsible" time="0.0"/>
  <testcase name="And I am on the Content Repository page of Demonstration Class" classname="Scenario: Test that the nav menu is collapsible" time="0.0"/>
  <testcase name="And I choose creating new lesson in &quot;Student Readiness&quot; unit from the main dropdown button" classname="Scenario: Test that the nav menu is collapsible" time="0.0"/>
  <testcase name="And Lesson Editor is opened" classname="Scenario: Test that the nav menu is collapsible" time="0.0"/>
  <testcase name="When enter Lesson name &quot;Navbar Lesson&quot;" classname="Scenario: Test that the nav menu is collapsible" time="0.0"/>
  <testcase name="And I click the new question button on the lesson design page" classname="Scenario: Test that the nav menu is collapsible" time="0.0"/>
  <testcase name="And I create question &quot;Formula Question&quot; with label &quot;Formula Question Label&quot;" classname="Scenario: Test that the nav menu is collapsible" time="0.0"/>
  <testcase name="And I create a Mathematical Formula response area in the lesson question editor" classname="Scenario: Test that the nav menu is collapsible" time="0.0"/>
  <testcase name="And I save &amp; close the new question in the assignment editor" classname="Scenario: Test that the nav menu is collapsible" time="0.0"/>
  <testcase name="When I save &amp; close the lesson on the design page" classname="Scenario: Test that the nav menu is collapsible" time="0.0"/>
  <testcase name="And I save and close the lesson summary details" classname="Scenario: Test that the nav menu is collapsible" time="0.0"/>
  <testcase name="Then the new lesson &quot;Navbar Lesson&quot; is visible in its own expanded column" classname="Scenario: Test that the nav menu is collapsible" time="0.0"/>
  <testcase name="When I navigate to the System Homepage" classname="Scenario: Test that the nav menu is collapsible" time="0.0"/>
  <testcase name="And I am on &quot;Class Homepage&quot; page of &quot;Demonstration Class&quot; class" classname="Scenario: Test that the nav menu is collapsible" time="0.0"/>
  <testcase name="And I click on the &quot;Navbar Lesson&quot; module in the &quot;Student Readiness&quot; unit" classname="Scenario: Test that the nav menu is collapsible" time="0.0"/>
  <testcase name="Then the module &quot;Navbar Lesson&quot; is opened without launch page" classname="Scenario: Test that the nav menu is collapsible" time="0.0"/>
  <testcase name="When I resize the lesson width to &quot;600&quot; px" classname="Scenario: Test that the nav menu is collapsible" time="0.0"/>
  <testcase name="Then I see the lesson hamburger button" classname="Scenario: Test that the nav menu is collapsible" time="0.0"/>
  <testcase name="When I click the lesson hamburger button" classname="Scenario: Test that the nav menu is collapsible" time="0.0"/>
  <testcase name="Then I see the lesson navigation menu" classname="Scenario: Test that the nav menu is collapsible" time="0.0"/>
  <testcase name="When I click the lesson hamburger button" classname="Scenario: Test that the nav menu is collapsible" time="0.0"/>
  <testcase name="Then I do not see the lesson navigation menu" classname="Scenario: Test that the nav menu is collapsible" time="0.0"/>
  <testcase name="When I resize the lesson width to &quot;1200&quot; px" classname="Scenario: Test that the nav menu is collapsible" time="0.0"/>
  <testcase name="Then I do not see the lesson hamburger button" classname="Scenario: Test that the nav menu is collapsible" time="0.001"/>
  <testcase name="And I see the lesson navigation menu" classname="Scenario: Test that the nav menu is collapsible" time="0.0"/>
  <testcase name="classMethod" classname="Scenario: Test that the nav menu is collapsible" time="17.656"/>
  <system-out><![CDATA[
  Scenario: Test How Did I Do? when taking a lesson                                  ?[90m# ManageLesson.feature:47?[0m
    ?[32mWhen ?[0m?[32menter Lesson name "?[0m?[32m?[1mHow Did I Do? Lesson?[0m?[32m"?[0m                                    ?[90m# AssignmentEditorDetailsSteps.enterAssignmentName(String)?[0m
    ?[32mAnd ?[0m?[32mI click the new question button on the lesson design page?[0m                    ?[90m# LessonEditorSteps.clickNewQuestionButton()?[0m
    ?[32mAnd ?[0m?[32mI create question "?[0m?[32m?[1mFormula Question?[0m?[32m" with label "?[0m?[32m?[1mFormula Question Label?[0m?[32m"?[0m     ?[90m# AssignmentEditorQuestionSteps.createQuestion(String,String)?[0m
    ?[32mAnd ?[0m?[32mI create a Mathematical Formula response area in the lesson question editor?[0m  ?[90m# AssignmentEditorQuestionSteps.createFormulaQuestionInQuestionEditor()?[0m
    ?[32mAnd ?[0m?[32mI save & close the new question in the assignment editor?[0m                     ?[90m# AssignmentEditorQuestionSteps.saveAndCloseNewQuestion()?[0m
    ?[32mWhen ?[0m?[32mI click on the Properties tab?[0m                                               ?[90m# LessonEditorSteps.clickPropertiesTab()?[0m
    ?[32mThen ?[0m?[32mI check How Did I Do is checked by default in lesson?[0m                        ?[90m# LessonEditorPropertiesSteps.assertHowDidIDoCheckedByDefault()?[0m
    ?[32mWhen ?[0m?[32mI save & close the lesson on the properties page?[0m                            ?[90m# LessonEditorPropertiesSteps.saveAndCloseLesson()?[0m
    ?[32mAnd ?[0m?[32mI save and close the lesson summary details?[0m                                  ?[90m# AssignmentEditorDetailsSteps.saveAndCloseAssignmentSummary()?[0m
    ?[32mThen ?[0m?[32mthe new lesson "?[0m?[32m?[1mHow Did I Do? Lesson?[0m?[32m" is visible in its own expanded column?[0m ?[90m# ContentRepositorySteps.assertNamedAssignmentColumnIsExpanded(String)?[0m
    ?[32mWhen ?[0m?[32mI navigate to the System Homepage?[0m                                           ?[90m# SystemHomepageSteps.navigateToSystemHomepage()?[0m
    ?[32mAnd ?[0m?[32mI am on "Class Homepage" page of "?[0m?[32m?[1mDemonstration Class?[0m?[32m" class?[0m                 ?[90m# ClassHomepageSteps.navigateToClassHomepage(String)?[0m
    ?[32mAnd ?[0m?[32mI click on the "?[0m?[32m?[1mHow Did I Do? Lesson?[0m?[32m" module in the "?[0m?[32m?[1mStudent Readiness?[0m?[32m" unit?[0m ?[90m# ClassHomepageSteps.clickOnModuleLink(String,String)?[0m
    ?[32mThen ?[0m?[32mthe module "?[0m?[32m?[1mHow Did I Do? Lesson?[0m?[32m" is opened without launch page?[0m             ?[90m# ClassHomepageSteps.switchToModulePage(String)?[0m
    ?[32mWhen ?[0m?[32mI enter "?[0m?[32m?[1m2x?[0m?[32m" in Mathematical Formula input?[0m                                  ?[90m# MathmeticalFormulaElementSteps.enterMathFormulaInput(String)?[0m
    ?[32mThen ?[0m?[32mI click How Did I Do in the lesson page?[0m                                     ?[90m# MapleTAAssignmentSteps.clickHowDidIDoLink()?[0m
    ?[32mThen ?[0m?[32mI assert that the Mathematical Formula answer is correct?[0m                    ?[90m# MathmeticalFormulaElementSteps.assertSlideMathFormulaCorrect()?[0m
    ?[32mThen ?[0m?[32mI save and quit the lesson?[0m                                                  ?[90m# LessonSteps.submitLesson()?[0m
    ?[32mAnd ?[0m?[32mI am on the Class Homepage?[0m                                                   ?[90m# ClassHomepageSteps.assertClassHomepage()?[0m
]]></system-out>
  <system-err><![CDATA[]]></system-err>
</testsuite>
