<?xml version="1.0" encoding="UTF-8"?>
<testsuite name="Scenario: Verify TOS URL when sharing to Cloud" tests="8" skipped="0" failures="0" errors="0" timestamp="2019-07-19T16:34:36" hostname="mo-acceptance-test-driver-182622c" time="5.3">
  <properties/>
  <testcase name="Given I am logged in as the default administrator" classname="Scenario: Verify TOS URL when sharing to Cloud" time="0.0"/>
  <testcase name="And I am on the Content Repository page of Demonstration Class" classname="Scenario: Verify TOS URL when sharing to Cloud" time="0.0"/>
  <testcase name="When I click on &quot;Questions&quot;" classname="Scenario: Verify TOS URL when sharing to Cloud" time="0.0"/>
  <testcase name="Then I select the question by name &quot;Student Readiness&quot;" classname="Scenario: Verify TOS URL when sharing to Cloud" time="0.0"/>
  <testcase name="When I click the Share button" classname="Scenario: Verify TOS URL when sharing to Cloud" time="0.0"/>
  <testcase name="Then the Share dialog is visible" classname="Scenario: Verify TOS URL when sharing to Cloud" time="0.0"/>
  <testcase name="Then verify the Terms of Service URL is &quot;https://www.digitaled.com/cloud/terms.aspx&quot;" classname="Scenario: Verify TOS URL when sharing to Cloud" time="0.0"/>
  <testcase name="classMethod" classname="Scenario: Verify TOS URL when sharing to Cloud" time="6.291"/>
  <system-out><![CDATA[
  Scenario: Ensure the Information Fields filter can be set and discarded                                                    ?[90m# QuestionInRepository.feature:37?[0m
    ?[32mWhen ?[0m?[32mI click "?[0m?[32m?[1mAll Content Types?[0m?[32m" in the "?[0m?[32m?[1mCurrent Class?[0m?[32m" column?[0m                                                           ?[90m# ContentRepositorySteps.clickLinkInParentColumn(String,String)?[0m
    ?[32mThen ?[0m?[32mI click the Search button in the "?[0m?[32m?[1mAll Content Types?[0m?[32m" column and verify the Search filters are visible inside column?[0m ?[90m# ContentRepositorySteps.clickSearchButtonInQuestionColumn(String)?[0m
    ?[32mWhen ?[0m?[32mI set the "?[0m?[32m?[1mInformation Fields?[0m?[32m" dropdown to "?[0m?[32m?[1mQuestion Style?[0m?[32m" in the "?[0m?[32m?[1mAll Content Types?[0m?[32m" column?[0m                       ?[90m# ContentRepositorySteps.setSearchDropDownToValue(String,String,String)?[0m
    ?[32mThen ?[0m?[32mI verify that selected information fields are "?[0m?[32m?[1mvisible?[0m?[32m" in the "?[0m?[32m?[1mAll Content Types?[0m?[32m" column?[0m                           ?[90m# ContentRepositorySteps.assertSelectedInformationFieldsVisiblity(String,String)?[0m
    ?[32mAnd ?[0m?[32mverify that "?[0m?[32m?[1m[Demo] Free Body Diagram?[0m?[32m" is visible in the Search results in the "?[0m?[32m?[1mAll Content Types?[0m?[32m" column?[0m            ?[90m# ContentRepositorySteps.assertVisibleSearchResults(String,String)?[0m
    ?[32mWhen ?[0m?[32mI discard the Information Fields "?[0m?[32m?[1mQuestion Style?[0m?[32m" search filter in the "?[0m?[32m?[1mAll Content Types?[0m?[32m" column?[0m                   ?[90m# ContentRepositorySteps.discardInformationFieldsSearchFilter(String,String)?[0m
    ?[32mThen ?[0m?[32mI am on the Content Repository page with the "?[0m?[32m?[1mAll Content Types?[0m?[32m" column open?[0m                                        ?[90m# ContentRepositorySteps.assertContentRepository(String)?[0m
    ?[32mAnd ?[0m?[32mI verify that selected information fields are "?[0m?[32m?[1minvisible?[0m?[32m" in the "?[0m?[32m?[1mAll Content Types?[0m?[32m" column?[0m                          ?[90m# ContentRepositorySteps.assertSelectedInformationFieldsVisiblity(String,String)?[0m
    ?[32mAnd ?[0m?[32mverify that "?[0m?[32m?[1m[Demo] True/False?[0m?[32m" is visible in the Search results in the "?[0m?[32m?[1mAll Content Types?[0m?[32m" column?[0m                   ?[90m# ContentRepositorySteps.assertVisibleSearchResults(String,String)?[0m
]]></system-out>
  <system-err><![CDATA[]]></system-err>
</testsuite>
