<?xml version="1.0" encoding="UTF-8"?>
<testsuite name="Scenario: Add JavaScript to Custom head/footer HTML fields" tests="11" skipped="0" failures="0" errors="0" timestamp="2019-07-19T17:17:22" hostname="mo-acceptance-test-driver-182622c" time="4.596">
  <properties/>
  <testcase name="When I am logged in as the default administrator" classname="Scenario: Add JavaScript to Custom head/footer HTML fields" time="0.0"/>
  <testcase name="When I navigate to the System Settings page" classname="Scenario: Add JavaScript to Custom head/footer HTML fields" time="0.0"/>
  <testcase name="And I enter &quot;&lt;script&gt;hi&lt;/script&gt;&quot; into the Custom head HTML field" classname="Scenario: Add JavaScript to Custom head/footer HTML fields" time="0.0"/>
  <testcase name="And I enter &quot;&lt;script&gt;hi&lt;/script&gt;&quot; into the Custom footer HTML field" classname="Scenario: Add JavaScript to Custom head/footer HTML fields" time="0.0"/>
  <testcase name="And I submit the changes to System Settings" classname="Scenario: Add JavaScript to Custom head/footer HTML fields" time="0.0"/>
  <testcase name="Then I am on the System Settings page" classname="Scenario: Add JavaScript to Custom head/footer HTML fields" time="0.0"/>
  <testcase name="When I enter &quot;&quot; into the Custom head HTML field" classname="Scenario: Add JavaScript to Custom head/footer HTML fields" time="0.0"/>
  <testcase name="And I enter &quot;&quot; into the Custom footer HTML field" classname="Scenario: Add JavaScript to Custom head/footer HTML fields" time="0.0"/>
  <testcase name="And I submit the changes to System Settings" classname="Scenario: Add JavaScript to Custom head/footer HTML fields" time="0.0"/>
  <testcase name="Then I am on the System Settings page" classname="Scenario: Add JavaScript to Custom head/footer HTML fields" time="0.0"/>
  <testcase name="classMethod" classname="Scenario: Add JavaScript to Custom head/footer HTML fields" time="5.629"/>
  <system-out><![CDATA[]]></system-out>
  <system-err><![CDATA[]]></system-err>
</testsuite>
