<?xml version="1.0" encoding="UTF-8"?>
<testsuite name="Scenario: Restrict feedback date is in the past, view details button should be available" tests="29" skipped="0" failures="0" errors="0" timestamp="2019-07-19T16:40:46" hostname="mo-acceptance-test-driver-182622c" time="19.601">
  <properties/>
  <testcase name="Given I am logged in as the default administrator" classname="Scenario: Restrict feedback date is in the past, view details button should be available" time="0.0"/>
  <testcase name="And I am on the Content Repository page of Demonstration Class" classname="Scenario: Restrict feedback date is in the past, view details button should be available" time="0.0"/>
  <testcase name="When I choose creating new assignment in &quot;Student Readiness&quot; unit from the main dropdown button" classname="Scenario: Restrict feedback date is in the past, view details button should be available" time="0.0"/>
  <testcase name="Then Assignment Editor is opened" classname="Scenario: Restrict feedback date is in the past, view details button should be available" time="0.0"/>
  <testcase name="When enter Assignment name &quot;Restricted Feedback&quot;" classname="Scenario: Restrict feedback date is in the past, view details button should be available" time="0.0"/>
  <testcase name="When I click on the questions tab" classname="Scenario: Restrict feedback date is in the past, view details button should be available" time="0.0"/>
  <testcase name="And I click the new question button" classname="Scenario: Restrict feedback date is in the past, view details button should be available" time="0.0"/>
  <testcase name="And I click Response Area button to open the dialog and assert that the Choose Question Type page is visible" classname="Scenario: Restrict feedback date is in the past, view details button should be available" time="0.0"/>
  <testcase name="When I choose &quot;Mathematical Formula&quot; link from the dialog and complete the correct answer" classname="Scenario: Restrict feedback date is in the past, view details button should be available" time="0.0"/>
  <testcase name="And I click OK" classname="Scenario: Restrict feedback date is in the past, view details button should be available" time="0.001"/>
  <testcase name="Then I see the &quot;Mathematical Formula&quot; Question Widget in the question text section" classname="Scenario: Restrict feedback date is in the past, view details button should be available" time="0.0"/>
  <testcase name="And I save &amp; close the new question in the assignment editor" classname="Scenario: Restrict feedback date is in the past, view details button should be available" time="0.0"/>
  <testcase name="When I click on the set policies tab" classname="Scenario: Restrict feedback date is in the past, view details button should be available" time="0.0"/>
  <testcase name="Then I am on the Policy Editor" classname="Scenario: Restrict feedback date is in the past, view details button should be available" time="0.0"/>
  <testcase name="When I set the Restrict Feedback Until checkbox to true" classname="Scenario: Restrict feedback date is in the past, view details button should be available" time="0.0"/>
  <testcase name="When I save &amp; close the assignment on the policies page" classname="Scenario: Restrict feedback date is in the past, view details button should be available" time="0.0"/>
  <testcase name="Then I see summary of the assignment" classname="Scenario: Restrict feedback date is in the past, view details button should be available" time="0.0"/>
  <testcase name="When I save and close the assignment summary details" classname="Scenario: Restrict feedback date is in the past, view details button should be available" time="0.0"/>
  <testcase name="Then the new assignment &quot;Restricted Feedback&quot; is visible in its own expanded column" classname="Scenario: Restrict feedback date is in the past, view details button should be available" time="0.0"/>
  <testcase name="When I navigate to the System Homepage" classname="Scenario: Restrict feedback date is in the past, view details button should be available" time="0.0"/>
  <testcase name="And I am on &quot;Class Homepage&quot; page of &quot;Demonstration Class&quot; class" classname="Scenario: Restrict feedback date is in the past, view details button should be available" time="0.0"/>
  <testcase name="Then I launch the &quot;Restricted Feedback&quot; assignment in &quot;Student Readiness&quot; unit" classname="Scenario: Restrict feedback date is in the past, view details button should be available" time="0.0"/>
  <testcase name="When I submit the assignment" classname="Scenario: Restrict feedback date is in the past, view details button should be available" time="0.0"/>
  <testcase name="Then I see the submission report with warning text &quot;Warning: There appears to be errors in one or more of your answers.&quot;" classname="Scenario: Restrict feedback date is in the past, view details button should be available" time="0.0"/>
  <testcase name="When I submit the assignment again" classname="Scenario: Restrict feedback date is in the past, view details button should be available" time="0.0"/>
  <testcase name="Then my score 0 out of 1 (0 %) is shown in a grade report" classname="Scenario: Restrict feedback date is in the past, view details button should be available" time="0.001"/>
  <testcase name="When I choose to view the details" classname="Scenario: Restrict feedback date is in the past, view details button should be available" time="0.0"/>
  <testcase name="Then the &quot;Feedback: Details Report&quot; page is loaded" classname="Scenario: Restrict feedback date is in the past, view details button should be available" time="0.0"/>
  <testcase name="classMethod" classname="Scenario: Restrict feedback date is in the past, view details button should be available" time="21.125"/>
  <system-out><![CDATA[]]></system-out>
  <system-err><![CDATA[]]></system-err>
</testsuite>
