<?xml version="1.0" encoding="UTF-8"?>
<testsuite name="Scenario: Create a new Practice Assignment with a question and change its entry mode" tests="29" skipped="0" failures="0" errors="0" timestamp="2019-07-19T16:38:35" hostname="mo-acceptance-test-driver-182622c" time="21.099">
  <properties/>
  <testcase name="Given I am logged in as the default administrator" classname="Scenario: Create a new Practice Assignment with a question and change its entry mode" time="0.0"/>
  <testcase name="And I am on the Content Repository page of Demonstration Class" classname="Scenario: Create a new Practice Assignment with a question and change its entry mode" time="0.0"/>
  <testcase name="When I choose creating new assignment in &quot;Student Readiness&quot; unit from the main dropdown button" classname="Scenario: Create a new Practice Assignment with a question and change its entry mode" time="0.0"/>
  <testcase name="Then Assignment Editor is opened" classname="Scenario: Create a new Practice Assignment with a question and change its entry mode" time="0.0"/>
  <testcase name="When I enter valid information for the assignment &quot;Change Entry Mode Assignment&quot;" classname="Scenario: Create a new Practice Assignment with a question and change its entry mode" time="0.0"/>
  <testcase name="And I click on the set policies tab" classname="Scenario: Create a new Practice Assignment with a question and change its entry mode" time="0.0"/>
  <testcase name="And I select the Anonymous Practice radio button" classname="Scenario: Create a new Practice Assignment with a question and change its entry mode" time="0.0"/>
  <testcase name="When I click on the questions tab" classname="Scenario: Create a new Practice Assignment with a question and change its entry mode" time="0.0"/>
  <testcase name="And I click the new question button" classname="Scenario: Create a new Practice Assignment with a question and change its entry mode" time="0.0"/>
  <testcase name="And I create question &quot;Maple-Graded&quot; with label &quot;Maple-Graded Label&quot;" classname="Scenario: Create a new Practice Assignment with a question and change its entry mode" time="0.0"/>
  <testcase name="And I click inside the question text editor" classname="Scenario: Create a new Practice Assignment with a question and change its entry mode" time="0.0"/>
  <testcase name="And I click Response Area button to open the dialog and assert that the Choose Question Type page is visible" classname="Scenario: Create a new Practice Assignment with a question and change its entry mode" time="0.0"/>
  <testcase name="And I choose &quot;Maple-graded&quot; link from the dialog and complete the correct answer" classname="Scenario: Create a new Practice Assignment with a question and change its entry mode" time="0.0"/>
  <testcase name="And I click OK" classname="Scenario: Create a new Practice Assignment with a question and change its entry mode" time="0.0"/>
  <testcase name="Then I see the &quot;Maple&quot; Question Widget in the question text section" classname="Scenario: Create a new Practice Assignment with a question and change its entry mode" time="0.0"/>
  <testcase name="When I save &amp; close the new question in the assignment editor" classname="Scenario: Create a new Practice Assignment with a question and change its entry mode" time="0.0"/>
  <testcase name="When I save &amp; close the assignment on the questions page" classname="Scenario: Create a new Practice Assignment with a question and change its entry mode" time="0.0"/>
  <testcase name="Then I see summary of the assignment" classname="Scenario: Create a new Practice Assignment with a question and change its entry mode" time="0.0"/>
  <testcase name="When I save and close the assignment summary details" classname="Scenario: Create a new Practice Assignment with a question and change its entry mode" time="0.0"/>
  <testcase name="Then the new assignment &quot;Change Entry Mode Assignment&quot; is visible in its own expanded column" classname="Scenario: Create a new Practice Assignment with a question and change its entry mode" time="0.0"/>
  <testcase name="And it is named as &quot;Change Entry Mode Assignment&quot; in &quot;Student Readiness&quot; column" classname="Scenario: Create a new Practice Assignment with a question and change its entry mode" time="0.0"/>
  <testcase name="When I navigate to the System Homepage" classname="Scenario: Create a new Practice Assignment with a question and change its entry mode" time="0.0"/>
  <testcase name="And I am on &quot;Class Homepage&quot; page of &quot;Demonstration Class&quot; class" classname="Scenario: Create a new Practice Assignment with a question and change its entry mode" time="0.0"/>
  <testcase name="And I launch the &quot;Change Entry Mode&quot; assignment in &quot;Student Readiness&quot; unit" classname="Scenario: Create a new Practice Assignment with a question and change its entry mode" time="0.0"/>
  <testcase name="And I click the Change Entry Mode link" classname="Scenario: Create a new Practice Assignment with a question and change its entry mode" time="0.0"/>
  <testcase name="Then I see the Math Editor Div" classname="Scenario: Create a new Practice Assignment with a question and change its entry mode" time="0.0"/>
  <testcase name="When I click the Change Entry Mode link" classname="Scenario: Create a new Practice Assignment with a question and change its entry mode" time="0.0"/>
  <testcase name="Then I see the Math input textbox" classname="Scenario: Create a new Practice Assignment with a question and change its entry mode" time="0.0"/>
  <testcase name="classMethod" classname="Scenario: Create a new Practice Assignment with a question and change its entry mode" time="22.148"/>
  <system-out><![CDATA[]]></system-out>
  <system-err><![CDATA[]]></system-err>
</testsuite>
