<?xml version="1.0" encoding="UTF-8"?>
<testsuite name="Scenario: State of the questions is saved when the user is re-opening the assignment" tests="17" skipped="0" failures="0" errors="0" timestamp="2019-07-19T16:42:38" hostname="mo-acceptance-test-driver-182622c" time="23.367">
  <properties/>
  <testcase name="Given I am logged in as the default administrator" classname="Scenario: State of the questions is saved when the user is re-opening the assignment" time="0.001"/>
  <testcase name="And I am on &quot;Class Homepage&quot; page of &quot;Demonstration Class&quot; class" classname="Scenario: State of the questions is saved when the user is re-opening the assignment" time="0.0"/>
  <testcase name="And &quot;Student Readiness Test&quot; assignment in &quot;Student Readiness&quot; unit is opened" classname="Scenario: State of the questions is saved when the user is re-opening the assignment" time="0.0"/>
  <testcase name="And the content of &quot;Question 1&quot; with title &quot;Assignment Navigation&quot; is displayed" classname="Scenario: State of the questions is saved when the user is re-opening the assignment" time="0.0"/>
  <testcase name="When I give the right responses to questions 6-8" classname="Scenario: State of the questions is saved when the user is re-opening the assignment" time="0.0"/>
  <testcase name="And quit and save the assignment" classname="Scenario: State of the questions is saved when the user is re-opening the assignment" time="0.0"/>
  <testcase name="Then I am on the Class Homepage" classname="Scenario: State of the questions is saved when the user is re-opening the assignment" time="0.0"/>
  <testcase name="And I re-open the &quot;Student Readiness Test&quot; assignment in &quot;Student Readiness&quot; unit" classname="Scenario: State of the questions is saved when the user is re-opening the assignment" time="0.0"/>
  <testcase name="Then the right responses are saved" classname="Scenario: State of the questions is saved when the user is re-opening the assignment" time="0.0"/>
  <testcase name="When I modify the given responses to be wrong" classname="Scenario: State of the questions is saved when the user is re-opening the assignment" time="0.0"/>
  <testcase name="And quit and save the assignment" classname="Scenario: State of the questions is saved when the user is re-opening the assignment" time="0.0"/>
  <testcase name="And I am on the Class Homepage" classname="Scenario: State of the questions is saved when the user is re-opening the assignment" time="0.0"/>
  <testcase name="And I re-open the &quot;Student Readiness Test&quot; assignment in &quot;Student Readiness&quot; unit" classname="Scenario: State of the questions is saved when the user is re-opening the assignment" time="0.0"/>
  <testcase name="Then the wrong responses are saved" classname="Scenario: State of the questions is saved when the user is re-opening the assignment" time="0.0"/>
  <testcase name="And I save and quit assignment to clear assignment state" classname="Scenario: State of the questions is saved when the user is re-opening the assignment" time="0.0"/>
  <testcase name="And I am on the Class Homepage" classname="Scenario: State of the questions is saved when the user is re-opening the assignment" time="0.0"/>
  <testcase name="classMethod" classname="Scenario: State of the questions is saved when the user is re-opening the assignment" time="24.46"/>
  <system-out><![CDATA[
  @State @Save
  Scenario: State of the questions is saved when the user is switching between them ?[90m# assignment/StudentReadinessTest.feature:60?[0m
    ?[32mWhen ?[0m?[32mI give the right responses to questions 6-8?[0m                                ?[90m# StudentReadinessTestSteps.respondToQuestionsSixToEightCorrectly()?[0m
    ?[32mThen ?[0m?[32mthe right responses are saved?[0m                                              ?[90m# StudentReadinessTestSteps.assertRightResponsesOfQuestionsSixToEight()?[0m
    ?[32mWhen ?[0m?[32mI modify the given responses to be wrong?[0m                                   ?[90m# StudentReadinessTestSteps.respondToQuestionsSixToEightIncorrectly()?[0m
    ?[32mThen ?[0m?[32mthe wrong responses are saved?[0m                                              ?[90m# StudentReadinessTestSteps.assertWrongResponsesOfQuestionsSixToEight()?[0m
    ?[32mThen ?[0m?[32mI save and quit assignment to clear assignment state?[0m                       ?[90m# MapleTAAssignmentSteps.clearAssignmentState()?[0m
    ?[32mAnd ?[0m?[32mI am on the Class Homepage?[0m                                                  ?[90m# ClassHomepageSteps.assertClassHomepage()?[0m
]]></system-out>
  <system-err><![CDATA[]]></system-err>
</testsuite>
