<?xml version="1.0" encoding="UTF-8"?>
<testsuite name="Scenario: Successfully create a new shared secret" tests="7" skipped="0" failures="0" errors="0" timestamp="2019-07-19T17:10:04" hostname="mo-acceptance-test-driver-182622c" time="1.457">
  <properties/>
  <testcase name="Given I am logged in as the default administrator" classname="Scenario: Successfully create a new shared secret" time="0.0"/>
  <testcase name="And I navigate to the Shared Secret page" classname="Scenario: Successfully create a new shared secret" time="0.0"/>
  <testcase name="Then I verify I am on the Shared Secret page" classname="Scenario: Successfully create a new shared secret" time="0.0"/>
  <testcase name="When I click the Add Pair Button" classname="Scenario: Successfully create a new shared secret" time="0.0"/>
  <testcase name="Then a Shared Secret exists" classname="Scenario: Successfully create a new shared secret" time="0.001"/>
  <testcase name="And a Consumer Key exists" classname="Scenario: Successfully create a new shared secret" time="0.001"/>
  <testcase name="classMethod" classname="Scenario: Successfully create a new shared secret" time="2.42"/>
  <system-out><![CDATA[]]></system-out>
  <system-err><![CDATA[]]></system-err>
</testsuite>
