<?xml version="1.0" encoding="UTF-8"?>
<testsuite name="Scenario: Complete assignment normally, check that edit and delete buttons are not visible" tests="25" skipped="0" failures="0" errors="0" timestamp="2019-07-19T16:46:46" hostname="mo-acceptance-test-driver-182622c" time="11.799">
  <properties/>
  <testcase name="Given I am logged in as the default administrator" classname="Scenario: Complete assignment normally, check that edit and delete buttons are not visible" time="0.0"/>
  <testcase name="When I open the Search User page" classname="Scenario: Complete assignment normally, check that edit and delete buttons are not visible" time="0.0"/>
  <testcase name="Then I check if user &quot;sam&quot; exists, if not, I create the user" classname="Scenario: Complete assignment normally, check that edit and delete buttons are not visible" time="0.0"/>
  <testcase name="When I navigate to the System Homepage" classname="Scenario: Complete assignment normally, check that edit and delete buttons are not visible" time="0.0"/>
  <testcase name="Then I am on the System Homepage" classname="Scenario: Complete assignment normally, check that edit and delete buttons are not visible" time="0.0"/>
  <testcase name="When I am on &quot;Class Homepage&quot; page of &quot;Demonstration Class&quot; class" classname="Scenario: Complete assignment normally, check that edit and delete buttons are not visible" time="0.0"/>
  <testcase name="Then I launch the &quot;Improvised A1&quot; assignment in &quot;Student Readiness&quot; unit" classname="Scenario: Complete assignment normally, check that edit and delete buttons are not visible" time="0.0"/>
  <testcase name="When I submit the assignment" classname="Scenario: Complete assignment normally, check that edit and delete buttons are not visible" time="0.0"/>
  <testcase name="Then I see the submission report with warning text &quot;Warning: There appears to be errors in one or more of your answers.&quot;" classname="Scenario: Complete assignment normally, check that edit and delete buttons are not visible" time="0.0"/>
  <testcase name="When I submit the assignment again" classname="Scenario: Complete assignment normally, check that edit and delete buttons are not visible" time="0.0"/>
  <testcase name="Then my score 0 out of 1 (0 %) is shown in a grade report" classname="Scenario: Complete assignment normally, check that edit and delete buttons are not visible" time="0.0"/>
  <testcase name="And I save and quit assignment to clear assignment state" classname="Scenario: Complete assignment normally, check that edit and delete buttons are not visible" time="0.0"/>
  <testcase name="And I am back on the &quot;Demonstration Class&quot; class homepage window" classname="Scenario: Complete assignment normally, check that edit and delete buttons are not visible" time="0.0"/>
  <testcase name="When I navigate to the &quot;Class Grades&quot; in &quot;Gradebook&quot; of current class" classname="Scenario: Complete assignment normally, check that edit and delete buttons are not visible" time="0.0"/>
  <testcase name="Then I am on the Class Grades page" classname="Scenario: Complete assignment normally, check that edit and delete buttons are not visible" time="0.0"/>
  <testcase name="And I select &quot;Improvised A1 - Homework/Quiz&quot; in &quot;Assignments&quot; selection list" classname="Scenario: Complete assignment normally, check that edit and delete buttons are not visible" time="0.0"/>
  <testcase name="And I select &quot;Other users with grades&quot; in &quot;List&quot; selection list" classname="Scenario: Complete assignment normally, check that edit and delete buttons are not visible" time="0.0"/>
  <testcase name="And I put &quot;qa&quot; in the &quot;User&quot; input box" classname="Scenario: Complete assignment normally, check that edit and delete buttons are not visible" time="0.0"/>
  <testcase name="And I click the Search button" classname="Scenario: Complete assignment normally, check that edit and delete buttons are not visible" time="0.0"/>
  <testcase name="When I click the grade for the selected assignment" classname="Scenario: Complete assignment normally, check that edit and delete buttons are not visible" time="0.0"/>
  <testcase name="Then I see the test record details of &quot;Improvised A1&quot; for user &quot;qa&quot;" classname="Scenario: Complete assignment normally, check that edit and delete buttons are not visible" time="0.0"/>
  <testcase name="And I see my total score &quot;0/1.0&quot;" classname="Scenario: Complete assignment normally, check that edit and delete buttons are not visible" time="0.0"/>
  <testcase name="And I do not see the edit total score button" classname="Scenario: Complete assignment normally, check that edit and delete buttons are not visible" time="0.0"/>
  <testcase name="And I do not see the Delete Record button" classname="Scenario: Complete assignment normally, check that edit and delete buttons are not visible" time="0.0"/>
  <testcase name="classMethod" classname="Scenario: Complete assignment normally, check that edit and delete buttons are not visible" time="12.86"/>
  <system-out><![CDATA[
  #MO-2115
  Scenario: Update score for improvised record                                                                   ?[90m# gradebook/ManageImprovisedTestRecords.feature:16?[0m
    # On the Register Users page of the demo class, find the new user and register them.
    ?[32mWhen ?[0m?[32mI am on "Class Homepage" page of "?[0m?[32m?[1mDemonstration Class?[0m?[32m" class?[0m                                            ?[90m# ClassHomepageSteps.navigateToClassHomepage(String)?[0m
    ?[32mAnd ?[0m?[32mI click the Register Users menu item?[0m                                                                     ?[90m# ClassHomepageSteps.navigateToRegisterUsersPage()?[0m
    ?[32mAnd ?[0m?[32mI click the Advanced Search link on the Register Users page?[0m                                              ?[90m# RegisterUsersSteps.clickAdvancedSearch()?[0m
    ?[32mAnd ?[0m?[32mI enter "?[0m?[32m?[1msam?[0m?[32m" into the User Login textbox on the Register Users page?[0m                                     ?[90m# RegisterUsersSteps.setUserLogin(String)?[0m
    ?[32mAnd ?[0m?[32mI click the Search button on the Register Users page?[0m                                                     ?[90m# RegisterUsersSteps.clickSearchButton()?[0m
    ?[32mAnd ?[0m?[32mI select the user "?[0m?[32m?[1msam?[0m?[32m" in the list of users to add?[0m                                                      ?[90m# RegisterUsersSteps.selectUser(String)?[0m
    ?[32mAnd ?[0m?[32mI click the Register button on the Register Users page?[0m                                                   ?[90m# RegisterUsersSteps.clickRegisterButton()?[0m
    ?[32mThen ?[0m?[32mThe users were successfully registered in the class?[0m                                                     ?[90m# RegisterUsersSteps.assertUsersRegistered()?[0m
    ?[32mWhen ?[0m?[32mI navigate to the System Homepage?[0m                                                                       ?[90m# SystemHomepageSteps.navigateToSystemHomepage()?[0m
    ?[32mThen ?[0m?[32mI am on the System Homepage?[0m                                                                             ?[90m# SystemHomepageSteps.assertSystemHomepage()?[0m
    #Create an assignment to use
    ?[32mWhen ?[0m?[32mI am on the Content Repository page of ?[0m?[32m?[1mDemonstration Class?[0m                                              ?[90m# ContentRepositorySteps.navigateToContentRepositoryOfClass(String)?[0m
    ?[32mAnd ?[0m?[32mI choose creating new assignment in "?[0m?[32m?[1mStudent Readiness?[0m?[32m" unit from the main dropdown button?[0m               ?[90m# ContentRepositorySteps.chooseCreatingNewAssignmentFromMainDropdownButton(String)?[0m
    ?[32mThen ?[0m?[32mAssignment Editor is opened?[0m                                                                             ?[90m# AssignmentEditorDetailsSteps.assertAssignmentEditorPageIsOpened()?[0m
    ?[32mWhen ?[0m?[32menter Assignment name "?[0m?[32m?[1mImprovised A1?[0m?[32m"?[0m                                                                   ?[90m# AssignmentEditorDetailsSteps.enterAssignmentName(String)?[0m
    ?[32mWhen ?[0m?[32mI click on the questions tab?[0m                                                                            ?[90m# AssignmentEditorDetailsSteps.clickQuestionsTab()?[0m
    ?[32mAnd ?[0m?[32mI click the new question button?[0m                                                                          ?[90m# AssignmentEditorQuestionSteps.createQuestion()?[0m
    ?[32mAnd ?[0m?[32mI click Response Area button to open the dialog and assert that the Choose Question Type page is visible?[0m ?[90m# QuestionDesignerSteps.clickInsertResponseAreaButton()?[0m
    ?[32mWhen ?[0m?[32mI choose "?[0m?[32m?[1mMathematical Formula?[0m?[32m" link from the dialog and complete the correct answer?[0m                    ?[90m# QuestionDesignerSteps.chooseTypeAndCompleteCorrectAnswer(String)?[0m
    ?[32mAnd ?[0m?[32mI click OK?[0m                                                                                               ?[90m# QuestionDesignerSteps.clickResponseDialogOkButton()?[0m
    ?[32mThen ?[0m?[32mI see the "?[0m?[32m?[1mMathematical Formula?[0m?[32m" Question Widget in the question text section?[0m                           ?[90m# QuestionDesignerSteps.assertQuestionWidgetIsInserted(String)?[0m
    ?[32mAnd ?[0m?[32mI save & close the new question in the assignment editor?[0m                                                 ?[90m# AssignmentEditorQuestionSteps.saveAndCloseNewQuestion()?[0m
    ?[32mWhen ?[0m?[32mI save & close the assignment on the questions page?[0m                                                     ?[90m# AssignmentEditorQuestionSteps.saveAndCloseAssignment()?[0m
    ?[32mThen ?[0m?[32mI see summary of the assignment?[0m                                                                         ?[90m# AssignmentEditorDetailsSteps.assertAssignmentSummaryShown()?[0m
    ?[32mWhen ?[0m?[32mI save and close the assignment summary details?[0m                                                         ?[90m# AssignmentEditorDetailsSteps.saveAndCloseAssignmentSummary()?[0m
    ?[32mThen ?[0m?[32mthe new assignment "?[0m?[32m?[1mImprovised A1?[0m?[32m" is visible in its own expanded column?[0m                                ?[90m# ContentRepositorySteps.assertNamedAssignmentColumnIsExpanded(String)?[0m
    #Create an improvised test record for a student and the new assignment
    ?[32mWhen ?[0m?[32mI navigate to the "?[0m?[32m?[1mClass Grades?[0m?[32m" in "?[0m?[32m?[1mGradebook?[0m?[32m" of current class?[0m                                        ?[90m# ClassHomepageSteps.navigateInClass(String,String)?[0m
    ?[32mThen ?[0m?[32mI am on the Class Grades page?[0m                                                                           ?[90m# GradebookClassGradesSteps.waitForClassGradesPage()?[0m
    ?[32mAnd ?[0m?[32mI select "?[0m?[32m?[1mImprovised A1 - Homework/Quiz?[0m?[32m" in "Assignments" selection list?[0m                                 ?[90m# GradebookClassGradesSteps.selectAssignment(String)?[0m
    ?[32mAnd ?[0m?[32mI put "?[0m?[32m?[1msam?[0m?[32m" in the "User" input box?[0m                                                                      ?[90m# GradebookClassGradesSteps.inputUserLogin(String)?[0m
    ?[32mAnd ?[0m?[32mI click the Search button?[0m                                                                                ?[90m# GradebookClassGradesSteps.clickSearch()?[0m
    ?[32mWhen ?[0m?[32mI click the grade for the selected assignment?[0m                                                           ?[90m# GradebookClassGradesSteps.clickGrade()?[0m
    ?[32mThen ?[0m?[32mI see the test record details of "?[0m?[32m?[1mImprovised A1?[0m?[32m" for user "?[0m?[32m?[1msam?[0m?[32m"?[0m                                         ?[90m# GradebookDetailsSteps.assertAssignmentTitleAndLoginVisible(String,String)?[0m
    ?[32mAnd ?[0m?[32mI see my total score "?[0m?[32m?[1m0/1.0?[0m?[32m"?[0m                                                                             ?[90m# GradebookDetailsSteps.assertTotalScore(String)?[0m
    # Assert delete button is visible in an improvised record
    ?[32mAnd ?[0m?[32mI see the Delete Record button?[0m                                                                           ?[90m# GradebookDetailsSteps.assertDeleteRecordButtonVisible()?[0m
    #Update the total score
    ?[32mWhen ?[0m?[32mI click the edit total score button?[0m                                                                     ?[90m# GradebookDetailsSteps.clickEditTotalButton()?[0m
    ?[32mAnd ?[0m?[32mI enter "?[0m?[32m?[1m1?[0m?[32m" into the total score edit text box?[0m                                                           ?[90m# GradebookDetailsSteps.editTotalScore(String)?[0m
    ?[32mAnd ?[0m?[32mI save the total score?[0m                                                                                   ?[90m# GradebookDetailsSteps.saveTotalScore()?[0m
    ?[32mThen ?[0m?[32mI see my total score "?[0m?[32m?[1m1.00/1.00?[0m?[32m"?[0m                                                                        ?[90m# GradebookDetailsSteps.assertTotalScore(String)?[0m
    #Update question score, ensure total is recalculated
    ?[32mWhen ?[0m?[32mI select the question "?[0m?[32m?[1mQ1?[0m?[32m" on the gradebook details page?[0m                                                ?[90m# GradebookDetailsSteps.selectQuestions(String)?[0m
    ?[32mAnd ?[0m?[32mI choose to update grade for question "?[0m?[32m?[1mQ1?[0m?[32m" to "?[0m?[32m?[1m0.5?[0m?[32m"?[0m                                                      ?[90m# GradebookDetailsSteps.updateQuestionGrade(String,String)?[0m
    ?[32mAnd ?[0m?[32mI click the "Save Question Grades" button?[0m                                                                ?[90m# GradebookDetailsSteps.clickSaveGradesButton()?[0m
    ?[32mThen ?[0m?[32mI see my total score "?[0m?[32m?[1m0.50/1.00?[0m?[32m"?[0m                                                                        ?[90m# GradebookDetailsSteps.assertTotalScore(String)?[0m
    #Update total again to ensure calculated score is overridden
    ?[32mWhen ?[0m?[32mI click the edit total score button?[0m                                                                     ?[90m# GradebookDetailsSteps.clickEditTotalButton()?[0m
    ?[32mAnd ?[0m?[32mI enter "?[0m?[32m?[1m0.75?[0m?[32m" into the total score edit text box?[0m                                                        ?[90m# GradebookDetailsSteps.editTotalScore(String)?[0m
    ?[32mAnd ?[0m?[32mI save the total score?[0m                                                                                   ?[90m# GradebookDetailsSteps.saveTotalScore()?[0m
    ?[32mThen ?[0m?[32mI see my total score "?[0m?[32m?[1m0.75/1.00?[0m?[32m"?[0m                                                                        ?[90m# GradebookDetailsSteps.assertTotalScore(String)?[0m
]]></system-out>
  <system-err><![CDATA[]]></system-err>
</testsuite>
