<?xml version="1.0" encoding="UTF-8"?>
<testsuite name="| Demonstration Class | The class name is already in use by another class |" tests="5" skipped="0" failures="0" errors="0" timestamp="2019-07-19T16:13:17" hostname="mo-acceptance-test-driver-182622c" time="1.854">
  <properties/>
  <testcase name="Given I am logged in as the default administrator" classname="| Demonstration Class | The class name is already in use by another class |" time="0.0"/>
  <testcase name="And I open the New Class page" classname="| Demonstration Class | The class name is already in use by another class |" time="0.0"/>
  <testcase name="When I enter the name for the class Demonstration Class" classname="| Demonstration Class | The class name is already in use by another class |" time="0.0"/>
  <testcase name="Then I should see class error message The class name is already in use by another class" classname="| Demonstration Class | The class name is already in use by another class |" time="0.0"/>
  <testcase name="classMethod" classname="| Demonstration Class | The class name is already in use by another class |" time="2.886"/>
  <system-out><![CDATA[
  @addClass
  Scenario Outline: Create a new class - negative tests          ?[90m# AddMapleTAClass.feature:29?[0m
    ?[32mWhen ?[0m?[32mI enter the name for the class ?[0m?[32m?[1m?[0m                         ?[90m# AddMapleTAClassSteps.enterClassName(String)?[0m
    ?[32mThen ?[0m?[32mI should see class error message ?[0m?[32m?[1mClass Name is required?[0m ?[90m# AddMapleTAClassSteps.assertClassError(String)?[0m
]]></system-out>
  <system-err><![CDATA[]]></system-err>
</testsuite>
