<?xml version="1.0" encoding="UTF-8"?>
<testsuite name="Scenario: Create a new Math App question with valid percentage of width and preview it" tests="21" skipped="0" failures="0" errors="0" timestamp="2019-07-19T16:17:35" hostname="mo-acceptance-test-driver-182622c" time="13.268">
  <properties/>
  <testcase name="Given I am logged in as the default administrator" classname="Scenario: Create a new Math App question with valid percentage of width and preview it" time="0.001"/>
  <testcase name="And I navigate to the System Settings page" classname="Scenario: Create a new Math App question with valid percentage of width and preview it" time="0.0"/>
  <testcase name="Then I change the Math App engine selection to &quot;MapleNet (Math App)&quot;" classname="Scenario: Create a new Math App question with valid percentage of width and preview it" time="0.0"/>
  <testcase name="And I submit the changes to System Settings" classname="Scenario: Create a new Math App question with valid percentage of width and preview it" time="0.0"/>
  <testcase name="And The changes to System Settings were successfully saved." classname="Scenario: Create a new Math App question with valid percentage of width and preview it" time="0.0"/>
  <testcase name="When I navigate to the System Homepage" classname="Scenario: Create a new Math App question with valid percentage of width and preview it" time="0.0"/>
  <testcase name="And I am on the Content Repository page of Demonstration Class" classname="Scenario: Create a new Math App question with valid percentage of width and preview it" time="0.001"/>
  <testcase name="And I choose creating new question/Text from the main dropdown button" classname="Scenario: Create a new Math App question with valid percentage of width and preview it" time="0.0"/>
  <testcase name="And Question Designer is opened" classname="Scenario: Create a new Math App question with valid percentage of width and preview it" time="0.0"/>
  <testcase name="When I enter valid information for the question name as &quot;New Math App Question 1&quot;" classname="Scenario: Create a new Math App question with valid percentage of width and preview it" time="0.0"/>
  <testcase name="And I click inside the question text editor" classname="Scenario: Create a new Math App question with valid percentage of width and preview it" time="0.0"/>
  <testcase name="And I click Response Area button to open the dialog and assert that the Choose Question Type page is visible" classname="Scenario: Create a new Math App question with valid percentage of width and preview it" time="0.0"/>
  <testcase name="When I choose &quot;Math App&quot; link from the dialog" classname="Scenario: Create a new Math App question with valid percentage of width and preview it" time="0.0"/>
  <testcase name="And I choose a demo worksheet &quot;DrawCircle&quot; for the Math App question" classname="Scenario: Create a new Math App question with valid percentage of width and preview it" time="0.0"/>
  <testcase name="And I enter the width to be &quot;100&quot; and the width units to be &quot;percent&quot;" classname="Scenario: Create a new Math App question with valid percentage of width and preview it" time="0.0"/>
  <testcase name="And I click OK" classname="Scenario: Create a new Math App question with valid percentage of width and preview it" time="0.0"/>
  <testcase name="Then I see the &quot;Math App&quot; Question Widget in the question text section" classname="Scenario: Create a new Math App question with valid percentage of width and preview it" time="0.0"/>
  <testcase name="And After clicking Preview button I assert that the Math App question is rendered properly with &quot;100.0%&quot; width" classname="Scenario: Create a new Math App question with valid percentage of width and preview it" time="0.0"/>
  <testcase name="And I close the question preview window" classname="Scenario: Create a new Math App question with valid percentage of width and preview it" time="0.0"/>
  <testcase name="Then I click the question designer Save &amp; Close button" classname="Scenario: Create a new Math App question with valid percentage of width and preview it" time="0.0"/>
  <testcase name="classMethod" classname="Scenario: Create a new Math App question with valid percentage of width and preview it" time="14.236"/>
  <system-out><![CDATA[
  Scenario: Create a new Math App question with some specifications and preview it                                          ?[90m# CreateMathAppQuestion.feature:18?[0m
    ?[32mWhen ?[0m?[32mI enter valid information for the question name as "?[0m?[32m?[1mNew Math App Question?[0m?[32m"?[0m                                         ?[90m# QuestionDesignerSteps.enterQuestionName(String)?[0m
    ?[32mAnd ?[0m?[32mI click inside the question text editor?[0m                                                                             ?[90m# QuestionDesignerSteps.clickInsideQuestionTextEditor()?[0m
    ?[32mAnd ?[0m?[32mI click Response Area button to open the dialog and assert that the Choose Question Type page is visible?[0m            ?[90m# QuestionDesignerSteps.clickInsertResponseAreaButton()?[0m
    ?[32mWhen ?[0m?[32mI choose "?[0m?[32m?[1mMath App?[0m?[32m" link from the dialog?[0m                                                                           ?[90m# QuestionDesignerSteps.chooseQuestionType(String)?[0m
    ?[32mAnd ?[0m?[32mI choose a demo worksheet "?[0m?[32m?[1mDrawCircle?[0m?[32m" for the Math App question?[0m                                                    ?[90m# MathAppQuestionSteps.selectMathAppDemoWorksheet(String)?[0m
    ?[32mAnd ?[0m?[32mI set the grading type for the Math App question to "?[0m?[32m?[1mManual Grading?[0m?[32m"?[0m                                                ?[90m# MathAppQuestionSteps.setGradingType(String)?[0m
    ?[32mAnd ?[0m?[32mI click OK?[0m                                                                                                          ?[90m# QuestionDesignerSteps.clickResponseDialogOkButton()?[0m
    ?[32mThen ?[0m?[32mI see the "?[0m?[32m?[1mMath App?[0m?[32m" Question Widget in the question text section?[0m                                                  ?[90m# QuestionDesignerSteps.assertQuestionWidgetIsInserted(String)?[0m
    ?[32mAnd ?[0m?[32mAfter clicking Preview button I assert that the Math App question with "?[0m?[32m?[1mDrawCircle?[0m?[32m" worksheet is correctly rendered?[0m ?[90m# MathAppQuestionSteps.assertMathAppWorksheetCorrectlyRendered(String)?[0m
    ?[32mAnd ?[0m?[32mI close the question preview window?[0m                                                                                 ?[90m# QuestionPreviewSteps.closeQuestionPreviewWindow()?[0m
    ?[32mThen ?[0m?[32mI click the question designer Save & Close button?[0m                                                                  ?[90m# QuestionDesignerSteps.clickSaveAndCloseButton()?[0m
]]></system-out>
  <system-err><![CDATA[]]></system-err>
</testsuite>
