<?xml version="1.0" encoding="UTF-8"?>
<testsuite name="Scenario: Test toggling visibility of unit in content repository" tests="16" skipped="0" failures="0" errors="0" timestamp="2019-07-19T16:16:30" hostname="mo-acceptance-test-driver-182622c" time="8.664">
  <properties/>
  <testcase name="Given I am logged in as the default administrator" classname="Scenario: Test toggling visibility of unit in content repository" time="0.001"/>
  <testcase name="And I am on the Content Repository page of Demonstration Class" classname="Scenario: Test toggling visibility of unit in content repository" time="0.0"/>
  <testcase name="When I choose creating new assignment in &quot;Student Readiness&quot; unit from the main dropdown button" classname="Scenario: Test toggling visibility of unit in content repository" time="0.0"/>
  <testcase name="Then Assignment Editor is opened" classname="Scenario: Test toggling visibility of unit in content repository" time="0.0"/>
  <testcase name="When I save &amp; close the assignment on the name page" classname="Scenario: Test toggling visibility of unit in content repository" time="0.0"/>
  <testcase name="Then I see summary of the assignment with warning text &quot;WARNING: No questions chosen for the assignment&quot;" classname="Scenario: Test toggling visibility of unit in content repository" time="0.0"/>
  <testcase name="When I save it anyway" classname="Scenario: Test toggling visibility of unit in content repository" time="0.0"/>
  <testcase name="Then the new assignment &quot;New Assignment&quot; is visible in its own expanded column" classname="Scenario: Test toggling visibility of unit in content repository" time="0.0"/>
  <testcase name="And it is named as &quot;New Assignment&quot; in &quot;Student Readiness&quot; column" classname="Scenario: Test toggling visibility of unit in content repository" time="0.0"/>
  <testcase name="When I click the &quot;Hide&quot; button in the &quot;Student Readiness&quot; column" classname="Scenario: Test toggling visibility of unit in content repository" time="0.0"/>
  <testcase name="Then I see a &quot;Show&quot; button in the &quot;Student Readiness&quot; column" classname="Scenario: Test toggling visibility of unit in content repository" time="0.0"/>
  <testcase name="And I see that the &quot;New Assignment&quot; module is hidden in the &quot;Student Readiness&quot; column" classname="Scenario: Test toggling visibility of unit in content repository" time="0.0"/>
  <testcase name="When I click the &quot;Show&quot; button in the &quot;Student Readiness&quot; column" classname="Scenario: Test toggling visibility of unit in content repository" time="0.0"/>
  <testcase name="Then I see a &quot;Hide&quot; button in the &quot;Student Readiness&quot; column" classname="Scenario: Test toggling visibility of unit in content repository" time="0.0"/>
  <testcase name="And I see that the &quot;New Assignment&quot; module is visible in the &quot;Student Readiness&quot; column" classname="Scenario: Test toggling visibility of unit in content repository" time="0.0"/>
  <testcase name="classMethod" classname="Scenario: Test toggling visibility of unit in content repository" time="9.649"/>
  <system-out><![CDATA[
  Scenario: Test toggling visibility of assignment in content repository                                     ?[90m# CreateAssignment.feature:167?[0m
    ?[32mWhen ?[0m?[32mI choose creating new assignment in "?[0m?[32m?[1mStudent Readiness?[0m?[32m" unit from the main dropdown button?[0m          ?[90m# ContentRepositorySteps.chooseCreatingNewAssignmentFromMainDropdownButton(String)?[0m
    ?[32mThen ?[0m?[32mAssignment Editor is opened?[0m                                                                         ?[90m# AssignmentEditorDetailsSteps.assertAssignmentEditorPageIsOpened()?[0m
    ?[32mWhen ?[0m?[32mI save & close the assignment on the name page?[0m                                                      ?[90m# AssignmentEditorDetailsSteps.saveAndCloseAssignment()?[0m
    ?[32mThen ?[0m?[32mI see summary of the assignment with warning text "?[0m?[32m?[1mWARNING: No questions chosen for the assignment?[0m?[32m"?[0m ?[90m# AssignmentEditorDetailsSteps.assertNoQuestionsInAssignmentWarningMessageIsDisplayed(String)?[0m
    ?[32mWhen ?[0m?[32mI save it anyway?[0m                                                                                    ?[90m# AssignmentEditorDetailsSteps.saveAssignmentAnyway()?[0m
    ?[32mThen ?[0m?[32mthe new assignment "?[0m?[32m?[1mNew Assignment?[0m?[32m" is visible in its own expanded column?[0m                           ?[90m# ContentRepositorySteps.assertNamedAssignmentColumnIsExpanded(String)?[0m
    ?[32mAnd ?[0m?[32mit is named as "?[0m?[32m?[1mNew Assignment?[0m?[32m" in "?[0m?[32m?[1mStudent Readiness?[0m?[32m" column?[0m                                        ?[90m# ContentRepositorySteps.assertAssignmentIsCreated(String,String)?[0m
    ?[32mWhen ?[0m?[32mI click the "?[0m?[32m?[1mHide?[0m?[32m" button in the "?[0m?[32m?[1mNew Assignment?[0m?[32m" column?[0m                                            ?[90m# ContentRepositorySteps.clickColumnButton(String,String)?[0m
    ?[32mThen ?[0m?[32mI see a "?[0m?[32m?[1mShow?[0m?[32m" button in the "?[0m?[32m?[1mNew Assignment?[0m?[32m" column?[0m                                                ?[90m# ContentRepositorySteps.assertButtonVisible(String,String)?[0m
    ?[32mWhen ?[0m?[32mI click the "?[0m?[32m?[1mShow?[0m?[32m" button in the "?[0m?[32m?[1mNew Assignment?[0m?[32m" column?[0m                                            ?[90m# ContentRepositorySteps.clickColumnButton(String,String)?[0m
    ?[32mThen ?[0m?[32mI see a "?[0m?[32m?[1mHide?[0m?[32m" button in the "?[0m?[32m?[1mNew Assignment?[0m?[32m" column?[0m                                                ?[90m# ContentRepositorySteps.assertButtonVisible(String,String)?[0m
]]></system-out>
  <system-err><![CDATA[]]></system-err>
</testsuite>
