<?xml version="1.0" encoding="UTF-8"?>
<testsuite name="Scenario: Test that Custom CSS is applied to question/feedback on the View Details page" tests="32" skipped="0" failures="0" errors="0" timestamp="2019-07-19T16:16:40" hostname="mo-acceptance-test-driver-182622c" time="19.259">
  <properties/>
  <testcase name="Given I am logged in as the default administrator" classname="Scenario: Test that Custom CSS is applied to question/feedback on the View Details page" time="0.0"/>
  <testcase name="And I am on the Content Repository page of Demonstration Class" classname="Scenario: Test that Custom CSS is applied to question/feedback on the View Details page" time="0.0"/>
  <testcase name="When I choose creating new assignment in &quot;Student Readiness&quot; unit from the main dropdown button" classname="Scenario: Test that Custom CSS is applied to question/feedback on the View Details page" time="0.0"/>
  <testcase name="Then Assignment Editor is opened" classname="Scenario: Test that Custom CSS is applied to question/feedback on the View Details page" time="0.0"/>
  <testcase name="When enter Assignment name &quot;Assignment with Question Style&quot;" classname="Scenario: Test that Custom CSS is applied to question/feedback on the View Details page" time="0.0"/>
  <testcase name="When I click on the questions tab" classname="Scenario: Test that Custom CSS is applied to question/feedback on the View Details page" time="0.0"/>
  <testcase name="And I click the new question button" classname="Scenario: Test that Custom CSS is applied to question/feedback on the View Details page" time="0.0"/>
  <testcase name="And I create question &quot;CSS Question&quot; with label &quot;CSS Question Label&quot;" classname="Scenario: Test that Custom CSS is applied to question/feedback on the View Details page" time="0.0"/>
  <testcase name="And I create a Mathematical Formula response area in the assignment question editor" classname="Scenario: Test that Custom CSS is applied to question/feedback on the View Details page" time="0.0"/>
  <testcase name="When I click the &quot;Feedback&quot; button in the toolbar" classname="Scenario: Test that Custom CSS is applied to question/feedback on the View Details page" time="0.0"/>
  <testcase name="Then I see the feedback editor" classname="Scenario: Test that Custom CSS is applied to question/feedback on the View Details page" time="0.0"/>
  <testcase name="And I enter &quot;Feedback&quot; in the feedback editor" classname="Scenario: Test that Custom CSS is applied to question/feedback on the View Details page" time="0.0"/>
  <testcase name="When I click the &quot;Custom CSS&quot; button in the toolbar" classname="Scenario: Test that Custom CSS is applied to question/feedback on the View Details page" time="0.0"/>
  <testcase name="Then I see the CSS editor" classname="Scenario: Test that Custom CSS is applied to question/feedback on the View Details page" time="0.0"/>
  <testcase name="And I enter &quot;body { background-color: red; }&quot; in the CSS editor" classname="Scenario: Test that Custom CSS is applied to question/feedback on the View Details page" time="0.0"/>
  <testcase name="When I save &amp; close the new question in the assignment editor" classname="Scenario: Test that Custom CSS is applied to question/feedback on the View Details page" time="0.001"/>
  <testcase name="Then verify the question caption text is &quot;CSS Question Label&quot;" classname="Scenario: Test that Custom CSS is applied to question/feedback on the View Details page" time="0.0"/>
  <testcase name="When I save &amp; close the assignment on the questions page" classname="Scenario: Test that Custom CSS is applied to question/feedback on the View Details page" time="0.0"/>
  <testcase name="Then I see summary of the assignment" classname="Scenario: Test that Custom CSS is applied to question/feedback on the View Details page" time="0.0"/>
  <testcase name="When I save and close the assignment summary details" classname="Scenario: Test that Custom CSS is applied to question/feedback on the View Details page" time="0.0"/>
  <testcase name="Then the new assignment &quot;Assignment with Question Style&quot; is visible in its own expanded column" classname="Scenario: Test that Custom CSS is applied to question/feedback on the View Details page" time="0.0"/>
  <testcase name="When I navigate to the System Homepage" classname="Scenario: Test that Custom CSS is applied to question/feedback on the View Details page" time="0.0"/>
  <testcase name="And I am on &quot;Class Homepage&quot; page of &quot;Demonstration Class&quot; class" classname="Scenario: Test that Custom CSS is applied to question/feedback on the View Details page" time="0.0"/>
  <testcase name="And I launch the &quot;Assignment with Question Style&quot; assignment in &quot;Student Readiness&quot; unit" classname="Scenario: Test that Custom CSS is applied to question/feedback on the View Details page" time="0.0"/>
  <testcase name="When I submit the assignment" classname="Scenario: Test that Custom CSS is applied to question/feedback on the View Details page" time="0.0"/>
  <testcase name="And I confirm to submit the assignment" classname="Scenario: Test that Custom CSS is applied to question/feedback on the View Details page" time="0.0"/>
  <testcase name="And I choose to view the details" classname="Scenario: Test that Custom CSS is applied to question/feedback on the View Details page" time="0.0"/>
  <testcase name="Then the &quot;Feedback: Details Report&quot; page is loaded" classname="Scenario: Test that Custom CSS is applied to question/feedback on the View Details page" time="0.0"/>
  <testcase name="And I see that the question background color is &quot;rgba(255, 0, 0, 1)&quot;" classname="Scenario: Test that Custom CSS is applied to question/feedback on the View Details page" time="0.0"/>
  <testcase name="And I see that the feedback background color is &quot;rgba(255, 0, 0, 1)&quot;" classname="Scenario: Test that Custom CSS is applied to question/feedback on the View Details page" time="0.0"/>
  <testcase name="And I do not see that the response background color is &quot;rgba(255, 0, 0, 1)&quot;" classname="Scenario: Test that Custom CSS is applied to question/feedback on the View Details page" time="0.0"/>
  <testcase name="classMethod" classname="Scenario: Test that Custom CSS is applied to question/feedback on the View Details page" time="20.228"/>
  <system-out><![CDATA[
  Scenario: Test toggling visibility of unit in content repository                                           ?[90m# CreateAssignment.feature:180?[0m
    ?[32mWhen ?[0m?[32mI choose creating new assignment in "?[0m?[32m?[1mStudent Readiness?[0m?[32m" unit from the main dropdown button?[0m          ?[90m# ContentRepositorySteps.chooseCreatingNewAssignmentFromMainDropdownButton(String)?[0m
    ?[32mThen ?[0m?[32mAssignment Editor is opened?[0m                                                                         ?[90m# AssignmentEditorDetailsSteps.assertAssignmentEditorPageIsOpened()?[0m
    ?[32mWhen ?[0m?[32mI save & close the assignment on the name page?[0m                                                      ?[90m# AssignmentEditorDetailsSteps.saveAndCloseAssignment()?[0m
    ?[32mThen ?[0m?[32mI see summary of the assignment with warning text "?[0m?[32m?[1mWARNING: No questions chosen for the assignment?[0m?[32m"?[0m ?[90m# AssignmentEditorDetailsSteps.assertNoQuestionsInAssignmentWarningMessageIsDisplayed(String)?[0m
    ?[32mWhen ?[0m?[32mI save it anyway?[0m                                                                                    ?[90m# AssignmentEditorDetailsSteps.saveAssignmentAnyway()?[0m
    ?[32mThen ?[0m?[32mthe new assignment "?[0m?[32m?[1mNew Assignment?[0m?[32m" is visible in its own expanded column?[0m                           ?[90m# ContentRepositorySteps.assertNamedAssignmentColumnIsExpanded(String)?[0m
    ?[32mAnd ?[0m?[32mit is named as "?[0m?[32m?[1mNew Assignment?[0m?[32m" in "?[0m?[32m?[1mStudent Readiness?[0m?[32m" column?[0m                                        ?[90m# ContentRepositorySteps.assertAssignmentIsCreated(String,String)?[0m
    ?[32mWhen ?[0m?[32mI click the "?[0m?[32m?[1mHide?[0m?[32m" button in the "?[0m?[32m?[1mStudent Readiness?[0m?[32m" column?[0m                                         ?[90m# ContentRepositorySteps.clickColumnButton(String,String)?[0m
    ?[32mThen ?[0m?[32mI see a "?[0m?[32m?[1mShow?[0m?[32m" button in the "?[0m?[32m?[1mStudent Readiness?[0m?[32m" column?[0m                                             ?[90m# ContentRepositorySteps.assertButtonVisible(String,String)?[0m
    ?[32mAnd ?[0m?[32mI see that the "?[0m?[32m?[1mNew Assignment?[0m?[32m" module is hidden in the "?[0m?[32m?[1mStudent Readiness?[0m?[32m" column?[0m                   ?[90m# ContentRepositorySteps.assertAssignmentIsHidden(String,String)?[0m
    ?[32mWhen ?[0m?[32mI click the "?[0m?[32m?[1mShow?[0m?[32m" button in the "?[0m?[32m?[1mStudent Readiness?[0m?[32m" column?[0m                                         ?[90m# ContentRepositorySteps.clickColumnButton(String,String)?[0m
    ?[32mThen ?[0m?[32mI see a "?[0m?[32m?[1mHide?[0m?[32m" button in the "?[0m?[32m?[1mStudent Readiness?[0m?[32m" column?[0m                                             ?[90m# ContentRepositorySteps.assertButtonVisible(String,String)?[0m
    ?[32mAnd ?[0m?[32mI see that the "?[0m?[32m?[1mNew Assignment?[0m?[32m" module is visible in the "?[0m?[32m?[1mStudent Readiness?[0m?[32m" column?[0m                  ?[90m# ContentRepositorySteps.assertAssignmentIsVisible(String,String)?[0m
]]></system-out>
  <system-err><![CDATA[]]></system-err>
</testsuite>
