<?xml version="1.0" encoding="UTF-8"?>
<testsuite name="Scenario: Test Math in editor is not causing a breakline when deleting characters in front of it" tests="13" skipped="0" failures="0" errors="0" timestamp="2019-07-19T16:13:50" hostname="mo-acceptance-test-driver-182622c" time="7.842">
  <properties/>
  <testcase name="Given I am logged in as the default administrator" classname="Scenario: Test Math in editor is not causing a breakline when deleting characters in front of it" time="0.001"/>
  <testcase name="And I am on the Content Repository page of Demonstration Class" classname="Scenario: Test Math in editor is not causing a breakline when deleting characters in front of it" time="0.0"/>
  <testcase name="When I choose creating new question/Text from the main dropdown button" classname="Scenario: Test Math in editor is not causing a breakline when deleting characters in front of it" time="0.0"/>
  <testcase name="And Question Designer is opened" classname="Scenario: Test Math in editor is not causing a breakline when deleting characters in front of it" time="0.0"/>
  <testcase name="And I click inside the question text editor" classname="Scenario: Test Math in editor is not causing a breakline when deleting characters in front of it" time="0.0"/>
  <testcase name="And I enter &quot;Hello World&quot; inside the question text editor" classname="Scenario: Test Math in editor is not causing a breakline when deleting characters in front of it" time="0.0"/>
  <testcase name="When I click Equation Editor button to open the Math Editor dialog and assert that the Math Editor dialog is visible" classname="Scenario: Test Math in editor is not causing a breakline when deleting characters in front of it" time="0.0"/>
  <testcase name="And I type &quot;a/b&quot; in the Equation Editor" classname="Scenario: Test Math in editor is not causing a breakline when deleting characters in front of it" time="0.0"/>
  <testcase name="And I click Done in the Math Editor dialog" classname="Scenario: Test Math in editor is not causing a breakline when deleting characters in front of it" time="0.0"/>
  <testcase name="Then I see the &quot;a/b&quot; Math Widget in the question text section" classname="Scenario: Test Math in editor is not causing a breakline when deleting characters in front of it" time="0.0"/>
  <testcase name="And I backspace delete the &quot;Hello World&quot; text before the Math Widget" classname="Scenario: Test Math in editor is not causing a breakline when deleting characters in front of it" time="0.0"/>
  <testcase name="And I assert that the question editor does not contain a break line" classname="Scenario: Test Math in editor is not causing a breakline when deleting characters in front of it" time="0.0"/>
  <testcase name="classMethod" classname="Scenario: Test Math in editor is not causing a breakline when deleting characters in front of it" time="8.853"/>
  <system-out><![CDATA[]]></system-out>
  <system-err><![CDATA[]]></system-err>
</testsuite>
