<?xml version="1.0" encoding="UTF-8"?>
<testsuite name="| violet |" tests="5" skipped="0" failures="0" errors="0" timestamp="2019-07-19T16:24:35" hostname="mo-acceptance-test-driver-182622c" time="2.599">
  <properties/>
  <testcase name="Given I am logged in as the default administrator" classname="| violet |" time="0.0"/>
  <testcase name="And I open the Create User page" classname="| violet |" time="0.0"/>
  <testcase name="When I enter the valid information for the user violet" classname="| violet |" time="0.0"/>
  <testcase name="Then the user violet is created" classname="| violet |" time="0.0"/>
  <testcase name="classMethod" classname="| violet |" time="3.57"/>
  <system-out><![CDATA[
  Scenario Outline: Successfully create a new user        ?[90m# CreateUser.feature:17?[0m
    ?[32mWhen ?[0m?[32mI enter the valid information for the user ?[0m?[32m?[1mlinus?[0m ?[90m# AddUserSteps.enterValidUserDetails(String)?[0m
    ?[32mThen ?[0m?[32mthe user ?[0m?[32m?[1mlinus?[0m?[32m is created?[0m                        ?[90m# AddUserSteps.assertUserIsAdded(String)?[0m
]]></system-out>
  <system-err><![CDATA[]]></system-err>
</testsuite>
