<?xml version="1.0" encoding="UTF-8"?>
<testsuite name="Scenario: Fail to create student due to missing password confirmation" tests="5" skipped="0" failures="0" errors="0" timestamp="2019-07-19T16:24:57" hostname="mo-acceptance-test-driver-182622c" time="2.238">
  <properties/>
  <testcase name="Given I am logged in as the default administrator" classname="Scenario: Fail to create student due to missing password confirmation" time="0.0"/>
  <testcase name="And I open the Create User page" classname="Scenario: Fail to create student due to missing password confirmation" time="0.0"/>
  <testcase name="When I enter valid information for user &quot;patty&quot; except her password confirmation" classname="Scenario: Fail to create student due to missing password confirmation" time="0.0"/>
  <testcase name="Then I should see an error message indicating the missing password confirmation" classname="Scenario: Fail to create student due to missing password confirmation" time="0.0"/>
  <testcase name="classMethod" classname="Scenario: Fail to create student due to missing password confirmation" time="3.221"/>
  <system-out><![CDATA[
  Scenario: Fail to create student due to missing password              ?[90m# CreateUser.feature:40?[0m
    ?[32mWhen ?[0m?[32mI enter valid information for user "?[0m?[32m?[1mpatty?[0m?[32m" except her password?[0m ?[90m# AddUserSteps.enterValidUserDetailsExceptPassword(String)?[0m
    ?[32mThen ?[0m?[32mI should see an error message indicating the missing password?[0m  ?[90m# AddUserSteps.assertPasswordMissingErrorMessageIsDisplayed()?[0m
]]></system-out>
  <system-err><![CDATA[]]></system-err>
</testsuite>
