<?xml version="1.0" encoding="UTF-8"?>
<testsuite name="| 0 | 1 | 100 |" tests="39" skipped="0" failures="0" errors="0" timestamp="2019-07-19T17:13:02" hostname="mo-acceptance-test-driver-182622c" time="24.026">
  <properties/>
  <testcase name="Given I am logged in as the default administrator" classname="| 0 | 1 | 100 |" time="0.0"/>
  <testcase name="And I am on the Content Repository page of Demonstration Class" classname="| 0 | 1 | 100 |" time="0.0"/>
  <testcase name="And I choose creating new assignment in &quot;Student Readiness&quot; unit from the main dropdown button" classname="| 0 | 1 | 100 |" time="0.0"/>
  <testcase name="And Assignment Editor is opened" classname="| 0 | 1 | 100 |" time="0.0"/>
  <testcase name="When I enter valid information for the assignment &quot;Different Types of Questions Test&quot;" classname="| 0 | 1 | 100 |" time="0.0"/>
  <testcase name="And I click on the questions tab" classname="| 0 | 1 | 100 |" time="0.0"/>
  <testcase name="And I click the new question button" classname="| 0 | 1 | 100 |" time="0.0"/>
  <testcase name="And I enter valid information for the question name as &quot;Test List Question&quot;" classname="| 0 | 1 | 100 |" time="0.0"/>
  <testcase name="And I see the ckeditor" classname="| 0 | 1 | 100 |" time="0.0"/>
  <testcase name="And I click inside the question text editor" classname="| 0 | 1 | 100 |" time="0.001"/>
  <testcase name="And I click Response Area button to open the dialog and assert that the Choose Question Type page is visible" classname="| 0 | 1 | 100 |" time="0.0"/>
  <testcase name="And I choose &quot;List&quot; link from the dialog" classname="| 0 | 1 | 100 |" time="0.0"/>
  <testcase name="And I click the drop down menu radio button for a list question" classname="| 0 | 1 | 100 |" time="0.0"/>
  <testcase name="And I set the value to &quot;0&quot; for list response &quot;1&quot;" classname="| 0 | 1 | 100 |" time="0.0"/>
  <testcase name="And I set the weight to &quot;1.0&quot; for list response &quot;1&quot;" classname="| 0 | 1 | 100 |" time="0.0"/>
  <testcase name="And I set the value to &quot;@&quot; for list response &quot;2&quot;" classname="| 0 | 1 | 100 |" time="0.0"/>
  <testcase name="And I set the weight to &quot;0.0&quot; for list response &quot;2&quot;" classname="| 0 | 1 | 100 |" time="0.001"/>
  <testcase name="And I set the value to &quot;−∞&quot; for list response &quot;3&quot;" classname="| 0 | 1 | 100 |" time="0.0"/>
  <testcase name="And I set the weight to &quot;0.0&quot; for list response &quot;3&quot;" classname="| 0 | 1 | 100 |" time="0.0"/>
  <testcase name="And I click OK" classname="| 0 | 1 | 100 |" time="0.0"/>
  <testcase name="And I save &amp; close the new question in the assignment editor" classname="| 0 | 1 | 100 |" time="0.001"/>
  <testcase name="And I choose to create a new question from the Add dropdown button" classname="| 0 | 1 | 100 |" time="0.0"/>
  <testcase name="And I enter valid information for the question name as &quot;Test Random Question&quot;" classname="| 0 | 1 | 100 |" time="0.0"/>
  <testcase name="And I see the ckeditor" classname="| 0 | 1 | 100 |" time="0.0"/>
  <testcase name="And I save &amp; close the new question in the assignment editor" classname="| 0 | 1 | 100 |" time="0.0"/>
  <testcase name="And I save &amp; close the assignment on the questions page" classname="| 0 | 1 | 100 |" time="0.0"/>
  <testcase name="And I see summary of the assignment" classname="| 0 | 1 | 100 |" time="0.0"/>
  <testcase name="And I save and close the assignment summary details" classname="| 0 | 1 | 100 |" time="0.0"/>
  <testcase name="Then the new assignment &quot;Different Types of Questions Test&quot; is visible in its own expanded column" classname="| 0 | 1 | 100 |" time="0.0"/>
  <testcase name="When I navigate to the System Homepage" classname="| 0 | 1 | 100 |" time="0.0"/>
  <testcase name="And I am on &quot;Class Homepage&quot; page of &quot;Demonstration Class&quot; class" classname="| 0 | 1 | 100 |" time="0.0"/>
  <testcase name="And I launch the &quot;Different Types of Questions Test&quot; assignment in &quot;Student Readiness&quot; unit" classname="| 0 | 1 | 100 |" time="0.0"/>
  <testcase name="When I select the &quot;0&quot; value for list question &quot;0&quot;" classname="| 0 | 1 | 100 |" time="0.0"/>
  <testcase name="And I use &quot;Next&quot; button to navigate to &quot;Question 2&quot;" classname="| 0 | 1 | 100 |" time="0.0"/>
  <testcase name="And I use &quot;Back&quot; button to navigate to &quot;Question 1&quot;" classname="| 0 | 1 | 100 |" time="0.0"/>
  <testcase name="Then I see the &quot;0&quot; value is selected for list question &quot;0&quot;" classname="| 0 | 1 | 100 |" time="0.0"/>
  <testcase name="When I submit the assignment" classname="| 0 | 1 | 100 |" time="0.0"/>
  <testcase name="Then my score 1 out of 1 (100 %) is shown in a grade report" classname="| 0 | 1 | 100 |" time="0.0"/>
  <testcase name="classMethod" classname="| 0 | 1 | 100 |" time="25.027"/>
  <system-out><![CDATA[]]></system-out>
  <system-err><![CDATA[]]></system-err>
</testsuite>
