<?xml version="1.0" encoding="UTF-8"?>
<testsuite name="Scenario: Set a password and disable visibility simultaneously." tests="18" skipped="0" failures="0" errors="0" timestamp="2019-07-19T16:36:18" hostname="mo-acceptance-test-driver-182622c" time="10.193">
  <properties/>
  <testcase name="Given I am logged in as the default administrator" classname="Scenario: Set a password and disable visibility simultaneously." time="0.0"/>
  <testcase name="And I am on the Content Repository page of Demonstration Class" classname="Scenario: Set a password and disable visibility simultaneously." time="0.0"/>
  <testcase name="And I choose creating new assignment in &quot;Student Readiness&quot; unit from the main dropdown button" classname="Scenario: Set a password and disable visibility simultaneously." time="0.0"/>
  <testcase name="And Assignment Editor is opened" classname="Scenario: Set a password and disable visibility simultaneously." time="0.0"/>
  <testcase name="When I enter valid information for the assignment &quot;Password with Invisibility&quot;" classname="Scenario: Set a password and disable visibility simultaneously." time="0.0"/>
  <testcase name="And I click on the set policies tab" classname="Scenario: Set a password and disable visibility simultaneously." time="0.0"/>
  <testcase name="And I set the password authorization checkbox to true" classname="Scenario: Set a password and disable visibility simultaneously." time="0.001"/>
  <testcase name="And I set the assignment password to be &quot;something&quot;" classname="Scenario: Set a password and disable visibility simultaneously." time="0.0"/>
  <testcase name="And I set the assignment visibility checkbox to false" classname="Scenario: Set a password and disable visibility simultaneously." time="0.0"/>
  <testcase name="When I save &amp; close the assignment on the policies page" classname="Scenario: Set a password and disable visibility simultaneously." time="0.0"/>
  <testcase name="Then I see summary of the assignment" classname="Scenario: Set a password and disable visibility simultaneously." time="0.0"/>
  <testcase name="Then I save it anyway" classname="Scenario: Set a password and disable visibility simultaneously." time="0.0"/>
  <testcase name="Then the new assignment &quot;Password with Invisibility&quot; is visible in its own expanded column" classname="Scenario: Set a password and disable visibility simultaneously." time="0.0"/>
  <testcase name="When I edit the &quot;Password with Invisibility&quot; assignment" classname="Scenario: Set a password and disable visibility simultaneously." time="0.0"/>
  <testcase name="And I click on the set policies tab" classname="Scenario: Set a password and disable visibility simultaneously." time="0.0"/>
  <testcase name="Then The assignment password is &quot;something&quot;" classname="Scenario: Set a password and disable visibility simultaneously." time="0.0"/>
  <testcase name="And The assignment visibility checkbox is false" classname="Scenario: Set a password and disable visibility simultaneously." time="0.0"/>
  <testcase name="classMethod" classname="Scenario: Set a password and disable visibility simultaneously." time="11.198"/>
  <system-out><![CDATA[]]></system-out>
  <system-err><![CDATA[]]></system-err>
</testsuite>
