<?xml version="1.0" encoding="UTF-8"?>
<testsuite name="Scenario: Ensure the Search error message disappears after subsequent Searches" tests="9" skipped="0" failures="0" errors="0" timestamp="2019-07-19T16:34:15" hostname="mo-acceptance-test-driver-182622c" time="5.771">
  <properties/>
  <testcase name="Given I am logged in as the default administrator" classname="Scenario: Ensure the Search error message disappears after subsequent Searches" time="0.0"/>
  <testcase name="And I am on the Content Repository page of Demonstration Class" classname="Scenario: Ensure the Search error message disappears after subsequent Searches" time="0.0"/>
  <testcase name="When I click &quot;All Content Types&quot; in the &quot;Current Class&quot; column" classname="Scenario: Ensure the Search error message disappears after subsequent Searches" time="0.0"/>
  <testcase name="And I click the Search button in the &quot;All Content Types&quot; column and verify the Search filters are visible inside column" classname="Scenario: Ensure the Search error message disappears after subsequent Searches" time="0.0"/>
  <testcase name="And I enter the Search phrase &quot;*()&quot; in the Search bar in the &quot;All Content Types&quot; column" classname="Scenario: Ensure the Search error message disappears after subsequent Searches" time="0.0"/>
  <testcase name="Then verify the Search error message is visible in the &quot;All Content Types&quot; column" classname="Scenario: Ensure the Search error message disappears after subsequent Searches" time="0.0"/>
  <testcase name="When I enter the Search phrase &quot;helloWorld&quot; in the Search bar in the &quot;All Content Types&quot; column" classname="Scenario: Ensure the Search error message disappears after subsequent Searches" time="0.0"/>
  <testcase name="Then verify the Search error message is invisible in the &quot;All Content Types&quot; column" classname="Scenario: Ensure the Search error message disappears after subsequent Searches" time="0.0"/>
  <testcase name="classMethod" classname="Scenario: Ensure the Search error message disappears after subsequent Searches" time="6.807"/>
  <system-out><![CDATA[
  Scenario: Successfully show search filters for all question types and question groups                                           ?[90m# QuestionInRepository.feature:8?[0m
    ?[32mWhen ?[0m?[32mI click "?[0m?[32m?[1mAll Content Types?[0m?[32m" in the "?[0m?[32m?[1mCurrent Class?[0m?[32m" column?[0m                                                                ?[90m# ContentRepositorySteps.clickLinkInParentColumn(String,String)?[0m
    ?[32mThen ?[0m?[32mI click the Search button in the "?[0m?[32m?[1mAll Content Types?[0m?[32m" column and verify the Search filters are visible inside column?[0m      ?[90m# ContentRepositorySteps.clickSearchButtonInQuestionColumn(String)?[0m
    ?[32mWhen ?[0m?[32mI click "?[0m?[32m?[1mQuestions?[0m?[32m" in the "?[0m?[32m?[1mCurrent Class?[0m?[32m" column?[0m                                                                        ?[90m# ContentRepositorySteps.clickLinkInParentColumn(String,String)?[0m
    ?[32mThen ?[0m?[32mI click the Search button in the "?[0m?[32m?[1mQuestions?[0m?[32m" column and verify the Search filters are visible inside column?[0m              ?[90m# ContentRepositorySteps.clickSearchButtonInQuestionColumn(String)?[0m
    ?[32mWhen ?[0m?[32mI click "?[0m?[32m?[1mInteractive Narratives?[0m?[32m" in the "?[0m?[32m?[1mCurrent Class?[0m?[32m" column?[0m                                                           ?[90m# ContentRepositorySteps.clickLinkInParentColumn(String,String)?[0m
    ?[32mThen ?[0m?[32mI click the Search button in the "?[0m?[32m?[1mInteractive Narratives?[0m?[32m" column and verify the Search filters are visible inside column?[0m ?[90m# ContentRepositorySteps.clickSearchButtonInQuestionColumn(String)?[0m
    ?[32mWhen ?[0m?[32mI click "?[0m?[32m?[1mMath Apps?[0m?[32m" in the "?[0m?[32m?[1mCurrent Class?[0m?[32m" column?[0m                                                                        ?[90m# ContentRepositorySteps.clickLinkInParentColumn(String,String)?[0m
    ?[32mThen ?[0m?[32mI click the Search button in the "?[0m?[32m?[1mMath Apps?[0m?[32m" column and verify the Search filters are visible inside column?[0m              ?[90m# ContentRepositorySteps.clickSearchButtonInQuestionColumn(String)?[0m
    ?[32mWhen ?[0m?[32mI click "?[0m?[32m?[1mText?[0m?[32m" in the "?[0m?[32m?[1mCurrent Class?[0m?[32m" column?[0m                                                                             ?[90m# ContentRepositorySteps.clickLinkInParentColumn(String,String)?[0m
    ?[32mThen ?[0m?[32mI click the Search button in the "?[0m?[32m?[1mText?[0m?[32m" column and verify the Search filters are visible inside column?[0m                   ?[90m# ContentRepositorySteps.clickSearchButtonInQuestionColumn(String)?[0m
    ?[32mWhen ?[0m?[32mI click "?[0m?[32m?[1mQuestions?[0m?[32m" in the "?[0m?[32m?[1mCurrent Class?[0m?[32m" column?[0m                                                                        ?[90m# ContentRepositorySteps.clickLinkInParentColumn(String,String)?[0m
    ?[32mAnd ?[0m?[32mI click "?[0m?[32m?[1mStudent Readiness?[0m?[32m" in the "?[0m?[32m?[1mQuestions?[0m?[32m" column?[0m                                                                     ?[90m# ContentRepositorySteps.clickLinkInParentColumn(String,String)?[0m
    ?[32mThen ?[0m?[32mI click the Search button in the "?[0m?[32m?[1mStudent Readiness?[0m?[32m" column and verify the Search filters are visible inside column?[0m      ?[90m# ContentRepositorySteps.clickSearchButtonInQuestionColumn(String)?[0m
]]></system-out>
  <system-err><![CDATA[]]></system-err>
</testsuite>
