<?xml version="1.0" encoding="UTF-8"?>
<testsuite name="Scenario: Verify completed jobs are marked as completed on the jobs page" tests="62" skipped="0" failures="0" errors="0" timestamp="2019-07-19T16:48:07" hostname="mo-acceptance-test-driver-182622c" time="33.31">
  <properties/>
  <testcase name="Given I set up the LTI consumer key and shared secret if not already done" classname="Scenario: Verify completed jobs are marked as completed on the jobs page" time="0.0"/>
  <testcase name="When I launch random &quot;basic-lti-launch-request&quot; LTI request with role &quot;Instructor&quot; and outcome URL &quot;&quot; and document target &quot;window&quot;" classname="Scenario: Verify completed jobs are marked as completed on the jobs page" time="0.0"/>
  <testcase name="Then I am on the LTI Mapping Page" classname="Scenario: Verify completed jobs are marked as completed on the jobs page" time="0.0"/>
  <testcase name="When I click the 'New Class' mapping button" classname="Scenario: Verify completed jobs are marked as completed on the jobs page" time="0.0"/>
  <testcase name="Then I am on a New Class page" classname="Scenario: Verify completed jobs are marked as completed on the jobs page" time="0.0"/>
  <testcase name="When I create new class with random name" classname="Scenario: Verify completed jobs are marked as completed on the jobs page" time="0.0"/>
  <testcase name="Then I am on the LTI Mapping Page" classname="Scenario: Verify completed jobs are marked as completed on the jobs page" time="0.0"/>
  <testcase name="When I click the 'Class Homepage' mapping button" classname="Scenario: Verify completed jobs are marked as completed on the jobs page" time="0.0"/>
  <testcase name="Then I am on the Class Homepage" classname="Scenario: Verify completed jobs are marked as completed on the jobs page" time="0.0"/>
  <testcase name="When I navigate to the &quot;Content Repository&quot; of current class" classname="Scenario: Verify completed jobs are marked as completed on the jobs page" time="0.0"/>
  <testcase name="And I choose creating new question/Text from the main dropdown button" classname="Scenario: Verify completed jobs are marked as completed on the jobs page" time="0.0"/>
  <testcase name="And Question Designer is opened" classname="Scenario: Verify completed jobs are marked as completed on the jobs page" time="0.0"/>
  <testcase name="When I enter valid information for the question name as &quot;Regrading test question&quot;" classname="Scenario: Verify completed jobs are marked as completed on the jobs page" time="0.0"/>
  <testcase name="And I click inside the question text editor" classname="Scenario: Verify completed jobs are marked as completed on the jobs page" time="0.0"/>
  <testcase name="And I click Response Area button to open the dialog and assert that the Choose Question Type page is visible" classname="Scenario: Verify completed jobs are marked as completed on the jobs page" time="0.0"/>
  <testcase name="When I choose &quot;Mathematical Formula&quot; link from the dialog and complete the correct answer" classname="Scenario: Verify completed jobs are marked as completed on the jobs page" time="0.0"/>
  <testcase name="And I click OK" classname="Scenario: Verify completed jobs are marked as completed on the jobs page" time="0.0"/>
  <testcase name="Then I see the &quot;Mathematical Formula&quot; Question Widget in the question text section" classname="Scenario: Verify completed jobs are marked as completed on the jobs page" time="0.0"/>
  <testcase name="And I click the question designer Save &amp; Close button" classname="Scenario: Verify completed jobs are marked as completed on the jobs page" time="0.001"/>
  <testcase name="When I choose creating new assignment in &quot;Default Unit&quot; unit from the main dropdown button" classname="Scenario: Verify completed jobs are marked as completed on the jobs page" time="0.0"/>
  <testcase name="Then Assignment Editor is opened" classname="Scenario: Verify completed jobs are marked as completed on the jobs page" time="0.0"/>
  <testcase name="When enter Assignment name &quot;Regrading test&quot;" classname="Scenario: Verify completed jobs are marked as completed on the jobs page" time="0.0"/>
  <testcase name="And I click on the questions tab" classname="Scenario: Verify completed jobs are marked as completed on the jobs page" time="0.0"/>
  <testcase name="And I click the import question button" classname="Scenario: Verify completed jobs are marked as completed on the jobs page" time="0.0"/>
  <testcase name="Then The import questions dialog appears" classname="Scenario: Verify completed jobs are marked as completed on the jobs page" time="0.0"/>
  <testcase name="When I click on &quot;Questions&quot;" classname="Scenario: Verify completed jobs are marked as completed on the jobs page" time="0.0"/>
  <testcase name="And I select the question &quot;Regrading test question&quot;" classname="Scenario: Verify completed jobs are marked as completed on the jobs page" time="0.001"/>
  <testcase name="And I click Import Questions in the Import Questions dialog" classname="Scenario: Verify completed jobs are marked as completed on the jobs page" time="0.0"/>
  <testcase name="Then verify the question caption text is &quot;Regrading test question&quot;" classname="Scenario: Verify completed jobs are marked as completed on the jobs page" time="0.0"/>
  <testcase name="When I save &amp; close the assignment on the questions page" classname="Scenario: Verify completed jobs are marked as completed on the jobs page" time="0.0"/>
  <testcase name="Then I see summary of the assignment" classname="Scenario: Verify completed jobs are marked as completed on the jobs page" time="0.0"/>
  <testcase name="When I save and close the assignment summary details" classname="Scenario: Verify completed jobs are marked as completed on the jobs page" time="0.0"/>
  <testcase name="Then I am on the Class Homepage" classname="Scenario: Verify completed jobs are marked as completed on the jobs page" time="0.0"/>
  <testcase name="And I start the &quot;Regrading test&quot; assignment in &quot;Default Unit&quot; unit" classname="Scenario: Verify completed jobs are marked as completed on the jobs page" time="0.0"/>
  <testcase name="And I submit the assignment" classname="Scenario: Verify completed jobs are marked as completed on the jobs page" time="0.0"/>
  <testcase name="Then I confirm to submit the assignment" classname="Scenario: Verify completed jobs are marked as completed on the jobs page" time="0.0"/>
  <testcase name="And quit and save the assignment" classname="Scenario: Verify completed jobs are marked as completed on the jobs page" time="0.0"/>
  <testcase name="When I am on the Class Homepage" classname="Scenario: Verify completed jobs are marked as completed on the jobs page" time="0.0"/>
  <testcase name="Then I navigate to the &quot;Class Grades&quot; in &quot;Gradebook&quot; of current class" classname="Scenario: Verify completed jobs are marked as completed on the jobs page" time="0.0"/>
  <testcase name="When I am on the Class Grades page" classname="Scenario: Verify completed jobs are marked as completed on the jobs page" time="0.0"/>
  <testcase name="Then I select &quot;Regrading test - Homework/Quiz&quot; in &quot;Assignments&quot; selection list" classname="Scenario: Verify completed jobs are marked as completed on the jobs page" time="0.0"/>
  <testcase name="And I select &quot;Other users with grades&quot; in &quot;List&quot; selection list" classname="Scenario: Verify completed jobs are marked as completed on the jobs page" time="0.0"/>
  <testcase name="And I select &quot;Most Recent&quot; in &quot;Results&quot; selection list" classname="Scenario: Verify completed jobs are marked as completed on the jobs page" time="0.0"/>
  <testcase name="And I select &quot;Completed&quot; in &quot;Progress&quot; selection list" classname="Scenario: Verify completed jobs are marked as completed on the jobs page" time="0.0"/>
  <testcase name="Then I click the Search button" classname="Scenario: Verify completed jobs are marked as completed on the jobs page" time="0.0"/>
  <testcase name="When I click &quot;Regrading test&quot; in the Class Grades table" classname="Scenario: Verify completed jobs are marked as completed on the jobs page" time="0.0"/>
  <testcase name="And I click &quot;Q1&quot; for the selected assignment" classname="Scenario: Verify completed jobs are marked as completed on the jobs page" time="0.0"/>
  <testcase name="Then I see the grade details of question &quot;Regrading test question&quot;" classname="Scenario: Verify completed jobs are marked as completed on the jobs page" time="0.0"/>
  <testcase name="When I click the Regrade Question button" classname="Scenario: Verify completed jobs are marked as completed on the jobs page" time="0.0"/>
  <testcase name="Then I am on the Regrading page" classname="Scenario: Verify completed jobs are marked as completed on the jobs page" time="0.0"/>
  <testcase name="And I wait until regrading is complete" classname="Scenario: Verify completed jobs are marked as completed on the jobs page" time="0.0"/>
  <testcase name="When I navigate to the &quot;Regrade Jobs&quot; in &quot;Gradebook&quot; of current class" classname="Scenario: Verify completed jobs are marked as completed on the jobs page" time="0.0"/>
  <testcase name="Then I am on the Regrade Jobs page" classname="Scenario: Verify completed jobs are marked as completed on the jobs page" time="0.0"/>
  <testcase name="And I see 1 regrade jobs" classname="Scenario: Verify completed jobs are marked as completed on the jobs page" time="0.0"/>
  <testcase name="And I see that job number 1 is complete" classname="Scenario: Verify completed jobs are marked as completed on the jobs page" time="0.0"/>
  <testcase name="And I see that job number 1 has 1 attempts regraded" classname="Scenario: Verify completed jobs are marked as completed on the jobs page" time="0.0"/>
  <testcase name="And I see that job number 1 has 0 grades increased" classname="Scenario: Verify completed jobs are marked as completed on the jobs page" time="0.0"/>
  <testcase name="And I see 1 preview buttons" classname="Scenario: Verify completed jobs are marked as completed on the jobs page" time="0.0"/>
  <testcase name="When I click the preview button for job number 1" classname="Scenario: Verify completed jobs are marked as completed on the jobs page" time="0.0"/>
  <testcase name="Then A question preview window is opened" classname="Scenario: Verify completed jobs are marked as completed on the jobs page" time="0.0"/>
  <testcase name="And I close the preview window" classname="Scenario: Verify completed jobs are marked as completed on the jobs page" time="0.0"/>
  <testcase name="classMethod" classname="Scenario: Verify completed jobs are marked as completed on the jobs page" time="33.423"/>
  <system-out><![CDATA[
  Scenario: Successfully access the Regrade Jobs page from gradebook dropdown                                                          ?[90m# gradebook/ManageRegradeJobs.feature:7?[0m
    ?[32mWhen ?[0m?[32mI launch random "?[0m?[32m?[1mbasic-lti-launch-request?[0m?[32m" LTI request with role "?[0m?[32m?[1mInstructor?[0m?[32m" and outcome URL "?[0m?[32m?[1m?[0m?[32m" and document target "?[0m?[32m?[1mwindow?[0m?[32m"?[0m ?[90m# TestHarnessSteps.runLtiRequest(String,String,String,String)?[0m
    ?[32mThen ?[0m?[32mI am on the LTI Mapping Page?[0m                                                                                                  ?[90m# LTIMappingSteps.assertLtiMappingPage()?[0m
    ?[32mWhen ?[0m?[32mI click the 'New Class' mapping button?[0m                                                                                        ?[90m# LTIMappingSteps.clickNewClassButton()?[0m
    ?[32mThen ?[0m?[32mI am on a New Class page?[0m                                                                                                      ?[90m# AddMapleTAClassSteps.verifyNewClassPage()?[0m
    ?[32mWhen ?[0m?[32mI create new class with random name?[0m                                                                                           ?[90m# AddMapleTAClassSteps.createNewClassWithRandomName()?[0m
    ?[32mThen ?[0m?[32mI am on the LTI Mapping Page?[0m                                                                                                  ?[90m# LTIMappingSteps.assertLtiMappingPage()?[0m
    ?[32mWhen ?[0m?[32mI click the 'Class Homepage' mapping button?[0m                                                                                   ?[90m# LTIMappingSteps.clickClassHomepageButton()?[0m
    ?[32mThen ?[0m?[32mI am on the Class Homepage?[0m                                                                                                    ?[90m# ClassHomepageSteps.assertClassHomepage()?[0m
    ?[32mWhen ?[0m?[32mI navigate to the "?[0m?[32m?[1mRegrade Jobs?[0m?[32m" in "?[0m?[32m?[1mGradebook?[0m?[32m" of current class?[0m                                                              ?[90m# ClassHomepageSteps.navigateInClass(String,String)?[0m
    ?[32mThen ?[0m?[32mI am on the Regrade Jobs page?[0m                                                                                                 ?[90m# RegradeJobsSteps.waitForRegradeJobsPage()?[0m
]]></system-out>
  <system-err><![CDATA[]]></system-err>
</testsuite>
